<?xml version="1.0" encoding="UTF-8" ?>
<testsuites>
  <testsuite errors="0" failures="1" hostname="MNEGONCALVES" id="0" name="DomainServiceTests" package="com.moovt" tests="1" time="0.203" timestamp="2013-02-24T23:30:41">
      <properties />

      <testcase classname="com.moovt.DomainServiceTests" name="testSomething" time="0.166">
          <failure message="junit.framework.AssertionFailedError: Implement me" type="junit.framework.AssertionFailedError">junit.framework.AssertionFailedError: junit.framework.AssertionFailedError: Implement me
	at com.moovt.DomainServiceTests.testSomething(DomainServiceTests.groovy:15)
</failure>

      </testcase>

      <system-out><![CDATA[--Output from testSomething--
]]></system-out>

      <system-err><![CDATA[--Output from testSomething--
]]></system-err>

  </testsuite>
</testsuites>
