<?xml version="1.0" encoding="UTF-8" ?>
<testsuite errors="0" failures="0" hostname="MNEGONCALVES" name="com.moovt.LocationFunctionalTests" tests="5" time="4.456" timestamp="2013-05-04T17:04:18">
  <properties />
  <testcase classname="com.moovt.LocationFunctionalTests" name="testSearchBadJSON" time="2.962" />
  <testcase classname="com.moovt.LocationFunctionalTests" name="testSearchNoLocation" time="0.072" />
  <testcase classname="com.moovt.LocationFunctionalTests" name="testSearchStreet" time="0.985" />
  <testcase classname="com.moovt.LocationFunctionalTests" name="testSearchCity" time="0.22" />
  <testcase classname="com.moovt.LocationFunctionalTests" name="testState" time="0.197" />
  <system-out><![CDATA[--Output from testSearchBadJSON--
Switching to browser client [default]
Creating to new client [default] of type [class com.grailsrocks.functionaltest.client.BrowserClient]

== Making request POST http://localhost:8080/moovt/location/search parameters: ==
== Request headers: ============================================================
Accept-Encoding: gzip, deflate
Content-Type: application/json
Accept: */*
== Content =====================================================================

================================================================================
Interceptor createPage: TopLevelWindow[name=""]
Content of web window [TopLevelWindow[name=""]] changed
== Response was 200 (OK) headers: ==============================================
================================================================================
== Content =====================================================================
{"type":"SYSTEM","code":"ERROR","message":"A JSONObject text must begin with '{' at character 0 of "}
================================================================================
#
--Output from testSearchNoLocation--
Switching to browser client [default]
Creating to new client [default] of type [class com.grailsrocks.functionaltest.client.BrowserClient]

== Making request POST http://localhost:8080/moovt/location/search parameters: ==
== Request headers: ============================================================
Accept-Encoding: gzip, deflate
Content-Type: application/json
Accept: */*
== Content =====================================================================

{"thisMustBeLocation":"Rua Major Lopes 55, Belo Horizonte, MG"}				
================================================================================
Interceptor createPage: TopLevelWindow[name=""]
Content of web window [TopLevelWindow[name=""]] changed
== Response was 200 (OK) headers: ==============================================
================================================================================
== Content =====================================================================
{"type":"SYSTEM","code":"ERROR","message":"Input JSON must contain a location element"}
================================================================================
#
--Output from testSearchStreet--
Switching to browser client [default]
Creating to new client [default] of type [class com.grailsrocks.functionaltest.client.BrowserClient]

== Making request POST http://localhost:8080/moovt/location/search parameters: ==
== Request headers: ============================================================
Accept-Encoding: gzip, deflate
Content-Type: application/json
Accept: */*
== Content =====================================================================

{"location":"Rua Major Lopes 55, Belo Horizonte, MG"}	
				
================================================================================
HTTP/1.1 200 OK
[[address_components:[[long_name:55, short_name:55, types:[street_number]], [long_name:Rua Major Lopes, short_name:R. Maj. Lopes, types:[route]], [long_name:São Pedro, short_name:São Pedro, types:[sublocality, political]], [long_name:Belo Horizonte, short_name:Belo Horizonte, types:[locality, political]], [long_name:Minas Gerais, short_name:MG, types:[administrative_area_level_1, political]], [long_name:Brazil, short_name:BR, types:[country, political]], [long_name:30330-050, short_name:30330-050, types:[postal_code]]], formatted_address:Rua Major Lopes, 55 - São Pedro, Belo Horizonte - Minas Gerais, 30330-050, Brazil, geometry:[bounds:[northeast:[lat:-19.9413628, lng:-43.9373064], southwest:[lat:-19.941379, lng:-43.93731289999999]], location:[lat:-19.9413628, lng:-43.9373064], location_type:RANGE_INTERPOLATED, viewport:[northeast:[lat:-19.9400219197085, lng:-43.9359606697085], southwest:[lat:-19.9427198802915, lng:-43.93865863029149]]], types:[street_address]]]
street_number
route
sublocality
political
locality
political
administrative_area_level_1
political
country
political
postal_code
Interceptor createPage: TopLevelWindow[name=""]
Content of web window [TopLevelWindow[name=""]] changed
== Response was 200 (OK) headers: ==============================================
================================================================================
== Content =====================================================================
{"locations":[{"locationName":"Rua Major Lopes, 55","politicalName":"Belo Horizonte, MG, BR","latitude":-19.9413628,"longitude":-43.9373064,"locationType":"RANGE_INTERPOLATED"}]}
================================================================================
#
--Output from testSearchCity--
Switching to browser client [default]
Creating to new client [default] of type [class com.grailsrocks.functionaltest.client.BrowserClient]

== Making request POST http://localhost:8080/moovt/location/search parameters: ==
== Request headers: ============================================================
Accept-Encoding: gzip, deflate
Content-Type: application/json
Accept: */*
== Content =====================================================================

{"location":"Belo Horizonte, MG"}	
				
================================================================================
HTTP/1.1 200 OK
[[address_components:[[long_name:Belo Horizonte, short_name:Belo Horizonte, types:[locality, political]], [long_name:Minas Gerais, short_name:MG, types:[administrative_area_level_1, political]], [long_name:Brazil, short_name:BR, types:[country, political]]], formatted_address:Belo Horizonte - Minas Gerais, Brazil, geometry:[bounds:[northeast:[lat:-19.7775663, lng:-43.856856], southwest:[lat:-20.0598165, lng:-44.0628097]], location:[lat:-19.9190677, lng:-43.9385747], location_type:APPROXIMATE, viewport:[northeast:[lat:-19.7775663, lng:-43.856856], southwest:[lat:-20.0598165, lng:-44.0628097]]], types:[locality, political]]]
locality
political
administrative_area_level_1
political
country
political
Interceptor createPage: TopLevelWindow[name=""]
Content of web window [TopLevelWindow[name=""]] changed
== Response was 200 (OK) headers: ==============================================
================================================================================
== Content =====================================================================
{"locations":[{"locationName":"Belo Horizonte","politicalName":"Minas Gerais, Brazil","latitude":-19.9190677,"longitude":-43.9385747,"locationType":"APPROXIMATE"}]}
================================================================================
#
--Output from testState--
Switching to browser client [default]
Creating to new client [default] of type [class com.grailsrocks.functionaltest.client.BrowserClient]

== Making request POST http://localhost:8080/moovt/location/search parameters: ==
== Request headers: ============================================================
Accept-Encoding: gzip, deflate
Content-Type: application/json
Accept: */*
== Content =====================================================================

{"location":"MG"}	
				
================================================================================
HTTP/1.1 200 OK
[[address_components:[[long_name:Minas Gerais, short_name:MG, types:[administrative_area_level_1, political]], [long_name:Brazil, short_name:BR, types:[country, political]]], formatted_address:Minas Gerais, Brazil, geometry:[bounds:[northeast:[lat:-14.2330917, lng:-39.85684850000001], southwest:[lat:-22.9228324, lng:-51.0466651]], location:[lat:-17.930178, lng:-43.7908453], location_type:APPROXIMATE, viewport:[northeast:[lat:-14.2330917, lng:-39.85684850000001], southwest:[lat:-22.9228324, lng:-51.0466651]]], types:[administrative_area_level_1, political]]]
administrative_area_level_1
political
country
political
Interceptor createPage: TopLevelWindow[name=""]
Content of web window [TopLevelWindow[name=""]] changed
== Response was 200 (OK) headers: ==============================================
================================================================================
== Content =====================================================================
{"locations":[]}
================================================================================
#
]]></system-out>
  <system-err><![CDATA[--Output from testSearchBadJSON--
--Output from testSearchNoLocation--
--Output from testSearchStreet--
--Output from testSearchCity--
--Output from testState--
]]></system-err>
</testsuite>
