<?xml version="1.0" encoding="UTF-8" ?>
<testsuites>
  <testsuite errors="0" failures="0" hostname="Eduardo-Goncalvess-MacBook-Pro.local" id="0" name="DriverPassengerFunctionalTests" package="com.moovt" tests="12" time="13.89" timestamp="2013-09-18T03:22:31">
      <properties />

      <testcase classname="com.moovt.DriverPassengerFunctionalTests" name="testCreateUserPassengerEnglish" time="8.683" />

      <testcase classname="com.moovt.DriverPassengerFunctionalTests" name="testUpdateUserDriverEnglish" time="1.707" />

      <testcase classname="com.moovt.DriverPassengerFunctionalTests" name="testCreateUserPassengerWithTokenEnglish" time="0.197" />

      <testcase classname="com.moovt.DriverPassengerFunctionalTests" name="testGetActiveStatusEnumPortugues" time="1.045" />

      <testcase classname="com.moovt.DriverPassengerFunctionalTests" name="testGetCarTypeEnumPortuguese" time="0.093" />

      <testcase classname="com.moovt.DriverPassengerFunctionalTests" name="testGetActiveStatusEnumEnglish" time="0.051" />

      <testcase classname="com.moovt.DriverPassengerFunctionalTests" name="testCreateUserDriverEnglish" time="0.159" />

      <testcase classname="com.moovt.DriverPassengerFunctionalTests" name="testGetCarTypeEnumEnglish" time="0.094" />

      <testcase classname="com.moovt.DriverPassengerFunctionalTests" name="testUpdateUserPassengerEnglish" time="0.364" />

      <testcase classname="com.moovt.DriverPassengerFunctionalTests" name="testRetrieveAllUsersrEnglish" time="0.909" />

      <testcase classname="com.moovt.DriverPassengerFunctionalTests" name="testRetrieveUserDetailByIdEnglish" time="0.243" />

      <testcase classname="com.moovt.DriverPassengerFunctionalTests" name="testRetrieveLoggedUserDetailsIdEnglish" time="0.225" />

      <system-out><![CDATA[--Output from testCreateUserPassengerEnglish--
Switching to browser client [default]
Creating to new client [default] of type [class com.grailsrocks.functionaltest.client.BrowserClient]

== Making request POST http://localhost:8080/moovt/user/createUser parameters: ==
== Request headers: ============================================================
Accept-Encoding: gzip, deflate
Content-Type: application/json
Accept: */*
== Content =====================================================================

				{"tenantname":"MTaxi","firstName":"John","lastName":"Airjunkie","username":"jairjunkie","password":"Welcome!1","phone":"773-329-1784","email":"jairjunkie@mtaxi.com","locale":"en-US","passenger":{}}}
				
================================================================================
2013-09-17 23:22:37,660 [http-bio-8080-exec-1] INFO  common.UserController  - createUser params are: [action:createUser, controller:user] and model is : 
				{"tenantname":"MTaxi","firstName":"John","lastName":"Airjunkie","username":"jairjunkie","password":"Welcome!1","phone":"773-329-1784","email":"jairjunkie@mtaxi.com","locale":"en-US","passenger":{}}}
				

2013-09-17 23:22:37,993 [http-bio-8080-exec-1] INFO  common.UserController  - Creating a new user and/or driver and/or passenger

Interceptor createPage: TopLevelWindow[name=""]
Content of web window [TopLevelWindow[name=""]] changed
== Response was 200 (OK) headers: ==============================================
================================================================================
== Content =====================================================================
{"result":{"type":"USER","code":"SUCCESS","message":"User jairjunkie created"}, "additionalInfo":{"JSESSIONID":"098CC94E877DEDBB5BD9A56CD903B267"}}
================================================================================
#
--Output from testUpdateUserDriverEnglish--
Switching to browser client [default]
Creating to new client [default] of type [class com.grailsrocks.functionaltest.client.BrowserClient]

== Making request POST http://localhost:8080/moovt/login/authenticateUser parameters: ==
== Request headers: ============================================================
Accept-Encoding: gzip, deflate
Content-Type: application/json
Accept: */*
== Content =====================================================================

				{"type":"Self","tenantname":"MTaxi","username":"wheatonCityDriverUser","password":"Welcome!1",locale:"pt_BR"}
				
================================================================================
2013-09-17 23:22:40,661 [http-bio-8080-exec-3] INFO  common.LoginController  - Authenticating user with params:[action:authenticateUser, controller:login]and model: 
				{"type":"Self","tenantname":"MTaxi","username":"wheatonCityDriverUser","password":"Welcome!1",locale:"pt_BR"}
				

2013-09-17 23:22:40,766 [http-bio-8080-exec-3] INFO  common.LoginController  - User has been successfully authenticated [ROLE_DRIVER]

2013-09-17 23:22:40,881 [http-bio-8080-exec-3] WARN  common.LoginController  - A user has a new apns token. The user id is 10

Interceptor createPage: TopLevelWindow[name=""]
Content of web window [TopLevelWindow[name=""]] changed
== Response was 200 (OK) headers: ==============================================
================================================================================
== Content =====================================================================
{"result":{"type":"USER","code":"SUCCESS","message":"Login successful."}, "additionalInfo":{"JSESSIONID":"5B5CEC9F785A4BC23B829A3C742E4892","userType":"DRIVER"}}
================================================================================
#
== Making request POST http://localhost:8080/moovt/user/updateLoggedUser parameters: ==
== Request headers: ============================================================
Accept-Encoding: gzip, deflate
Content-Type: application/json
Accept: */*
== Content =====================================================================

				{"version":"4","firstName":"John","lastName":"OldWeathon","username":"wheatonCityDriverUser","password":"Welcome!1","phone":"773-329-1784","email":"oldWheaton@mtaxi.com","locale":"en-US","driver":{"servedLocation":{"locationName":"Functional Test Major Lopes, 55","politicalName":"Belo Horizonte, MG, BR","latitude":-19.9413628,"longitude":-43.9373064,"locationType":"RANGE_INTERPOLATED"},"carType":{"code":"B_VAN","description":"Van"},"activeStatus":{"code":"ENABLED","description":"Enabled"}}}
				
================================================================================
2013-09-17 23:22:41,766 [http-bio-8080-exec-4] INFO  common.UserController  - updateLoggedUser params are: [action:updateLoggedUser, controller:user] and model is : 
				{"version":"4","firstName":"John","lastName":"OldWeathon","username":"wheatonCityDriverUser","password":"Welcome!1","phone":"773-329-1784","email":"oldWheaton@mtaxi.com","locale":"en-US","driver":{"servedLocation":{"locationName":"Functional Test Major Lopes, 55","politicalName":"Belo Horizonte, MG, BR","latitude":-19.9413628,"longitude":-43.9373064,"locationType":"RANGE_INTERPOLATED"},"carType":{"code":"B_VAN","description":"Van"},"activeStatus":{"code":"ENABLED","description":"Enabled"}}}
				

2013-09-17 23:22:41,780 [http-bio-8080-exec-4] INFO  common.UserController  - Retrieved User: <com.moovt.audit.User@6a9553db springSecurityService=grails.plugins.springsecurity.SpringSecurityService@2eac9dda username=wheatonCityDriverUser password=d1TzcRk41+KYYZXgaC0ek58Dc1KK6pDDVl3nFZPESAY= firstName=wheatonCityDriverUser lastName=Goodarm phone=800-800-2020 email=egoncalves@moovt.com apnsToken=null enabled=true accountExpired=false accountLocked=false passwordExpired=false locale=en_US tenantname=null tenantId=2 createdBy=2 lastUpdatedBy=2 dateCreated=2013-09-17 23:22:25.0 lastUpdated=2013-09-17 23:22:41.0 CRUDMessage=null errors=null id=10 version=1 passenger=null driver=com.moovt.taxi.Driver : 10>

2013-09-17 23:22:41,780 [http-bio-8080-exec-4] INFO  common.UserController  - Comparing retrieved User Version 1 with JSON Version 4

2013-09-17 23:22:41,865 [http-bio-8080-exec-4] INFO  common.UserController  - Updating servedLocation, carType, and activeStatus

2013-09-17 23:22:41,877 [http-bio-8080-exec-4] INFO  common.UserController  - Driver being saved <com.moovt.taxi.Driver@f0128f3 activeStatus=ENABLED carType=B_VAN servedLocation=com.moovt.taxi.Location : 1 tenantId=2 createdBy=2 lastUpdatedBy=2 dateCreated=2013-09-17 23:22:25.0 lastUpdated=2013-09-17 23:22:25.0 CRUDMessage=null errors=null id=10 version=0 user=com.moovt.audit.User : 10>

2013-09-17 23:22:41,897 [http-bio-8080-exec-4] INFO  common.UserController  - User being saved <com.moovt.audit.User@6a9553db springSecurityService=grails.plugins.springsecurity.SpringSecurityService@2eac9dda username=wheatonCityDriverUser password=d1TzcRk41+KYYZXgaC0ek58Dc1KK6pDDVl3nFZPESAY= firstName=John lastName=OldWeathon phone=773-329-1784 email=oldWheaton@mtaxi.com apnsToken=null enabled=true accountExpired=false accountLocked=false passwordExpired=false locale=en-US tenantname=null tenantId=2 createdBy=2 lastUpdatedBy=2 dateCreated=2013-09-17 23:22:25.0 lastUpdated=Tue Sep 17 23:22:41 EDT 2013 CRUDMessage=null errors=grails.validation.ValidationErrors: 0 errors id=10 version=2 passenger=null driver=com.moovt.taxi.Driver : 10>

Interceptor createPage: TopLevelWindow[name=""]
Content of web window [TopLevelWindow[name=""]] changed
== Response was 200 (OK) headers: ==============================================
================================================================================
== Content =====================================================================
{"result":{"type":"USER","code":"SUCCESS","message":"User wheatonCityDriverUser updated"}, "user":{"id":10,"version":2,"username":"wheatonCityDriverUser","firstName":"John","lastName":"OldWeathon","phone":"773-329-1784","email":"oldWheaton@mtaxi.com","driver":{"servedLocation":{"locationName":"Functional Test Major Lopes, 55","politicalName":"Belo Horizonte, MG, BR","latitude":-19.9413628,"longitude":-43.9373064,"locationType":"RANGE_INTERPOLATED"},"carType":{"code":"B_VAN","description":"Van"},"activeStatus":{"code":"ENABLED","description":"Enabled"}}}}
================================================================================
#
--Output from testCreateUserPassengerWithTokenEnglish--
Switching to browser client [default]
Creating to new client [default] of type [class com.grailsrocks.functionaltest.client.BrowserClient]

== Making request POST http://localhost:8080/moovt/user/createUser parameters: ==
== Request headers: ============================================================
Accept-Encoding: gzip, deflate
Content-Type: application/json
Accept: */*
== Content =====================================================================

				{"tenantname":"MTaxi","firstName":"John","lastName":"TestToken","username":"testToken","password":"Welcome!1","phone":"773-329-1784","email":"testToken@moovt.com","locale":"en-US","apnsToken":"9a1cd75847e20f1a27132790dfe1a0cb4107f42da1a39c019dd1a0820fc5c504", "passenger":{}}}
				
================================================================================
2013-09-17 23:22:42,070 [http-bio-8080-exec-6] INFO  common.UserController  - createUser params are: [action:createUser, controller:user] and model is : 
				{"tenantname":"MTaxi","firstName":"John","lastName":"TestToken","username":"testToken","password":"Welcome!1","phone":"773-329-1784","email":"testToken@moovt.com","locale":"en-US","apnsToken":"9a1cd75847e20f1a27132790dfe1a0cb4107f42da1a39c019dd1a0820fc5c504", "passenger":{}}}
				

2013-09-17 23:22:42,075 [http-bio-8080-exec-6] INFO  common.UserController  - Creating a new user and/or driver and/or passenger

Interceptor createPage: TopLevelWindow[name=""]
Content of web window [TopLevelWindow[name=""]] changed
== Response was 200 (OK) headers: ==============================================
================================================================================
== Content =====================================================================
{"result":{"type":"USER","code":"SUCCESS","message":"User testToken created"}, "additionalInfo":{"JSESSIONID":"9E8E710B63F62BE0BB1485941BD1F81D"}}
================================================================================
#
--Output from testGetActiveStatusEnumPortugues--
Switching to browser client [default]
Creating to new client [default] of type [class com.grailsrocks.functionaltest.client.BrowserClient]

== Making request POST http://localhost:8080/moovt/driver/getActiveStatusEnum parameters: ==
== Request headers: ============================================================
Accept-Language: pt-BR
Accept-Encoding: gzip, deflate
Content-Type: application/json
Accept: */*
== Content =====================================================================

				{}
				
================================================================================
Interceptor createPage: TopLevelWindow[name=""]
Content of web window [TopLevelWindow[name=""]] changed
== Response was 200 (OK) headers: ==============================================
================================================================================
== Content =====================================================================
{"activeStatuses":[{"code":"ENABLED","description":"Ativo"},{"code":"DISABLED","description":"Inativo"}]}
================================================================================
#
--Output from testGetCarTypeEnumPortuguese--
Switching to browser client [default]
Creating to new client [default] of type [class com.grailsrocks.functionaltest.client.BrowserClient]

== Making request POST http://localhost:8080/moovt/driver/getCarTypeEnum parameters: ==
== Request headers: ============================================================
Accept-Language: pt-BR
Accept-Encoding: gzip, deflate
Content-Type: application/json
Accept: */*
== Content =====================================================================

				{}
				
================================================================================
Interceptor createPage: TopLevelWindow[name=""]
Content of web window [TopLevelWindow[name=""]] changed
== Response was 200 (OK) headers: ==============================================
================================================================================
== Content =====================================================================
{"carTypes":[{"code":"A_SEDAN","description":"Sedan"},{"code":"B_VAN","description":"Van"},{"code":"C_LIMO","description":"Limo"}]}
================================================================================
#
--Output from testGetActiveStatusEnumEnglish--
Switching to browser client [default]
Creating to new client [default] of type [class com.grailsrocks.functionaltest.client.BrowserClient]

== Making request POST http://localhost:8080/moovt/driver/getActiveStatusEnum parameters: ==
== Request headers: ============================================================
Accept-Language: en-US
Accept-Encoding: gzip, deflate
Content-Type: application/json
Accept: */*
== Content =====================================================================

				{}
				
================================================================================
Interceptor createPage: TopLevelWindow[name=""]
Content of web window [TopLevelWindow[name=""]] changed
== Response was 200 (OK) headers: ==============================================
================================================================================
== Content =====================================================================
{"activeStatuses":[{"code":"ENABLED","description":"Enabled"},{"code":"DISABLED","description":"Disabled"}]}
================================================================================
#
--Output from testCreateUserDriverEnglish--
Switching to browser client [default]
Creating to new client [default] of type [class com.grailsrocks.functionaltest.client.BrowserClient]

== Making request POST http://localhost:8080/moovt/user/createUser parameters: ==
== Request headers: ============================================================
Accept-Language: en-US
Accept-Encoding: gzip, deflate
Content-Type: application/json
Accept: */*
== Content =====================================================================

				{"tenantname":"MTaxi","firstName":"David","lastName":"Ultrafast","username":"dultrafast","password":"Welcome!1","phone":"773-329-1784","email":"dultrafast@mtaxi.com","locale":"en-US","driver":{"carType" : {"code" : "A_SEDAN","description" : "Sedan"},"servedLocation":{"locationName":"ARua Major Lopes, 55","politicalName":"Belo Horizonte, MG, BR","latitude":-19.9413628,"longitude":-43.9373064,"locationType":"RANGE_INTERPOLATED"},"activeStatus":{"code" : "ENABLED"}}}
				
================================================================================
2013-09-17 23:22:43,425 [http-bio-8080-exec-6] INFO  common.UserController  - createUser params are: [action:createUser, controller:user] and model is : 
				{"tenantname":"MTaxi","firstName":"David","lastName":"Ultrafast","username":"dultrafast","password":"Welcome!1","phone":"773-329-1784","email":"dultrafast@mtaxi.com","locale":"en-US","driver":{"carType" : {"code" : "A_SEDAN","description" : "Sedan"},"servedLocation":{"locationName":"ARua Major Lopes, 55","politicalName":"Belo Horizonte, MG, BR","latitude":-19.9413628,"longitude":-43.9373064,"locationType":"RANGE_INTERPOLATED"},"activeStatus":{"code" : "ENABLED"}}}
				

2013-09-17 23:22:43,430 [http-bio-8080-exec-6] INFO  common.UserController  - Creating a new user and/or driver and/or passenger

Interceptor createPage: TopLevelWindow[name=""]
Content of web window [TopLevelWindow[name=""]] changed
== Response was 200 (OK) headers: ==============================================
================================================================================
== Content =====================================================================
{"result":{"type":"USER","code":"SUCCESS","message":"User dultrafast created"}, "additionalInfo":{"JSESSIONID":"8A3B9C6BD8E3E8B770DC676D34D67304"}}
================================================================================
#
--Output from testGetCarTypeEnumEnglish--
Switching to browser client [default]
Creating to new client [default] of type [class com.grailsrocks.functionaltest.client.BrowserClient]

== Making request POST http://localhost:8080/moovt/driver/getCarTypeEnum parameters: ==
== Request headers: ============================================================
Accept-Language: en-US
Accept-Encoding: gzip, deflate
Content-Type: application/json
Accept: */*
== Content =====================================================================

				{}
				
================================================================================
Interceptor createPage: TopLevelWindow[name=""]
Content of web window [TopLevelWindow[name=""]] changed
== Response was 200 (OK) headers: ==============================================
================================================================================
== Content =====================================================================
{"carTypes":[{"code":"A_SEDAN","description":"Sedan"},{"code":"B_VAN","description":"Van"},{"code":"C_LIMO","description":"Limo"}]}
================================================================================
#
--Output from testUpdateUserPassengerEnglish--
Switching to browser client [default]
Creating to new client [default] of type [class com.grailsrocks.functionaltest.client.BrowserClient]

== Making request POST http://localhost:8080/moovt/login/authenticateUser parameters: ==
== Request headers: ============================================================
Accept-Encoding: gzip, deflate
Content-Type: application/json
Accept: */*
== Content =====================================================================

				{"type":"Self","tenantname":"MTaxi","username":"jgoodrider","password":"Welcome!1",locale:"pt_BR"}
				
================================================================================
2013-09-17 23:22:43,681 [http-bio-8080-exec-8] INFO  common.LoginController  - Authenticating user with params:[action:authenticateUser, controller:login]and model: 
				{"type":"Self","tenantname":"MTaxi","username":"jgoodrider","password":"Welcome!1",locale:"pt_BR"}
				

2013-09-17 23:22:43,700 [http-bio-8080-exec-8] INFO  common.LoginController  - User has been successfully authenticated [ROLE_PASSENGER]

Interceptor createPage: TopLevelWindow[name=""]
Content of web window [TopLevelWindow[name=""]] changed
== Response was 200 (OK) headers: ==============================================
================================================================================
== Content =====================================================================
{"result":{"type":"USER","code":"SUCCESS","message":"Login successful."}, "additionalInfo":{"JSESSIONID":"CABD98D2439BDB3BDADFC02962F34EA2","userType":"PASSENGER"}}
================================================================================
#
== Making request POST http://localhost:8080/moovt/user/updateLoggedUser parameters: ==
== Request headers: ============================================================
Accept-Encoding: gzip, deflate
Content-Type: application/json
Accept: */*
== Content =====================================================================

				{"version":"7","firstName":"John","lastName":"DecidedToBeADriver","username":"jgoodrider","password":"Welcome!1","phone":"773-329-1784","email":"jgoodrider@mtaxi.com","locale":"en-US","driver":{"servedLocation":{"locationName":"Rua Major Lopes, 55","politicalName":"Belo Horizonte, MG, BR","latitude":-19.9413628,"longitude":-43.9373064,"locationType":"RANGE_INTERPOLATED"},"carType":{"code":"B_VAN","description":"Van"},"activeStatus":{"code":"ENABLED","description":"Enabled"}}}
				
================================================================================
2013-09-17 23:22:43,745 [http-bio-8080-exec-11] INFO  common.UserController  - updateLoggedUser params are: [action:updateLoggedUser, controller:user] and model is : 
				{"version":"7","firstName":"John","lastName":"DecidedToBeADriver","username":"jgoodrider","password":"Welcome!1","phone":"773-329-1784","email":"jgoodrider@mtaxi.com","locale":"en-US","driver":{"servedLocation":{"locationName":"Rua Major Lopes, 55","politicalName":"Belo Horizonte, MG, BR","latitude":-19.9413628,"longitude":-43.9373064,"locationType":"RANGE_INTERPOLATED"},"carType":{"code":"B_VAN","description":"Van"},"activeStatus":{"code":"ENABLED","description":"Enabled"}}}
				

2013-09-17 23:22:43,754 [http-bio-8080-exec-11] INFO  common.UserController  - Retrieved User: <com.moovt.audit.User@7d160856 springSecurityService=grails.plugins.springsecurity.SpringSecurityService@2eac9dda username=jgoodrider password=Hg+3yVgXNrxpuB0aW7vd5ivQkJXgvpwS3jJr2AdA7zo= firstName=John lastName=Goodrider phone=800-800-8080 email=jgoodrider@mtaxi.com apnsToken=null enabled=true accountExpired=false accountLocked=false passwordExpired=false locale=en_US tenantname=null tenantId=2 createdBy=2 lastUpdatedBy=2 dateCreated=2013-09-17 23:22:23.0 lastUpdated=2013-09-17 23:22:23.0 CRUDMessage=null errors=null id=6 version=0 passenger=com.moovt.taxi.Passenger : 6 driver=null>

2013-09-17 23:22:43,754 [http-bio-8080-exec-11] INFO  common.UserController  - Comparing retrieved User Version 0 with JSON Version 7

2013-09-17 23:22:43,756 [http-bio-8080-exec-11] INFO  common.UserController  - Creating driver

2013-09-17 23:22:43,935 [http-bio-8080-exec-11] INFO  common.UserController  - Driver being saved <com.moovt.taxi.Driver@779d92e7 activeStatus=ENABLED carType=B_VAN servedLocation=com.moovt.taxi.Location : 23 tenantId=null createdBy=null lastUpdatedBy=null dateCreated=null lastUpdated=null CRUDMessage=null errors=grails.validation.ValidationErrors: 0 errors id=null version=null user=com.moovt.audit.User : 6>

2013-09-17 23:22:43,953 [http-bio-8080-exec-11] INFO  common.UserController  - User being saved <com.moovt.audit.User@7d160856 springSecurityService=grails.plugins.springsecurity.SpringSecurityService@2eac9dda username=jgoodrider password=Hg+3yVgXNrxpuB0aW7vd5ivQkJXgvpwS3jJr2AdA7zo= firstName=John lastName=DecidedToBeADriver phone=773-329-1784 email=jgoodrider@mtaxi.com apnsToken=null enabled=true accountExpired=false accountLocked=false passwordExpired=false locale=en-US tenantname=null tenantId=2 createdBy=2 lastUpdatedBy=2 dateCreated=2013-09-17 23:22:23.0 lastUpdated=Tue Sep 17 23:22:43 EDT 2013 CRUDMessage=null errors=grails.validation.ValidationErrors: 0 errors id=6 version=1 passenger=com.moovt.taxi.Passenger : 6 driver=com.moovt.taxi.Driver : 6>

Interceptor createPage: TopLevelWindow[name=""]
Content of web window [TopLevelWindow[name=""]] changed
== Response was 200 (OK) headers: ==============================================
================================================================================
== Content =====================================================================
{"result":{"type":"USER","code":"SUCCESS","message":"User jgoodrider updated"}, "user":{"id":6,"version":1,"username":"jgoodrider","firstName":"John","lastName":"DecidedToBeADriver","phone":"773-329-1784","email":"jgoodrider@mtaxi.com","driver":{"servedLocation":{"locationName":"Rua Major Lopes, 55","politicalName":"Belo Horizonte, MG, BR","latitude":-19.9413628,"longitude":-43.9373064,"locationType":"RANGE_INTERPOLATED"},"carType":{"code":"B_VAN","description":"Van"},"activeStatus":{"code":"ENABLED","description":"Enabled"}},"passenger":{}}}
================================================================================
#
--Output from testRetrieveAllUsersrEnglish--
Switching to browser client [default]
Creating to new client [default] of type [class com.grailsrocks.functionaltest.client.BrowserClient]

== Making request POST http://localhost:8080/moovt/login/authenticateUser parameters: ==
== Request headers: ============================================================
Accept-Encoding: gzip, deflate
Content-Type: application/json
Accept: */*
== Content =====================================================================

				{"type":"Self","tenantname": "MTaxi", "username": "admin", "password":"911admin","locale":"en_US"}
				
================================================================================
2013-09-17 23:22:44,153 [http-bio-8080-exec-8] INFO  common.LoginController  - Authenticating user with params:[action:authenticateUser, controller:login]and model: 
				{"type":"Self","tenantname": "MTaxi", "username": "admin", "password":"911admin","locale":"en_US"}
				

2013-09-17 23:22:44,173 [http-bio-8080-exec-8] INFO  common.LoginController  - User has been successfully authenticated [ROLE_ADMIN]

Interceptor createPage: TopLevelWindow[name=""]
Content of web window [TopLevelWindow[name=""]] changed
== Response was 200 (OK) headers: ==============================================
================================================================================
== Content =====================================================================
{"result":{"type":"USER","code":"SUCCESS","message":"Login successful."}, "additionalInfo":{"JSESSIONID":"F70325F93A0C2E40D134AF368500F3BD","userType":"NO_TYPE"}}
================================================================================
#
== Making request POST http://localhost:8080/moovt/user/retrieveAllUsers parameters: ==
== Request headers: ============================================================
Accept-Encoding: gzip, deflate
Content-Type: application/json
Accept: */*
== Content =====================================================================

				{}
				
================================================================================
2013-09-17 23:22:44,209 [http-bio-8080-exec-12] INFO  common.UserController  - retrieveAllUsers params are: [action:retrieveAllUsers, controller:user] and model is : 
				{}
				

Interceptor createPage: TopLevelWindow[name=""]
Content of web window [TopLevelWindow[name=""]] changed
== Response was 200 (OK) headers: ==============================================
================================================================================
== Content =====================================================================
{"users":[{"id":6,"version":1,"username":"jgoodrider","firstName":"John","lastName":"DecidedToBeADriver","phone":"773-329-1784","email":"jgoodrider@mtaxi.com","driver":{"servedLocation":{"locationName":"Rua Major Lopes, 55","politicalName":"Belo Horizonte, MG, BR","latitude":-19.9413628,"longitude":-43.9373064,"locationType":"RANGE_INTERPOLATED"},"carType":{"code":"B_VAN","description":"Van"},"activeStatus":{"code":"ENABLED","description":"Enabled"}},"passenger":{}},{"id":21,"version":1,"username":"dultrafast","firstName":"David","lastName":"Ultrafast","phone":"773-329-1784","email":"dultrafast@mtaxi.com","driver":{"servedLocation":{"locationName":"ARua Major Lopes, 55","politicalName":"Belo Horizonte, MG, BR","latitude":-19.9413628,"longitude":-43.9373064,"locationType":"RANGE_INTERPOLATED"},"carType":{"code":"A_SEDAN","description":"Sedan"},"activeStatus":{"code":"ENABLED","description":"Enabled"}}},{"id":10,"version":2,"username":"wheatonCityDriverUser","firstName":"John","lastName":"OldWeathon","phone":"773-329-1784","email":"oldWheaton@mtaxi.com","driver":{"servedLocation":{"locationName":"Functional Test Major Lopes, 55","politicalName":"Belo Horizonte, MG, BR","latitude":-19.9413628,"longitude":-43.9373064,"locationType":"RANGE_INTERPOLATED"},"carType":{"code":"B_VAN","description":"Van"},"activeStatus":{"code":"ENABLED","description":"Enabled"}}},{"id":20,"version":1,"username":"testToken","firstName":"John","lastName":"TestToken","phone":"773-329-1784","email":"testToken@moovt.com","passenger":{}},{"id":19,"version":1,"username":"jairjunkie","firstName":"John","lastName":"Airjunkie","phone":"773-329-1784","email":"jairjunkie@mtaxi.com","passenger":{}},{"id":9,"version":0,"username":"napervilleCityDriverUser","firstName":"napervilleCityDriverUser","lastName":"Goodarm","phone":"800-800-2020","email":"egoncalves@moovt.com","driver":{"servedLocation":{"locationName":"Naperville","politicalName":"Illinois, United States","latitude":41.7858629,"longitude":-88.1472893,"locationType":"APPROXIMATE"},"carType":{"code":"B_VAN","description":"Van"},"activeStatus":{"code":"ENABLED","description":"Enabled"}}},{"id":11,"version":0,"username":"auroraCityDriverUser","firstName":"auroraCityDriverUser","lastName":"Goodarm","phone":"800-800-2020","email":"egoncalves@moovt.com","driver":{"servedLocation":{"locationName":"Aurora","politicalName":"Illinois, United States","latitude":41.7605849,"longitude":-88.32007150000001,"locationType":"APPROXIMATE"},"carType":{"code":"B_VAN","description":"Van"},"activeStatus":{"code":"ENABLED","description":"Enabled"}}},{"id":12,"version":0,"username":"plainfieldCityDriverUser","firstName":"plainfieldCityDriverUser","lastName":"Goodarm","phone":"800-800-2020","email":"egoncalves@moovt.com","driver":{"servedLocation":{"locationName":"Plainfield","politicalName":"Illinois, United States","latitude":41.632223,"longitude":-88.2120315,"locationType":"APPROXIMATE"},"carType":{"code":"B_VAN","description":"Van"},"activeStatus":{"code":"ENABLED","description":"Enabled"}}},{"id":13,"version":0,"username":"detroitCityDriverUser","firstName":"detroitCityDriverUser","lastName":"Goodarm","phone":"800-800-2020","email":"egoncalves@moovt.com","driver":{"servedLocation":{"locationName":"Detroit","politicalName":"Michigan, United States","latitude":42.331427,"longitude":-83.0457538,"locationType":"APPROXIMATE"},"carType":{"code":"B_VAN","description":"Van"},"activeStatus":{"code":"ENABLED","description":"Enabled"}}},{"id":14,"version":0,"username":"contagemCityDriverUser","firstName":"contagemCityDriverUser","lastName":"Goodarm","phone":"800-800-2020","email":"egoncalves@moovt.com","driver":{"servedLocation":{"locationName":"Contagem","politicalName":"Minas Gerais, Brazil","latitude":-19.9385599,"longitude":-44.0529377,"locationType":"APPROXIMATE"},"carType":{"code":"B_VAN","description":"Van"},"activeStatus":{"code":"ENABLED","description":"Enabled"}}},{"id":15,"version":0,"username":"vespasianoCityDriverUser","firstName":"vespasianoCityDriverUser","lastName":"Goodarm","phone":"800-800-2020","email":"egoncalves@moovt.com","driver":{"servedLocation":{"locationName":"Vespasiano","politicalName":"Minas Gerais, Brazil","latitude":-19.6933911,"longitude":-43.913722,"locationType":"APPROXIMATE"},"carType":{"code":"B_VAN","description":"Van"},"activeStatus":{"code":"ENABLED","description":"Enabled"}}},{"id":16,"version":0,"username":"carmoDoCajuruCityDriverUser","firstName":"carmoDoCajuruCityDriverUser","lastName":"Goodarm","phone":"800-800-2020","email":"egoncalves@moovt.com","driver":{"servedLocation":{"locationName":"Carmo do Cajuru","politicalName":"Minas Gerais, Brazil","latitude":-20.1870332,"longitude":-44.7731276,"locationType":"APPROXIMATE"},"carType":{"code":"B_VAN","description":"Van"},"activeStatus":{"code":"ENABLED","description":"Enabled"}}},{"id":17,"version":0,"username":"jWillGainApnsToken","firstName":"JWillGainApnsToken","lastName":"Goodarm","phone":"800-800-2020","email":"egoncalves@moovt.com","driver":{"servedLocation":{"locationName":"Naperville","politicalName":"Illinois, United States","latitude":41.7858629,"longitude":-88.1472893,"locationType":"APPROXIMATE"},"carType":{"code":"B_VAN","description":"Van"},"activeStatus":{"code":"ENABLED","description":"Enabled"}}},{"id":18,"version":0,"username":"jKeepApnsToken","firstName":"JKeepApnsToken","lastName":"Goodarm","phone":"800-800-2020","email":"egoncalves@moovt.com","driver":{"servedLocation":{"locationName":"Naperville","politicalName":"Illinois, United States","latitude":41.7858629,"longitude":-88.1472893,"locationType":"APPROXIMATE"},"carType":{"code":"B_VAN","description":"Van"},"activeStatus":{"code":"ENABLED","description":"Enabled"}}},{"id":7,"version":0,"username":"jgoodarm","firstName":"John","lastName":"Goodarm","phone":"800-800-2020","email":"jgoodarm@mtaxi.com","driver":{"servedLocation":{"locationName":"Naperville","politicalName":"Illinois, United States","latitude":41.7858629,"longitude":-88.1472893,"locationType":"APPROXIMATE"},"carType":{"code":"B_VAN","description":"Van"},"activeStatus":{"code":"ENABLED","description":"Enabled"}}},{"id":8,"version":0,"username":"jspeedy","firstName":"John","lastName":"Speedy","phone":"800-800-2020","email":"jspeedy@mtaxi.com","driver":{"servedLocation":{"locationName":"Naperville","politicalName":"Illinois, United States","latitude":41.7858629,"longitude":-88.1472893,"locationType":"APPROXIMATE"},"carType":{"code":"B_VAN","description":"Van"},"activeStatus":{"code":"ENABLED","description":"Enabled"}}},{"id":2,"version":0,"username":"admin","firstName":"Moovt","lastName":"Taxi","phone":"800-800-8080","email":"mtaxi@moovt.com"}]}
================================================================================
#
--Output from testRetrieveUserDetailByIdEnglish--
Switching to browser client [default]
Creating to new client [default] of type [class com.grailsrocks.functionaltest.client.BrowserClient]

== Making request POST http://localhost:8080/moovt/login/authenticateUser parameters: ==
== Request headers: ============================================================
Accept-Encoding: gzip, deflate
Content-Type: application/json
Accept: */*
== Content =====================================================================

				{"type":"Self","tenantname": "MTaxi", "username": "admin", "password":"911admin","locale":"en_US"}
				
================================================================================
2013-09-17 23:22:45,005 [http-bio-8080-exec-8] INFO  common.LoginController  - Authenticating user with params:[action:authenticateUser, controller:login]and model: 
				{"type":"Self","tenantname": "MTaxi", "username": "admin", "password":"911admin","locale":"en_US"}
				

2013-09-17 23:22:45,044 [http-bio-8080-exec-8] INFO  common.LoginController  - User has been successfully authenticated [ROLE_ADMIN]

Interceptor createPage: TopLevelWindow[name=""]
Content of web window [TopLevelWindow[name=""]] changed
== Response was 200 (OK) headers: ==============================================
================================================================================
== Content =====================================================================
{"result":{"type":"USER","code":"SUCCESS","message":"Login successful."}, "additionalInfo":{"JSESSIONID":"902B6DE1A61181B86D2CFDE690D11C6F","userType":"NO_TYPE"}}
================================================================================
#
== Making request POST http://localhost:8080/moovt/user/retrieveUserDetailById parameters: ==
== Request headers: ============================================================
Accept-Encoding: gzip, deflate
Content-Type: application/json
Accept: */*
== Content =====================================================================

				{"id":"6"}
				
================================================================================
2013-09-17 23:22:45,102 [http-bio-8080-exec-8] INFO  common.UserController  - retrieveUserDetailById params are: [action:retrieveUserDetailById, controller:user] and model is : 
				{"id":"6"}
				

Interceptor createPage: TopLevelWindow[name=""]
Content of web window [TopLevelWindow[name=""]] changed
== Response was 200 (OK) headers: ==============================================
================================================================================
== Content =====================================================================
{"user":{"id":6,"version":1,"username":"jgoodrider","firstName":"John","lastName":"DecidedToBeADriver","phone":"773-329-1784","email":"jgoodrider@mtaxi.com","driver":{"servedLocation":{"locationName":"Rua Major Lopes, 55","politicalName":"Belo Horizonte, MG, BR","latitude":-19.9413628,"longitude":-43.9373064,"locationType":"RANGE_INTERPOLATED"},"carType":{"code":"B_VAN","description":"Van"},"activeStatus":{"code":"ENABLED","description":"Enabled"}},"passenger":{}}}
================================================================================
#
--Output from testRetrieveLoggedUserDetailsIdEnglish--
Switching to browser client [default]
Creating to new client [default] of type [class com.grailsrocks.functionaltest.client.BrowserClient]

== Making request POST http://localhost:8080/moovt/login/authenticateUser parameters: ==
== Request headers: ============================================================
Accept-Encoding: gzip, deflate
Content-Type: application/json
Accept: */*
== Content =====================================================================

				{"type":"Self","tenantname":"MTaxi","username":"jgoodrider","password":"Welcome!1",locale:"pt_BR"}
				
================================================================================
2013-09-17 23:22:45,206 [http-bio-8080-exec-5] INFO  common.LoginController  - Authenticating user with params:[action:authenticateUser, controller:login]and model: 
				{"type":"Self","tenantname":"MTaxi","username":"jgoodrider","password":"Welcome!1",locale:"pt_BR"}
				

2013-09-17 23:22:45,235 [http-bio-8080-exec-5] INFO  common.LoginController  - User has been successfully authenticated [ROLE_DRIVER, ROLE_PASSENGER]

Interceptor createPage: TopLevelWindow[name=""]
Content of web window [TopLevelWindow[name=""]] changed
== Response was 200 (OK) headers: ==============================================
================================================================================
== Content =====================================================================
{"result":{"type":"USER","code":"SUCCESS","message":"Login successful."}, "additionalInfo":{"JSESSIONID":"54BD951BF837476596A1D2A4204632EF","userType":"PASSENGER"}}
================================================================================
#
== Making request POST http://localhost:8080/moovt/user/retrieveLoggedUserDetails parameters: ==
== Request headers: ============================================================
Accept-Encoding: gzip, deflate
Content-Type: application/json
Accept: */*
== Content =====================================================================

				{}
				
================================================================================
2013-09-17 23:22:45,360 [http-bio-8080-exec-5] INFO  common.UserController  - retrieveLoggedUserDetails params are: [action:retrieveLoggedUserDetails, controller:user] and model is : 
				{}
				

Interceptor createPage: TopLevelWindow[name=""]
Content of web window [TopLevelWindow[name=""]] changed
== Response was 200 (OK) headers: ==============================================
================================================================================
== Content =====================================================================
{"user":{"id":6,"version":1,"username":"jgoodrider","firstName":"John","lastName":"DecidedToBeADriver","phone":"773-329-1784","email":"jgoodrider@mtaxi.com","driver":{"servedLocation":{"locationName":"Rua Major Lopes, 55","politicalName":"Belo Horizonte, MG, BR","latitude":-19.9413628,"longitude":-43.9373064,"locationType":"RANGE_INTERPOLATED"},"carType":{"code":"B_VAN","description":"Van"},"activeStatus":{"code":"ENABLED","description":"Enabled"}},"passenger":{}}}
================================================================================
#
]]></system-out>

      <system-err><![CDATA[--Output from testCreateUserPassengerEnglish--
--Output from testUpdateUserDriverEnglish--
--Output from testCreateUserPassengerWithTokenEnglish--
--Output from testGetActiveStatusEnumPortugues--
--Output from testGetCarTypeEnumPortuguese--
--Output from testGetActiveStatusEnumEnglish--
--Output from testCreateUserDriverEnglish--
--Output from testGetCarTypeEnumEnglish--
--Output from testUpdateUserPassengerEnglish--
--Output from testRetrieveAllUsersrEnglish--
--Output from testRetrieveUserDetailByIdEnglish--
--Output from testRetrieveLoggedUserDetailsIdEnglish--
]]></system-err>

  </testsuite>
  <testsuite errors="0" failures="0" hostname="Eduardo-Goncalvess-MacBook-Pro.local" id="1" name="LocationFunctionalTests" package="com.moovt" tests="5" time="5.131" timestamp="2013-09-18T03:22:45">
      <properties />

      <testcase classname="com.moovt.LocationFunctionalTests" name="testSearchBadJSON" time="0.183" />

      <testcase classname="com.moovt.LocationFunctionalTests" name="testSearchCity" time="4.088" />

      <testcase classname="com.moovt.LocationFunctionalTests" name="testSearchStreet" time="0.341" />

      <testcase classname="com.moovt.LocationFunctionalTests" name="testState" time="0.153" />

      <testcase classname="com.moovt.LocationFunctionalTests" name="testSearchNoLocation" time="0.355" />

      <system-out><![CDATA[--Output from testSearchBadJSON--
Switching to browser client [default]
Creating to new client [default] of type [class com.grailsrocks.functionaltest.client.BrowserClient]

== Making request POST http://localhost:8080/moovt/location/search parameters: ==
== Request headers: ============================================================
Accept-Encoding: gzip, deflate
Content-Type: application/json
Accept: */*
== Content =====================================================================

================================================================================
2013-09-17 23:22:45,629 [http-bio-8080-exec-7] INFO  taxi.LocationController  - search params are: [action:search, controller:location] and model is : 

Interceptor createPage: TopLevelWindow[name=""]
Content of web window [TopLevelWindow[name=""]] changed
== Response was 200 (OK) headers: ==============================================
================================================================================
== Content =====================================================================
{"result":{"type":"SYSTEM","code":"ERROR","message":"A JSONObject text must begin with '{' at character 0 of "}}
================================================================================
#
--Output from testSearchCity--
Switching to browser client [default]
Creating to new client [default] of type [class com.grailsrocks.functionaltest.client.BrowserClient]

== Making request POST http://localhost:8080/moovt/location/search parameters: ==
== Request headers: ============================================================
Accept-Encoding: gzip, deflate
Content-Type: application/json
Accept: */*
== Content =====================================================================

{"location":"Belo Horizonte, MG"}	
				
================================================================================
2013-09-17 23:22:45,688 [http-bio-8080-exec-3] INFO  taxi.LocationController  - search params are: [action:search, controller:location] and model is : 
{"location":"Belo Horizonte, MG"}	
				

2013-09-17 23:22:49,734 [http-bio-8080-exec-3] INFO  taxi.LocationController  - About to render locations (1/2)

2013-09-17 23:22:49,735 [http-bio-8080-exec-3] INFO  taxi.LocationController  - Rendering locations [{"locationName":"Belo Horizonte","politicalName":"Minas Gerais, Brazil","latitude":-19.9190677,"longitude":-43.9385747,"locationType":"APPROXIMATE"}]

2013-09-17 23:22:49,735 [http-bio-8080-exec-3] INFO  taxi.LocationController  - About to render locations (2/2)

2013-09-17 23:22:49,736 [http-bio-8080-exec-3] INFO  taxi.LocationController  - Locations rendered

Interceptor createPage: TopLevelWindow[name=""]
Content of web window [TopLevelWindow[name=""]] changed
== Response was 200 (OK) headers: ==============================================
================================================================================
== Content =====================================================================
{"locations":[{"locationName":"Belo Horizonte","politicalName":"Minas Gerais, Brazil","latitude":-19.9190677,"longitude":-43.9385747,"locationType":"APPROXIMATE"}]}
================================================================================
#
--Output from testSearchStreet--
Switching to browser client [default]
Creating to new client [default] of type [class com.grailsrocks.functionaltest.client.BrowserClient]

== Making request POST http://localhost:8080/moovt/location/search parameters: ==
== Request headers: ============================================================
Accept-Encoding: gzip, deflate
Content-Type: application/json
Accept: */*
== Content =====================================================================

{"location":"Rua Major Lopes 55, Belo Horizonte, MG"}	
				
================================================================================
2013-09-17 23:22:49,915 [http-bio-8080-exec-11] INFO  taxi.LocationController  - search params are: [action:search, controller:location] and model is : 
{"location":"Rua Major Lopes 55, Belo Horizonte, MG"}	
				

2013-09-17 23:22:50,077 [http-bio-8080-exec-11] INFO  taxi.LocationController  - About to render locations (1/2)

2013-09-17 23:22:50,078 [http-bio-8080-exec-11] INFO  taxi.LocationController  - Rendering locations [{"locationName":"Rua Major Lopes, 55","politicalName":"Belo Horizonte, MG, BR","latitude":-19.9413629,"longitude":-43.9373061,"locationType":"RANGE_INTERPOLATED"}]

2013-09-17 23:22:50,078 [http-bio-8080-exec-11] INFO  taxi.LocationController  - About to render locations (2/2)

2013-09-17 23:22:50,078 [http-bio-8080-exec-11] INFO  taxi.LocationController  - Locations rendered

Interceptor createPage: TopLevelWindow[name=""]
Content of web window [TopLevelWindow[name=""]] changed
== Response was 200 (OK) headers: ==============================================
================================================================================
== Content =====================================================================
{"locations":[{"locationName":"Rua Major Lopes, 55","politicalName":"Belo Horizonte, MG, BR","latitude":-19.9413629,"longitude":-43.9373061,"locationType":"RANGE_INTERPOLATED"}]}
================================================================================
#
--Output from testState--
Switching to browser client [default]
Creating to new client [default] of type [class com.grailsrocks.functionaltest.client.BrowserClient]

== Making request POST http://localhost:8080/moovt/location/search parameters: ==
== Request headers: ============================================================
Accept-Encoding: gzip, deflate
Content-Type: application/json
Accept: */*
== Content =====================================================================

{"location":"MG"}	
				
================================================================================
2013-09-17 23:22:50,161 [http-bio-8080-exec-9] INFO  taxi.LocationController  - search params are: [action:search, controller:location] and model is : 
{"location":"MG"}	
				

2013-09-17 23:22:50,230 [http-bio-8080-exec-9] INFO  taxi.LocationController  - About to render locations (1/2)

2013-09-17 23:22:50,231 [http-bio-8080-exec-9] INFO  taxi.LocationController  - Rendering locations []

2013-09-17 23:22:50,231 [http-bio-8080-exec-9] INFO  taxi.LocationController  - About to render locations (2/2)

2013-09-17 23:22:50,231 [http-bio-8080-exec-9] INFO  taxi.LocationController  - Locations rendered

Interceptor createPage: TopLevelWindow[name=""]
Content of web window [TopLevelWindow[name=""]] changed
== Response was 200 (OK) headers: ==============================================
================================================================================
== Content =====================================================================
{"locations":[]}
================================================================================
#
--Output from testSearchNoLocation--
Switching to browser client [default]
Creating to new client [default] of type [class com.grailsrocks.functionaltest.client.BrowserClient]

== Making request POST http://localhost:8080/moovt/location/search parameters: ==
== Request headers: ============================================================
Accept-Encoding: gzip, deflate
Content-Type: application/json
Accept: */*
== Content =====================================================================

{"thisMustBeLocation":"Rua Major Lopes 55, Belo Horizonte, MG"}				
================================================================================
2013-09-17 23:22:50,574 [http-bio-8080-exec-6] INFO  taxi.LocationController  - search params are: [action:search, controller:location] and model is : 
{"thisMustBeLocation":"Rua Major Lopes 55, Belo Horizonte, MG"}				

Interceptor createPage: TopLevelWindow[name=""]
Content of web window [TopLevelWindow[name=""]] changed
== Response was 200 (OK) headers: ==============================================
================================================================================
== Content =====================================================================
{"result":{"type":"SYSTEM","code":"ERROR","message":"Input JSON must contain a location element"}}{"result":{"type":"SYSTEM","code":"ERROR","message":"Unable to call googlemaps null"}}
================================================================================
#
]]></system-out>

      <system-err><![CDATA[--Output from testSearchBadJSON--
2013-09-17 23:22:45,643 [http-bio-8080-exec-7] ERROR moovt.HandlerService  - A generic exception occurred A JSONObject text must begin with '{' at character 0 of 

--Output from testSearchCity--
--Output from testSearchStreet--
--Output from testState--
--Output from testSearchNoLocation--
2013-09-17 23:22:50,591 [http-bio-8080-exec-6] ERROR moovt.HandlerService  - A generic exception occurred Unable to call googlemaps null

]]></system-err>

  </testsuite>
  <testsuite errors="0" failures="0" hostname="Eduardo-Goncalvess-MacBook-Pro.local" id="2" name="LoginFunctionalTests" package="com.moovt" tests="15" time="2.019" timestamp="2013-09-18T03:22:51">
      <properties />

      <testcase classname="com.moovt.LoginFunctionalTests" name="testLoginBadMessage" time="0.082" />

      <testcase classname="com.moovt.LoginFunctionalTests" name="testLoginNoPasswordPortuguese" time="0.264" />

      <testcase classname="com.moovt.LoginFunctionalTests" name="testLoginNoUsernamedPortuguese" time="0.108" />

      <testcase classname="com.moovt.LoginFunctionalTests" name="testLoginFailedPortuguese" time="0.188" />

      <testcase classname="com.moovt.LoginFunctionalTests" name="testLoginWithApnsToken" time="0.147" />

      <testcase classname="com.moovt.LoginFunctionalTests" name="testLoginKeepApnsToken" time="0.118" />

      <testcase classname="com.moovt.LoginFunctionalTests" name="testLoginTenantNotFoundEnglish" time="0.103" />

      <testcase classname="com.moovt.LoginFunctionalTests" name="testLoginTenantNotFoundPortuguese" time="0.131" />

      <testcase classname="com.moovt.LoginFunctionalTests" name="testLoginNoPasswordEnglish" time="0.099" />

      <testcase classname="com.moovt.LoginFunctionalTests" name="testLoginNoUsernamedEnglish" time="0.439" />

      <testcase classname="com.moovt.LoginFunctionalTests" name="testLoginFailedEnglish" time="0.055" />

      <testcase classname="com.moovt.LoginFunctionalTests" name="testLoginSuccessEnglish" time="0.065" />

      <testcase classname="com.moovt.LoginFunctionalTests" name="testLoginSuccessPortuguese" time="0.083" />

      <testcase classname="com.moovt.LoginFunctionalTests" name="testLoginNoTenantEnglish" time="0.038" />

      <testcase classname="com.moovt.LoginFunctionalTests" name="testLoginNoTenantPortuguese" time="0.047" />

      <system-out><![CDATA[--Output from testLoginBadMessage--
Switching to browser client [default]
Creating to new client [default] of type [class com.grailsrocks.functionaltest.client.BrowserClient]

== Making request POST http://localhost:8080/moovt/login/authenticateUser parameters: ==
== Request headers: ============================================================
Accept-Encoding: gzip, deflate
Content-Type: application/json
Accept: */*
== Content =====================================================================

================================================================================
Interceptor createPage: TopLevelWindow[name=""]
Content of web window [TopLevelWindow[name=""]] changed
== Response was 200 (OK) headers: ==============================================
================================================================================
== Content =====================================================================
{"result":{"type":"SYSTEM","code":"ERROR","message":"A JSONObject text must begin with '{' at character 0 of "}}
================================================================================
#
--Output from testLoginNoPasswordPortuguese--
Switching to browser client [default]
Creating to new client [default] of type [class com.grailsrocks.functionaltest.client.BrowserClient]

== Making request POST http://localhost:8080/moovt/login/authenticateUser parameters: ==
== Request headers: ============================================================
Accept-Language: pt-BR
Accept-Encoding: gzip, deflate
Content-Type: application/json
Accept: */*
== Content =====================================================================

				{"type":"Self","tenantname": "MTaxi", "username": "admin", "password":""}
				
================================================================================
2013-09-17 23:22:51,500 [http-bio-8080-exec-4] INFO  common.LoginController  - Authenticating user with params:[action:authenticateUser, controller:login]and model: 
				{"type":"Self","tenantname": "MTaxi", "username": "admin", "password":""}
				

Interceptor createPage: TopLevelWindow[name=""]
Content of web window [TopLevelWindow[name=""]] changed
== Response was 200 (OK) headers: ==============================================
================================================================================
== Content =====================================================================
{"result":{"type":"USER","code":"ERROR","message":"A senha deve ser preenchida."}}
================================================================================
#
--Output from testLoginNoUsernamedPortuguese--
Switching to browser client [default]
Creating to new client [default] of type [class com.grailsrocks.functionaltest.client.BrowserClient]

== Making request POST http://localhost:8080/moovt/login/authenticateUser parameters: ==
== Request headers: ============================================================
Accept-Language: pt-BR
Accept-Encoding: gzip, deflate
Content-Type: application/json
Accept: */*
== Content =====================================================================

				{"type":"Self","tenantname": "MTaxi", "username": "", "password":"admin"}
				
================================================================================
2013-09-17 23:22:51,727 [http-bio-8080-exec-10] INFO  common.LoginController  - Authenticating user with params:[action:authenticateUser, controller:login]and model: 
				{"type":"Self","tenantname": "MTaxi", "username": "", "password":"admin"}
				

Interceptor createPage: TopLevelWindow[name=""]
Content of web window [TopLevelWindow[name=""]] changed
== Response was 200 (OK) headers: ==============================================
================================================================================
== Content =====================================================================
{"result":{"type":"USER","code":"ERROR","message":"O nome do usuário deve ser preenchido."}}
================================================================================
#
--Output from testLoginFailedPortuguese--
Switching to browser client [default]
Creating to new client [default] of type [class com.grailsrocks.functionaltest.client.BrowserClient]

== Making request POST http://localhost:8080/moovt/login/authenticateUser parameters: ==
== Request headers: ============================================================
Accept-Language: pt-BR
Accept-Encoding: gzip, deflate
Content-Type: application/json
Accept: */*
== Content =====================================================================

				{"type":"Self","tenantname": "MTaxi", "username": "admin", "password":"badPw"}
				
================================================================================
2013-09-17 23:22:51,905 [http-bio-8080-exec-4] INFO  common.LoginController  - Authenticating user with params:[action:authenticateUser, controller:login]and model: 
				{"type":"Self","tenantname": "MTaxi", "username": "admin", "password":"badPw"}
				

Interceptor createPage: TopLevelWindow[name=""]
Content of web window [TopLevelWindow[name=""]] changed
== Response was 200 (OK) headers: ==============================================
================================================================================
== Content =====================================================================
{"result":{"type":"USER","code":"ERROR","message":"Usuário e senha inválidos."}}
================================================================================
#
--Output from testLoginWithApnsToken--
Switching to browser client [default]
Creating to new client [default] of type [class com.grailsrocks.functionaltest.client.BrowserClient]

== Making request POST http://localhost:8080/moovt/login/authenticateUser parameters: ==
== Request headers: ============================================================
Accept-Language: pt-BR
Accept-Encoding: gzip, deflate
Content-Type: application/json
Accept: */*
== Content =====================================================================

				{"type":"Self","tenantname":"MTaxi","username":"jWillGainApnsToken","password":"Welcome!1","apnsToken":"9a1cd75847e20f1a27132790dfe1a0cb4107f42da1a39c019dd1a0820fc5c504"}

				
================================================================================
2013-09-17 23:22:52,077 [http-bio-8080-exec-10] INFO  common.LoginController  - Authenticating user with params:[action:authenticateUser, controller:login]and model: 
				{"type":"Self","tenantname":"MTaxi","username":"jWillGainApnsToken","password":"Welcome!1","apnsToken":"9a1cd75847e20f1a27132790dfe1a0cb4107f42da1a39c019dd1a0820fc5c504"}

				

2013-09-17 23:22:52,116 [http-bio-8080-exec-10] INFO  common.LoginController  - User has been successfully authenticated [ROLE_NO_ROLES]

Interceptor createPage: TopLevelWindow[name=""]
Content of web window [TopLevelWindow[name=""]] changed
== Response was 200 (OK) headers: ==============================================
================================================================================
== Content =====================================================================
{"result":{"type":"USER","code":"SUCCESS","message":"Login bem sucedido."}, "additionalInfo":{"JSESSIONID":"8CDCBB3BAFD93836332A2F529C74AA71","userType":"NO_TYPE"}}
================================================================================
#
--Output from testLoginKeepApnsToken--
Switching to browser client [default]
Creating to new client [default] of type [class com.grailsrocks.functionaltest.client.BrowserClient]

== Making request POST http://localhost:8080/moovt/login/authenticateUser parameters: ==
== Request headers: ============================================================
Accept-Language: pt-BR
Accept-Encoding: gzip, deflate
Content-Type: application/json
Accept: */*
== Content =====================================================================

				{"type":"Self","tenantname":"MTaxi","username":"jKeepApnsToken","password":"Welcome!1","apnsToken":"9a1cd75847e20f1a27132790dfe1a0cb4107f42da1a39c019dd1a0820fc5c504"}

				
================================================================================
2013-09-17 23:22:52,203 [http-bio-8080-exec-4] INFO  common.LoginController  - Authenticating user with params:[action:authenticateUser, controller:login]and model: 
				{"type":"Self","tenantname":"MTaxi","username":"jKeepApnsToken","password":"Welcome!1","apnsToken":"9a1cd75847e20f1a27132790dfe1a0cb4107f42da1a39c019dd1a0820fc5c504"}

				

2013-09-17 23:22:52,240 [http-bio-8080-exec-4] INFO  common.LoginController  - User has been successfully authenticated [ROLE_NO_ROLES]

Interceptor createPage: TopLevelWindow[name=""]
Content of web window [TopLevelWindow[name=""]] changed
== Response was 200 (OK) headers: ==============================================
================================================================================
== Content =====================================================================
{"result":{"type":"USER","code":"SUCCESS","message":"Login bem sucedido."}, "additionalInfo":{"JSESSIONID":"E08A28044C237C22816395514039E1FD","userType":"NO_TYPE"}}
================================================================================
#
--Output from testLoginTenantNotFoundEnglish--
Switching to browser client [default]
Creating to new client [default] of type [class com.grailsrocks.functionaltest.client.BrowserClient]

== Making request POST http://localhost:8080/moovt/login/authenticateUser parameters: ==
== Request headers: ============================================================
Accept-Language: en-US
Accept-Encoding: gzip, deflate
Content-Type: application/json
Accept: */*
== Content =====================================================================

				{"type":"Self","tenantname": "BadTenant", "username": "admin", "password":"admin"}
				
================================================================================
2013-09-17 23:22:52,335 [http-bio-8080-exec-10] INFO  common.LoginController  - Authenticating user with params:[action:authenticateUser, controller:login]and model: 
				{"type":"Self","tenantname": "BadTenant", "username": "admin", "password":"admin"}
				

Interceptor createPage: TopLevelWindow[name=""]
Content of web window [TopLevelWindow[name=""]] changed
== Response was 200 (OK) headers: ==============================================
================================================================================
== Content =====================================================================
{"result":{"type":"USER","code":"ERROR","message":"This company (BadTenant) was not found. Please enter a valid company name."}}
================================================================================
#
--Output from testLoginTenantNotFoundPortuguese--
Switching to browser client [default]
Creating to new client [default] of type [class com.grailsrocks.functionaltest.client.BrowserClient]

== Making request POST http://localhost:8080/moovt/login/authenticateUser parameters: ==
== Request headers: ============================================================
Accept-Language: pt-BR
Accept-Charset: UTF-8
Accept-Encoding: gzip, deflate
Content-Type: application/json
Accept: */*
== Content =====================================================================

				{"type":"Self","tenantname": "BadTenant", "username": "admin", "password":"admin"}
				
================================================================================
2013-09-17 23:22:52,466 [http-bio-8080-exec-4] INFO  common.LoginController  - Authenticating user with params:[action:authenticateUser, controller:login]and model: 
				{"type":"Self","tenantname": "BadTenant", "username": "admin", "password":"admin"}
				

Interceptor createPage: TopLevelWindow[name=""]
Content of web window [TopLevelWindow[name=""]] changed
== Response was 200 (OK) headers: ==============================================
================================================================================
== Content =====================================================================
{"result":{"type":"USER","code":"ERROR","message":"Esta companhia (BadTenant) não foi encontrada."}}
================================================================================
#
--Output from testLoginNoPasswordEnglish--
Switching to browser client [default]
Creating to new client [default] of type [class com.grailsrocks.functionaltest.client.BrowserClient]

== Making request POST http://localhost:8080/moovt/login/authenticateUser parameters: ==
== Request headers: ============================================================
Accept-Language: en-US
Accept-Encoding: gzip, deflate
Content-Type: application/json
Accept: */*
== Content =====================================================================

				{"type":"Self","tenantname": "MTaxi", "username": "admin", "password":""}
				
================================================================================
2013-09-17 23:22:52,569 [http-bio-8080-exec-10] INFO  common.LoginController  - Authenticating user with params:[action:authenticateUser, controller:login]and model: 
				{"type":"Self","tenantname": "MTaxi", "username": "admin", "password":""}
				

Interceptor createPage: TopLevelWindow[name=""]
Content of web window [TopLevelWindow[name=""]] changed
== Response was 200 (OK) headers: ==============================================
================================================================================
== Content =====================================================================
{"result":{"type":"USER","code":"ERROR","message":"Authentication failed because no password was provided. Please enter a password."}}
================================================================================
#
--Output from testLoginNoUsernamedEnglish--
Switching to browser client [default]
Creating to new client [default] of type [class com.grailsrocks.functionaltest.client.BrowserClient]

== Making request POST http://localhost:8080/moovt/login/authenticateUser parameters: ==
== Request headers: ============================================================
Accept-Language: en-US
Accept-Encoding: gzip, deflate
Content-Type: application/json
Accept: */*
== Content =====================================================================

				{"type":"Self","tenantname": "MTaxi", "username": "", "password":"admin"}
				
================================================================================
2013-09-17 23:22:53,047 [http-bio-8080-exec-4] INFO  common.LoginController  - Authenticating user with params:[action:authenticateUser, controller:login]and model: 
				{"type":"Self","tenantname": "MTaxi", "username": "", "password":"admin"}
				

Interceptor createPage: TopLevelWindow[name=""]
Content of web window [TopLevelWindow[name=""]] changed
== Response was 200 (OK) headers: ==============================================
================================================================================
== Content =====================================================================
{"result":{"type":"USER","code":"ERROR","message":"Authentication failed because no username was provided. Please enter a username."}}
================================================================================
#
--Output from testLoginFailedEnglish--
Switching to browser client [default]
Creating to new client [default] of type [class com.grailsrocks.functionaltest.client.BrowserClient]

== Making request POST http://localhost:8080/moovt/login/authenticateUser parameters: ==
== Request headers: ============================================================
Accept-Language: en-US
Accept-Encoding: gzip, deflate
Content-Type: application/json
Accept: */*
== Content =====================================================================

				{"type":"Self","tenantname": "MTaxi", "username": "admin", "password":"badPw"}
				
================================================================================
2013-09-17 23:22:53,091 [http-bio-8080-exec-10] INFO  common.LoginController  - Authenticating user with params:[action:authenticateUser, controller:login]and model: 
				{"type":"Self","tenantname": "MTaxi", "username": "admin", "password":"badPw"}
				

Interceptor createPage: TopLevelWindow[name=""]
Content of web window [TopLevelWindow[name=""]] changed
== Response was 200 (OK) headers: ==============================================
================================================================================
== Content =====================================================================
{"result":{"type":"USER","code":"ERROR","message":"User name and or password is invalid. Please try again."}}
================================================================================
#
--Output from testLoginSuccessEnglish--
Switching to browser client [default]
Creating to new client [default] of type [class com.grailsrocks.functionaltest.client.BrowserClient]

== Making request POST http://localhost:8080/moovt/login/authenticateUser parameters: ==
== Request headers: ============================================================
Accept-Language: en-US
Accept-Encoding: gzip, deflate
Content-Type: application/json
Accept: */*
== Content =====================================================================

				{"type":"Self","tenantname":"MTaxi","username":"jgoodrider","password":"Welcome!1"}
				
================================================================================
2013-09-17 23:22:53,148 [http-bio-8080-exec-4] INFO  common.LoginController  - Authenticating user with params:[action:authenticateUser, controller:login]and model: 
				{"type":"Self","tenantname":"MTaxi","username":"jgoodrider","password":"Welcome!1"}
				

2013-09-17 23:22:53,169 [http-bio-8080-exec-4] INFO  common.LoginController  - User has been successfully authenticated [ROLE_DRIVER, ROLE_PASSENGER]

Interceptor createPage: TopLevelWindow[name=""]
Content of web window [TopLevelWindow[name=""]] changed
== Response was 200 (OK) headers: ==============================================
================================================================================
== Content =====================================================================
{"result":{"type":"USER","code":"SUCCESS","message":"Login successful."}, "additionalInfo":{"JSESSIONID":"E81C65656AC6195600E0FE9253D45645","userType":"PASSENGER"}}
================================================================================
#
--Output from testLoginSuccessPortuguese--
Switching to browser client [default]
Creating to new client [default] of type [class com.grailsrocks.functionaltest.client.BrowserClient]

== Making request POST http://localhost:8080/moovt/login/authenticateUser parameters: ==
== Request headers: ============================================================
Accept-Language: pt-BR
Accept-Encoding: gzip, deflate
Content-Type: application/json
Accept: */*
== Content =====================================================================

				{"type":"Self","tenantname":"MTaxi","username":"jgoodrider","password":"Welcome!1"}
				
================================================================================
2013-09-17 23:22:53,231 [http-bio-8080-exec-10] INFO  common.LoginController  - Authenticating user with params:[action:authenticateUser, controller:login]and model: 
				{"type":"Self","tenantname":"MTaxi","username":"jgoodrider","password":"Welcome!1"}
				

2013-09-17 23:22:53,256 [http-bio-8080-exec-10] INFO  common.LoginController  - User has been successfully authenticated [ROLE_DRIVER, ROLE_PASSENGER]

Interceptor createPage: TopLevelWindow[name=""]
Content of web window [TopLevelWindow[name=""]] changed
== Response was 200 (OK) headers: ==============================================
================================================================================
== Content =====================================================================
{"result":{"type":"USER","code":"SUCCESS","message":"Login bem sucedido."}, "additionalInfo":{"JSESSIONID":"B3AFC91AF87F75DD67A69074111176D7","userType":"PASSENGER"}}
================================================================================
#
--Output from testLoginNoTenantEnglish--
Switching to browser client [default]
Creating to new client [default] of type [class com.grailsrocks.functionaltest.client.BrowserClient]

== Making request POST http://localhost:8080/moovt/login/authenticateUser parameters: ==
== Request headers: ============================================================
Accept-Language: en-US
Accept-Encoding: gzip, deflate
Content-Type: application/json
Accept: */*
== Content =====================================================================

				{"type":"Self","tenantname": "", "username": "admin", "password":"admin"}
				
================================================================================
2013-09-17 23:22:53,297 [http-bio-8080-exec-4] INFO  common.LoginController  - Authenticating user with params:[action:authenticateUser, controller:login]and model: 
				{"type":"Self","tenantname": "", "username": "admin", "password":"admin"}
				

Interceptor createPage: TopLevelWindow[name=""]
Content of web window [TopLevelWindow[name=""]] changed
== Response was 200 (OK) headers: ==============================================
================================================================================
== Content =====================================================================
{"result":{"type":"USER","code":"ERROR","message":"Authentication failed because no company was provided. Please enter a company."}}
================================================================================
#
--Output from testLoginNoTenantPortuguese--
Switching to browser client [default]
Creating to new client [default] of type [class com.grailsrocks.functionaltest.client.BrowserClient]

== Making request POST http://localhost:8080/moovt/login/authenticateUser parameters: ==
== Request headers: ============================================================
Accept-Language: pt-BR
Accept-Encoding: gzip, deflate
Content-Type: application/json
Accept: */*
== Content =====================================================================

				{"type":"Self","tenantname": "", "username": "admin", "password":"admin"}
				
================================================================================
2013-09-17 23:22:53,344 [http-bio-8080-exec-10] INFO  common.LoginController  - Authenticating user with params:[action:authenticateUser, controller:login]and model: 
				{"type":"Self","tenantname": "", "username": "admin", "password":"admin"}
				

Interceptor createPage: TopLevelWindow[name=""]
Content of web window [TopLevelWindow[name=""]] changed
== Response was 200 (OK) headers: ==============================================
================================================================================
== Content =====================================================================
{"result":{"type":"USER","code":"ERROR","message":"A companhia deve ser preenchida."}}
================================================================================
#
]]></system-out>

      <system-err><![CDATA[--Output from testLoginBadMessage--
2013-09-17 23:22:51,410 [http-bio-8080-exec-1] ERROR moovt.HandlerService  - A generic exception occurred A JSONObject text must begin with '{' at character 0 of 

--Output from testLoginNoPasswordPortuguese--
--Output from testLoginNoUsernamedPortuguese--
--Output from testLoginFailedPortuguese--
--Output from testLoginWithApnsToken--
--Output from testLoginKeepApnsToken--
--Output from testLoginTenantNotFoundEnglish--
--Output from testLoginTenantNotFoundPortuguese--
--Output from testLoginNoPasswordEnglish--
--Output from testLoginNoUsernamedEnglish--
--Output from testLoginFailedEnglish--
--Output from testLoginSuccessEnglish--
--Output from testLoginSuccessPortuguese--
--Output from testLoginNoTenantEnglish--
--Output from testLoginNoTenantPortuguese--
]]></system-err>

  </testsuite>
  <testsuite errors="0" failures="4" hostname="Eduardo-Goncalvess-MacBook-Pro.local" id="3" name="RideFunctionalTests" package="com.moovt" tests="18" time="14.468" timestamp="2013-09-18T03:22:53">
      <properties />

      <testcase classname="com.moovt.RideFunctionalTests" name="testCancelRideSuccessEnglish" time="0.644" />

      <testcase classname="com.moovt.RideFunctionalTests" name="testCancelRideSuccessPortuguese" time="0.19" />

      <testcase classname="com.moovt.RideFunctionalTests" name="testCancelRideNotFoundEnglish" time="0.218" />

      <testcase classname="com.moovt.RideFunctionalTests" name="testCancelRideNotFoundPortuguese" time="0.202" />

      <testcase classname="com.moovt.RideFunctionalTests" name="testRetrievePassengerRidesEnglish" time="0.508" />

      <testcase classname="com.moovt.RideFunctionalTests" name="testRetrieveUnassignedRideInServedAreaEnglish" time="2.84" />

      <testcase classname="com.moovt.RideFunctionalTests" name="testRetrieveUnassignedRideInServedAreaNoRideFoundEnglish" time="0.593" />

      <testcase classname="com.moovt.RideFunctionalTests" name="testAssignRideToDriverEnglish" time="2.039">
          <failure message="com.grailsrocks.functionaltest.FunctionalTestException: Expected content to loosely contain [updated] but it didn&apos;t" type="junit.framework.AssertionFailedError">junit.framework.AssertionFailedError: com.grailsrocks.functionaltest.FunctionalTestException: Expected content to loosely contain [updated] but it didn&apos;t
	at com.grailsrocks.functionaltest.TestCaseBase.invokeMethod(TestCaseBase.groovy:184)
	at com.moovt.RideFunctionalTests.testAssignRideToDriverEnglish(RideFunctionalTests.groovy:103)
</failure>

      </testcase>

      <testcase classname="com.moovt.RideFunctionalTests" name="testRetrieveAllRidesEnglish" time="0.708" />

      <testcase classname="com.moovt.RideFunctionalTests" name="testRetrieveAssignedRidesEnglish" time="0.313" />

[...]
	at org.junit.runners.ParentRunner$2.evaluate(ParentRunner.java:222)
	at org.junit.runners.ParentRunner.run(ParentRunner.java:300)
	at org.junit.runners.ParentRunner$run.call(Unknown Source)
	at _GrailsTest_groovy$_run_closure4.doCall(_GrailsTest_groovy:290)
	at _GrailsTest_groovy$_run_closure2.doCall(_GrailsTest_groovy:248)
	at _GrailsTest_groovy$_run_closure1_closure21.doCall(_GrailsTest_groovy:195)
	at _GrailsTest_groovy$_run_closure1.doCall(_GrailsTest_groovy:184)
	at org.codehaus.gant.GantMetaClass.invokeMethod(GantMetaClass.java:133)
	at org.codehaus.gant.GantBinding$_initializeGantBinding_closure5_closure16_closure18.doCall(GantBinding.groovy:185)
	at org.codehaus.gant.GantBinding$_initializeGantBinding_closure5_closure16_closure18.doCall(GantBinding.groovy)
	at org.codehaus.gant.GantBinding.withTargetEvent(GantBinding.groovy:90)
	at org.codehaus.gant.GantBinding.this$4$withTargetEvent(GantBinding.groovy)
	at org.codehaus.gant.GantBinding$_initializeGantBinding_closure5_closure16.doCall(GantBinding.groovy:185)
	at org.codehaus.gant.GantBinding$_initializeGantBinding_closure5_closure16.doCall(GantBinding.groovy)
	at org.codehaus.gant.GantMetaClass.invokeMethod(GantMetaClass.java:133)
	at TestApp$_run_closure1.doCall(TestApp.groovy:82)
	at org.codehaus.gant.GantMetaClass.invokeMethod(GantMetaClass.java:133)
	at org.codehaus.gant.GantBinding$_initializeGantBinding_closure5_closure16_closure18.doCall(GantBinding.groovy:185)
	at org.codehaus.gant.GantBinding$_initializeGantBinding_closure5_closure16_closure18.doCall(GantBinding.groovy)
	at org.codehaus.gant.GantBinding.withTargetEvent(GantBinding.groovy:90)
	at org.codehaus.gant.GantBinding.this$4$withTargetEvent(GantBinding.groovy)
	at org.codehaus.gant.GantBinding$_initializeGantBinding_closure5_closure16.doCall(GantBinding.groovy:185)
	at org.codehaus.gant.GantBinding$_initializeGantBinding_closure5_closure16.doCall(GantBinding.groovy)
URL: http://localhost:8080/moovt/user/createUser


--Output from testCreateUserDuplicateEmailPortuguese--
Switching to browser client [default]
Creating to new client [default] of type [class com.grailsrocks.functionaltest.client.BrowserClient]

== Making request POST http://localhost:8080/moovt/user/createUser parameters: ==
== Request headers: ============================================================
Accept-Language: pt-BR
Accept-Encoding: gzip, deflate
Content-Type: application/json
Accept: */*
== Content =====================================================================

				{"tenantname": "Moovt", "email":"existingEmail@moovt.com", "username": "userWithSameEmail", "password":"moovieLover", "firstName":"TestFirstName", lastName: "TestLastName","phone":"800-800-8080", "locale": "pt_BR"}
				
================================================================================
2013-09-17 23:23:15,955 [http-bio-8080-exec-31] INFO  common.UserController  - createUser params are: [action:createUser, controller:user] and model is : 
				{"tenantname": "Moovt", "email":"existingEmail@moovt.com", "username": "userWithSameEmail", "password":"moovieLover", "firstName":"TestFirstName", lastName: "TestLastName","phone":"800-800-8080", "locale": "pt_BR"}
				

2013-09-17 23:23:15,961 [http-bio-8080-exec-31] INFO  common.UserController  - Creating a new user and/or driver and/or passenger

Interceptor createPage: TopLevelWindow[name=""]
Content of web window [TopLevelWindow[name=""]] changed
== Response was 200 (OK) headers: ==============================================
================================================================================
== Content =====================================================================
{"result":{"type":"USER","code":"ERROR","message":"O campo [username] da classe [class com.moovt.audit.User] com o valor [userWithSameEmail] deve ser único"}}
================================================================================
#
Failed: Expected content to loosely contain [Este email (existingEmail@moovt.com) já existe] but it didn't
junit.framework.AssertionFailedError: Expected content to loosely contain [Este email (existingEmail@moovt.com) já existe] but it didn't
	at junit.framework.Assert.fail(Assert.java:50)
	at junit.framework.Assert.assertTrue(Assert.java:20)
	at com.grailsrocks.functionaltest.TestCaseBase.assertContentContains(TestCaseBase.groovy:298)
	at com.grailsrocks.functionaltest.TestCaseBase.invokeMethod(TestCaseBase.groovy:179)
	at com.moovt.UserFunctionalTests.testCreateUserDuplicateEmailPortuguese(UserFunctionalTests.groovy:254)
	at org.junit.runners.model.FrameworkMethod$1.runReflectiveCall(FrameworkMethod.java:45)
	at org.junit.internal.runners.model.ReflectiveCallable.run(ReflectiveCallable.java:15)
	at org.junit.runners.model.FrameworkMethod.invokeExplosively(FrameworkMethod.java:42)
	at org.junit.internal.runners.statements.InvokeMethod.evaluate(InvokeMethod.java:20)
	at org.junit.internal.runners.statements.RunBefores.evaluate(RunBefores.java:28)
	at org.junit.internal.runners.statements.RunAfters.evaluate(RunAfters.java:30)
	at org.junit.runners.ParentRunner.runLeaf(ParentRunner.java:263)
	at org.junit.runners.BlockJUnit4ClassRunner.runChild(BlockJUnit4ClassRunner.java:68)
	at org.junit.runners.BlockJUnit4ClassRunner.runChild(BlockJUnit4ClassRunner.java:47)
	at org.junit.runners.ParentRunner$3.run(ParentRunner.java:231)
	at org.junit.runners.ParentRunner$1.schedule(ParentRunner.java:60)
	at org.junit.runners.ParentRunner.runChildren(ParentRunner.java:229)
	at org.junit.runners.ParentRunner.access$000(ParentRunner.java:50)
	at org.junit.runners.ParentRunner$2.evaluate(ParentRunner.java:222)
	at org.junit.runners.ParentRunner.run(ParentRunner.java:300)
	at org.junit.runners.Suite.runChild(Suite.java:128)
	at org.junit.runners.Suite.runChild(Suite.java:24)
	at org.junit.runners.ParentRunner$3.run(ParentRunner.java:231)
	at org.junit.runners.ParentRunner$1.schedule(ParentRunner.java:60)
	at org.junit.runners.ParentRunner.runChildren(ParentRunner.java:229)
	at org.junit.runners.ParentRunner.access$000(ParentRunner.java:50)
	at org.junit.runners.ParentRunner$2.evaluate(ParentRunner.java:222)
	at org.junit.runners.ParentRunner.run(ParentRunner.java:300)
	at org.junit.runners.ParentRunner$run.call(Unknown Source)
	at _GrailsTest_groovy$_run_closure4.doCall(_GrailsTest_groovy:290)
	at _GrailsTest_groovy$_run_closure2.doCall(_GrailsTest_groovy:248)
	at _GrailsTest_groovy$_run_closure1_closure21.doCall(_GrailsTest_groovy:195)
	at _GrailsTest_groovy$_run_closure1.doCall(_GrailsTest_groovy:184)
	at org.codehaus.gant.GantMetaClass.invokeMethod(GantMetaClass.java:133)
	at org.codehaus.gant.GantBinding$_initializeGantBinding_closure5_closure16_closure18.doCall(GantBinding.groovy:185)
	at org.codehaus.gant.GantBinding$_initializeGantBinding_closure5_closure16_closure18.doCall(GantBinding.groovy)
	at org.codehaus.gant.GantBinding.withTargetEvent(GantBinding.groovy:90)
	at org.codehaus.gant.GantBinding.this$4$withTargetEvent(GantBinding.groovy)
	at org.codehaus.gant.GantBinding$_initializeGantBinding_closure5_closure16.doCall(GantBinding.groovy:185)
	at org.codehaus.gant.GantBinding$_initializeGantBinding_closure5_closure16.doCall(GantBinding.groovy)
	at org.codehaus.gant.GantMetaClass.invokeMethod(GantMetaClass.java:133)
	at TestApp$_run_closure1.doCall(TestApp.groovy:82)
	at org.codehaus.gant.GantMetaClass.invokeMethod(GantMetaClass.java:133)
	at org.codehaus.gant.GantBinding$_initializeGantBinding_closure5_closure16_closure18.doCall(GantBinding.groovy:185)
	at org.codehaus.gant.GantBinding$_initializeGantBinding_closure5_closure16_closure18.doCall(GantBinding.groovy)
	at org.codehaus.gant.GantBinding.withTargetEvent(GantBinding.groovy:90)
	at org.codehaus.gant.GantBinding.this$4$withTargetEvent(GantBinding.groovy)
	at org.codehaus.gant.GantBinding$_initializeGantBinding_closure5_closure16.doCall(GantBinding.groovy:185)
	at org.codehaus.gant.GantBinding$_initializeGantBinding_closure5_closure16.doCall(GantBinding.groovy)
URL: http://localhost:8080/moovt/user/createUser


--Output from testResetPasswordSuccessEnglish--
Switching to browser client [default]
Creating to new client [default] of type [class com.grailsrocks.functionaltest.client.BrowserClient]

== Making request POST http://localhost:8080/moovt/user/resetPassword parameters: ==
== Request headers: ============================================================
Accept-Language: en-US
Accept-Encoding: gzip, deflate
Content-Type: application/json
Accept: */*
== Content =====================================================================

				{"tenantname": "Moovt", "email":"jforgetful@moovt.com"}
				
================================================================================
2013-09-17 23:23:16,167 [http-bio-8080-exec-22] INFO  common.UserController  - resetPassword params are: [action:resetPassword, controller:user] and model is : 
				{"tenantname": "Moovt", "email":"jforgetful@moovt.com"}
				

Interceptor createPage: TopLevelWindow[name=""]
Content of web window [TopLevelWindow[name=""]] changed
== Response was 200 (OK) headers: ==============================================
================================================================================
== Content =====================================================================
{"result":{"type":"USER","code":"SUCCESS","message":"Your new password was sent to jforgetful@moovt.com."}}
================================================================================
#
--Output from testResetPasswordSuccessPortuguese--
Switching to browser client [default]
Creating to new client [default] of type [class com.grailsrocks.functionaltest.client.BrowserClient]

== Making request POST http://localhost:8080/moovt/user/resetPassword parameters: ==
== Request headers: ============================================================
Accept-Language: pt-BR
Accept-Encoding: gzip, deflate
Content-Type: application/json
Accept: */*
== Content =====================================================================

				{"tenantname": "Moovt", "email":"jforgetful@moovt.com"}
				
================================================================================
2013-09-17 23:23:16,744 [http-bio-8080-exec-30] INFO  common.UserController  - resetPassword params are: [action:resetPassword, controller:user] and model is : 
				{"tenantname": "Moovt", "email":"jforgetful@moovt.com"}
				

Interceptor createPage: TopLevelWindow[name=""]
Content of web window [TopLevelWindow[name=""]] changed
== Response was 200 (OK) headers: ==============================================
================================================================================
== Content =====================================================================
{"result":{"type":"USER","code":"SUCCESS","message":"A sua nova senha foi enviada para jforgetful@moovt.com."}}
================================================================================
#
--Output from testResetPasswordBadMessageNoTenante--
Switching to browser client [default]
Creating to new client [default] of type [class com.grailsrocks.functionaltest.client.BrowserClient]

== Making request POST http://localhost:8080/moovt/user/resetPassword parameters: ==
== Request headers: ============================================================
Accept-Encoding: gzip, deflate
Content-Type: application/json
Accept: */*
== Content =====================================================================

				{"tenantXame": "Moovt", "email":"jforgetful@moovt.com"}
				
================================================================================
2013-09-17 23:23:16,907 [http-bio-8080-exec-10] INFO  common.UserController  - resetPassword params are: [action:resetPassword, controller:user] and model is : 
				{"tenantXame": "Moovt", "email":"jforgetful@moovt.com"}
				

Interceptor createPage: TopLevelWindow[name=""]
Content of web window [TopLevelWindow[name=""]] changed
== Response was 200 (OK) headers: ==============================================
================================================================================
== Content =====================================================================
{"result":{"type":"SYSTEM","code":"ERROR","message":"JSONObject[\"tenantname\"] not found."}}
================================================================================
#
--Output from testResetPasswordBadMessageNoEmail--
Switching to browser client [default]
Creating to new client [default] of type [class com.grailsrocks.functionaltest.client.BrowserClient]

== Making request POST http://localhost:8080/moovt/user/resetPassword parameters: ==
== Request headers: ============================================================
Accept-Encoding: gzip, deflate
Content-Type: application/json
Accept: */*
== Content =====================================================================

				{"tenantname": "Moovt", "emailX":"jforgetful@moovt.com"}
				
================================================================================
2013-09-17 23:23:16,958 [http-bio-8080-exec-15] INFO  common.UserController  - resetPassword params are: [action:resetPassword, controller:user] and model is : 
				{"tenantname": "Moovt", "emailX":"jforgetful@moovt.com"}
				

Interceptor createPage: TopLevelWindow[name=""]
Content of web window [TopLevelWindow[name=""]] changed
== Response was 200 (OK) headers: ==============================================
================================================================================
== Content =====================================================================
{"result":{"type":"SYSTEM","code":"ERROR","message":"JSONObject[\"email\"] not found."}}
================================================================================
#
--Output from testResetPasswordTenantNotFound--
Switching to browser client [default]
Creating to new client [default] of type [class com.grailsrocks.functionaltest.client.BrowserClient]

== Making request POST http://localhost:8080/moovt/user/resetPassword parameters: ==
== Request headers: ============================================================
Accept-Language: en-US
Accept-Encoding: gzip, deflate
Content-Type: application/json
Accept: */*
== Content =====================================================================

				{"tenantname": "TheBadTenant", "email":"jforgetful@moovt.com"}
				
================================================================================
2013-09-17 23:23:17,047 [http-bio-8080-exec-20] INFO  common.UserController  - resetPassword params are: [action:resetPassword, controller:user] and model is : 
				{"tenantname": "TheBadTenant", "email":"jforgetful@moovt.com"}
				

2013-09-17 23:23:17,224 [http-bio-8080-exec-20] WARN  common.UserController  - This tenant (TheBadTenant) does not exist. Please use an existing tenant to create this user.

Interceptor createPage: TopLevelWindow[name=""]
Content of web window [TopLevelWindow[name=""]] changed
== Response was 200 (OK) headers: ==============================================
================================================================================
== Content =====================================================================
{"result":{"type":"SYSTEM","code":"ERROR","message":"This tenant does not exist (TheBadTenant)"}}
================================================================================
#
--Output from testResetPasswordTenantEmailNotFoundEnglish--
Switching to browser client [default]
Creating to new client [default] of type [class com.grailsrocks.functionaltest.client.BrowserClient]

== Making request POST http://localhost:8080/moovt/user/resetPassword parameters: ==
== Request headers: ============================================================
Accept-Language: en-US
Accept-Encoding: gzip, deflate
Content-Type: application/json
Accept: */*
== Content =====================================================================

				{"tenantname": "Moovt", "email":"jforgetfulx@moovt.com"}
				
================================================================================
2013-09-17 23:23:17,276 [http-bio-8080-exec-1] INFO  common.UserController  - resetPassword params are: [action:resetPassword, controller:user] and model is : 
				{"tenantname": "Moovt", "email":"jforgetfulx@moovt.com"}
				

Interceptor createPage: TopLevelWindow[name=""]
Content of web window [TopLevelWindow[name=""]] changed
== Response was 200 (OK) headers: ==============================================
================================================================================
== Content =====================================================================
{"result":{"type":"USER","code":"ERROR","message":"This email (jforgetfulx@moovt.com) was not found in the system."}}
================================================================================
#
--Output from testResetPasswordTenantEmailNotFoundPortuguese--
Switching to browser client [default]
Creating to new client [default] of type [class com.grailsrocks.functionaltest.client.BrowserClient]

== Making request POST http://localhost:8080/moovt/user/resetPassword parameters: ==
== Request headers: ============================================================
Accept-Language: pt-BR
Accept-Encoding: gzip, deflate
Content-Type: application/json
Accept: */*
== Content =====================================================================

				{"tenantname": "Moovt", "email":"jforgetfulx@moovt.com"}
				
================================================================================
2013-09-17 23:23:17,332 [http-bio-8080-exec-16] INFO  common.UserController  - resetPassword params are: [action:resetPassword, controller:user] and model is : 
				{"tenantname": "Moovt", "email":"jforgetfulx@moovt.com"}
				

Interceptor createPage: TopLevelWindow[name=""]
Content of web window [TopLevelWindow[name=""]] changed
== Response was 200 (OK) headers: ==============================================
================================================================================
== Content =====================================================================
{"result":{"type":"USER","code":"ERROR","message":"Este email (jforgetfulx@moovt.com) não foi encontrado no sistema."}}
================================================================================
#
]]></system-out>

      <system-err><![CDATA[--Output from testCreateUserBadMessage--
2013-09-17 23:23:08,072 [http-bio-8080-exec-19] ERROR moovt.HandlerService  - A generic exception occurred A JSONObject text must begin with '{' at character 0 of 

--Output from testCreateUserBadTenantEnglish--
--Output from testCreateUserSuccessEnglish--
--Output from testCreateUserSuccessPortuquese--
--Output from testCreateUserNoUserNameEnglish--
--Output from testCreateUserNoUserNamePortuguese--
--Output from testCreateUserNoPasswordEnglish--
--Output from testCreateUserNoPasswordPortuguese--
--Output from testCreateUserNoEmailEnglish--
--Output from testCreateUserNoEmailPortuguese--
--Output from testCreateUserDuplicateUsernameEnglish--
--Output from testCreateUserDuplicateUsernamePortuguese--
--Output from testCreateUserDuplicateEmailEnglish--
--Output from testCreateUserDuplicateEmailPortuguese--
--Output from testResetPasswordSuccessEnglish--
--Output from testResetPasswordSuccessPortuguese--
--Output from testResetPasswordBadMessageNoTenante--
2013-09-17 23:23:16,908 [http-bio-8080-exec-10] ERROR moovt.HandlerService  - A generic exception occurred JSONObject["tenantname"] not found.

--Output from testResetPasswordBadMessageNoEmail--
2013-09-17 23:23:16,960 [http-bio-8080-exec-15] ERROR moovt.HandlerService  - A generic exception occurred JSONObject["email"] not found.

--Output from testResetPasswordTenantNotFound--
--Output from testResetPasswordTenantEmailNotFoundEnglish--
--Output from testResetPasswordTenantEmailNotFoundPortuguese--
]]></system-err>

  </testsuite>
</testsuites>
