<?xml version="1.0" encoding="UTF-8" ?>
<testsuites>
  <testsuite errors="0" failures="0" hostname="MNEGONCALVES" id="0" name="LocationFunctionalTests" package="com.moovt" tests="5" time="4.456" timestamp="2013-05-04T17:04:18">
      <properties />

      <testcase classname="com.moovt.LocationFunctionalTests" name="testSearchBadJSON" time="2.962" />

      <testcase classname="com.moovt.LocationFunctionalTests" name="testSearchNoLocation" time="0.072" />

      <testcase classname="com.moovt.LocationFunctionalTests" name="testSearchStreet" time="0.985" />

      <testcase classname="com.moovt.LocationFunctionalTests" name="testSearchCity" time="0.22" />

      <testcase classname="com.moovt.LocationFunctionalTests" name="testState" time="0.197" />

      <system-out><![CDATA[--Output from testSearchBadJSON--
Switching to browser client [default]
Creating to new client [default] of type [class com.grailsrocks.functionaltest.client.BrowserClient]

== Making request POST http://localhost:8080/moovt/location/search parameters: ==
== Request headers: ============================================================
Accept-Encoding: gzip, deflate
Content-Type: application/json
Accept: */*
== Content =====================================================================

================================================================================
Interceptor createPage: TopLevelWindow[name=""]
Content of web window [TopLevelWindow[name=""]] changed
== Response was 200 (OK) headers: ==============================================
================================================================================
== Content =====================================================================
{"type":"SYSTEM","code":"ERROR","message":"A JSONObject text must begin with '{' at character 0 of "}
================================================================================
#
--Output from testSearchNoLocation--
Switching to browser client [default]
Creating to new client [default] of type [class com.grailsrocks.functionaltest.client.BrowserClient]

== Making request POST http://localhost:8080/moovt/location/search parameters: ==
== Request headers: ============================================================
Accept-Encoding: gzip, deflate
Content-Type: application/json
Accept: */*
== Content =====================================================================

{"thisMustBeLocation":"Rua Major Lopes 55, Belo Horizonte, MG"}				
================================================================================
Interceptor createPage: TopLevelWindow[name=""]
Content of web window [TopLevelWindow[name=""]] changed
== Response was 200 (OK) headers: ==============================================
================================================================================
== Content =====================================================================
{"type":"SYSTEM","code":"ERROR","message":"Input JSON must contain a location element"}
================================================================================
#
--Output from testSearchStreet--
Switching to browser client [default]
Creating to new client [default] of type [class com.grailsrocks.functionaltest.client.BrowserClient]

== Making request POST http://localhost:8080/moovt/location/search parameters: ==
== Request headers: ============================================================
Accept-Encoding: gzip, deflate
Content-Type: application/json
Accept: */*
== Content =====================================================================

{"location":"Rua Major Lopes 55, Belo Horizonte, MG"}	
				
================================================================================
HTTP/1.1 200 OK
[[address_components:[[long_name:55, short_name:55, types:[street_number]], [long_name:Rua Major Lopes, short_name:R. Maj. Lopes, types:[route]], [long_name:São Pedro, short_name:São Pedro, types:[sublocality, political]], [long_name:Belo Horizonte, short_name:Belo Horizonte, types:[locality, political]], [long_name:Minas Gerais, short_name:MG, types:[administrative_area_level_1, political]], [long_name:Brazil, short_name:BR, types:[country, political]], [long_name:30330-050, short_name:30330-050, types:[postal_code]]], formatted_address:Rua Major Lopes, 55 - São Pedro, Belo Horizonte - Minas Gerais, 30330-050, Brazil, geometry:[bounds:[northeast:[lat:-19.9413628, lng:-43.9373064], southwest:[lat:-19.941379, lng:-43.93731289999999]], location:[lat:-19.9413628, lng:-43.9373064], location_type:RANGE_INTERPOLATED, viewport:[northeast:[lat:-19.9400219197085, lng:-43.9359606697085], southwest:[lat:-19.9427198802915, lng:-43.93865863029149]]], types:[street_address]]]
street_number
route
sublocality
political
locality
political
administrative_area_level_1
political
country
political
postal_code
Interceptor createPage: TopLevelWindow[name=""]
Content of web window [TopLevelWindow[name=""]] changed
== Response was 200 (OK) headers: ==============================================
================================================================================
== Content =====================================================================
{"locations":[{"locationName":"Rua Major Lopes, 55","politicalName":"Belo Horizonte, MG, BR","latitude":-19.9413628,"longitude":-43.9373064,"locationType":"RANGE_INTERPOLATED"}]}
================================================================================
#
--Output from testSearchCity--
Switching to browser client [default]
Creating to new client [default] of type [class com.grailsrocks.functionaltest.client.BrowserClient]

== Making request POST http://localhost:8080/moovt/location/search parameters: ==
== Request headers: ============================================================
Accept-Encoding: gzip, deflate
Content-Type: application/json
Accept: */*
== Content =====================================================================

{"location":"Belo Horizonte, MG"}	
				
================================================================================
HTTP/1.1 200 OK
[[address_components:[[long_name:Belo Horizonte, short_name:Belo Horizonte, types:[locality, political]], [long_name:Minas Gerais, short_name:MG, types:[administrative_area_level_1, political]], [long_name:Brazil, short_name:BR, types:[country, political]]], formatted_address:Belo Horizonte - Minas Gerais, Brazil, geometry:[bounds:[northeast:[lat:-19.7775663, lng:-43.856856], southwest:[lat:-20.0598165, lng:-44.0628097]], location:[lat:-19.9190677, lng:-43.9385747], location_type:APPROXIMATE, viewport:[northeast:[lat:-19.7775663, lng:-43.856856], southwest:[lat:-20.0598165, lng:-44.0628097]]], types:[locality, political]]]
locality
political
administrative_area_level_1
political
country
political
Interceptor createPage: TopLevelWindow[name=""]
Content of web window [TopLevelWindow[name=""]] changed
== Response was 200 (OK) headers: ==============================================
================================================================================
== Content =====================================================================
{"locations":[{"locationName":"Belo Horizonte","politicalName":"Minas Gerais, Brazil","latitude":-19.9190677,"longitude":-43.9385747,"locationType":"APPROXIMATE"}]}
================================================================================
#
--Output from testState--
Switching to browser client [default]
Creating to new client [default] of type [class com.grailsrocks.functionaltest.client.BrowserClient]

== Making request POST http://localhost:8080/moovt/location/search parameters: ==
== Request headers: ============================================================
Accept-Encoding: gzip, deflate
Content-Type: application/json
Accept: */*
== Content =====================================================================

{"location":"MG"}	
				
================================================================================
HTTP/1.1 200 OK
[[address_components:[[long_name:Minas Gerais, short_name:MG, types:[administrative_area_level_1, political]], [long_name:Brazil, short_name:BR, types:[country, political]]], formatted_address:Minas Gerais, Brazil, geometry:[bounds:[northeast:[lat:-14.2330917, lng:-39.85684850000001], southwest:[lat:-22.9228324, lng:-51.0466651]], location:[lat:-17.930178, lng:-43.7908453], location_type:APPROXIMATE, viewport:[northeast:[lat:-14.2330917, lng:-39.85684850000001], southwest:[lat:-22.9228324, lng:-51.0466651]]], types:[administrative_area_level_1, political]]]
administrative_area_level_1
political
country
political
Interceptor createPage: TopLevelWindow[name=""]
Content of web window [TopLevelWindow[name=""]] changed
== Response was 200 (OK) headers: ==============================================
================================================================================
== Content =====================================================================
{"locations":[]}
================================================================================
#
]]></system-out>

      <system-err><![CDATA[--Output from testSearchBadJSON--
--Output from testSearchNoLocation--
--Output from testSearchStreet--
--Output from testSearchCity--
--Output from testState--
]]></system-err>

  </testsuite>
  <testsuite errors="0" failures="0" hostname="MNEGONCALVES" id="1" name="LoginFunctionalTests" package="com.moovt" tests="13" time="1.498" timestamp="2013-05-04T17:04:23">
      <properties />

      <testcase classname="com.moovt.LoginFunctionalTests" name="testLoginSuccessEnglish" time="0.339" />

      <testcase classname="com.moovt.LoginFunctionalTests" name="testLoginBadMessage" time="0.058" />

      <testcase classname="com.moovt.LoginFunctionalTests" name="testLoginFailedPortuguese" time="0.197" />

      <testcase classname="com.moovt.LoginFunctionalTests" name="testLoginNoTenantEnglish" time="0.137" />

      <testcase classname="com.moovt.LoginFunctionalTests" name="testLoginNoTenantPortuguese" time="0.097" />

      <testcase classname="com.moovt.LoginFunctionalTests" name="testLoginNoUsernamedEnglish" time="0.124" />

      <testcase classname="com.moovt.LoginFunctionalTests" name="testLoginNoPasswordEnglish" time="0.118" />

      <testcase classname="com.moovt.LoginFunctionalTests" name="testLoginSuccessPortuguese" time="0.066" />

      <testcase classname="com.moovt.LoginFunctionalTests" name="testLoginFailedEnglish" time="0.075" />

      <testcase classname="com.moovt.LoginFunctionalTests" name="testLoginTenantNotFoundEnglish" time="0.06" />

      <testcase classname="com.moovt.LoginFunctionalTests" name="testLoginTenantNotFoundPortuguese" time="0.093" />

      <testcase classname="com.moovt.LoginFunctionalTests" name="testLoginNoPasswordPortuguese" time="0.061" />

      <testcase classname="com.moovt.LoginFunctionalTests" name="testLoginNoUsernamedPortuguese" time="0.055" />

      <system-out><![CDATA[--Output from testLoginSuccessEnglish--
Switching to browser client [default]
Creating to new client [default] of type [class com.grailsrocks.functionaltest.client.BrowserClient]

== Making request POST http://localhost:8080/moovt/login/authenticateUser parameters: ==
== Request headers: ============================================================
Accept-Language: en-US
Accept-Encoding: gzip, deflate
Content-Type: application/json
Accept: */*
== Content =====================================================================

				{"type":"Self","tenantname":"WorldTaxi","username":"jgoodrider","password":"Welcome!1"}
				
================================================================================
ROLE_PASSENGER
ROLE_RIDE_MGR
Interceptor createPage: TopLevelWindow[name=""]
Content of web window [TopLevelWindow[name=""]] changed
== Response was 200 (OK) headers: ==============================================
================================================================================
== Content =====================================================================
{"type":"USER","code":"SUCCESS","message":"Login successful.","JSESSIONID":"C5341DAB8D34B336456EFE702C275C5A","userType":"PASSENGER"}
================================================================================
#
--Output from testLoginBadMessage--
Switching to browser client [default]
Creating to new client [default] of type [class com.grailsrocks.functionaltest.client.BrowserClient]

== Making request POST http://localhost:8080/moovt/login/authenticateUser parameters: ==
== Request headers: ============================================================
Accept-Encoding: gzip, deflate
Content-Type: application/json
Accept: */*
== Content =====================================================================

================================================================================
Interceptor createPage: TopLevelWindow[name=""]
Content of web window [TopLevelWindow[name=""]] changed
== Response was 200 (OK) headers: ==============================================
================================================================================
== Content =====================================================================
{"type":"SYSTEM","code":"ERROR","message":"A JSONObject text must begin with '{' at character 0 of "}
================================================================================
#
--Output from testLoginFailedPortuguese--
Switching to browser client [default]
Creating to new client [default] of type [class com.grailsrocks.functionaltest.client.BrowserClient]

== Making request POST http://localhost:8080/moovt/login/authenticateUser parameters: ==
== Request headers: ============================================================
Accept-Language: pt-BR
Accept-Encoding: gzip, deflate
Content-Type: application/json
Accept: */*
== Content =====================================================================

				{"type":"Self","tenantname": "naSavassi", "username": "admin", "password":"badPw"}
				
================================================================================
Interceptor createPage: TopLevelWindow[name=""]
Content of web window [TopLevelWindow[name=""]] changed
== Response was 200 (OK) headers: ==============================================
================================================================================
== Content =====================================================================
{"type":"USER","code":"ERROR","message":"Usuário e senha inválidos."}
================================================================================
#
--Output from testLoginNoTenantEnglish--
Switching to browser client [default]
Creating to new client [default] of type [class com.grailsrocks.functionaltest.client.BrowserClient]

== Making request POST http://localhost:8080/moovt/login/authenticateUser parameters: ==
== Request headers: ============================================================
Accept-Language: en-US
Accept-Encoding: gzip, deflate
Content-Type: application/json
Accept: */*
== Content =====================================================================

				{"type":"Self","tenantname": "", "username": "admin", "password":"admin"}
				
================================================================================
Interceptor createPage: TopLevelWindow[name=""]
Content of web window [TopLevelWindow[name=""]] changed
== Response was 200 (OK) headers: ==============================================
================================================================================
== Content =====================================================================
{"type":"USER","code":"ERROR","message":"Authentication failed because no company was provided. Please enter a company."}
================================================================================
#
--Output from testLoginNoTenantPortuguese--
Switching to browser client [default]
Creating to new client [default] of type [class com.grailsrocks.functionaltest.client.BrowserClient]

== Making request POST http://localhost:8080/moovt/login/authenticateUser parameters: ==
== Request headers: ============================================================
Accept-Language: pt-BR
Accept-Encoding: gzip, deflate
Content-Type: application/json
Accept: */*
== Content =====================================================================

				{"type":"Self","tenantname": "", "username": "admin", "password":"admin"}
				
================================================================================
Interceptor createPage: TopLevelWindow[name=""]
Content of web window [TopLevelWindow[name=""]] changed
== Response was 200 (OK) headers: ==============================================
================================================================================
== Content =====================================================================
{"type":"USER","code":"ERROR","message":"A companhia deve ser preenchida."}
================================================================================
#
--Output from testLoginNoUsernamedEnglish--
Switching to browser client [default]
Creating to new client [default] of type [class com.grailsrocks.functionaltest.client.BrowserClient]

== Making request POST http://localhost:8080/moovt/login/authenticateUser parameters: ==
== Request headers: ============================================================
Accept-Language: en-US
Accept-Encoding: gzip, deflate
Content-Type: application/json
Accept: */*
== Content =====================================================================

				{"type":"Self","tenantname": "naSavassi", "username": "", "password":"admin"}
				
================================================================================
Interceptor createPage: TopLevelWindow[name=""]
Content of web window [TopLevelWindow[name=""]] changed
== Response was 200 (OK) headers: ==============================================
================================================================================
== Content =====================================================================
{"type":"USER","code":"ERROR","message":"Authentication failed because no username was provided. Please enter a username."}
================================================================================
#
--Output from testLoginNoPasswordEnglish--
Switching to browser client [default]
Creating to new client [default] of type [class com.grailsrocks.functionaltest.client.BrowserClient]

== Making request POST http://localhost:8080/moovt/login/authenticateUser parameters: ==
== Request headers: ============================================================
Accept-Language: en-US
Accept-Encoding: gzip, deflate
Content-Type: application/json
Accept: */*
== Content =====================================================================

				{"type":"Self","tenantname": "naSavassi", "username": "admin", "password":""}
				
================================================================================
Interceptor createPage: TopLevelWindow[name=""]
Content of web window [TopLevelWindow[name=""]] changed
== Response was 200 (OK) headers: ==============================================
================================================================================
== Content =====================================================================
{"type":"USER","code":"ERROR","message":"Authentication failed because no password was provided. Please enter a password."}
================================================================================
#
--Output from testLoginSuccessPortuguese--
Switching to browser client [default]
Creating to new client [default] of type [class com.grailsrocks.functionaltest.client.BrowserClient]

== Making request POST http://localhost:8080/moovt/login/authenticateUser parameters: ==
== Request headers: ============================================================
Accept-Language: pt-BR
Accept-Encoding: gzip, deflate
Content-Type: application/json
Accept: */*
== Content =====================================================================

				{"type":"Self","tenantname": "naSavassi", "username": "admin", "password":"admin"}
				
================================================================================
ROLE_ADMIN
ROLE_ITEM_MGR
Interceptor createPage: TopLevelWindow[name=""]
Content of web window [TopLevelWindow[name=""]] changed
== Response was 200 (OK) headers: ==============================================
================================================================================
== Content =====================================================================
{"type":"USER","code":"SUCCESS","message":"Login bem sucedido.","JSESSIONID":"E1061DE1BA6F14DE4EC4A45F5F7587C5","userType":"NO_TYPE"}
================================================================================
#
--Output from testLoginFailedEnglish--
Switching to browser client [default]
Creating to new client [default] of type [class com.grailsrocks.functionaltest.client.BrowserClient]

== Making request POST http://localhost:8080/moovt/login/authenticateUser parameters: ==
== Request headers: ============================================================
Accept-Language: en-US
Accept-Encoding: gzip, deflate
Content-Type: application/json
Accept: */*
== Content =====================================================================

				{"type":"Self","tenantname": "naSavassi", "username": "admin", "password":"badPw"}
				
================================================================================
Interceptor createPage: TopLevelWindow[name=""]
Content of web window [TopLevelWindow[name=""]] changed
== Response was 200 (OK) headers: ==============================================
================================================================================
== Content =====================================================================
{"type":"USER","code":"ERROR","message":"User name and or password is invalid. Please try again."}
================================================================================
#
--Output from testLoginTenantNotFoundEnglish--
Switching to browser client [default]
Creating to new client [default] of type [class com.grailsrocks.functionaltest.client.BrowserClient]

== Making request POST http://localhost:8080/moovt/login/authenticateUser parameters: ==
== Request headers: ============================================================
Accept-Language: en-US
Accept-Encoding: gzip, deflate
Content-Type: application/json
Accept: */*
== Content =====================================================================

				{"type":"Self","tenantname": "BadTenant", "username": "admin", "password":"admin"}
				
================================================================================
Interceptor createPage: TopLevelWindow[name=""]
Content of web window [TopLevelWindow[name=""]] changed
== Response was 200 (OK) headers: ==============================================
================================================================================
== Content =====================================================================
{"type":"USER","code":"ERROR","message":"This company (BadTenant) was not found. Please enter a valid company name."}
================================================================================
#
--Output from testLoginTenantNotFoundPortuguese--
Switching to browser client [default]
Creating to new client [default] of type [class com.grailsrocks.functionaltest.client.BrowserClient]

== Making request POST http://localhost:8080/moovt/login/authenticateUser parameters: ==
== Request headers: ============================================================
Accept-Language: pt-BR
Accept-Encoding: gzip, deflate
Content-Type: application/json
Accept: */*
== Content =====================================================================

				{"type":"Self","tenantname": "BadTenant", "username": "admin", "password":"admin"}
				
================================================================================
Interceptor createPage: TopLevelWindow[name=""]
Content of web window [TopLevelWindow[name=""]] changed
== Response was 200 (OK) headers: ==============================================
================================================================================
== Content =====================================================================
{"type":"USER","code":"ERROR","message":"Esta companhia (BadTenant) não foi encontrada."}
================================================================================
#
--Output from testLoginNoPasswordPortuguese--
Switching to browser client [default]
Creating to new client [default] of type [class com.grailsrocks.functionaltest.client.BrowserClient]

== Making request POST http://localhost:8080/moovt/login/authenticateUser parameters: ==
== Request headers: ============================================================
Accept-Language: pt-BR
Accept-Encoding: gzip, deflate
Content-Type: application/json
Accept: */*
== Content =====================================================================

				{"type":"Self","tenantname": "naSavassi", "username": "admin", "password":""}
				
================================================================================
Interceptor createPage: TopLevelWindow[name=""]
Content of web window [TopLevelWindow[name=""]] changed
== Response was 200 (OK) headers: ==============================================
================================================================================
== Content =====================================================================
{"type":"USER","code":"ERROR","message":"A senha deve ser preenchida."}
================================================================================
#
--Output from testLoginNoUsernamedPortuguese--
Switching to browser client [default]
Creating to new client [default] of type [class com.grailsrocks.functionaltest.client.BrowserClient]

== Making request POST http://localhost:8080/moovt/login/authenticateUser parameters: ==
== Request headers: ============================================================
Accept-Language: pt-BR
Accept-Encoding: gzip, deflate
Content-Type: application/json
Accept: */*
== Content =====================================================================

				{"type":"Self","tenantname": "naSavassi", "username": "", "password":"admin"}
				
================================================================================
Interceptor createPage: TopLevelWindow[name=""]
Content of web window [TopLevelWindow[name=""]] changed
== Response was 200 (OK) headers: ==============================================
================================================================================
== Content =====================================================================
{"type":"USER","code":"ERROR","message":"O nome do usuário deve ser preenchido."}
================================================================================
#
]]></system-out>

      <system-err><![CDATA[--Output from testLoginSuccessEnglish--
--Output from testLoginBadMessage--
--Output from testLoginFailedPortuguese--
--Output from testLoginNoTenantEnglish--
--Output from testLoginNoTenantPortuguese--
--Output from testLoginNoUsernamedEnglish--
--Output from testLoginNoPasswordEnglish--
--Output from testLoginSuccessPortuguese--
--Output from testLoginFailedEnglish--
--Output from testLoginTenantNotFoundEnglish--
--Output from testLoginTenantNotFoundPortuguese--
--Output from testLoginNoPasswordPortuguese--
--Output from testLoginNoUsernamedPortuguese--
]]></system-err>

  </testsuite>
  <testsuite errors="0" failures="0" hostname="MNEGONCALVES" id="2" name="RideFunctionalTests" package="com.moovt" tests="5" time="1.255" timestamp="2013-05-04T17:04:24">
      <properties />

      <testcase classname="com.moovt.RideFunctionalTests" name="testCreateRideENglish" time="0.617" />

      <testcase classname="com.moovt.RideFunctionalTests" name="testRetrieveAllRidesEnglish" time="0.139" />

      <testcase classname="com.moovt.RideFunctionalTests" name="testAssignRideToDriverEnglish" time="0.181" />

      <testcase classname="com.moovt.RideFunctionalTests" name="testRetrievePassengerRidesEnglish" time="0.199" />

      <testcase classname="com.moovt.RideFunctionalTests" name="testRetrieveUnassignedRideInServedAreaEnglish" time="0.111" />

      <system-out><![CDATA[--Output from testCreateRideENglish--
Switching to browser client [default]
Creating to new client [default] of type [class com.grailsrocks.functionaltest.client.BrowserClient]

== Making request POST http://localhost:8080/moovt/login/authenticateUser parameters: ==
== Request headers: ============================================================
Accept-Encoding: gzip, deflate
Content-Type: application/json
Accept: */*
== Content =====================================================================

				{"type":"Self","tenantname":"WorldTaxi","username":"jgoodrider","password":"Welcome!1"}
				
================================================================================
ROLE_PASSENGER
ROLE_RIDE_MGR
Interceptor createPage: TopLevelWindow[name=""]
Content of web window [TopLevelWindow[name=""]] changed
== Response was 200 (OK) headers: ==============================================
================================================================================
== Content =====================================================================
{"type":"USER","code":"SUCCESS","message":"Login successful.","JSESSIONID":"539D134EA318AC2E4501836FFE2EF8D7","userType":"PASSENGER"}
================================================================================
#
== Making request POST http://localhost:8080/moovt/ride/createRide parameters: ==
== Request headers: ============================================================
Accept-Encoding: gzip, deflate
Content-Type: application/json
Accept: */*
== Content =====================================================================

{"pickupDateTime":"2013-03-15 06:30",
 "pickUpLocation":{"locationName":"Rua PickUp Major Lopes, 55","politicalName":"Belo Horizonte, MG, BR","latitude":-19.9413628,"longitude":-43.9373064,"locationType":"RANGE_INTERPOLATED"},
 "dropOffLocation":{"locationName":"Rua DropOff Major Lopes, 55","politicalName":"Belo Horizonte, MG, BR","latitude":-19.9413628,"longitude":-43.9373064,"locationType":"RANGE_INTERPOLATED"}
}
				
================================================================================
Interceptor createPage: TopLevelWindow[name=""]
Content of web window [TopLevelWindow[name=""]] changed
== Response was 200 (OK) headers: ==============================================
================================================================================
== Content =====================================================================
{"type":"USER","code":"SUCCESS","message":"Ride #4 created and sent to 3 drivers. "}
================================================================================
#
--Output from testRetrieveAllRidesEnglish--
Switching to browser client [default]
Creating to new client [default] of type [class com.grailsrocks.functionaltest.client.BrowserClient]

== Making request POST http://localhost:8080/moovt/login/authenticateUser parameters: ==
== Request headers: ============================================================
Accept-Encoding: gzip, deflate
Content-Type: application/json
Accept: */*
== Content =====================================================================

				{"type":"Self","tenantname":"WorldTaxi","username":"admin","password":"admin"}
				
================================================================================
ROLE_ADMIN
Interceptor createPage: TopLevelWindow[name=""]
Content of web window [TopLevelWindow[name=""]] changed
== Response was 200 (OK) headers: ==============================================
================================================================================
== Content =====================================================================
{"type":"USER","code":"SUCCESS","message":"Login successful.","JSESSIONID":"52AAB97EB2FCE0B19EB15639F2F371B1","userType":"NO_TYPE"}
================================================================================
#
== Making request POST http://localhost:8080/moovt/ride/retrieveAllRides parameters: ==
== Request headers: ============================================================
Accept-Encoding: gzip, deflate
Content-Type: application/json
Accept: */*
== Content =====================================================================

				{}
				
================================================================================
Interceptor createPage: TopLevelWindow[name=""]
Content of web window [TopLevelWindow[name=""]] changed
== Response was 200 (OK) headers: ==============================================
================================================================================
== Content =====================================================================
{"rides":[{"id":1,"version":1,"rideStatus":"UNASSIGNED","driver":null,"passenger":{"id":5},"pickupDateTime":"2013-03-13 20:10","pickUpAddress":{"locationName":"Naperville","politicalName":"Illinois, United States","latitude":41.7858629,"longitude":-88.1472893,"locationType":"APPROXIMATE"},"dropOffAddress":{"locationName":"Naperville","politicalName":"Illinois, United States","latitude":41.7858629,"longitude":-88.1472893,"locationType":"APPROXIMATE"},"rating":null,"comments":null},{"id":2,"version":1,"rideStatus":"UNASSIGNED","driver":null,"passenger":{"id":5},"pickupDateTime":"2013-03-13 20:10","pickUpAddress":{"locationName":"Wheaton","politicalName":"Illinois, United States","latitude":41.8661403,"longitude":-88.1070127,"locationType":"APPROXIMATE"},"dropOffAddress":{"locationName":"Naperville","politicalName":"Illinois, United States","latitude":41.7858629,"longitude":-88.1472893,"locationType":"APPROXIMATE"},"rating":null,"comments":null},{"id":3,"version":0,"rideStatus":"UNASSIGNED","driver":null,"passenger":{"id":5},"pickupDateTime":"2013-03-13 20:10","pickUpAddress":{"locationName":"Contagem","politicalName":"Minas Gerais, Brazil","latitude":-19.9385599,"longitude":-44.0529377,"locationType":"APPROXIMATE"},"dropOffAddress":{"locationName":"Naperville","politicalName":"Illinois, United States","latitude":41.7858629,"longitude":-88.1472893,"locationType":"APPROXIMATE"},"rating":null,"comments":null},{"id":4,"version":0,"rideStatus":"UNASSIGNED","driver":null,"passenger":{"id":5},"pickupDateTime":"2013-03-15 06:30","pickUpAddress":{"locationName":"Rua PickUp Major Lopes, 55","politicalName":"Belo Horizonte, MG, BR","latitude":-19.9413628,"longitude":-43.9373064,"locationType":"RANGE_INTERPOLATED"},"dropOffAddress":{"locationName":"Rua DropOff Major Lopes, 55","politicalName":"Belo Horizonte, MG, BR","latitude":-19.9413628,"longitude":-43.9373064,"locationType":"RANGE_INTERPOLATED"},"rating":null,"comments":null}]}
================================================================================
#
--Output from testAssignRideToDriverEnglish--
Switching to browser client [default]
Creating to new client [default] of type [class com.grailsrocks.functionaltest.client.BrowserClient]

== Making request POST http://localhost:8080/moovt/login/authenticateUser parameters: ==
== Request headers: ============================================================
Accept-Encoding: gzip, deflate
Content-Type: application/json
Accept: */*
== Content =====================================================================

				{"type":"Self","tenantname":"WorldTaxi","username":"jgoodarm","password":"Welcome!1"}
				
================================================================================
ROLE_DRIVER
ROLE_RIDE_MGR
Interceptor createPage: TopLevelWindow[name=""]
Content of web window [TopLevelWindow[name=""]] changed
== Response was 200 (OK) headers: ==============================================
================================================================================
== Content =====================================================================
{"type":"USER","code":"SUCCESS","message":"Login successful.","JSESSIONID":"1AFF00747350643E0AFF228EED2B44C4","userType":"DRIVER"}
================================================================================
#
== Making request POST http://localhost:8080/moovt/ride/assignRideToDriver parameters: ==
== Request headers: ============================================================
Accept-Encoding: gzip, deflate
Content-Type: application/json
Accept: */*
== Content =====================================================================

				{"id":"1","version":"1"}
				
================================================================================
Interceptor createPage: TopLevelWindow[name=""]
Content of web window [TopLevelWindow[name=""]] changed
== Response was 200 (OK) headers: ==============================================
================================================================================
== Content =====================================================================
{"type":"USER","code":"SUCCESS","message":"Ride 1 updated"}
================================================================================
#
--Output from testRetrievePassengerRidesEnglish--
Switching to browser client [default]
Creating to new client [default] of type [class com.grailsrocks.functionaltest.client.BrowserClient]

== Making request POST http://localhost:8080/moovt/login/authenticateUser parameters: ==
== Request headers: ============================================================
Accept-Encoding: gzip, deflate
Content-Type: application/json
Accept: */*
== Content =====================================================================

				{"type":"Self","tenantname":"WorldTaxi","username":"jgoodrider","password":"Welcome!1"}
				
================================================================================
ROLE_PASSENGER
ROLE_RIDE_MGR
Interceptor createPage: TopLevelWindow[name=""]
Content of web window [TopLevelWindow[name=""]] changed
== Response was 200 (OK) headers: ==============================================
================================================================================
== Content =====================================================================
{"type":"USER","code":"SUCCESS","message":"Login successful.","JSESSIONID":"4E74ACF625AC3EE9B46560149F419BF2","userType":"PASSENGER"}
================================================================================
#
== Making request POST http://localhost:8080/moovt/ride/retrievePassengerRides parameters: ==
== Request headers: ============================================================
Accept-Encoding: gzip, deflate
Content-Type: application/json
Accept: */*
== Content =====================================================================

				{}
				
================================================================================
Interceptor createPage: TopLevelWindow[name=""]
Content of web window [TopLevelWindow[name=""]] changed
== Response was 200 (OK) headers: ==============================================
================================================================================
== Content =====================================================================
{"rides":[{"id":2,"version":1,"rideStatus":"UNASSIGNED","driver":null,"passenger":{"id":5},"pickupDateTime":"2013-03-13 20:10","pickUpAddress":{"locationName":"Wheaton","politicalName":"Illinois, United States","latitude":41.8661403,"longitude":-88.1070127,"locationType":"APPROXIMATE"},"dropOffAddress":{"locationName":"Naperville","politicalName":"Illinois, United States","latitude":41.7858629,"longitude":-88.1472893,"locationType":"APPROXIMATE"},"rating":null,"comments":null},{"id":3,"version":0,"rideStatus":"UNASSIGNED","driver":null,"passenger":{"id":5},"pickupDateTime":"2013-03-13 20:10","pickUpAddress":{"locationName":"Contagem","politicalName":"Minas Gerais, Brazil","latitude":-19.9385599,"longitude":-44.0529377,"locationType":"APPROXIMATE"},"dropOffAddress":{"locationName":"Naperville","politicalName":"Illinois, United States","latitude":41.7858629,"longitude":-88.1472893,"locationType":"APPROXIMATE"},"rating":null,"comments":null},{"id":4,"version":0,"rideStatus":"UNASSIGNED","driver":null,"passenger":{"id":5},"pickupDateTime":"2013-03-15 06:30","pickUpAddress":{"locationName":"Rua PickUp Major Lopes, 55","politicalName":"Belo Horizonte, MG, BR","latitude":-19.9413628,"longitude":-43.9373064,"locationType":"RANGE_INTERPOLATED"},"dropOffAddress":{"locationName":"Rua DropOff Major Lopes, 55","politicalName":"Belo Horizonte, MG, BR","latitude":-19.9413628,"longitude":-43.9373064,"locationType":"RANGE_INTERPOLATED"},"rating":null,"comments":null},{"id":1,"version":2,"rideStatus":"ASSIGNED","driver":{"id":6,"servedLocation":{"locationName":"Naperville","politicalName":"Illinois, United States","latitude":41.7858629,"longitude":-88.1472893,"locationType":"APPROXIMATE"},"carType":{"code":"VAN","description":"Van"},"activeStatus":{"code":"ENABLED","description":"Enabled"}},"passenger":{"id":5},"pickupDateTime":"2013-03-13 20:10","pickUpAddress":{"locationName":"Naperville","politicalName":"Illinois, United States","latitude":41.7858629,"longitude":-88.1472893,"locationType":"APPROXIMATE"},"dropOffAddress":{"locationName":"Naperville","politicalName":"Illinois, United States","latitude":41.7858629,"longitude":-88.1472893,"locationType":"APPROXIMATE"},"rating":null,"comments":null}]}
================================================================================
#
--Output from testRetrieveUnassignedRideInServedAreaEnglish--
Switching to browser client [default]
Creating to new client [default] of type [class com.grailsrocks.functionaltest.client.BrowserClient]

== Making request POST http://localhost:8080/moovt/login/authenticateUser parameters: ==
== Request headers: ============================================================
Accept-Encoding: gzip, deflate
Content-Type: application/json
Accept: */*
== Content =====================================================================

				{"type":"Self","tenantname":"WorldTaxi","username":"jgoodarm","password":"Welcome!1"}
				
================================================================================
ROLE_DRIVER
ROLE_RIDE_MGR
Interceptor createPage: TopLevelWindow[name=""]
Content of web window [TopLevelWindow[name=""]] changed
== Response was 200 (OK) headers: ==============================================
================================================================================
== Content =====================================================================
{"type":"USER","code":"SUCCESS","message":"Login successful.","JSESSIONID":"6B2D908E112CF8EF08914BD60D1FF737","userType":"DRIVER"}
================================================================================
#
== Making request POST http://localhost:8080/moovt/ride/retrieveUnassignedRideInServedArea parameters: ==
== Request headers: ============================================================
Accept-Encoding: gzip, deflate
Content-Type: application/json
Accept: */*
== Content =====================================================================

				{}
				
================================================================================
Interceptor createPage: TopLevelWindow[name=""]
Content of web window [TopLevelWindow[name=""]] changed
== Response was 200 (OK) headers: ==============================================
================================================================================
== Content =====================================================================
{"rides":[{"id":2,"version":1,"rideStatus":"UNASSIGNED","driver":null,"passenger":{"id":5},"pickupDateTime":"2013-03-13 20:10","pickUpAddress":{"locationName":"Wheaton","politicalName":"Illinois, United States","latitude":41.8661403,"longitude":-88.1070127,"locationType":"APPROXIMATE"},"dropOffAddress":{"locationName":"Naperville","politicalName":"Illinois, United States","latitude":41.7858629,"longitude":-88.1472893,"locationType":"APPROXIMATE"},"rating":null,"comments":null}]}
================================================================================
#
]]></system-out>

      <system-err><![CDATA[--Output from testCreateRideENglish--
--Output from testRetrieveAllRidesEnglish--
--Output from testAssignRideToDriverEnglish--
--Output from testRetrievePassengerRidesEnglish--
--Output from testRetrieveUnassignedRideInServedAreaEnglish--
]]></system-err>

  </testsuite>
  <testsuite errors="0" failures="0" hostname="MNEGONCALVES" id="3" name="UserFunctionalTests" package="com.moovt" tests="21" time="2.702" timestamp="2013-05-04T17:04:25">
      <properties />

      <testcase classname="com.moovt.UserFunctionalTests" name="testUpdateUserDriverEnglish" time="0.236" />

      <testcase classname="com.moovt.UserFunctionalTests" name="testCreateUserDriverEnglish" time="0.171" />

      <testcase classname="com.moovt.UserFunctionalTests" name="testCreateUserNoEmailEnglish" time="0.111" />

      <testcase classname="com.moovt.UserFunctionalTests" name="testCreateUserSuccessEnglish" time="0.124" />

      <testcase classname="com.moovt.UserFunctionalTests" name="testCreateUserBadMessage" time="0.046" />

      <testcase classname="com.moovt.UserFunctionalTests" name="testRetrieveAllUsersrEnglish" time="0.291" />

      <testcase classname="com.moovt.UserFunctionalTests" name="testCreateUserNoUserNameEnglish" time="0.139" />

      <testcase classname="com.moovt.UserFunctionalTests" name="testCreateUserSuccessPortuquese" time="0.125" />

      <testcase classname="com.moovt.UserFunctionalTests" name="testCreateUserNoUserNamePortuguese" time="0.085" />

      <testcase classname="com.moovt.UserFunctionalTests" name="testCreateUserBadTenantEnglish" time="0.055" />

      <testcase classname="com.moovt.UserFunctionalTests" name="testCreateUserNoPasswordEnglish" time="0.071" />

      <testcase classname="com.moovt.UserFunctionalTests" name="testCreateUserNoPasswordPortuguese" time="0.055" />

      <testcase classname="com.moovt.UserFunctionalTests" name="testCreateUserNoEmailPortuguese" time="0.117" />

      <testcase classname="com.moovt.UserFunctionalTests" name="testCreateUserDuplicateUsernameEnglish" time="0.059" />

      <testcase classname="com.moovt.UserFunctionalTests" name="testCreateUserDuplicateUsernamePortuguese" time="0.087" />

      <testcase classname="com.moovt.UserFunctionalTests" name="testCreateUserDuplicateEmailEnglish" time="0.092" />

      <testcase classname="com.moovt.UserFunctionalTests" name="testCreateUserDuplicateEmailPortuguese" time="0.116" />

      <testcase classname="com.moovt.UserFunctionalTests" name="testCreateUserPassengerEnglish" time="0.24" />

      <testcase classname="com.moovt.UserFunctionalTests" name="testUpdateUserPassengerEnglish" time="0.187" />

      <testcase classname="com.moovt.UserFunctionalTests" name="testRetrieveUserDetailByIdEnglish" time="0.145" />

      <testcase classname="com.moovt.UserFunctionalTests" name="testRetrieveLoggedUserDetailsIdEnglish" time="0.123" />

      <system-out><![CDATA[--Output from testUpdateUserDriverEnglish--
Switching to browser client [default]
Creating to new client [default] of type [class com.grailsrocks.functionaltest.client.BrowserClient]

== Making request POST http://localhost:8080/moovt/login/authenticateUser parameters: ==
== Request headers: ============================================================
Accept-Encoding: gzip, deflate
Content-Type: application/json
Accept: */*
== Content =====================================================================

				{"type":"Self","tenantname":"WorldTaxi","username":"jgoodarm","password":"Welcome!1",locale:"pt_BR"}
				
================================================================================
ROLE_DRIVER
ROLE_RIDE_MGR
Interceptor createPage: TopLevelWindow[name=""]
Content of web window [TopLevelWindow[name=""]] changed
== Response was 200 (OK) headers: ==============================================
================================================================================
== Content =====================================================================
{"type":"USER","code":"SUCCESS","message":"Login successful.","JSESSIONID":"2618D013E7A54BF340F7B6C524E1ABD6","userType":"DRIVER"}
================================================================================
#
== Making request POST http://localhost:8080/moovt/user/updateLoggedUser parameters: ==
== Request headers: ============================================================
Accept-Encoding: gzip, deflate
Content-Type: application/json
Accept: */*
== Content =====================================================================

				{"version":"4","firstName":"John","lastName":"VeryGoodarm","username":"jverygoodarm","password":"Welcome!1","phone":"773-329-1784","email":"jgoodarxm@worldtaxi.com","locale":"en-US","driver":{"carType":"SEDAN","servedLocation":{"locationName":"Rua Major Lopes, 55","politicalName":"Belo Horizonte, MG, BR","latitude":-19.9413628,"longitude":-43.9373064,"locationType":"RANGE_INTERPOLATED"},"activeStatus":"ENABLED"}}
				
================================================================================
Interceptor createPage: TopLevelWindow[name=""]
Content of web window [TopLevelWindow[name=""]] changed
== Response was 200 (OK) headers: ==============================================
================================================================================
== Content =====================================================================
{"type":"USER","code":"SUCCESS","message":"User jverygoodarm updated"}
================================================================================
#
--Output from testCreateUserDriverEnglish--
Switching to browser client [default]
Creating to new client [default] of type [class com.grailsrocks.functionaltest.client.BrowserClient]

== Making request POST http://localhost:8080/moovt/user/createUser parameters: ==
== Request headers: ============================================================
Accept-Language: en-US
Accept-Encoding: gzip, deflate
Content-Type: application/json
Accept: */*
== Content =====================================================================

				{"tenantname":"WorldTaxi","firstName":"David","lastName":"Ultrafast","username":"dultrafast","password":"Welcome!1","phone":"773-329-1784","email":"dultrafast@worldtaxi.com","locale":"en-US","driver":{"carType":"SEDAN","servedLocation":{"locationName":"Rua Major Lopes, 55","politicalName":"Belo Horizonte, MG, BR","latitude":-19.9413628,"longitude":-43.9373064,"locationType":"RANGE_INTERPOLATED"},"activeStatus":"ENABLED"}}
				
================================================================================
Interceptor createPage: TopLevelWindow[name=""]
Content of web window [TopLevelWindow[name=""]] changed
== Response was 200 (OK) headers: ==============================================
================================================================================
== Content =====================================================================
{"type":"USER","code":"SUCCESS","message":"User dultrafast created","JSESSIONID":"9A85756C12849A86EE73338A8777A765"}
================================================================================
#
--Output from testCreateUserNoEmailEnglish--
Switching to browser client [default]
Creating to new client [default] of type [class com.grailsrocks.functionaltest.client.BrowserClient]

== Making request POST http://localhost:8080/moovt/user/createUser parameters: ==
== Request headers: ============================================================
Accept-Language: en-US
Accept-Encoding: gzip, deflate
Content-Type: application/json
Accept: */*
== Content =====================================================================

				{"tenantname": "naSavassi","email":"", "username": "movieFan", "password":"Welcome!1", "firstName":"TestFirstName", lastName: "TestLastName","phone":"800-800-8080", "locale": "en_US"}
				
================================================================================
Errors are Field error in object 'com.moovt.common.User' on field 'email': rejected value []; codes [com.moovt.common.User.email.blank.error.com.moovt.common.User.email,com.moovt.common.User.email.blank.error.email,com.moovt.common.User.email.blank.error.java.lang.String,com.moovt.common.User.email.blank.error,user.email.blank.error.com.moovt.common.User.email,user.email.blank.error.email,user.email.blank.error.java.lang.String,user.email.blank.error,com.moovt.common.User.email.blank.com.moovt.common.User.email,com.moovt.common.User.email.blank.email,com.moovt.common.User.email.blank.java.lang.String,com.moovt.common.User.email.blank,user.email.blank.com.moovt.common.User.email,user.email.blank.email,user.email.blank.java.lang.String,user.email.blank,blank.com.moovt.common.User.email,blank.email,blank.java.lang.String,blank]; arguments [email,class com.moovt.common.User]; default message [Property [{0}] of class [{1}] cannot be blank]
Interceptor createPage: TopLevelWindow[name=""]
Content of web window [TopLevelWindow[name=""]] changed
== Response was 200 (OK) headers: ==============================================
================================================================================
== Content =====================================================================
{"type":"USER","code":"ERROR","message":"The email must be provided."}
================================================================================
#
--Output from testCreateUserSuccessEnglish--
Switching to browser client [default]
Creating to new client [default] of type [class com.grailsrocks.functionaltest.client.BrowserClient]

== Making request POST http://localhost:8080/moovt/user/createUser parameters: ==
== Request headers: ============================================================
Accept-Language: en-US
Accept-Encoding: gzip, deflate
Content-Type: application/json
Accept: */*
== Content =====================================================================

				{"tenantname": "naSavassi", "email":"movieGoer@test.com", "username": "moovieGoer", "password":"moovieGoer", "firstName":"TestFirstName", lastName: "TestLastName","phone":"800-800-8080", "locale": "en_US"}
				
================================================================================
Interceptor createPage: TopLevelWindow[name=""]
Content of web window [TopLevelWindow[name=""]] changed
== Response was 200 (OK) headers: ==============================================
================================================================================
== Content =====================================================================
{"type":"USER","code":"SUCCESS","message":"User moovieGoer created","JSESSIONID":"17E0244959343D308ECDE45051C7CCE4"}
================================================================================
#
--Output from testCreateUserBadMessage--
Switching to browser client [default]
Creating to new client [default] of type [class com.grailsrocks.functionaltest.client.BrowserClient]

== Making request POST http://localhost:8080/moovt/user/createUser parameters: ==
== Request headers: ============================================================
Accept-Encoding: gzip, deflate
Content-Type: application/json
Accept: */*
== Content =====================================================================

================================================================================
Interceptor createPage: TopLevelWindow[name=""]
Content of web window [TopLevelWindow[name=""]] changed
== Response was 200 (OK) headers: ==============================================
================================================================================
== Content =====================================================================
{"type":"SYSTEM","code":"ERROR","message":"A JSONObject text must begin with '{' at character 0 of "}
================================================================================
#
--Output from testRetrieveAllUsersrEnglish--
Switching to browser client [default]
Creating to new client [default] of type [class com.grailsrocks.functionaltest.client.BrowserClient]

== Making request POST http://localhost:8080/moovt/login/authenticateUser parameters: ==
== Request headers: ============================================================
Accept-Encoding: gzip, deflate
Content-Type: application/json
Accept: */*
== Content =====================================================================

				{"type":"Self","tenantname": "WorldTaxi", "username": "admin", "password":"admin","locale":"en_US"}
				
================================================================================
ROLE_ADMIN
Interceptor createPage: TopLevelWindow[name=""]
Content of web window [TopLevelWindow[name=""]] changed
== Response was 200 (OK) headers: ==============================================
================================================================================
== Content =====================================================================
{"type":"USER","code":"SUCCESS","message":"Login successful.","JSESSIONID":"56644EBF5AB04E85D1ECB68DA0FC6790","userType":"NO_TYPE"}
================================================================================
#
== Making request POST http://localhost:8080/moovt/user/retrieveAllUsers parameters: ==
== Request headers: ============================================================
Accept-Encoding: gzip, deflate
Content-Type: application/json
Accept: */*
== Content =====================================================================

				{}
				
================================================================================
Interceptor createPage: TopLevelWindow[name=""]
Content of web window [TopLevelWindow[name=""]] changed
== Response was 200 (OK) headers: ==============================================
================================================================================
== Content =====================================================================
{"users":[{"id":6,"version":2,"username":"jverygoodarm","firstName":"John","lastName":"VeryGoodarm","phone":"773-329-1784","email":"jgoodarxm@worldtaxi.com","driver":{"id":6,"servedLocation":{"locationName":"Rua Major Lopes, 55","politicalName":"Belo Horizonte, MG, BR","latitude":-19.9413628,"longitude":-43.9373064,"locationType":"RANGE_INTERPOLATED"},"carType":{"code":"SEDAN","description":"Sedan"},"activeStatus":{"code":"ENABLED","description":"Enabled"}}},{"id":15,"version":3,"username":"dultrafast","firstName":"David","lastName":"Ultrafast","phone":"773-329-1784","email":"dultrafast@worldtaxi.com","driver":{"id":15,"servedLocation":{"locationName":"Rua Major Lopes, 55","politicalName":"Belo Horizonte, MG, BR","latitude":-19.9413628,"longitude":-43.9373064,"locationType":"RANGE_INTERPOLATED"},"carType":{"code":"SEDAN","description":"Sedan"},"activeStatus":{"code":"ENABLED","description":"Enabled"}}},{"id":4,"version":1,"username":"admin","firstName":"Admin","lastName":"Admin","phone":"800-800-8080","email":"admin@worldtaxi.com"},{"id":5,"version":1,"username":"jgoodrider","firstName":"John","lastName":"Goodrider","phone":"800-800-8080","email":"jgoodrider@worldtaxi.com","passenger":{"id":5}},{"id":7,"version":1,"username":"napervilleCityDriverUser","firstName":"napervilleCityDriverUser","lastName":"Goodarm","phone":"800-800-2020","email":"napervilleCityDriverUser@worldtaxi.com","driver":{"id":7,"servedLocation":{"locationName":"Rua Major Lopes, 55","politicalName":"Belo Horizonte, MG, BR","latitude":-19.9413628,"longitude":-43.9373064,"locationType":"RANGE_INTERPOLATED"},"carType":{"code":"VAN","description":"Van"},"activeStatus":{"code":"ENABLED","description":"Enabled"}}},{"id":8,"version":1,"username":"wheatonCityDriverUser","firstName":"wheatonCityDriverUser","lastName":"Goodarm","phone":"800-800-2020","email":"wheatonCityDriverUser@worldtaxi.com","driver":{"id":8,"servedLocation":{"locationName":"Wheaton","politicalName":"Illinois, United States","latitude":41.8661403,"longitude":-88.1070127,"locationType":"APPROXIMATE"},"carType":{"code":"VAN","description":"Van"},"activeStatus":{"code":"ENABLED","description":"Enabled"}}},{"id":9,"version":1,"username":"auroraCityDriverUser","firstName":"auroraCityDriverUser","lastName":"Goodarm","phone":"800-800-2020","email":"auroraCityDriverUser@worldtaxi.com","driver":{"id":9,"servedLocation":{"locationName":"Aurora","politicalName":"Illinois, United States","latitude":41.7605849,"longitude":-88.32007150000001,"locationType":"APPROXIMATE"},"carType":{"code":"VAN","description":"Van"},"activeStatus":{"code":"ENABLED","description":"Enabled"}}},{"id":10,"version":0,"username":"plainfieldCityDriverUser","firstName":"plainfieldCityDriverUser","lastName":"Goodarm","phone":"800-800-2020","email":"plainfieldCityDriverUser@worldtaxi.com","driver":{"id":10,"servedLocation":{"locationName":"Plainfield","politicalName":"Illinois, United States","latitude":41.632223,"longitude":-88.2120315,"locationType":"APPROXIMATE"},"carType":{"code":"VAN","description":"Van"},"activeStatus":{"code":"ENABLED","description":"Enabled"}}},{"id":11,"version":1,"username":"detroitCityDriverUser","firstName":"detroitCityDriverUser","lastName":"Goodarm","phone":"800-800-2020","email":"detroitCityDriverUser@worldtaxi.com","driver":{"id":11,"servedLocation":{"locationName":"Detroit","politicalName":"Michigan, United States","latitude":42.331427,"longitude":-83.0457538,"locationType":"APPROXIMATE"},"carType":{"code":"VAN","description":"Van"},"activeStatus":{"code":"ENABLED","description":"Enabled"}}},{"id":12,"version":1,"username":"contagemCityDriverUser","firstName":"contagemCityDriverUser","lastName":"Goodarm","phone":"800-800-2020","email":"contagemCityDriverUser@worldtaxi.com","driver":{"id":12,"servedLocation":{"locationName":"Contagem","politicalName":"Minas Gerais, Brazil","latitude":-19.9385599,"longitude":-44.0529377,"locationType":"APPROXIMATE"},"carType":{"code":"VAN","description":"Van"},"activeStatus":{"code":"ENABLED","description":"Enabled"}}},{"id":13,"version":0,"username":"vespasianoCityDriverUser","firstName":"vespasianoCityDriverUser","lastName":"Goodarm","phone":"800-800-2020","email":"vespasianoCityDriverUser@worldtaxi.com","driver":{"id":13,"servedLocation":{"locationName":"Vespasiano","politicalName":"Minas Gerais, Brazil","latitude":-19.6933911,"longitude":-43.913722,"locationType":"APPROXIMATE"},"carType":{"code":"VAN","description":"Van"},"activeStatus":{"code":"ENABLED","description":"Enabled"}}},{"id":14,"version":1,"username":"carmoDoCajuruCityDriverUser","firstName":"carmoDoCajuruCityDriverUser","lastName":"Goodarm","phone":"800-800-2020","email":"carmoDoCajuruCityDriverUser@worldtaxi.com","driver":{"id":14,"servedLocation":{"locationName":"Carmo do Cajuru","politicalName":"Minas Gerais, Brazil","latitude":-20.1870332,"longitude":-44.7731276,"locationType":"APPROXIMATE"},"carType":{"code":"VAN","description":"Van"},"activeStatus":{"code":"ENABLED","description":"Enabled"}}}]}
================================================================================
#
--Output from testCreateUserNoUserNameEnglish--
Switching to browser client [default]
Creating to new client [default] of type [class com.grailsrocks.functionaltest.client.BrowserClient]

== Making request POST http://localhost:8080/moovt/user/createUser parameters: ==
== Request headers: ============================================================
Accept-Language: en-US
Accept-Encoding: gzip, deflate
Content-Type: application/json
Accept: */*
== Content =====================================================================

				{"tenantname": "naSavassi", "email":"noUserName@test.com", "username": "", "password":"moovieGoer", "firstName":"TestFirstName", lastName: "TestLastName","phone":"800-800-8080", "locale": "en_US"}
				
================================================================================
Errors are Field error in object 'com.moovt.common.User' on field 'username': rejected value []; codes [com.moovt.common.User.username.blank.error.com.moovt.common.User.username,com.moovt.common.User.username.blank.error.username,com.moovt.common.User.username.blank.error.java.lang.String,com.moovt.common.User.username.blank.error,user.username.blank.error.com.moovt.common.User.username,user.username.blank.error.username,user.username.blank.error.java.lang.String,user.username.blank.error,com.moovt.common.User.username.blank.com.moovt.common.User.username,com.moovt.common.User.username.blank.username,com.moovt.common.User.username.blank.java.lang.String,com.moovt.common.User.username.blank,user.username.blank.com.moovt.common.User.username,user.username.blank.username,user.username.blank.java.lang.String,user.username.blank,blank.com.moovt.common.User.username,blank.username,blank.java.lang.String,blank]; arguments [username,class com.moovt.common.User]; default message [Property [{0}] of class [{1}] cannot be blank]
Interceptor createPage: TopLevelWindow[name=""]
Content of web window [TopLevelWindow[name=""]] changed
== Response was 200 (OK) headers: ==============================================
================================================================================
== Content =====================================================================
{"type":"USER","code":"ERROR","message":"The user name must be provided."}
================================================================================
#
--Output from testCreateUserSuccessPortuquese--
Switching to browser client [default]
Creating to new client [default] of type [class com.grailsrocks.functionaltest.client.BrowserClient]

== Making request POST http://localhost:8080/moovt/user/createUser parameters: ==
== Request headers: ============================================================
Accept-Language: pt-BR
Accept-Encoding: gzip, deflate
Content-Type: application/json
Accept: */*
== Content =====================================================================

				{"tenantname": "naSavassi", "email":"movieLover@test.com", "username": "moovieLover", "password":"moovieLover", "firstName":"TestFirstName", lastName: "TestLastName","phone":"800-800-8080", "locale": "pt_BR"}
				
================================================================================
Interceptor createPage: TopLevelWindow[name=""]
Content of web window [TopLevelWindow[name=""]] changed
== Response was 200 (OK) headers: ==============================================
================================================================================
== Content =====================================================================
{"type":"USER","code":"SUCCESS","message":"Usuário moovieLover criado","JSESSIONID":"04E91C3F4C3B0C1F3307AFBD54957208"}
================================================================================
#
--Output from testCreateUserNoUserNamePortuguese--
Switching to browser client [default]
Creating to new client [default] of type [class com.grailsrocks.functionaltest.client.BrowserClient]

== Making request POST http://localhost:8080/moovt/user/createUser parameters: ==
== Request headers: ============================================================
Accept-Language: pt-BR
Accept-Encoding: gzip, deflate
Content-Type: application/json
Accept: */*
== Content =====================================================================

				{"tenantname": "naSavassi", "email":"noUserName@test.com", "username": "", "password":"moovieGoer", "firstName":"TestFirstName", lastName: "TestLastName","phone":"800-800-8080", "locale": "pt_BR"}
				
================================================================================
Errors are Field error in object 'com.moovt.common.User' on field 'username': rejected value []; codes [com.moovt.common.User.username.blank.error.com.moovt.common.User.username,com.moovt.common.User.username.blank.error.username,com.moovt.common.User.username.blank.error.java.lang.String,com.moovt.common.User.username.blank.error,user.username.blank.error.com.moovt.common.User.username,user.username.blank.error.username,user.username.blank.error.java.lang.String,user.username.blank.error,com.moovt.common.User.username.blank.com.moovt.common.User.username,com.moovt.common.User.username.blank.username,com.moovt.common.User.username.blank.java.lang.String,com.moovt.common.User.username.blank,user.username.blank.com.moovt.common.User.username,user.username.blank.username,user.username.blank.java.lang.String,user.username.blank,blank.com.moovt.common.User.username,blank.username,blank.java.lang.String,blank]; arguments [username,class com.moovt.common.User]; default message [O campo [{0}] da classe [{1}] não pode ficar em branco]
Interceptor createPage: TopLevelWindow[name=""]
Content of web window [TopLevelWindow[name=""]] changed
== Response was 200 (OK) headers: ==============================================
================================================================================
== Content =====================================================================
{"type":"USER","code":"ERROR","message":"O nome do usuário deve ser preenchido."}
================================================================================
#
--Output from testCreateUserBadTenantEnglish--
Switching to browser client [default]
Creating to new client [default] of type [class com.grailsrocks.functionaltest.client.BrowserClient]

== Making request POST http://localhost:8080/moovt/user/createUser parameters: ==
== Request headers: ============================================================
Accept-Language: en-US
Accept-Encoding: gzip, deflate
Content-Type: application/json
Accept: */*
== Content =====================================================================

				{"tenantname": "TheBadTenant", "email":"movieGoer@test.com","username": "moovieGoer", "password":"moovieGoer", "firstName":"TestFirstName", lastName: "TestLastName","phone":"800-800-8080"}
				
================================================================================
Interceptor createPage: TopLevelWindow[name=""]
Content of web window [TopLevelWindow[name=""]] changed
== Response was 200 (OK) headers: ==============================================
================================================================================
== Content =====================================================================
{"type":"SYSTEM","code":"ERROR","message":"This tenant (TheBadTenant) does not exist. Please use an existing tenant to create this user."}
================================================================================
#
--Output from testCreateUserNoPasswordEnglish--
Switching to browser client [default]
Creating to new client [default] of type [class com.grailsrocks.functionaltest.client.BrowserClient]

== Making request POST http://localhost:8080/moovt/user/createUser parameters: ==
== Request headers: ============================================================
Accept-Language: en-US
Accept-Encoding: gzip, deflate
Content-Type: application/json
Accept: */*
== Content =====================================================================

				{"tenantname": "naSavassi", "email":"noPasswordUser@test.com", "username": "movieFan", "password":"", "firstName":"TestFirstName", lastName: "TestLastName","phone":"800-800-8080", "locale": "en_US"}
				
================================================================================
Errors are Field error in object 'com.moovt.common.User' on field 'password': rejected value []; codes [com.moovt.common.User.password.blank.error.com.moovt.common.User.password,com.moovt.common.User.password.blank.error.password,com.moovt.common.User.password.blank.error.java.lang.String,com.moovt.common.User.password.blank.error,user.password.blank.error.com.moovt.common.User.password,user.password.blank.error.password,user.password.blank.error.java.lang.String,user.password.blank.error,com.moovt.common.User.password.blank.com.moovt.common.User.password,com.moovt.common.User.password.blank.password,com.moovt.common.User.password.blank.java.lang.String,com.moovt.common.User.password.blank,user.password.blank.com.moovt.common.User.password,user.password.blank.password,user.password.blank.java.lang.String,user.password.blank,blank.com.moovt.common.User.password,blank.password,blank.java.lang.String,blank]; arguments [password,class com.moovt.common.User]; default message [Property [{0}] of class [{1}] cannot be blank]
Interceptor createPage: TopLevelWindow[name=""]
Content of web window [TopLevelWindow[name=""]] changed
== Response was 200 (OK) headers: ==============================================
================================================================================
== Content =====================================================================
{"type":"USER","code":"ERROR","message":"The password must be provided."}
================================================================================
#
--Output from testCreateUserNoPasswordPortuguese--
Switching to browser client [default]
Creating to new client [default] of type [class com.grailsrocks.functionaltest.client.BrowserClient]

== Making request POST http://localhost:8080/moovt/user/createUser parameters: ==
== Request headers: ============================================================
Accept-Language: pt-BR
Accept-Encoding: gzip, deflate
Content-Type: application/json
Accept: */*
== Content =====================================================================

				{"tenantname": "naSavassi", "email":"noPasswordUser@test.com", "username": "movieFan", "password":"", "firstName":"TestFirstName", lastName: "TestLastName","phone":"800-800-8080", "locale": "pt_BR"}
				
================================================================================
Errors are Field error in object 'com.moovt.common.User' on field 'password': rejected value []; codes [com.moovt.common.User.password.blank.error.com.moovt.common.User.password,com.moovt.common.User.password.blank.error.password,com.moovt.common.User.password.blank.error.java.lang.String,com.moovt.common.User.password.blank.error,user.password.blank.error.com.moovt.common.User.password,user.password.blank.error.password,user.password.blank.error.java.lang.String,user.password.blank.error,com.moovt.common.User.password.blank.com.moovt.common.User.password,com.moovt.common.User.password.blank.password,com.moovt.common.User.password.blank.java.lang.String,com.moovt.common.User.password.blank,user.password.blank.com.moovt.common.User.password,user.password.blank.password,user.password.blank.java.lang.String,user.password.blank,blank.com.moovt.common.User.password,blank.password,blank.java.lang.String,blank]; arguments [password,class com.moovt.common.User]; default message [O campo [{0}] da classe [{1}] não pode ficar em branco]
Interceptor createPage: TopLevelWindow[name=""]
Content of web window [TopLevelWindow[name=""]] changed
== Response was 200 (OK) headers: ==============================================
================================================================================
== Content =====================================================================
{"type":"USER","code":"ERROR","message":"A senha deve ser preenchida."}
================================================================================
#
--Output from testCreateUserNoEmailPortuguese--
Switching to browser client [default]
Creating to new client [default] of type [class com.grailsrocks.functionaltest.client.BrowserClient]

== Making request POST http://localhost:8080/moovt/user/createUser parameters: ==
== Request headers: ============================================================
Accept-Language: pt-BR
Accept-Encoding: gzip, deflate
Content-Type: application/json
Accept: */*
== Content =====================================================================

				{"tenantname": "naSavassi","email":"", "username": "movieFan", "password":"Welcome!1", "firstName":"TestFirstName", "lastName": "TestLastName","phone":"800-800-8080", "locale": "pt_BR"}
				
================================================================================
Errors are Field error in object 'com.moovt.common.User' on field 'email': rejected value []; codes [com.moovt.common.User.email.blank.error.com.moovt.common.User.email,com.moovt.common.User.email.blank.error.email,com.moovt.common.User.email.blank.error.java.lang.String,com.moovt.common.User.email.blank.error,user.email.blank.error.com.moovt.common.User.email,user.email.blank.error.email,user.email.blank.error.java.lang.String,user.email.blank.error,com.moovt.common.User.email.blank.com.moovt.common.User.email,com.moovt.common.User.email.blank.email,com.moovt.common.User.email.blank.java.lang.String,com.moovt.common.User.email.blank,user.email.blank.com.moovt.common.User.email,user.email.blank.email,user.email.blank.java.lang.String,user.email.blank,blank.com.moovt.common.User.email,blank.email,blank.java.lang.String,blank]; arguments [email,class com.moovt.common.User]; default message [O campo [{0}] da classe [{1}] não pode ficar em branco]
Interceptor createPage: TopLevelWindow[name=""]
Content of web window [TopLevelWindow[name=""]] changed
== Response was 200 (OK) headers: ==============================================
================================================================================
== Content =====================================================================
{"type":"USER","code":"ERROR","message":"O email deve ser preenchido."}
================================================================================
#
--Output from testCreateUserDuplicateUsernameEnglish--
Switching to browser client [default]
Creating to new client [default] of type [class com.grailsrocks.functionaltest.client.BrowserClient]

== Making request POST http://localhost:8080/moovt/user/createUser parameters: ==
== Request headers: ============================================================
Accept-Language: en-US
Accept-Encoding: gzip, deflate
Content-Type: application/json
Accept: */*
== Content =====================================================================

				{"tenantname": "naSavassi", "email":"duplicateUsernameTestEnglish@test.com", "username": "duplicateUser", "password":"moovieGoer", "firstName":"TestFirstName", lastName: "TestLastName","phone":"800-800-8080", "locale": "en_US"}
				
================================================================================
Errors are Field error in object 'com.moovt.common.User' on field 'username': rejected value [duplicateUser]; codes [com.moovt.common.User.username.unique.error.com.moovt.common.User.username,com.moovt.common.User.username.unique.error.username,com.moovt.common.User.username.unique.error.java.lang.String,com.moovt.common.User.username.unique.error,user.username.unique.error.com.moovt.common.User.username,user.username.unique.error.username,user.username.unique.error.java.lang.String,user.username.unique.error,com.moovt.common.User.username.unique.com.moovt.common.User.username,com.moovt.common.User.username.unique.username,com.moovt.common.User.username.unique.java.lang.String,com.moovt.common.User.username.unique,user.username.unique.com.moovt.common.User.username,user.username.unique.username,user.username.unique.java.lang.String,user.username.unique,unique.com.moovt.common.User.username,unique.username,unique.java.lang.String,unique]; arguments [username,class com.moovt.common.User,duplicateUser]; default message [Property [{0}] of class [{1}] with value [{2}] must be unique]
Interceptor createPage: TopLevelWindow[name=""]
Content of web window [TopLevelWindow[name=""]] changed
== Response was 200 (OK) headers: ==============================================
================================================================================
== Content =====================================================================
{"type":"USER","code":"ERROR","message":"This user (duplicateUser) already exists."}
================================================================================
#
--Output from testCreateUserDuplicateUsernamePortuguese--
Switching to browser client [default]
Creating to new client [default] of type [class com.grailsrocks.functionaltest.client.BrowserClient]

== Making request POST http://localhost:8080/moovt/user/createUser parameters: ==
== Request headers: ============================================================
Accept-Language: pt-BR
Accept-Encoding: gzip, deflate
Content-Type: application/json
Accept: */*
== Content =====================================================================

				{"tenantname": "naSavassi", "email":"duplicateUsernameTestPortuguese@test.com", "username": "duplicateUser", "password":"moovieLover", "firstName":"TestFirstName", lastName: "TestLastName","phone":"800-800-8080", "locale": "pt_BR"}				
				
================================================================================
Errors are Field error in object 'com.moovt.common.User' on field 'username': rejected value [duplicateUser]; codes [com.moovt.common.User.username.unique.error.com.moovt.common.User.username,com.moovt.common.User.username.unique.error.username,com.moovt.common.User.username.unique.error.java.lang.String,com.moovt.common.User.username.unique.error,user.username.unique.error.com.moovt.common.User.username,user.username.unique.error.username,user.username.unique.error.java.lang.String,user.username.unique.error,com.moovt.common.User.username.unique.com.moovt.common.User.username,com.moovt.common.User.username.unique.username,com.moovt.common.User.username.unique.java.lang.String,com.moovt.common.User.username.unique,user.username.unique.com.moovt.common.User.username,user.username.unique.username,user.username.unique.java.lang.String,user.username.unique,unique.com.moovt.common.User.username,unique.username,unique.java.lang.String,unique]; arguments [username,class com.moovt.common.User,duplicateUser]; default message [O campo [{0}] da classe [{1}] com o valor [{2}] deve ser único]
Interceptor createPage: TopLevelWindow[name=""]
Content of web window [TopLevelWindow[name=""]] changed
== Response was 200 (OK) headers: ==============================================
================================================================================
== Content =====================================================================
{"type":"USER","code":"ERROR","message":"Este usuário (duplicateUser) já existe."}
================================================================================
#
--Output from testCreateUserDuplicateEmailEnglish--
Switching to browser client [default]
Creating to new client [default] of type [class com.grailsrocks.functionaltest.client.BrowserClient]

== Making request POST http://localhost:8080/moovt/user/createUser parameters: ==
== Request headers: ============================================================
Accept-Language: en-US
Accept-Encoding: gzip, deflate
Content-Type: application/json
Accept: */*
== Content =====================================================================

				{"tenantname": "naSavassi", "email":"existingEmail@test.com", "username": "userWithSameEmail", "password":"moovieGoer", "firstName":"TestFirstName", lastName: "TestLastName","phone":"800-800-8080", "locale": "en_US"}
				
================================================================================
Errors are Field error in object 'com.moovt.common.User' on field 'email': rejected value [existingEmail@test.com]; codes [com.moovt.common.User.email.unique.error.com.moovt.common.User.email,com.moovt.common.User.email.unique.error.email,com.moovt.common.User.email.unique.error.java.lang.String,com.moovt.common.User.email.unique.error,user.email.unique.error.com.moovt.common.User.email,user.email.unique.error.email,user.email.unique.error.java.lang.String,user.email.unique.error,com.moovt.common.User.email.unique.com.moovt.common.User.email,com.moovt.common.User.email.unique.email,com.moovt.common.User.email.unique.java.lang.String,com.moovt.common.User.email.unique,user.email.unique.com.moovt.common.User.email,user.email.unique.email,user.email.unique.java.lang.String,user.email.unique,unique.com.moovt.common.User.email,unique.email,unique.java.lang.String,unique]; arguments [email,class com.moovt.common.User,existingEmail@test.com]; default message [Property [{0}] of class [{1}] with value [{2}] must be unique]
Interceptor createPage: TopLevelWindow[name=""]
Content of web window [TopLevelWindow[name=""]] changed
== Response was 200 (OK) headers: ==============================================
================================================================================
== Content =====================================================================
{"type":"USER","code":"ERROR","message":"This email (existingEmail@test.com) already exists."}
================================================================================
#
--Output from testCreateUserDuplicateEmailPortuguese--
Switching to browser client [default]
Creating to new client [default] of type [class com.grailsrocks.functionaltest.client.BrowserClient]

== Making request POST http://localhost:8080/moovt/user/createUser parameters: ==
== Request headers: ============================================================
Accept-Language: pt-BR
Accept-Encoding: gzip, deflate
Content-Type: application/json
Accept: */*
== Content =====================================================================

				{"tenantname": "naSavassi", "email":"existingEmail@test.com", "username": "userWithSameEmail", "password":"moovieLover", "firstName":"TestFirstName", lastName: "TestLastName","phone":"800-800-8080", "locale": "pt_BR"}
				
================================================================================
Errors are Field error in object 'com.moovt.common.User' on field 'email': rejected value [existingEmail@test.com]; codes [com.moovt.common.User.email.unique.error.com.moovt.common.User.email,com.moovt.common.User.email.unique.error.email,com.moovt.common.User.email.unique.error.java.lang.String,com.moovt.common.User.email.unique.error,user.email.unique.error.com.moovt.common.User.email,user.email.unique.error.email,user.email.unique.error.java.lang.String,user.email.unique.error,com.moovt.common.User.email.unique.com.moovt.common.User.email,com.moovt.common.User.email.unique.email,com.moovt.common.User.email.unique.java.lang.String,com.moovt.common.User.email.unique,user.email.unique.com.moovt.common.User.email,user.email.unique.email,user.email.unique.java.lang.String,user.email.unique,unique.com.moovt.common.User.email,unique.email,unique.java.lang.String,unique]; arguments [email,class com.moovt.common.User,existingEmail@test.com]; default message [O campo [{0}] da classe [{1}] com o valor [{2}] deve ser único]
Interceptor createPage: TopLevelWindow[name=""]
Content of web window [TopLevelWindow[name=""]] changed
== Response was 200 (OK) headers: ==============================================
================================================================================
== Content =====================================================================
{"type":"USER","code":"ERROR","message":"Este email (existingEmail@test.com) já existe."}
================================================================================
#
--Output from testCreateUserPassengerEnglish--
Switching to browser client [default]
Creating to new client [default] of type [class com.grailsrocks.functionaltest.client.BrowserClient]

== Making request POST http://localhost:8080/moovt/user/createUser parameters: ==
== Request headers: ============================================================
Accept-Encoding: gzip, deflate
Content-Type: application/json
Accept: */*
== Content =====================================================================

				{"tenantname":"WorldTaxi","firstName":"John","lastName":"Airjunkie","username":"jairjunkie","password":"Welcome!1","phone":"773-329-1784","email":"jairjunkie@worldtaxi.com","locale":"en-US","passenger":{}}}
				
================================================================================
Interceptor createPage: TopLevelWindow[name=""]
Content of web window [TopLevelWindow[name=""]] changed
== Response was 200 (OK) headers: ==============================================
================================================================================
== Content =====================================================================
{"type":"USER","code":"SUCCESS","message":"User jairjunkie created","JSESSIONID":"D0D94252438A3903F7459AD261DD9CB8"}
================================================================================
#
--Output from testUpdateUserPassengerEnglish--
Switching to browser client [default]
Creating to new client [default] of type [class com.grailsrocks.functionaltest.client.BrowserClient]

== Making request POST http://localhost:8080/moovt/login/authenticateUser parameters: ==
== Request headers: ============================================================
Accept-Encoding: gzip, deflate
Content-Type: application/json
Accept: */*
== Content =====================================================================

				{"type":"Self","tenantname":"WorldTaxi","username":"jgoodrider","password":"Welcome!1",locale:"pt_BR"}
				
================================================================================
ROLE_PASSENGER
ROLE_RIDE_MGR
Interceptor createPage: TopLevelWindow[name=""]
Content of web window [TopLevelWindow[name=""]] changed
== Response was 200 (OK) headers: ==============================================
================================================================================
== Content =====================================================================
{"type":"USER","code":"SUCCESS","message":"Login successful.","JSESSIONID":"A1E4CA7F8F8D0D46DAB75B445ED49FC0","userType":"PASSENGER"}
================================================================================
#
== Making request POST http://localhost:8080/moovt/user/updateLoggedUser parameters: ==
== Request headers: ============================================================
Accept-Encoding: gzip, deflate
Content-Type: application/json
Accept: */*
== Content =====================================================================

				{"version":"7","firstName":"John","lastName":"DecidedToBeADriver","username":"jgoodrider","password":"Welcome!1","phone":"773-329-1784","email":"jgoodrider@worldtaxi.com","locale":"en-US","driver":{"carType":"SEDAN","servedLocation":{"locationName":"Rua Major Lopes, 55","politicalName":"Belo Horizonte, MG, BR","latitude":-19.9413628,"longitude":-43.9373064,"locationType":"RANGE_INTERPOLATED"},"activeStatus":"ENABLED"}}
				
================================================================================
Interceptor createPage: TopLevelWindow[name=""]
Content of web window [TopLevelWindow[name=""]] changed
== Response was 200 (OK) headers: ==============================================
================================================================================
== Content =====================================================================
{"type":"USER","code":"SUCCESS","message":"User jgoodrider updated"}
================================================================================
#
--Output from testRetrieveUserDetailByIdEnglish--
Switching to browser client [default]
Creating to new client [default] of type [class com.grailsrocks.functionaltest.client.BrowserClient]

== Making request POST http://localhost:8080/moovt/login/authenticateUser parameters: ==
== Request headers: ============================================================
Accept-Encoding: gzip, deflate
Content-Type: application/json
Accept: */*
== Content =====================================================================

				{"type":"Self","tenantname": "WorldTaxi", "username": "admin", "password":"admin","locale":"en_US"}
				
================================================================================
ROLE_ADMIN
Interceptor createPage: TopLevelWindow[name=""]
Content of web window [TopLevelWindow[name=""]] changed
== Response was 200 (OK) headers: ==============================================
================================================================================
== Content =====================================================================
{"type":"USER","code":"SUCCESS","message":"Login successful.","JSESSIONID":"9D032BE77731680E7CD9CD8201A1AA0A","userType":"NO_TYPE"}
================================================================================
#
== Making request POST http://localhost:8080/moovt/user/retrieveUserDetailById parameters: ==
== Request headers: ============================================================
Accept-Encoding: gzip, deflate
Content-Type: application/json
Accept: */*
== Content =====================================================================

				{"id":"6"}
				
================================================================================
Interceptor createPage: TopLevelWindow[name=""]
Content of web window [TopLevelWindow[name=""]] changed
== Response was 200 (OK) headers: ==============================================
================================================================================
== Content =====================================================================
{"user":{"id":6,"version":2,"username":"jverygoodarm","firstName":"John","lastName":"VeryGoodarm","phone":"773-329-1784","email":"jgoodarxm@worldtaxi.com","driver":{"id":6,"servedLocation":{"locationName":"Rua Major Lopes, 55","politicalName":"Belo Horizonte, MG, BR","latitude":-19.9413628,"longitude":-43.9373064,"locationType":"RANGE_INTERPOLATED"},"carType":{"code":"SEDAN","description":"Sedan"},"activeStatus":{"code":"ENABLED","description":"Enabled"}}}}
================================================================================
#
--Output from testRetrieveLoggedUserDetailsIdEnglish--
Switching to browser client [default]
Creating to new client [default] of type [class com.grailsrocks.functionaltest.client.BrowserClient]

== Making request POST http://localhost:8080/moovt/login/authenticateUser parameters: ==
== Request headers: ============================================================
Accept-Encoding: gzip, deflate
Content-Type: application/json
Accept: */*
== Content =====================================================================

				{"type":"Self","tenantname":"WorldTaxi","username":"jgoodrider","password":"Welcome!1",locale:"pt_BR"}
				
================================================================================
ROLE_DRIVER
ROLE_PASSENGER
ROLE_RIDE_MGR
Interceptor createPage: TopLevelWindow[name=""]
Content of web window [TopLevelWindow[name=""]] changed
== Response was 200 (OK) headers: ==============================================
================================================================================
== Content =====================================================================
{"type":"USER","code":"SUCCESS","message":"Login successful.","JSESSIONID":"30DC3D29250DF087E2B39C31384F4D0B","userType":"PASSENGER"}
================================================================================
#
== Making request POST http://localhost:8080/moovt/user/retrieveLoggedUserDetails parameters: ==
== Request headers: ============================================================
Accept-Encoding: gzip, deflate
Content-Type: application/json
Accept: */*
== Content =====================================================================

				{}
				
================================================================================
Interceptor createPage: TopLevelWindow[name=""]
Content of web window [TopLevelWindow[name=""]] changed
== Response was 200 (OK) headers: ==============================================
================================================================================
== Content =====================================================================
{"user":{"id":5,"version":3,"username":"jgoodrider","firstName":"John","lastName":"DecidedToBeADriver","phone":"773-329-1784","email":"jgoodrider@worldtaxi.com","driver":{"id":5,"servedLocation":{"locationName":"Rua Major Lopes, 55","politicalName":"Belo Horizonte, MG, BR","latitude":-19.9413628,"longitude":-43.9373064,"locationType":"RANGE_INTERPOLATED"},"carType":{"code":"SEDAN","description":"Sedan"},"activeStatus":{"code":"ENABLED","description":"Enabled"}},"passenger":{"id":5}}}
================================================================================
#
]]></system-out>

      <system-err><![CDATA[--Output from testUpdateUserDriverEnglish--
--Output from testCreateUserDriverEnglish--
--Output from testCreateUserNoEmailEnglish--
--Output from testCreateUserSuccessEnglish--
--Output from testCreateUserBadMessage--
--Output from testRetrieveAllUsersrEnglish--
--Output from testCreateUserNoUserNameEnglish--
--Output from testCreateUserSuccessPortuquese--
--Output from testCreateUserNoUserNamePortuguese--
--Output from testCreateUserBadTenantEnglish--
--Output from testCreateUserNoPasswordEnglish--
--Output from testCreateUserNoPasswordPortuguese--
--Output from testCreateUserNoEmailPortuguese--
--Output from testCreateUserDuplicateUsernameEnglish--
--Output from testCreateUserDuplicateUsernamePortuguese--
--Output from testCreateUserDuplicateEmailEnglish--
--Output from testCreateUserDuplicateEmailPortuguese--
--Output from testCreateUserPassengerEnglish--
--Output from testUpdateUserPassengerEnglish--
--Output from testRetrieveUserDetailByIdEnglish--
--Output from testRetrieveLoggedUserDetailsIdEnglish--
]]></system-err>

  </testsuite>
</testsuites>
