<?xml version="1.0" encoding="UTF-8" ?>
<testsuites>
  <testsuite errors="0" failures="0" hostname="MNEGONCALVES" id="0" name="LoginFunctionalTests" package="com.moovt" tests="13" time="5.363" timestamp="2013-03-19T05:04:08">
      <properties />

      <testcase classname="com.moovt.LoginFunctionalTests" name="testLoginTenantNotFoundEnglish" time="2.632" />

      <testcase classname="com.moovt.LoginFunctionalTests" name="testLoginTenantNotFoundPortuguese" time="0.122" />

      <testcase classname="com.moovt.LoginFunctionalTests" name="testLoginNoPasswordPortuguese" time="0.152" />

      <testcase classname="com.moovt.LoginFunctionalTests" name="testLoginNoUsernamedPortuguese" time="0.177" />

      <testcase classname="com.moovt.LoginFunctionalTests" name="testLoginNoTenantEnglish" time="0.15" />

      <testcase classname="com.moovt.LoginFunctionalTests" name="testLoginBadMessage" time="0.171" />

      <testcase classname="com.moovt.LoginFunctionalTests" name="testLoginNoTenantPortuguese" time="0.104" />

      <testcase classname="com.moovt.LoginFunctionalTests" name="testLoginNoPasswordEnglish" time="0.251" />

      <testcase classname="com.moovt.LoginFunctionalTests" name="testLoginNoUsernamedEnglish" time="0.147" />

      <testcase classname="com.moovt.LoginFunctionalTests" name="testLoginSuccessPortuguese" time="0.891" />

      <testcase classname="com.moovt.LoginFunctionalTests" name="testLoginSuccessEnglish" time="0.197" />

      <testcase classname="com.moovt.LoginFunctionalTests" name="testLoginFailedEnglish" time="0.172" />

      <testcase classname="com.moovt.LoginFunctionalTests" name="testLoginFailedPortuguese" time="0.127" />

      <system-out><![CDATA[--Output from testLoginTenantNotFoundEnglish--
Switching to browser client [default]
Creating to new client [default] of type [class com.grailsrocks.functionaltest.client.BrowserClient]

== Making request POST http://localhost:8080/moovt/login/authenticateUser parameters: ==
== Request headers: ============================================================
Accept-Language: en-US
Accept-Encoding: gzip, deflate
Content-Type: application/json
Accept: */*
== Content =====================================================================

				{"type":"Self","tenantname": "BadTenant", "username": "admin", "password":"admin","locale":"en_US"}
				
================================================================================
Interceptor createPage: TopLevelWindow[name=""]
Content of web window [TopLevelWindow[name=""]] changed
== Response was 200 (OK) headers: ==============================================
================================================================================
== Content =====================================================================
{"class":"com.moovt.CallResult","code":"ERROR","message":"This company (BadTenant) was not found. Please enter a valid company name.","type":"USER"}
================================================================================
#
--Output from testLoginTenantNotFoundPortuguese--
Switching to browser client [default]
Creating to new client [default] of type [class com.grailsrocks.functionaltest.client.BrowserClient]

== Making request POST http://localhost:8080/moovt/login/authenticateUser parameters: ==
== Request headers: ============================================================
Accept-Language: pt-BR
Accept-Encoding: gzip, deflate
Content-Type: application/json
Accept: */*
== Content =====================================================================

				{"type":"Self","tenantname": "BadTenant", "username": "admin", "password":"admin","locale":"pt_BR"}
				
================================================================================
Interceptor createPage: TopLevelWindow[name=""]
Content of web window [TopLevelWindow[name=""]] changed
== Response was 200 (OK) headers: ==============================================
================================================================================
== Content =====================================================================
{"class":"com.moovt.CallResult","code":"ERROR","message":"Esta companhia (BadTenant) não foi encontrada.","type":"USER"}
================================================================================
#
--Output from testLoginNoPasswordPortuguese--
Switching to browser client [default]
Creating to new client [default] of type [class com.grailsrocks.functionaltest.client.BrowserClient]

== Making request POST http://localhost:8080/moovt/login/authenticateUser parameters: ==
== Request headers: ============================================================
Accept-Language: pt-BR
Accept-Encoding: gzip, deflate
Content-Type: application/json
Accept: */*
== Content =====================================================================

				{"type":"Self","tenantname": "naSavassi", "username": "admin", "password":"","locale":"pt_BR"}
				
================================================================================
Interceptor createPage: TopLevelWindow[name=""]
Content of web window [TopLevelWindow[name=""]] changed
== Response was 200 (OK) headers: ==============================================
================================================================================
== Content =====================================================================
{"class":"com.moovt.CallResult","code":"ERROR","message":"A senha deve ser preenchida.","type":"USER"}
================================================================================
#
--Output from testLoginNoUsernamedPortuguese--
Switching to browser client [default]
Creating to new client [default] of type [class com.grailsrocks.functionaltest.client.BrowserClient]

== Making request POST http://localhost:8080/moovt/login/authenticateUser parameters: ==
== Request headers: ============================================================
Accept-Language: pt-BR
Accept-Encoding: gzip, deflate
Content-Type: application/json
Accept: */*
== Content =====================================================================

				{"type":"Self","tenantname": "naSavassi", "username": "", "password":"admin","locale":"pt_BR"}
				
================================================================================
Interceptor createPage: TopLevelWindow[name=""]
Content of web window [TopLevelWindow[name=""]] changed
== Response was 200 (OK) headers: ==============================================
================================================================================
== Content =====================================================================
{"class":"com.moovt.CallResult","code":"ERROR","message":"O nome do usuário deve ser preenchido.","type":"USER"}
================================================================================
#
--Output from testLoginNoTenantEnglish--
Switching to browser client [default]
Creating to new client [default] of type [class com.grailsrocks.functionaltest.client.BrowserClient]

== Making request POST http://localhost:8080/moovt/login/authenticateUser parameters: ==
== Request headers: ============================================================
Accept-Language: en-US
Accept-Encoding: gzip, deflate
Content-Type: application/json
Accept: */*
== Content =====================================================================

				{"type":"Self","tenantname": "", "username": "admin", "password":"admin","locale":"en_US"}
				
================================================================================
Interceptor createPage: TopLevelWindow[name=""]
Content of web window [TopLevelWindow[name=""]] changed
== Response was 200 (OK) headers: ==============================================
================================================================================
== Content =====================================================================
{"class":"com.moovt.CallResult","code":"ERROR","message":"Authentication failed because no company was provided. Please enter a company.","type":"USER"}
================================================================================
#
--Output from testLoginBadMessage--
Switching to browser client [default]
Creating to new client [default] of type [class com.grailsrocks.functionaltest.client.BrowserClient]

== Making request POST http://localhost:8080/moovt/login/authenticateUser parameters: ==
== Request headers: ============================================================
Accept-Encoding: gzip, deflate
Content-Type: application/json
Accept: */*
== Content =====================================================================

================================================================================
Interceptor createPage: TopLevelWindow[name=""]
Content of web window [TopLevelWindow[name=""]] changed
== Response was 200 (OK) headers: ==============================================
================================================================================
== Content =====================================================================
{"class":"com.moovt.CallResult","code":"ERROR","message":"A JSONObject text must begin with '{' at character 0 of ","type":"SYSTEM"}
================================================================================
#
--Output from testLoginNoTenantPortuguese--
Switching to browser client [default]
Creating to new client [default] of type [class com.grailsrocks.functionaltest.client.BrowserClient]

== Making request POST http://localhost:8080/moovt/login/authenticateUser parameters: ==
== Request headers: ============================================================
Accept-Language: pt-BR
Accept-Encoding: gzip, deflate
Content-Type: application/json
Accept: */*
== Content =====================================================================

				{"type":"Self","tenantname": "", "username": "admin", "password":"admin","locale":"pt_BR"}
				
================================================================================
Interceptor createPage: TopLevelWindow[name=""]
Content of web window [TopLevelWindow[name=""]] changed
== Response was 200 (OK) headers: ==============================================
================================================================================
== Content =====================================================================
{"class":"com.moovt.CallResult","code":"ERROR","message":"A companhia deve ser preenchida.","type":"USER"}
================================================================================
#
--Output from testLoginNoPasswordEnglish--
Switching to browser client [default]
Creating to new client [default] of type [class com.grailsrocks.functionaltest.client.BrowserClient]

== Making request POST http://localhost:8080/moovt/login/authenticateUser parameters: ==
== Request headers: ============================================================
Accept-Language: en-US
Accept-Encoding: gzip, deflate
Content-Type: application/json
Accept: */*
== Content =====================================================================

				{"type":"Self","tenantname": "naSavassi", "username": "admin", "password":"","locale":"en_US"}
				
================================================================================
Interceptor createPage: TopLevelWindow[name=""]
Content of web window [TopLevelWindow[name=""]] changed
== Response was 200 (OK) headers: ==============================================
================================================================================
== Content =====================================================================
{"class":"com.moovt.CallResult","code":"ERROR","message":"Authentication failed because no password was provided. Please enter a password.","type":"USER"}
================================================================================
#
--Output from testLoginNoUsernamedEnglish--
Switching to browser client [default]
Creating to new client [default] of type [class com.grailsrocks.functionaltest.client.BrowserClient]

== Making request POST http://localhost:8080/moovt/login/authenticateUser parameters: ==
== Request headers: ============================================================
Accept-Language: en-US
Accept-Encoding: gzip, deflate
Content-Type: application/json
Accept: */*
== Content =====================================================================

				{"type":"Self","tenantname": "naSavassi", "username": "", "password":"admin","locale":"en_US"}
				
================================================================================
Interceptor createPage: TopLevelWindow[name=""]
Content of web window [TopLevelWindow[name=""]] changed
== Response was 200 (OK) headers: ==============================================
================================================================================
== Content =====================================================================
{"class":"com.moovt.CallResult","code":"ERROR","message":"Authentication failed because no username was provided. Please enter a username.","type":"USER"}
================================================================================
#
--Output from testLoginSuccessPortuguese--
Switching to browser client [default]
Creating to new client [default] of type [class com.grailsrocks.functionaltest.client.BrowserClient]

== Making request POST http://localhost:8080/moovt/login/authenticateUser parameters: ==
== Request headers: ============================================================
Accept-Language: pt-BR
Accept-Encoding: gzip, deflate
Content-Type: application/json
Accept: */*
== Content =====================================================================

				{"type":"Self","tenantname": "naSavassi", "username": "admin", "password":"admin","locale":"pt_BR"}
				
================================================================================
Interceptor createPage: TopLevelWindow[name=""]
Content of web window [TopLevelWindow[name=""]] changed
== Response was 200 (OK) headers: ==============================================
================================================================================
== Content =====================================================================
{"type":"USER","code":"SUCCESS","message":"Login bem sucedido.","JSESSIONID":"0696C31B499F07B5F421CD3730A3394A"}
================================================================================
#
--Output from testLoginSuccessEnglish--
Switching to browser client [default]
Creating to new client [default] of type [class com.grailsrocks.functionaltest.client.BrowserClient]

== Making request POST http://localhost:8080/moovt/login/authenticateUser parameters: ==
== Request headers: ============================================================
Accept-Language: en-US
Accept-Encoding: gzip, deflate
Content-Type: application/json
Accept: */*
== Content =====================================================================

				{"type":"Self","tenantname": "naSavassi", "username": "admin", "password":"admin","locale":"en_US"}
				
================================================================================
Interceptor createPage: TopLevelWindow[name=""]
Content of web window [TopLevelWindow[name=""]] changed
== Response was 200 (OK) headers: ==============================================
================================================================================
== Content =====================================================================
{"type":"USER","code":"SUCCESS","message":"Login successful.","JSESSIONID":"170D1AAF1208457F7E0C083A804457FD"}
================================================================================
#
--Output from testLoginFailedEnglish--
Switching to browser client [default]
Creating to new client [default] of type [class com.grailsrocks.functionaltest.client.BrowserClient]

== Making request POST http://localhost:8080/moovt/login/authenticateUser parameters: ==
== Request headers: ============================================================
Accept-Language: en-US
Accept-Encoding: gzip, deflate
Content-Type: application/json
Accept: */*
== Content =====================================================================

				{"type":"Self","tenantname": "naSavassi", "username": "admin", "password":"badPw","locale":"en_US"}
				
================================================================================
Interceptor createPage: TopLevelWindow[name=""]
Content of web window [TopLevelWindow[name=""]] changed
== Response was 200 (OK) headers: ==============================================
================================================================================
== Content =====================================================================
{"class":"com.moovt.CallResult","code":"ERROR","message":"User name and or password is invalid. Please try again.","type":"USER"}
================================================================================
#
--Output from testLoginFailedPortuguese--
Switching to browser client [default]
Creating to new client [default] of type [class com.grailsrocks.functionaltest.client.BrowserClient]

== Making request POST http://localhost:8080/moovt/login/authenticateUser parameters: ==
== Request headers: ============================================================
Accept-Language: pt-BR
Accept-Encoding: gzip, deflate
Content-Type: application/json
Accept: */*
== Content =====================================================================

				{"type":"Self","tenantname": "naSavassi", "username": "admin", "password":"badPw","locale":"pt_BR"}
				
================================================================================
Interceptor createPage: TopLevelWindow[name=""]
Content of web window [TopLevelWindow[name=""]] changed
== Response was 200 (OK) headers: ==============================================
================================================================================
== Content =====================================================================
{"class":"com.moovt.CallResult","code":"ERROR","message":"Usuário e senha inválidos.","type":"USER"}
================================================================================
#
]]></system-out>

      <system-err><![CDATA[--Output from testLoginTenantNotFoundEnglish--
--Output from testLoginTenantNotFoundPortuguese--
--Output from testLoginNoPasswordPortuguese--
--Output from testLoginNoUsernamedPortuguese--
--Output from testLoginNoTenantEnglish--
--Output from testLoginBadMessage--
--Output from testLoginNoTenantPortuguese--
--Output from testLoginNoPasswordEnglish--
--Output from testLoginNoUsernamedEnglish--
--Output from testLoginSuccessPortuguese--
--Output from testLoginSuccessEnglish--
--Output from testLoginFailedEnglish--
--Output from testLoginFailedPortuguese--
]]></system-err>

  </testsuite>
  <testsuite errors="0" failures="0" hostname="MNEGONCALVES" id="1" name="RideFunctionalTests" package="com.moovt" tests="5" time="1.413" timestamp="2013-03-19T05:04:14">
      <properties />

      <testcase classname="com.moovt.RideFunctionalTests" name="testAssignRideToDriverEnglish" time="0.282" />

      <testcase classname="com.moovt.RideFunctionalTests" name="testRetrievePassengerRidesEnglish" time="0.631" />

      <testcase classname="com.moovt.RideFunctionalTests" name="testRetrieveAllRidesEnglish" time="0.144" />

      <testcase classname="com.moovt.RideFunctionalTests" name="testCreateRideENglish" time="0.177" />

      <testcase classname="com.moovt.RideFunctionalTests" name="testRetrieveUnassignedRideInDriverMetroEnglish" time="0.16" />

      <system-out><![CDATA[--Output from testAssignRideToDriverEnglish--
Switching to browser client [default]
Creating to new client [default] of type [class com.grailsrocks.functionaltest.client.BrowserClient]

== Making request POST http://localhost:8080/moovt/login/authenticateUser parameters: ==
== Request headers: ============================================================
Accept-Encoding: gzip, deflate
Content-Type: application/json
Accept: */*
== Content =====================================================================

				{"type":"Self","tenantname":"WorldTaxi","username":"jgoodarm","password":"Welcome!1",locale:"pt_BR"}
				
================================================================================
Interceptor createPage: TopLevelWindow[name=""]
Content of web window [TopLevelWindow[name=""]] changed
== Response was 200 (OK) headers: ==============================================
================================================================================
== Content =====================================================================
{"type":"USER","code":"SUCCESS","message":"Login successful.","JSESSIONID":"ACC952002523597300F95A916F4AA252"}
================================================================================
#
== Making request POST http://localhost:8080/moovt/ride/assignRideToDriver parameters: ==
== Request headers: ============================================================
Accept-Encoding: gzip, deflate
Content-Type: application/json
Accept: */*
== Content =====================================================================

				{"id":"1","version":"1"}
				
================================================================================
Interceptor createPage: TopLevelWindow[name=""]
Content of web window [TopLevelWindow[name=""]] changed
== Response was 200 (OK) headers: ==============================================
================================================================================
== Content =====================================================================
{"class":"com.moovt.CallResult","code":"SUCCESS","message":"Ride 1 updated","type":"USER"}
================================================================================
#
--Output from testRetrievePassengerRidesEnglish--
Switching to browser client [default]
Creating to new client [default] of type [class com.grailsrocks.functionaltest.client.BrowserClient]

== Making request POST http://localhost:8080/moovt/login/authenticateUser parameters: ==
== Request headers: ============================================================
Accept-Encoding: gzip, deflate
Content-Type: application/json
Accept: */*
== Content =====================================================================

				{"type":"Self","tenantname":"WorldTaxi","username":"jgoodrider","password":"Welcome!1",locale:"pt_BR"}
				
================================================================================
Interceptor createPage: TopLevelWindow[name=""]
Content of web window [TopLevelWindow[name=""]] changed
== Response was 200 (OK) headers: ==============================================
================================================================================
== Content =====================================================================
{"type":"USER","code":"SUCCESS","message":"Login successful.","JSESSIONID":"28357F9E54A386DD7D171558608F0DE3"}
================================================================================
#
== Making request POST http://localhost:8080/moovt/ride/retrievePassengerRides parameters: ==
== Request headers: ============================================================
Accept-Encoding: gzip, deflate
Content-Type: application/json
Accept: */*
== Content =====================================================================

				{}
				
================================================================================
Interceptor createPage: TopLevelWindow[name=""]
Content of web window [TopLevelWindow[name=""]] changed
== Response was 200 (OK) headers: ==============================================
================================================================================
== Content =====================================================================
{"rides":[{"id":2,"version":1,"rideStatus":"UNASSIGNED","driver":null,"passenger":{"id":5},"pickupDateTime":"2013-03-13 20:10","pickUpAddress":{"street":"123 Main St","city":"Wheanton","state":"IL","zip":"00001","addressType":"HOME"},"dropOffAddress":{"street":"123 Main St","city":"Wheanton","state":"IL","zip":"00001","addressType":"HOME"},"rating":null,"comments":null},{"id":1,"version":2,"rideStatus":"ASSIGNED","driver":{"id":6,"servedLocation":"Naperville, IL, USA","carType":"VAN","radiusServed":"RADIUS_100","activeStatus":"ENABLED"},"passenger":{"id":5},"pickupDateTime":"2013-03-13 20:10","pickUpAddress":{"street":"123 Main St","city":"Wheanton","state":"IL","zip":"00001","addressType":"HOME"},"dropOffAddress":{"street":"123 Main St","city":"Wheanton","state":"IL","zip":"00001","addressType":"HOME"},"rating":null,"comments":null}]}
================================================================================
#
--Output from testRetrieveAllRidesEnglish--
Switching to browser client [default]
Creating to new client [default] of type [class com.grailsrocks.functionaltest.client.BrowserClient]

== Making request POST http://localhost:8080/moovt/login/authenticateUser parameters: ==
== Request headers: ============================================================
Accept-Encoding: gzip, deflate
Content-Type: application/json
Accept: */*
== Content =====================================================================

				{"type":"Self","tenantname":"WorldTaxi","username":"admin","password":"admin",locale:"pt_BR"}
				
================================================================================
Interceptor createPage: TopLevelWindow[name=""]
Content of web window [TopLevelWindow[name=""]] changed
== Response was 200 (OK) headers: ==============================================
================================================================================
== Content =====================================================================
{"type":"USER","code":"SUCCESS","message":"Login successful.","JSESSIONID":"F8B41F178669E8C8BDC697364986DC97"}
================================================================================
#
== Making request POST http://localhost:8080/moovt/ride/retrieveAllRides parameters: ==
== Request headers: ============================================================
Accept-Encoding: gzip, deflate
Content-Type: application/json
Accept: */*
== Content =====================================================================

				{}
				
================================================================================
Interceptor createPage: TopLevelWindow[name=""]
Content of web window [TopLevelWindow[name=""]] changed
== Response was 200 (OK) headers: ==============================================
================================================================================
== Content =====================================================================
{"rides":[{"id":1,"version":2,"rideStatus":"ASSIGNED","driver":{"id":6,"servedLocation":"Naperville, IL, USA","carType":"VAN","radiusServed":"RADIUS_100","activeStatus":"ENABLED"},"passenger":{"id":5},"pickupDateTime":"2013-03-13 20:10","pickUpAddress":{"street":"123 Main St","city":"Wheanton","state":"IL","zip":"00001","addressType":"HOME"},"dropOffAddress":{"street":"123 Main St","city":"Wheanton","state":"IL","zip":"00001","addressType":"HOME"},"rating":null,"comments":null},{"id":2,"version":1,"rideStatus":"UNASSIGNED","driver":null,"passenger":{"id":5},"pickupDateTime":"2013-03-13 20:10","pickUpAddress":{"street":"123 Main St","city":"Wheanton","state":"IL","zip":"00001","addressType":"HOME"},"dropOffAddress":{"street":"123 Main St","city":"Wheanton","state":"IL","zip":"00001","addressType":"HOME"},"rating":null,"comments":null}]}
================================================================================
#
--Output from testCreateRideENglish--
Switching to browser client [default]
Creating to new client [default] of type [class com.grailsrocks.functionaltest.client.BrowserClient]

== Making request POST http://localhost:8080/moovt/login/authenticateUser parameters: ==
== Request headers: ============================================================
Accept-Encoding: gzip, deflate
Content-Type: application/json
Accept: */*
== Content =====================================================================

				{"type":"Self","tenantname":"WorldTaxi","username":"jgoodrider","password":"Welcome!1",locale:"pt_BR"}
				
================================================================================
Interceptor createPage: TopLevelWindow[name=""]
Content of web window [TopLevelWindow[name=""]] changed
== Response was 200 (OK) headers: ==============================================
================================================================================
== Content =====================================================================
{"type":"USER","code":"SUCCESS","message":"Login successful.","JSESSIONID":"B6BF18E2C7EBDF4CD17E96FD391B5430"}
================================================================================
#
== Making request POST http://localhost:8080/moovt/ride/createRide parameters: ==
== Request headers: ============================================================
Accept-Encoding: gzip, deflate
Content-Type: application/json
Accept: */*
== Content =====================================================================

				{"pickupDateTime":"2013-03-15 06:30",
 "pickUpAddress":{"street":"111 Main St","city":"Wheaton","state":"IL","zip":"60107","addressType":"HOME"},
 "dropOffAddress":{"street":"999 Main St","city":"Naperville","state":"IL","zip":"60107","addressType":"HOME"}
}
				
================================================================================
Interceptor createPage: TopLevelWindow[name=""]
Content of web window [TopLevelWindow[name=""]] changed
== Response was 200 (OK) headers: ==============================================
================================================================================
== Content =====================================================================
{"class":"com.moovt.CallResult","code":"SUCCESS","message":"Ride 3 created","type":"USER"}
================================================================================
#
--Output from testRetrieveUnassignedRideInDriverMetroEnglish--
Switching to browser client [default]
Creating to new client [default] of type [class com.grailsrocks.functionaltest.client.BrowserClient]

== Making request POST http://localhost:8080/moovt/login/authenticateUser parameters: ==
== Request headers: ============================================================
Accept-Encoding: gzip, deflate
Content-Type: application/json
Accept: */*
== Content =====================================================================

				{"type":"Self","tenantname":"WorldTaxi","username":"jgoodarm","password":"Welcome!1",locale:"pt_BR"}
				
================================================================================
Interceptor createPage: TopLevelWindow[name=""]
Content of web window [TopLevelWindow[name=""]] changed
== Response was 200 (OK) headers: ==============================================
================================================================================
== Content =====================================================================
{"type":"USER","code":"SUCCESS","message":"Login successful.","JSESSIONID":"60BF8280AD97743EE0DADD129EAA8FE4"}
================================================================================
#
== Making request POST http://localhost:8080/moovt/ride/retrieveUnassignedRideInServedArea parameters: ==
== Request headers: ============================================================
Accept-Encoding: gzip, deflate
Content-Type: application/json
Accept: */*
== Content =====================================================================

				{}
				
================================================================================
Interceptor createPage: TopLevelWindow[name=""]
Content of web window [TopLevelWindow[name=""]] changed
== Response was 200 (OK) headers: ==============================================
================================================================================
== Content =====================================================================
{"rides":[{"id":2,"version":1,"rideStatus":"UNASSIGNED","driver":null,"passenger":{"id":5},"pickupDateTime":"2013-03-13 20:10","pickUpAddress":{"street":"123 Main St","city":"Wheanton","state":"IL","zip":"00001","addressType":"HOME"},"dropOffAddress":{"street":"123 Main St","city":"Wheanton","state":"IL","zip":"00001","addressType":"HOME"},"rating":null,"comments":null},{"id":3,"version":1,"rideStatus":"UNASSIGNED","driver":null,"passenger":{"id":5},"pickupDateTime":"2013-03-15 06:30","pickUpAddress":{"street":"111 Main St","city":"Wheaton","state":"IL","zip":"60107","addressType":"HOME"},"dropOffAddress":{"street":"999 Main St","city":"Naperville","state":"IL","zip":"60107","addressType":"HOME"},"rating":null,"comments":null}]}
================================================================================
#
]]></system-out>

      <system-err><![CDATA[--Output from testAssignRideToDriverEnglish--
--Output from testRetrievePassengerRidesEnglish--
--Output from testRetrieveAllRidesEnglish--
--Output from testCreateRideENglish--
--Output from testRetrieveUnassignedRideInDriverMetroEnglish--
]]></system-err>

  </testsuite>
  <testsuite errors="0" failures="0" hostname="MNEGONCALVES" id="2" name="UserFunctionalTests" package="com.moovt" tests="21" time="2.95" timestamp="2013-03-19T05:04:15">
      <properties />

      <testcase classname="com.moovt.UserFunctionalTests" name="testCreateUserNoUserNameEnglish" time="0.297" />

      <testcase classname="com.moovt.UserFunctionalTests" name="testCreateUserSuccessPortuquese" time="0.163" />

      <testcase classname="com.moovt.UserFunctionalTests" name="testCreateUserNoUserNamePortuguese" time="0.098" />

      <testcase classname="com.moovt.UserFunctionalTests" name="testCreateUserBadTenantEnglish" time="0.058" />

      <testcase classname="com.moovt.UserFunctionalTests" name="testCreateUserNoPasswordEnglish" time="0.115" />

      <testcase classname="com.moovt.UserFunctionalTests" name="testCreateUserNoPasswordPortuguese" time="0.124" />

      <testcase classname="com.moovt.UserFunctionalTests" name="testCreateUserNoEmailPortuguese" time="0.216" />

      <testcase classname="com.moovt.UserFunctionalTests" name="testCreateUserDuplicateUsernameEnglish" time="0.098" />

      <testcase classname="com.moovt.UserFunctionalTests" name="testCreateUserDuplicateUsernamePortuguese" time="0.106" />

      <testcase classname="com.moovt.UserFunctionalTests" name="testCreateUserDuplicateEmailEnglish" time="0.096" />

      <testcase classname="com.moovt.UserFunctionalTests" name="testCreateUserDuplicateEmailPortuguese" time="0.159" />

      <testcase classname="com.moovt.UserFunctionalTests" name="testCreateUserPassengerEnglish" time="0.158" />

      <testcase classname="com.moovt.UserFunctionalTests" name="testUpdateUserPassengerEnglish" time="0.213" />

      <testcase classname="com.moovt.UserFunctionalTests" name="testRetrieveUserDetailByIdEnglish" time="0.136" />

      <testcase classname="com.moovt.UserFunctionalTests" name="testRetrieveLoggedUserDetailsIdEnglish" time="0.111" />

      <testcase classname="com.moovt.UserFunctionalTests" name="testCreateUserSuccessEnglish" time="0.126" />

      <testcase classname="com.moovt.UserFunctionalTests" name="testCreateUserBadMessage" time="0.044" />

      <testcase classname="com.moovt.UserFunctionalTests" name="testUpdateUserDriverEnglish" time="0.194" />

      <testcase classname="com.moovt.UserFunctionalTests" name="testCreateUserNoEmailEnglish" time="0.086" />

      <testcase classname="com.moovt.UserFunctionalTests" name="testCreateUserDriverEnglish" time="0.154" />

      <testcase classname="com.moovt.UserFunctionalTests" name="testRetrieveAllUsersrEnglish" time="0.156" />

      <system-out><![CDATA[--Output from testCreateUserNoUserNameEnglish--
Switching to browser client [default]
Creating to new client [default] of type [class com.grailsrocks.functionaltest.client.BrowserClient]

== Making request POST http://localhost:8080/moovt/user/createUser parameters: ==
== Request headers: ============================================================
Accept-Language: en-US
Accept-Encoding: gzip, deflate
Content-Type: application/json
Accept: */*
== Content =====================================================================

				{"tenantname": "naSavassi", "email":"noUserName@test.com", "username": "", "password":"moovieGoer", "firstName":"TestFirstName", lastName: "TestLastName","phone":"800-800-8080", "locale": "en_US"}
				
================================================================================
Errors are Field error in object 'com.moovt.common.User' on field 'username': rejected value []; codes [com.moovt.common.User.username.blank.error.com.moovt.common.User.username,com.moovt.common.User.username.blank.error.username,com.moovt.common.User.username.blank.error.java.lang.String,com.moovt.common.User.username.blank.error,user.username.blank.error.com.moovt.common.User.username,user.username.blank.error.username,user.username.blank.error.java.lang.String,user.username.blank.error,com.moovt.common.User.username.blank.com.moovt.common.User.username,com.moovt.common.User.username.blank.username,com.moovt.common.User.username.blank.java.lang.String,com.moovt.common.User.username.blank,user.username.blank.com.moovt.common.User.username,user.username.blank.username,user.username.blank.java.lang.String,user.username.blank,blank.com.moovt.common.User.username,blank.username,blank.java.lang.String,blank]; arguments [username,class com.moovt.common.User]; default message [Property [{0}] of class [{1}] cannot be blank]
Interceptor createPage: TopLevelWindow[name=""]
Content of web window [TopLevelWindow[name=""]] changed
== Response was 200 (OK) headers: ==============================================
================================================================================
== Content =====================================================================
{"class":"com.moovt.CallResult","code":"ERROR","message":"The user name must be provided.","type":"USER"}
================================================================================
#
--Output from testCreateUserSuccessPortuquese--
Switching to browser client [default]
Creating to new client [default] of type [class com.grailsrocks.functionaltest.client.BrowserClient]

== Making request POST http://localhost:8080/moovt/user/createUser parameters: ==
== Request headers: ============================================================
Accept-Language: pt-BR
Accept-Encoding: gzip, deflate
Content-Type: application/json
Accept: */*
== Content =====================================================================

				{"tenantname": "naSavassi", "email":"movieLover@test.com", "username": "moovieLover", "password":"moovieLover", "firstName":"TestFirstName", lastName: "TestLastName","phone":"800-800-8080", "locale": "pt_BR"}
				
================================================================================
Interceptor createPage: TopLevelWindow[name=""]
Content of web window [TopLevelWindow[name=""]] changed
== Response was 200 (OK) headers: ==============================================
================================================================================
== Content =====================================================================
{"type":"USER","code":"SUCCESS","message":"Usuário moovieLover criado","JSESSIONID":"454D790BF76A6D41E22FA6376B856D0D"}
================================================================================
#
--Output from testCreateUserNoUserNamePortuguese--
Switching to browser client [default]
Creating to new client [default] of type [class com.grailsrocks.functionaltest.client.BrowserClient]

== Making request POST http://localhost:8080/moovt/user/createUser parameters: ==
== Request headers: ============================================================
Accept-Language: pt-BR
Accept-Encoding: gzip, deflate
Content-Type: application/json
Accept: */*
== Content =====================================================================

				{"tenantname": "naSavassi", "email":"noUserName@test.com", "username": "", "password":"moovieGoer", "firstName":"TestFirstName", lastName: "TestLastName","phone":"800-800-8080", "locale": "pt_BR"}
				
================================================================================
Errors are Field error in object 'com.moovt.common.User' on field 'username': rejected value []; codes [com.moovt.common.User.username.blank.error.com.moovt.common.User.username,com.moovt.common.User.username.blank.error.username,com.moovt.common.User.username.blank.error.java.lang.String,com.moovt.common.User.username.blank.error,user.username.blank.error.com.moovt.common.User.username,user.username.blank.error.username,user.username.blank.error.java.lang.String,user.username.blank.error,com.moovt.common.User.username.blank.com.moovt.common.User.username,com.moovt.common.User.username.blank.username,com.moovt.common.User.username.blank.java.lang.String,com.moovt.common.User.username.blank,user.username.blank.com.moovt.common.User.username,user.username.blank.username,user.username.blank.java.lang.String,user.username.blank,blank.com.moovt.common.User.username,blank.username,blank.java.lang.String,blank]; arguments [username,class com.moovt.common.User]; default message [O campo [{0}] da classe [{1}] não pode ficar em branco]
Interceptor createPage: TopLevelWindow[name=""]
Content of web window [TopLevelWindow[name=""]] changed
== Response was 200 (OK) headers: ==============================================
================================================================================
== Content =====================================================================
{"class":"com.moovt.CallResult","code":"ERROR","message":"O nome do usuário deve ser preenchido.","type":"USER"}
================================================================================
#
--Output from testCreateUserBadTenantEnglish--
Switching to browser client [default]
Creating to new client [default] of type [class com.grailsrocks.functionaltest.client.BrowserClient]

== Making request POST http://localhost:8080/moovt/user/createUser parameters: ==
== Request headers: ============================================================
Accept-Language: en-US
Accept-Encoding: gzip, deflate
Content-Type: application/json
Accept: */*
== Content =====================================================================

				{"tenantname": "TheBadTenant", "email":"movieGoer@test.com","username": "moovieGoer", "password":"moovieGoer", "firstName":"TestFirstName", lastName: "TestLastName","phone":"800-800-8080","locale": "en_US"}
				
================================================================================
Interceptor createPage: TopLevelWindow[name=""]
Content of web window [TopLevelWindow[name=""]] changed
== Response was 200 (OK) headers: ==============================================
================================================================================
== Content =====================================================================
{"class":"com.moovt.CallResult","code":"ERROR","message":"This tenant (TheBadTenant) does not exist. Please use an existing tenant to create this user.","type":"SYSTEM"}
================================================================================
#
--Output from testCreateUserNoPasswordEnglish--
Switching to browser client [default]
Creating to new client [default] of type [class com.grailsrocks.functionaltest.client.BrowserClient]

== Making request POST http://localhost:8080/moovt/user/createUser parameters: ==
== Request headers: ============================================================
Accept-Language: en-US
Accept-Encoding: gzip, deflate
Content-Type: application/json
Accept: */*
== Content =====================================================================

				{"tenantname": "naSavassi", "email":"noPasswordUser@test.com", "username": "movieFan", "password":"", "firstName":"TestFirstName", lastName: "TestLastName","phone":"800-800-8080", "locale": "en_US"}
				
================================================================================
Errors are Field error in object 'com.moovt.common.User' on field 'password': rejected value []; codes [com.moovt.common.User.password.blank.error.com.moovt.common.User.password,com.moovt.common.User.password.blank.error.password,com.moovt.common.User.password.blank.error.java.lang.String,com.moovt.common.User.password.blank.error,user.password.blank.error.com.moovt.common.User.password,user.password.blank.error.password,user.password.blank.error.java.lang.String,user.password.blank.error,com.moovt.common.User.password.blank.com.moovt.common.User.password,com.moovt.common.User.password.blank.password,com.moovt.common.User.password.blank.java.lang.String,com.moovt.common.User.password.blank,user.password.blank.com.moovt.common.User.password,user.password.blank.password,user.password.blank.java.lang.String,user.password.blank,blank.com.moovt.common.User.password,blank.password,blank.java.lang.String,blank]; arguments [password,class com.moovt.common.User]; default message [Property [{0}] of class [{1}] cannot be blank]
Interceptor createPage: TopLevelWindow[name=""]
Content of web window [TopLevelWindow[name=""]] changed
== Response was 200 (OK) headers: ==============================================
================================================================================
== Content =====================================================================
{"class":"com.moovt.CallResult","code":"ERROR","message":"The password must be provided.","type":"USER"}
================================================================================
#
--Output from testCreateUserNoPasswordPortuguese--
Switching to browser client [default]
Creating to new client [default] of type [class com.grailsrocks.functionaltest.client.BrowserClient]

== Making request POST http://localhost:8080/moovt/user/createUser parameters: ==
== Request headers: ============================================================
Accept-Language: pt-BR
Accept-Encoding: gzip, deflate
Content-Type: application/json
Accept: */*
== Content =====================================================================

				{"tenantname": "naSavassi", "email":"noPasswordUser@test.com", "username": "movieFan", "password":"", "firstName":"TestFirstName", lastName: "TestLastName","phone":"800-800-8080", "locale": "pt_BR"}
				
================================================================================
Errors are Field error in object 'com.moovt.common.User' on field 'password': rejected value []; codes [com.moovt.common.User.password.blank.error.com.moovt.common.User.password,com.moovt.common.User.password.blank.error.password,com.moovt.common.User.password.blank.error.java.lang.String,com.moovt.common.User.password.blank.error,user.password.blank.error.com.moovt.common.User.password,user.password.blank.error.password,user.password.blank.error.java.lang.String,user.password.blank.error,com.moovt.common.User.password.blank.com.moovt.common.User.password,com.moovt.common.User.password.blank.password,com.moovt.common.User.password.blank.java.lang.String,com.moovt.common.User.password.blank,user.password.blank.com.moovt.common.User.password,user.password.blank.password,user.password.blank.java.lang.String,user.password.blank,blank.com.moovt.common.User.password,blank.password,blank.java.lang.String,blank]; arguments [password,class com.moovt.common.User]; default message [O campo [{0}] da classe [{1}] não pode ficar em branco]
Interceptor createPage: TopLevelWindow[name=""]
Content of web window [TopLevelWindow[name=""]] changed
== Response was 200 (OK) headers: ==============================================
================================================================================
== Content =====================================================================
{"class":"com.moovt.CallResult","code":"ERROR","message":"A senha deve ser preenchida.","type":"USER"}
================================================================================
#
--Output from testCreateUserNoEmailPortuguese--
Switching to browser client [default]
Creating to new client [default] of type [class com.grailsrocks.functionaltest.client.BrowserClient]

== Making request POST http://localhost:8080/moovt/user/createUser parameters: ==
== Request headers: ============================================================
Accept-Language: pt-BR
Accept-Encoding: gzip, deflate
Content-Type: application/json
Accept: */*
== Content =====================================================================

				{"tenantname": "naSavassi","email":"", "username": "movieFan", "password":"Welcome!1", "firstName":"TestFirstName", "lastName": "TestLastName","phone":"800-800-8080", "locale": "pt_BR"}
				
================================================================================
Errors are Field error in object 'com.moovt.common.User' on field 'email': rejected value []; codes [com.moovt.common.User.email.blank.error.com.moovt.common.User.email,com.moovt.common.User.email.blank.error.email,com.moovt.common.User.email.blank.error.java.lang.String,com.moovt.common.User.email.blank.error,user.email.blank.error.com.moovt.common.User.email,user.email.blank.error.email,user.email.blank.error.java.lang.String,user.email.blank.error,com.moovt.common.User.email.blank.com.moovt.common.User.email,com.moovt.common.User.email.blank.email,com.moovt.common.User.email.blank.java.lang.String,com.moovt.common.User.email.blank,user.email.blank.com.moovt.common.User.email,user.email.blank.email,user.email.blank.java.lang.String,user.email.blank,blank.com.moovt.common.User.email,blank.email,blank.java.lang.String,blank]; arguments [email,class com.moovt.common.User]; default message [O campo [{0}] da classe [{1}] não pode ficar em branco]
Interceptor createPage: TopLevelWindow[name=""]
Content of web window [TopLevelWindow[name=""]] changed
== Response was 200 (OK) headers: ==============================================
================================================================================
== Content =====================================================================
{"class":"com.moovt.CallResult","code":"ERROR","message":"O email deve ser preenchido.","type":"USER"}
================================================================================
#
--Output from testCreateUserDuplicateUsernameEnglish--
Switching to browser client [default]
Creating to new client [default] of type [class com.grailsrocks.functionaltest.client.BrowserClient]

== Making request POST http://localhost:8080/moovt/user/createUser parameters: ==
== Request headers: ============================================================
Accept-Language: en-US
Accept-Encoding: gzip, deflate
Content-Type: application/json
Accept: */*
== Content =====================================================================

				{"tenantname": "naSavassi", "email":"duplicateUsernameTestEnglish@test.com", "username": "duplicateUser", "password":"moovieGoer", "firstName":"TestFirstName", lastName: "TestLastName","phone":"800-800-8080", "locale": "en_US"}
				
================================================================================
Errors are Field error in object 'com.moovt.common.User' on field 'username': rejected value [duplicateUser]; codes [com.moovt.common.User.username.unique.error.com.moovt.common.User.username,com.moovt.common.User.username.unique.error.username,com.moovt.common.User.username.unique.error.java.lang.String,com.moovt.common.User.username.unique.error,user.username.unique.error.com.moovt.common.User.username,user.username.unique.error.username,user.username.unique.error.java.lang.String,user.username.unique.error,com.moovt.common.User.username.unique.com.moovt.common.User.username,com.moovt.common.User.username.unique.username,com.moovt.common.User.username.unique.java.lang.String,com.moovt.common.User.username.unique,user.username.unique.com.moovt.common.User.username,user.username.unique.username,user.username.unique.java.lang.String,user.username.unique,unique.com.moovt.common.User.username,unique.username,unique.java.lang.String,unique]; arguments [username,class com.moovt.common.User,duplicateUser]; default message [Property [{0}] of class [{1}] with value [{2}] must be unique]
Interceptor createPage: TopLevelWindow[name=""]
Content of web window [TopLevelWindow[name=""]] changed
== Response was 200 (OK) headers: ==============================================
================================================================================
== Content =====================================================================
{"class":"com.moovt.CallResult","code":"ERROR","message":"This user (duplicateUser) already exists.","type":"USER"}
================================================================================
#
--Output from testCreateUserDuplicateUsernamePortuguese--
Switching to browser client [default]
Creating to new client [default] of type [class com.grailsrocks.functionaltest.client.BrowserClient]

== Making request POST http://localhost:8080/moovt/user/createUser parameters: ==
== Request headers: ============================================================
Accept-Language: pt-BR
Accept-Encoding: gzip, deflate
Content-Type: application/json
Accept: */*
== Content =====================================================================

				{"tenantname": "naSavassi", "email":"duplicateUsernameTestPortuguese@test.com", "username": "duplicateUser", "password":"moovieLover", "firstName":"TestFirstName", lastName: "TestLastName","phone":"800-800-8080", "locale": "pt_BR"}				
				
================================================================================
Errors are Field error in object 'com.moovt.common.User' on field 'username': rejected value [duplicateUser]; codes [com.moovt.common.User.username.unique.error.com.moovt.common.User.username,com.moovt.common.User.username.unique.error.username,com.moovt.common.User.username.unique.error.java.lang.String,com.moovt.common.User.username.unique.error,user.username.unique.error.com.moovt.common.User.username,user.username.unique.error.username,user.username.unique.error.java.lang.String,user.username.unique.error,com.moovt.common.User.username.unique.com.moovt.common.User.username,com.moovt.common.User.username.unique.username,com.moovt.common.User.username.unique.java.lang.String,com.moovt.common.User.username.unique,user.username.unique.com.moovt.common.User.username,user.username.unique.username,user.username.unique.java.lang.String,user.username.unique,unique.com.moovt.common.User.username,unique.username,unique.java.lang.String,unique]; arguments [username,class com.moovt.common.User,duplicateUser]; default message [O campo [{0}] da classe [{1}] com o valor [{2}] deve ser único]
Interceptor createPage: TopLevelWindow[name=""]
Content of web window [TopLevelWindow[name=""]] changed
== Response was 200 (OK) headers: ==============================================
================================================================================
== Content =====================================================================
{"class":"com.moovt.CallResult","code":"ERROR","message":"Este usuário (duplicateUser) já existe.","type":"USER"}
================================================================================
#
--Output from testCreateUserDuplicateEmailEnglish--
Switching to browser client [default]
Creating to new client [default] of type [class com.grailsrocks.functionaltest.client.BrowserClient]

== Making request POST http://localhost:8080/moovt/user/createUser parameters: ==
== Request headers: ============================================================
Accept-Language: en-US
Accept-Encoding: gzip, deflate
Content-Type: application/json
Accept: */*
== Content =====================================================================

				{"tenantname": "naSavassi", "email":"existingEmail@test.com", "username": "userWithSameEmail", "password":"moovieGoer", "firstName":"TestFirstName", lastName: "TestLastName","phone":"800-800-8080", "locale": "en_US"}
				
================================================================================
Errors are Field error in object 'com.moovt.common.User' on field 'email': rejected value [existingEmail@test.com]; codes [com.moovt.common.User.email.unique.error.com.moovt.common.User.email,com.moovt.common.User.email.unique.error.email,com.moovt.common.User.email.unique.error.java.lang.String,com.moovt.common.User.email.unique.error,user.email.unique.error.com.moovt.common.User.email,user.email.unique.error.email,user.email.unique.error.java.lang.String,user.email.unique.error,com.moovt.common.User.email.unique.com.moovt.common.User.email,com.moovt.common.User.email.unique.email,com.moovt.common.User.email.unique.java.lang.String,com.moovt.common.User.email.unique,user.email.unique.com.moovt.common.User.email,user.email.unique.email,user.email.unique.java.lang.String,user.email.unique,unique.com.moovt.common.User.email,unique.email,unique.java.lang.String,unique]; arguments [email,class com.moovt.common.User,existingEmail@test.com]; default message [Property [{0}] of class [{1}] with value [{2}] must be unique]
Interceptor createPage: TopLevelWindow[name=""]
Content of web window [TopLevelWindow[name=""]] changed
== Response was 200 (OK) headers: ==============================================
================================================================================
== Content =====================================================================
{"class":"com.moovt.CallResult","code":"ERROR","message":"This email (existingEmail@test.com) already exists.","type":"USER"}
================================================================================
#
--Output from testCreateUserDuplicateEmailPortuguese--
Switching to browser client [default]
Creating to new client [default] of type [class com.grailsrocks.functionaltest.client.BrowserClient]

== Making request POST http://localhost:8080/moovt/user/createUser parameters: ==
== Request headers: ============================================================
Accept-Language: pt-BR
Accept-Encoding: gzip, deflate
Content-Type: application/json
Accept: */*
== Content =====================================================================

				{"tenantname": "naSavassi", "email":"existingEmail@test.com", "username": "userWithSameEmail", "password":"moovieLover", "firstName":"TestFirstName", lastName: "TestLastName","phone":"800-800-8080", "locale": "pt_BR"}
				
================================================================================
Errors are Field error in object 'com.moovt.common.User' on field 'email': rejected value [existingEmail@test.com]; codes [com.moovt.common.User.email.unique.error.com.moovt.common.User.email,com.moovt.common.User.email.unique.error.email,com.moovt.common.User.email.unique.error.java.lang.String,com.moovt.common.User.email.unique.error,user.email.unique.error.com.moovt.common.User.email,user.email.unique.error.email,user.email.unique.error.java.lang.String,user.email.unique.error,com.moovt.common.User.email.unique.com.moovt.common.User.email,com.moovt.common.User.email.unique.email,com.moovt.common.User.email.unique.java.lang.String,com.moovt.common.User.email.unique,user.email.unique.com.moovt.common.User.email,user.email.unique.email,user.email.unique.java.lang.String,user.email.unique,unique.com.moovt.common.User.email,unique.email,unique.java.lang.String,unique]; arguments [email,class com.moovt.common.User,existingEmail@test.com]; default message [O campo [{0}] da classe [{1}] com o valor [{2}] deve ser único]
Interceptor createPage: TopLevelWindow[name=""]
Content of web window [TopLevelWindow[name=""]] changed
== Response was 200 (OK) headers: ==============================================
================================================================================
== Content =====================================================================
{"class":"com.moovt.CallResult","code":"ERROR","message":"Este email (existingEmail@test.com) já existe.","type":"USER"}
================================================================================
#
--Output from testCreateUserPassengerEnglish--
Switching to browser client [default]
Creating to new client [default] of type [class com.grailsrocks.functionaltest.client.BrowserClient]

== Making request POST http://localhost:8080/moovt/user/createUser parameters: ==
== Request headers: ============================================================
Accept-Encoding: gzip, deflate
Content-Type: application/json
Accept: */*
== Content =====================================================================

				{"tenantname":"WorldTaxi","firstName":"John","lastName":"Airjunkie","username":"jairjunkie","password":"Welcome!1","phone":"773-329-1784","email":"jairjunkie@worldtaxi.com","locale":"en-US","passenger":{}}}
				
================================================================================
Interceptor createPage: TopLevelWindow[name=""]
Content of web window [TopLevelWindow[name=""]] changed
== Response was 200 (OK) headers: ==============================================
================================================================================
== Content =====================================================================
{"type":"USER","code":"SUCCESS","message":"User jairjunkie created","JSESSIONID":"68F26143C41515460C270BA2770F82DF"}
================================================================================
#
--Output from testUpdateUserPassengerEnglish--
Switching to browser client [default]
Creating to new client [default] of type [class com.grailsrocks.functionaltest.client.BrowserClient]

== Making request POST http://localhost:8080/moovt/login/authenticateUser parameters: ==
== Request headers: ============================================================
Accept-Encoding: gzip, deflate
Content-Type: application/json
Accept: */*
== Content =====================================================================

				{"type":"Self","tenantname":"WorldTaxi","username":"jgoodrider","password":"Welcome!1",locale:"pt_BR"}
				
================================================================================
Interceptor createPage: TopLevelWindow[name=""]
Content of web window [TopLevelWindow[name=""]] changed
== Response was 200 (OK) headers: ==============================================
================================================================================
== Content =====================================================================
{"type":"USER","code":"SUCCESS","message":"Login successful.","JSESSIONID":"53AE810339E76D8CA470EA6E844B889D"}
================================================================================
#
== Making request POST http://localhost:8080/moovt/user/updateLoggedUser parameters: ==
== Request headers: ============================================================
Accept-Encoding: gzip, deflate
Content-Type: application/json
Accept: */*
== Content =====================================================================

				{"version":"7","firstName":"John","lastName":"DecidedToBeADriver","username":"jgoodrider","password":"Welcome!1","phone":"773-329-1784","email":"jgoodrider@worldtaxi.com","locale":"en-US","driver":{"carType":"SEDAN","servedLocation":"Chicago, IL, USA","radiusServed":"RADIUS_50","activeStatus":"ENABLED"}}
				
================================================================================
Interceptor createPage: TopLevelWindow[name=""]
Content of web window [TopLevelWindow[name=""]] changed
== Response was 200 (OK) headers: ==============================================
================================================================================
== Content =====================================================================
{"class":"com.moovt.CallResult","code":"SUCCESS","message":"User jgoodrider updated","type":"USER"}
================================================================================
#
--Output from testRetrieveUserDetailByIdEnglish--
Switching to browser client [default]
Creating to new client [default] of type [class com.grailsrocks.functionaltest.client.BrowserClient]

== Making request POST http://localhost:8080/moovt/login/authenticateUser parameters: ==
== Request headers: ============================================================
Accept-Encoding: gzip, deflate
Content-Type: application/json
Accept: */*
== Content =====================================================================

				{"type":"Self","tenantname": "WorldTaxi", "username": "admin", "password":"admin","locale":"en_US"}
				
================================================================================
Interceptor createPage: TopLevelWindow[name=""]
Content of web window [TopLevelWindow[name=""]] changed
== Response was 200 (OK) headers: ==============================================
================================================================================
== Content =====================================================================
{"type":"USER","code":"SUCCESS","message":"Login successful.","JSESSIONID":"A9F23C26E789EA65D36CCA99D1F2B582"}
================================================================================
#
== Making request POST http://localhost:8080/moovt/user/retrieveUserDetailById parameters: ==
== Request headers: ============================================================
Accept-Encoding: gzip, deflate
Content-Type: application/json
Accept: */*
== Content =====================================================================

				{"id":"6"}
				
================================================================================
Interceptor createPage: TopLevelWindow[name=""]
Content of web window [TopLevelWindow[name=""]] changed
== Response was 200 (OK) headers: ==============================================
================================================================================
== Content =====================================================================
{"user":{"id":6,"version":1,"username":"jgoodarm","firstName":"John","lastName":"Goodarm","phone":"800-800-2020","email":"jgoodarm@worldtaxi.com","driver":{"id":6,"servedLocation":"Naperville, IL, USA","carType":"VAN","radiusServed":"RADIUS_100","activeStatus":"ENABLED"}}}
================================================================================
#
--Output from testRetrieveLoggedUserDetailsIdEnglish--
Switching to browser client [default]
Creating to new client [default] of type [class com.grailsrocks.functionaltest.client.BrowserClient]

== Making request POST http://localhost:8080/moovt/login/authenticateUser parameters: ==
== Request headers: ============================================================
Accept-Encoding: gzip, deflate
Content-Type: application/json
Accept: */*
== Content =====================================================================

				{"type":"Self","tenantname":"WorldTaxi","username":"jgoodrider","password":"Welcome!1",locale:"pt_BR"}
				
================================================================================
Interceptor createPage: TopLevelWindow[name=""]
Content of web window [TopLevelWindow[name=""]] changed
== Response was 200 (OK) headers: ==============================================
================================================================================
== Content =====================================================================
{"type":"USER","code":"SUCCESS","message":"Login successful.","JSESSIONID":"A89FF5CFE7AC36E18B51A2E086C26237"}
================================================================================
#
== Making request POST http://localhost:8080/moovt/user/retrieveLoggedUserDetails parameters: ==
== Request headers: ============================================================
Accept-Encoding: gzip, deflate
Content-Type: application/json
Accept: */*
== Content =====================================================================

				{}
				
================================================================================
Interceptor createPage: TopLevelWindow[name=""]
Content of web window [TopLevelWindow[name=""]] changed
== Response was 200 (OK) headers: ==============================================
================================================================================
== Content =====================================================================
{"user":{"id":5,"version":4,"username":"jgoodrider","firstName":"John","lastName":"DecidedToBeADriver","phone":"773-329-1784","email":"jgoodrider@worldtaxi.com","driver":{"id":5,"servedLocation":"Chicago, IL, USA","carType":"SEDAN","radiusServed":"RADIUS_50","activeStatus":"ENABLED"},"passenger":{"id":5}}}
================================================================================
#
--Output from testCreateUserSuccessEnglish--
Switching to browser client [default]
Creating to new client [default] of type [class com.grailsrocks.functionaltest.client.BrowserClient]

== Making request POST http://localhost:8080/moovt/user/createUser parameters: ==
== Request headers: ============================================================
Accept-Language: en-US
Accept-Encoding: gzip, deflate
Content-Type: application/json
Accept: */*
== Content =====================================================================

				{"tenantname": "naSavassi", "email":"movieGoer@test.com", "username": "moovieGoer", "password":"moovieGoer", "firstName":"TestFirstName", lastName: "TestLastName","phone":"800-800-8080", "locale": "en_US"}
				
================================================================================
Interceptor createPage: TopLevelWindow[name=""]
Content of web window [TopLevelWindow[name=""]] changed
== Response was 200 (OK) headers: ==============================================
================================================================================
== Content =====================================================================
{"type":"USER","code":"SUCCESS","message":"User moovieGoer created","JSESSIONID":"F3BEE53A0CA592BB1C229628A8A4D4D0"}
================================================================================
#
--Output from testCreateUserBadMessage--
Switching to browser client [default]
Creating to new client [default] of type [class com.grailsrocks.functionaltest.client.BrowserClient]

== Making request POST http://localhost:8080/moovt/user/createUser parameters: ==
== Request headers: ============================================================
Accept-Encoding: gzip, deflate
Content-Type: application/json
Accept: */*
== Content =====================================================================

================================================================================
Interceptor createPage: TopLevelWindow[name=""]
Content of web window [TopLevelWindow[name=""]] changed
== Response was 200 (OK) headers: ==============================================
================================================================================
== Content =====================================================================
{"class":"com.moovt.CallResult","code":"ERROR","message":"A JSONObject text must begin with '{' at character 0 of ","type":"SYSTEM"}
================================================================================
#
--Output from testUpdateUserDriverEnglish--
Switching to browser client [default]
Creating to new client [default] of type [class com.grailsrocks.functionaltest.client.BrowserClient]

== Making request POST http://localhost:8080/moovt/login/authenticateUser parameters: ==
== Request headers: ============================================================
Accept-Encoding: gzip, deflate
Content-Type: application/json
Accept: */*
== Content =====================================================================

				{"type":"Self","tenantname":"WorldTaxi","username":"jgoodarm","password":"Welcome!1",locale:"pt_BR"}
				
================================================================================
Interceptor createPage: TopLevelWindow[name=""]
Content of web window [TopLevelWindow[name=""]] changed
== Response was 200 (OK) headers: ==============================================
================================================================================
== Content =====================================================================
{"type":"USER","code":"SUCCESS","message":"Login successful.","JSESSIONID":"E43295D64EFECB58DD8CDCF48326FFF7"}
================================================================================
#
== Making request POST http://localhost:8080/moovt/user/updateLoggedUser parameters: ==
== Request headers: ============================================================
Accept-Encoding: gzip, deflate
Content-Type: application/json
Accept: */*
== Content =====================================================================

				{"version":"4","firstName":"John","lastName":"VeryGoodarm","username":"jverygoodarm","password":"Welcome!1","phone":"773-329-1784","email":"jgoodarxm@worldtaxi.com","locale":"en-US","driver":{"carType":"SEDAN","servedLocation":"Chicago, IL, USA","radiusServed":"RADIUS_50","activeStatus":"ENABLED"}}
				
================================================================================
Interceptor createPage: TopLevelWindow[name=""]
Content of web window [TopLevelWindow[name=""]] changed
== Response was 200 (OK) headers: ==============================================
================================================================================
== Content =====================================================================
{"class":"com.moovt.CallResult","code":"SUCCESS","message":"User jverygoodarm updated","type":"USER"}
================================================================================
#
--Output from testCreateUserNoEmailEnglish--
Switching to browser client [default]
Creating to new client [default] of type [class com.grailsrocks.functionaltest.client.BrowserClient]

== Making request POST http://localhost:8080/moovt/user/createUser parameters: ==
== Request headers: ============================================================
Accept-Language: en-US
Accept-Encoding: gzip, deflate
Content-Type: application/json
Accept: */*
== Content =====================================================================

				{"tenantname": "naSavassi","email":"", "username": "movieFan", "password":"Welcome!1", "firstName":"TestFirstName", lastName: "TestLastName","phone":"800-800-8080", "locale": "en_US"}
				
================================================================================
Errors are Field error in object 'com.moovt.common.User' on field 'email': rejected value []; codes [com.moovt.common.User.email.blank.error.com.moovt.common.User.email,com.moovt.common.User.email.blank.error.email,com.moovt.common.User.email.blank.error.java.lang.String,com.moovt.common.User.email.blank.error,user.email.blank.error.com.moovt.common.User.email,user.email.blank.error.email,user.email.blank.error.java.lang.String,user.email.blank.error,com.moovt.common.User.email.blank.com.moovt.common.User.email,com.moovt.common.User.email.blank.email,com.moovt.common.User.email.blank.java.lang.String,com.moovt.common.User.email.blank,user.email.blank.com.moovt.common.User.email,user.email.blank.email,user.email.blank.java.lang.String,user.email.blank,blank.com.moovt.common.User.email,blank.email,blank.java.lang.String,blank]; arguments [email,class com.moovt.common.User]; default message [Property [{0}] of class [{1}] cannot be blank]
Interceptor createPage: TopLevelWindow[name=""]
Content of web window [TopLevelWindow[name=""]] changed
== Response was 200 (OK) headers: ==============================================
================================================================================
== Content =====================================================================
{"class":"com.moovt.CallResult","code":"ERROR","message":"The email must be provided.","type":"USER"}
================================================================================
#
--Output from testCreateUserDriverEnglish--
Switching to browser client [default]
Creating to new client [default] of type [class com.grailsrocks.functionaltest.client.BrowserClient]

== Making request POST http://localhost:8080/moovt/user/createUser parameters: ==
== Request headers: ============================================================
Accept-Language: en-US
Accept-Encoding: gzip, deflate
Content-Type: application/json
Accept: */*
== Content =====================================================================

				{"tenantname":"WorldTaxi","firstName":"David","lastName":"Ultrafast","username":"dultrafast","password":"Welcome!1","phone":"773-329-1784","email":"dultrafast@worldtaxi.com","locale":"en-US","driver":{"carType":"SEDAN","servedLocation":"Chicago, IL, USA","radiusServed":"RADIUS_50","activeStatus":"ENABLED"}}
				
================================================================================
Interceptor createPage: TopLevelWindow[name=""]
Content of web window [TopLevelWindow[name=""]] changed
== Response was 200 (OK) headers: ==============================================
================================================================================
== Content =====================================================================
{"type":"USER","code":"SUCCESS","message":"User dultrafast created","JSESSIONID":"E94CDAE7A0362F3ABE300AE74BBF8D8C"}
================================================================================
#
--Output from testRetrieveAllUsersrEnglish--
Switching to browser client [default]
Creating to new client [default] of type [class com.grailsrocks.functionaltest.client.BrowserClient]

== Making request POST http://localhost:8080/moovt/login/authenticateUser parameters: ==
== Request headers: ============================================================
Accept-Encoding: gzip, deflate
Content-Type: application/json
Accept: */*
== Content =====================================================================

				{"type":"Self","tenantname": "WorldTaxi", "username": "admin", "password":"admin","locale":"en_US"}
				
================================================================================
Interceptor createPage: TopLevelWindow[name=""]
Content of web window [TopLevelWindow[name=""]] changed
== Response was 200 (OK) headers: ==============================================
================================================================================
== Content =====================================================================
{"type":"USER","code":"SUCCESS","message":"Login successful.","JSESSIONID":"793A9B6D67E5FC54F2770550B06C690A"}
================================================================================
#
== Making request POST http://localhost:8080/moovt/user/retrieveAllUsers parameters: ==
== Request headers: ============================================================
Accept-Encoding: gzip, deflate
Content-Type: application/json
Accept: */*
== Content =====================================================================

				{}
				
================================================================================
Interceptor createPage: TopLevelWindow[name=""]
Content of web window [TopLevelWindow[name=""]] changed
== Response was 200 (OK) headers: ==============================================
================================================================================
== Content =====================================================================
{"users":[{"id":6,"version":5,"username":"jverygoodarm","firstName":"John","lastName":"VeryGoodarm","phone":"773-329-1784","email":"jgoodarxm@worldtaxi.com","driver":{"id":6,"servedLocation":"Chicago, IL, USA","carType":"SEDAN","radiusServed":"RADIUS_50","activeStatus":"ENABLED"}},{"id":10,"version":2,"username":"dultrafast","firstName":"David","lastName":"Ultrafast","phone":"773-329-1784","email":"dultrafast@worldtaxi.com","driver":{"id":10,"servedLocation":"Chicago, IL, USA","carType":"SEDAN","radiusServed":"RADIUS_50","activeStatus":"ENABLED"}},{"id":5,"version":4,"username":"jgoodrider","firstName":"John","lastName":"DecidedToBeADriver","phone":"773-329-1784","email":"jgoodrider@worldtaxi.com","driver":{"id":5,"servedLocation":"Chicago, IL, USA","carType":"SEDAN","radiusServed":"RADIUS_50","activeStatus":"ENABLED"},"passenger":{"id":5}},{"id":8,"version":3,"username":"jairjunkie","firstName":"John","lastName":"Airjunkie","phone":"773-329-1784","email":"jairjunkie@worldtaxi.com","passenger":{"id":8}},{"id":4,"version":1,"username":"admin","firstName":"Admin","lastName":"Admin","phone":"800-800-8080","email":"admin@worldtaxi.com"}]}
================================================================================
#
]]></system-out>

      <system-err><![CDATA[--Output from testCreateUserNoUserNameEnglish--
--Output from testCreateUserSuccessPortuquese--
--Output from testCreateUserNoUserNamePortuguese--
--Output from testCreateUserBadTenantEnglish--
--Output from testCreateUserNoPasswordEnglish--
--Output from testCreateUserNoPasswordPortuguese--
--Output from testCreateUserNoEmailPortuguese--
--Output from testCreateUserDuplicateUsernameEnglish--
--Output from testCreateUserDuplicateUsernamePortuguese--
--Output from testCreateUserDuplicateEmailEnglish--
--Output from testCreateUserDuplicateEmailPortuguese--
--Output from testCreateUserPassengerEnglish--
--Output from testUpdateUserPassengerEnglish--
--Output from testRetrieveUserDetailByIdEnglish--
--Output from testRetrieveLoggedUserDetailsIdEnglish--
--Output from testCreateUserSuccessEnglish--
--Output from testCreateUserBadMessage--
--Output from testUpdateUserDriverEnglish--
--Output from testCreateUserNoEmailEnglish--
--Output from testCreateUserDriverEnglish--
--Output from testRetrieveAllUsersrEnglish--
]]></system-err>

  </testsuite>
</testsuites>
