<?xml version="1.0" encoding="UTF-8" ?>
<testsuites>
  <testsuite errors="0" failures="0" hostname="MNEGONCALVES" id="0" name="LocationFunctionalTests" package="com.moovt" tests="5" time="2.437" timestamp="2013-04-12T17:58:06">
      <properties />

      <testcase classname="com.moovt.LocationFunctionalTests" name="testState" time="1.987" />

      <testcase classname="com.moovt.LocationFunctionalTests" name="testSearchBadJSON" time="0.052" />

      <testcase classname="com.moovt.LocationFunctionalTests" name="testSearchNoLocation" time="0.05" />

      <testcase classname="com.moovt.LocationFunctionalTests" name="testSearchStreet" time="0.164" />

      <testcase classname="com.moovt.LocationFunctionalTests" name="testSearchCity" time="0.162" />

      <system-out><![CDATA[--Output from testState--
Switching to browser client [default]
Creating to new client [default] of type [class com.grailsrocks.functionaltest.client.BrowserClient]

== Making request POST http://localhost:8080/moovt/location/search parameters: ==
== Request headers: ============================================================
Accept-Encoding: gzip, deflate
Content-Type: application/json
Accept: */*
== Content =====================================================================

{"location":"MG"}	
				
================================================================================
HTTP/1.1 200 OK
[[address_components:[[long_name:Minas Gerais, short_name:MG, types:[administrative_area_level_1, political]], [long_name:Brazil, short_name:BR, types:[country, political]]], formatted_address:Minas Gerais, Brazil, geometry:[bounds:[northeast:[lat:-14.2330917, lng:-39.85684850000001], southwest:[lat:-22.9228324, lng:-51.0466651]], location:[lat:-17.930178, lng:-43.7908453], location_type:APPROXIMATE, viewport:[northeast:[lat:-14.2330917, lng:-39.85684850000001], southwest:[lat:-22.9228324, lng:-51.0466651]]], types:[administrative_area_level_1, political]]]
administrative_area_level_1
political
country
political
Interceptor createPage: TopLevelWindow[name=""]
Content of web window [TopLevelWindow[name=""]] changed
== Response was 200 (OK) headers: ==============================================
================================================================================
== Content =====================================================================
{"locations":[]}
================================================================================
#
--Output from testSearchBadJSON--
Switching to browser client [default]
Creating to new client [default] of type [class com.grailsrocks.functionaltest.client.BrowserClient]

== Making request POST http://localhost:8080/moovt/location/search parameters: ==
== Request headers: ============================================================
Accept-Encoding: gzip, deflate
Content-Type: application/json
Accept: */*
== Content =====================================================================

================================================================================
Interceptor createPage: TopLevelWindow[name=""]
Content of web window [TopLevelWindow[name=""]] changed
== Response was 200 (OK) headers: ==============================================
================================================================================
== Content =====================================================================
{"code":"ERROR","msg":"A JSONObject text must begin with '{' at character 0 of "}
================================================================================
#
--Output from testSearchNoLocation--
Switching to browser client [default]
Creating to new client [default] of type [class com.grailsrocks.functionaltest.client.BrowserClient]

== Making request POST http://localhost:8080/moovt/location/search parameters: ==
== Request headers: ============================================================
Accept-Encoding: gzip, deflate
Content-Type: application/json
Accept: */*
== Content =====================================================================

{"thisMustBeLocation":"Rua Major Lopes 55, Belo Horizonte, MG"}				
================================================================================
Interceptor createPage: TopLevelWindow[name=""]
Content of web window [TopLevelWindow[name=""]] changed
== Response was 200 (OK) headers: ==============================================
================================================================================
== Content =====================================================================
{"class":"com.moovt.CallResult","code":"ERROR","message":"Input JSON must contain a location element","type":"SYSTEM"}
================================================================================
#
--Output from testSearchStreet--
Switching to browser client [default]
Creating to new client [default] of type [class com.grailsrocks.functionaltest.client.BrowserClient]

== Making request POST http://localhost:8080/moovt/location/search parameters: ==
== Request headers: ============================================================
Accept-Encoding: gzip, deflate
Content-Type: application/json
Accept: */*
== Content =====================================================================

{"location":"Rua Major Lopes 55, Belo Horizonte, MG"}	
				
================================================================================
HTTP/1.1 200 OK
[]
HTTP/1.1 200 OK
[[address_components:[[long_name:55, short_name:55, types:[street_number]], [long_name:Rua Major Lopes, short_name:R. Maj. Lopes, types:[route]], [long_name:São Pedro, short_name:São Pedro, types:[sublocality, political]], [long_name:Belo Horizonte, short_name:Belo Horizonte, types:[locality, political]], [long_name:Minas Gerais, short_name:MG, types:[administrative_area_level_1, political]], [long_name:Brazil, short_name:BR, types:[country, political]], [long_name:30330-050, short_name:30330-050, types:[postal_code]]], formatted_address:Rua Major Lopes, 55 - São Pedro, Belo Horizonte - Minas Gerais, 30330-050, Brazil, geometry:[bounds:[northeast:[lat:-19.9413628, lng:-43.9373064], southwest:[lat:-19.941379, lng:-43.93731289999999]], location:[lat:-19.9413628, lng:-43.9373064], location_type:RANGE_INTERPOLATED, viewport:[northeast:[lat:-19.9400219197085, lng:-43.9359606697085], southwest:[lat:-19.9427198802915, lng:-43.93865863029149]]], types:[street_address]]]
street_number
route
sublocality
political
locality
political
administrative_area_level_1
political
country
political
postal_code
Interceptor createPage: TopLevelWindow[name=""]
Content of web window [TopLevelWindow[name=""]] changed
== Response was 200 (OK) headers: ==============================================
================================================================================
== Content =====================================================================
{"locations":[{"locationName":"Rua Major Lopes, 55","politicalName":"Belo Horizonte, MG, BR","latitude":-19.9413628,"longitude":-43.9373064,"locationType":"RANGE_INTERPOLATED"}]}
================================================================================
#
--Output from testSearchCity--
Switching to browser client [default]
Creating to new client [default] of type [class com.grailsrocks.functionaltest.client.BrowserClient]

== Making request POST http://localhost:8080/moovt/location/search parameters: ==
== Request headers: ============================================================
Accept-Encoding: gzip, deflate
Content-Type: application/json
Accept: */*
== Content =====================================================================

{"location":"Belo Horizonte, MG"}	
				
================================================================================
HTTP/1.1 200 OK
[[address_components:[[long_name:Belo Horizonte, short_name:Belo Horizonte, types:[locality, political]], [long_name:Minas Gerais, short_name:MG, types:[administrative_area_level_1, political]], [long_name:Brazil, short_name:BR, types:[country, political]]], formatted_address:Belo Horizonte - Minas Gerais, Brazil, geometry:[bounds:[northeast:[lat:-19.7775663, lng:-43.856856], southwest:[lat:-20.0598165, lng:-44.0628097]], location:[lat:-19.9190677, lng:-43.9385747], location_type:APPROXIMATE, viewport:[northeast:[lat:-19.7775663, lng:-43.856856], southwest:[lat:-20.0598165, lng:-44.0628097]]], types:[locality, political]]]
locality
political
administrative_area_level_1
political
country
political
Interceptor createPage: TopLevelWindow[name=""]
Content of web window [TopLevelWindow[name=""]] changed
== Response was 200 (OK) headers: ==============================================
================================================================================
== Content =====================================================================
{"locations":[{"locationName":"Belo Horizonte","politicalName":"Minas Gerais, Brazil","latitude":-19.9190677,"longitude":-43.9385747,"locationType":"APPROXIMATE"}]}
================================================================================
#
]]></system-out>

      <system-err><![CDATA[--Output from testState--
--Output from testSearchBadJSON--
--Output from testSearchNoLocation--
--Output from testSearchStreet--
--Output from testSearchCity--
]]></system-err>

  </testsuite>
  <testsuite errors="0" failures="0" hostname="MNEGONCALVES" id="1" name="LoginFunctionalTests" package="com.moovt" tests="13" time="2.578" timestamp="2013-04-12T17:58:08">
      <properties />

      <testcase classname="com.moovt.LoginFunctionalTests" name="testLoginTenantNotFoundEnglish" time="0.193" />

      <testcase classname="com.moovt.LoginFunctionalTests" name="testLoginTenantNotFoundPortuguese" time="0.114" />

      <testcase classname="com.moovt.LoginFunctionalTests" name="testLoginNoPasswordPortuguese" time="0.129" />

      <testcase classname="com.moovt.LoginFunctionalTests" name="testLoginNoUsernamedPortuguese" time="0.077" />

      <testcase classname="com.moovt.LoginFunctionalTests" name="testLoginSuccessEnglish" time="1.144" />

      <testcase classname="com.moovt.LoginFunctionalTests" name="testLoginBadMessage" time="0.045" />

      <testcase classname="com.moovt.LoginFunctionalTests" name="testLoginFailedPortuguese" time="0.105" />

      <testcase classname="com.moovt.LoginFunctionalTests" name="testLoginNoTenantEnglish" time="0.099" />

      <testcase classname="com.moovt.LoginFunctionalTests" name="testLoginNoTenantPortuguese" time="0.063" />

      <testcase classname="com.moovt.LoginFunctionalTests" name="testLoginNoUsernamedEnglish" time="0.101" />

      <testcase classname="com.moovt.LoginFunctionalTests" name="testLoginNoPasswordEnglish" time="0.235" />

      <testcase classname="com.moovt.LoginFunctionalTests" name="testLoginSuccessPortuguese" time="0.127" />

      <testcase classname="com.moovt.LoginFunctionalTests" name="testLoginFailedEnglish" time="0.122" />

      <system-out><![CDATA[--Output from testLoginTenantNotFoundEnglish--
Switching to browser client [default]
Creating to new client [default] of type [class com.grailsrocks.functionaltest.client.BrowserClient]

== Making request POST http://localhost:8080/moovt/login/authenticateUser parameters: ==
== Request headers: ============================================================
Accept-Language: en-US
Accept-Encoding: gzip, deflate
Content-Type: application/json
Accept: */*
== Content =====================================================================

				{"type":"Self","tenantname": "BadTenant", "username": "admin", "password":"admin"}
				
================================================================================
Interceptor createPage: TopLevelWindow[name=""]
Content of web window [TopLevelWindow[name=""]] changed
== Response was 200 (OK) headers: ==============================================
================================================================================
== Content =====================================================================
{"class":"com.moovt.CallResult","code":"ERROR","message":"This company (BadTenant) was not found. Please enter a valid company name.","type":"USER"}
================================================================================
#
--Output from testLoginTenantNotFoundPortuguese--
Switching to browser client [default]
Creating to new client [default] of type [class com.grailsrocks.functionaltest.client.BrowserClient]

== Making request POST http://localhost:8080/moovt/login/authenticateUser parameters: ==
== Request headers: ============================================================
Accept-Language: pt-BR
Accept-Encoding: gzip, deflate
Content-Type: application/json
Accept: */*
== Content =====================================================================

				{"type":"Self","tenantname": "BadTenant", "username": "admin", "password":"admin"}
				
================================================================================
Interceptor createPage: TopLevelWindow[name=""]
Content of web window [TopLevelWindow[name=""]] changed
== Response was 200 (OK) headers: ==============================================
================================================================================
== Content =====================================================================
{"class":"com.moovt.CallResult","code":"ERROR","message":"Esta companhia (BadTenant) não foi encontrada.","type":"USER"}
================================================================================
#
--Output from testLoginNoPasswordPortuguese--
Switching to browser client [default]
Creating to new client [default] of type [class com.grailsrocks.functionaltest.client.BrowserClient]

== Making request POST http://localhost:8080/moovt/login/authenticateUser parameters: ==
== Request headers: ============================================================
Accept-Language: pt-BR
Accept-Encoding: gzip, deflate
Content-Type: application/json
Accept: */*
== Content =====================================================================

				{"type":"Self","tenantname": "naSavassi", "username": "admin", "password":""}
				
================================================================================
Interceptor createPage: TopLevelWindow[name=""]
Content of web window [TopLevelWindow[name=""]] changed
== Response was 200 (OK) headers: ==============================================
================================================================================
== Content =====================================================================
{"class":"com.moovt.CallResult","code":"ERROR","message":"A senha deve ser preenchida.","type":"USER"}
================================================================================
#
--Output from testLoginNoUsernamedPortuguese--
Switching to browser client [default]
Creating to new client [default] of type [class com.grailsrocks.functionaltest.client.BrowserClient]

== Making request POST http://localhost:8080/moovt/login/authenticateUser parameters: ==
== Request headers: ============================================================
Accept-Language: pt-BR
Accept-Encoding: gzip, deflate
Content-Type: application/json
Accept: */*
== Content =====================================================================

				{"type":"Self","tenantname": "naSavassi", "username": "", "password":"admin"}
				
================================================================================
Interceptor createPage: TopLevelWindow[name=""]
Content of web window [TopLevelWindow[name=""]] changed
== Response was 200 (OK) headers: ==============================================
================================================================================
== Content =====================================================================
{"class":"com.moovt.CallResult","code":"ERROR","message":"O nome do usuário deve ser preenchido.","type":"USER"}
================================================================================
#
--Output from testLoginSuccessEnglish--
Switching to browser client [default]
Creating to new client [default] of type [class com.grailsrocks.functionaltest.client.BrowserClient]

== Making request POST http://localhost:8080/moovt/login/authenticateUser parameters: ==
== Request headers: ============================================================
Accept-Language: en-US
Accept-Encoding: gzip, deflate
Content-Type: application/json
Accept: */*
== Content =====================================================================

				{"type":"Self","tenantname":"WorldTaxi","username":"jgoodrider","password":"Welcome!1"}
				
================================================================================
ROLE_PASSENGER
ROLE_RIDE_MGR
Interceptor createPage: TopLevelWindow[name=""]
Content of web window [TopLevelWindow[name=""]] changed
== Response was 200 (OK) headers: ==============================================
================================================================================
== Content =====================================================================
{"type":"USER","code":"SUCCESS","message":"Login successful.","JSESSIONID":"1E7F9BBFD8EC7060429164C06A8FFDD9","userType":"PASSENGER"}
================================================================================
#
--Output from testLoginBadMessage--
Switching to browser client [default]
Creating to new client [default] of type [class com.grailsrocks.functionaltest.client.BrowserClient]

== Making request POST http://localhost:8080/moovt/login/authenticateUser parameters: ==
== Request headers: ============================================================
Accept-Encoding: gzip, deflate
Content-Type: application/json
Accept: */*
== Content =====================================================================

================================================================================
Interceptor createPage: TopLevelWindow[name=""]
Content of web window [TopLevelWindow[name=""]] changed
== Response was 200 (OK) headers: ==============================================
================================================================================
== Content =====================================================================
{"class":"com.moovt.CallResult","code":"ERROR","message":"A JSONObject text must begin with '{' at character 0 of ","type":"SYSTEM"}
================================================================================
#
--Output from testLoginFailedPortuguese--
Switching to browser client [default]
Creating to new client [default] of type [class com.grailsrocks.functionaltest.client.BrowserClient]

== Making request POST http://localhost:8080/moovt/login/authenticateUser parameters: ==
== Request headers: ============================================================
Accept-Language: pt-BR
Accept-Encoding: gzip, deflate
Content-Type: application/json
Accept: */*
== Content =====================================================================

				{"type":"Self","tenantname": "naSavassi", "username": "admin", "password":"badPw"}
				
================================================================================
Interceptor createPage: TopLevelWindow[name=""]
Content of web window [TopLevelWindow[name=""]] changed
== Response was 200 (OK) headers: ==============================================
================================================================================
== Content =====================================================================
{"class":"com.moovt.CallResult","code":"ERROR","message":"Usuário e senha inválidos.","type":"USER"}
================================================================================
#
--Output from testLoginNoTenantEnglish--
Switching to browser client [default]
Creating to new client [default] of type [class com.grailsrocks.functionaltest.client.BrowserClient]

== Making request POST http://localhost:8080/moovt/login/authenticateUser parameters: ==
== Request headers: ============================================================
Accept-Language: en-US
Accept-Encoding: gzip, deflate
Content-Type: application/json
Accept: */*
== Content =====================================================================

				{"type":"Self","tenantname": "", "username": "admin", "password":"admin"}
				
================================================================================
Interceptor createPage: TopLevelWindow[name=""]
Content of web window [TopLevelWindow[name=""]] changed
== Response was 200 (OK) headers: ==============================================
================================================================================
== Content =====================================================================
{"class":"com.moovt.CallResult","code":"ERROR","message":"Authentication failed because no company was provided. Please enter a company.","type":"USER"}
================================================================================
#
--Output from testLoginNoTenantPortuguese--
Switching to browser client [default]
Creating to new client [default] of type [class com.grailsrocks.functionaltest.client.BrowserClient]

== Making request POST http://localhost:8080/moovt/login/authenticateUser parameters: ==
== Request headers: ============================================================
Accept-Language: pt-BR
Accept-Encoding: gzip, deflate
Content-Type: application/json
Accept: */*
== Content =====================================================================

				{"type":"Self","tenantname": "", "username": "admin", "password":"admin"}
				
================================================================================
Interceptor createPage: TopLevelWindow[name=""]
Content of web window [TopLevelWindow[name=""]] changed
== Response was 200 (OK) headers: ==============================================
================================================================================
== Content =====================================================================
{"class":"com.moovt.CallResult","code":"ERROR","message":"A companhia deve ser preenchida.","type":"USER"}
================================================================================
#
--Output from testLoginNoUsernamedEnglish--
Switching to browser client [default]
Creating to new client [default] of type [class com.grailsrocks.functionaltest.client.BrowserClient]

== Making request POST http://localhost:8080/moovt/login/authenticateUser parameters: ==
== Request headers: ============================================================
Accept-Language: en-US
Accept-Encoding: gzip, deflate
Content-Type: application/json
Accept: */*
== Content =====================================================================

				{"type":"Self","tenantname": "naSavassi", "username": "", "password":"admin"}
				
================================================================================
Interceptor createPage: TopLevelWindow[name=""]
Content of web window [TopLevelWindow[name=""]] changed
== Response was 200 (OK) headers: ==============================================
================================================================================
== Content =====================================================================
{"class":"com.moovt.CallResult","code":"ERROR","message":"Authentication failed because no username was provided. Please enter a username.","type":"USER"}
================================================================================
#
--Output from testLoginNoPasswordEnglish--
Switching to browser client [default]
Creating to new client [default] of type [class com.grailsrocks.functionaltest.client.BrowserClient]

== Making request POST http://localhost:8080/moovt/login/authenticateUser parameters: ==
== Request headers: ============================================================
Accept-Language: en-US
Accept-Encoding: gzip, deflate
Content-Type: application/json
Accept: */*
== Content =====================================================================

				{"type":"Self","tenantname": "naSavassi", "username": "admin", "password":""}
				
================================================================================
Interceptor createPage: TopLevelWindow[name=""]
Content of web window [TopLevelWindow[name=""]] changed
== Response was 200 (OK) headers: ==============================================
================================================================================
== Content =====================================================================
{"class":"com.moovt.CallResult","code":"ERROR","message":"Authentication failed because no password was provided. Please enter a password.","type":"USER"}
================================================================================
#
--Output from testLoginSuccessPortuguese--
Switching to browser client [default]
Creating to new client [default] of type [class com.grailsrocks.functionaltest.client.BrowserClient]

== Making request POST http://localhost:8080/moovt/login/authenticateUser parameters: ==
== Request headers: ============================================================
Accept-Language: pt-BR
Accept-Encoding: gzip, deflate
Content-Type: application/json
Accept: */*
== Content =====================================================================

				{"type":"Self","tenantname": "naSavassi", "username": "admin", "password":"admin"}
				
================================================================================
ROLE_ADMIN
ROLE_ITEM_MGR
Interceptor createPage: TopLevelWindow[name=""]
Content of web window [TopLevelWindow[name=""]] changed
== Response was 200 (OK) headers: ==============================================
================================================================================
== Content =====================================================================
{"type":"USER","code":"SUCCESS","message":"Login bem sucedido.","JSESSIONID":"80F080EAC8011ED015730A99297B4504","userType":"NO_TYPE"}
================================================================================
#
--Output from testLoginFailedEnglish--
Switching to browser client [default]
Creating to new client [default] of type [class com.grailsrocks.functionaltest.client.BrowserClient]

== Making request POST http://localhost:8080/moovt/login/authenticateUser parameters: ==
== Request headers: ============================================================
Accept-Language: en-US
Accept-Encoding: gzip, deflate
Content-Type: application/json
Accept: */*
== Content =====================================================================

				{"type":"Self","tenantname": "naSavassi", "username": "admin", "password":"badPw"}
				
================================================================================
Interceptor createPage: TopLevelWindow[name=""]
Content of web window [TopLevelWindow[name=""]] changed
== Response was 200 (OK) headers: ==============================================
================================================================================
== Content =====================================================================
{"class":"com.moovt.CallResult","code":"ERROR","message":"User name and or password is invalid. Please try again.","type":"USER"}
================================================================================
#
]]></system-out>

      <system-err><![CDATA[--Output from testLoginTenantNotFoundEnglish--
--Output from testLoginTenantNotFoundPortuguese--
--Output from testLoginNoPasswordPortuguese--
--Output from testLoginNoUsernamedPortuguese--
--Output from testLoginSuccessEnglish--
--Output from testLoginBadMessage--
--Output from testLoginFailedPortuguese--
--Output from testLoginNoTenantEnglish--
--Output from testLoginNoTenantPortuguese--
--Output from testLoginNoUsernamedEnglish--
--Output from testLoginNoPasswordEnglish--
--Output from testLoginSuccessPortuguese--
--Output from testLoginFailedEnglish--
]]></system-err>

  </testsuite>
  <testsuite errors="0" failures="0" hostname="MNEGONCALVES" id="2" name="RideFunctionalTests" package="com.moovt" tests="5" time="0.786" timestamp="2013-04-12T17:58:11">
      <properties />

      <testcase classname="com.moovt.RideFunctionalTests" name="testAssignRideToDriverEnglish" time="0.158" />

      <testcase classname="com.moovt.RideFunctionalTests" name="testRetrievePassengerRidesEnglish" time="0.284" />

      <testcase classname="com.moovt.RideFunctionalTests" name="testRetrieveUnassignedRideInDriverMetroEnglish" time="0.111" />

      <testcase classname="com.moovt.RideFunctionalTests" name="testCreateRideENglish" time="0.106" />

      <testcase classname="com.moovt.RideFunctionalTests" name="testRetrieveAllRidesEnglish" time="0.12" />

      <system-out><![CDATA[--Output from testAssignRideToDriverEnglish--
Switching to browser client [default]
Creating to new client [default] of type [class com.grailsrocks.functionaltest.client.BrowserClient]

== Making request POST http://localhost:8080/moovt/login/authenticateUser parameters: ==
== Request headers: ============================================================
Accept-Encoding: gzip, deflate
Content-Type: application/json
Accept: */*
== Content =====================================================================

				{"type":"Self","tenantname":"WorldTaxi","username":"jgoodarm","password":"Welcome!1"}
				
================================================================================
ROLE_DRIVER
ROLE_RIDE_MGR
Interceptor createPage: TopLevelWindow[name=""]
Content of web window [TopLevelWindow[name=""]] changed
== Response was 200 (OK) headers: ==============================================
================================================================================
== Content =====================================================================
{"type":"USER","code":"SUCCESS","message":"Login successful.","JSESSIONID":"AC27EB2BB72A9771A13F31C30969D42E","userType":"DRIVER"}
================================================================================
#
== Making request POST http://localhost:8080/moovt/ride/assignRideToDriver parameters: ==
== Request headers: ============================================================
Accept-Encoding: gzip, deflate
Content-Type: application/json
Accept: */*
== Content =====================================================================

				{"id":"1","version":"1"}
				
================================================================================
Interceptor createPage: TopLevelWindow[name=""]
Content of web window [TopLevelWindow[name=""]] changed
== Response was 200 (OK) headers: ==============================================
================================================================================
== Content =====================================================================
{"class":"com.moovt.CallResult","code":"SUCCESS","message":"Ride 1 updated","type":"USER"}
================================================================================
#
--Output from testRetrievePassengerRidesEnglish--
Switching to browser client [default]
Creating to new client [default] of type [class com.grailsrocks.functionaltest.client.BrowserClient]

== Making request POST http://localhost:8080/moovt/login/authenticateUser parameters: ==
== Request headers: ============================================================
Accept-Encoding: gzip, deflate
Content-Type: application/json
Accept: */*
== Content =====================================================================

				{"type":"Self","tenantname":"WorldTaxi","username":"jgoodrider","password":"Welcome!1"}
				
================================================================================
ROLE_PASSENGER
ROLE_RIDE_MGR
Interceptor createPage: TopLevelWindow[name=""]
Content of web window [TopLevelWindow[name=""]] changed
== Response was 200 (OK) headers: ==============================================
================================================================================
== Content =====================================================================
{"type":"USER","code":"SUCCESS","message":"Login successful.","JSESSIONID":"731CA361E626657FA46DA64405190793","userType":"PASSENGER"}
================================================================================
#
== Making request POST http://localhost:8080/moovt/ride/retrievePassengerRides parameters: ==
== Request headers: ============================================================
Accept-Encoding: gzip, deflate
Content-Type: application/json
Accept: */*
== Content =====================================================================

				{}
				
================================================================================
Interceptor createPage: TopLevelWindow[name=""]
Content of web window [TopLevelWindow[name=""]] changed
== Response was 200 (OK) headers: ==============================================
================================================================================
== Content =====================================================================
{"rides":[{"id":2,"version":0,"rideStatus":"UNASSIGNED","driver":null,"passenger":{"id":5},"pickupDateTime":"2013-03-13 20:10","pickUpAddress":{"locationName":"Naperville","politicalName":"IL, United States","latitude":41.7858629,"longitude":-88.1472893,"locationType":"APPROXIMATE"},"dropOffAddress":{"locationName":"Naperville","politicalName":"IL, United States","latitude":41.7858629,"longitude":-88.1472893,"locationType":"APPROXIMATE"},"rating":null,"comments":null},{"id":1,"version":2,"rideStatus":"ASSIGNED","driver":{"id":6,"servedLocation":{"locationName":"Naperville","politicalName":"IL, United States","latitude":41.7858629,"longitude":-88.1472893,"locationType":"APPROXIMATE"},"carType":{"code":"VAN","description":"Van"},"radiusServed":{"code":"RADIUS_100","description":"100 Miles"},"activeStatus":{"code":"ENABLED","description":"Enabled"}},"passenger":{"id":5},"pickupDateTime":"2013-03-13 20:10","pickUpAddress":{"locationName":"Naperville","politicalName":"IL, United States","latitude":41.7858629,"longitude":-88.1472893,"locationType":"APPROXIMATE"},"dropOffAddress":{"locationName":"Naperville","politicalName":"IL, United States","latitude":41.7858629,"longitude":-88.1472893,"locationType":"APPROXIMATE"},"rating":null,"comments":null}]}
================================================================================
#
--Output from testRetrieveUnassignedRideInDriverMetroEnglish--
Switching to browser client [default]
Creating to new client [default] of type [class com.grailsrocks.functionaltest.client.BrowserClient]

== Making request POST http://localhost:8080/moovt/login/authenticateUser parameters: ==
== Request headers: ============================================================
Accept-Encoding: gzip, deflate
Content-Type: application/json
Accept: */*
== Content =====================================================================

				{"type":"Self","tenantname":"WorldTaxi","username":"jgoodarm","password":"Welcome!1"}
				
================================================================================
ROLE_DRIVER
ROLE_RIDE_MGR
Interceptor createPage: TopLevelWindow[name=""]
Content of web window [TopLevelWindow[name=""]] changed
== Response was 200 (OK) headers: ==============================================
================================================================================
== Content =====================================================================
{"type":"USER","code":"SUCCESS","message":"Login successful.","JSESSIONID":"72B68C5F16356C9A0E523BA67F37B12A","userType":"DRIVER"}
================================================================================
#
== Making request POST http://localhost:8080/moovt/ride/retrieveUnassignedRideInServedArea parameters: ==
== Request headers: ============================================================
Accept-Encoding: gzip, deflate
Content-Type: application/json
Accept: */*
== Content =====================================================================

				{}
				
================================================================================
Interceptor createPage: TopLevelWindow[name=""]
Content of web window [TopLevelWindow[name=""]] changed
== Response was 200 (OK) headers: ==============================================
================================================================================
== Content =====================================================================
{"rides":[{"id":2,"version":0,"rideStatus":"UNASSIGNED","driver":null,"passenger":{"id":5},"pickupDateTime":"2013-03-13 20:10","pickUpAddress":{"locationName":"Naperville","politicalName":"IL, United States","latitude":41.7858629,"longitude":-88.1472893,"locationType":"APPROXIMATE"},"dropOffAddress":{"locationName":"Naperville","politicalName":"IL, United States","latitude":41.7858629,"longitude":-88.1472893,"locationType":"APPROXIMATE"},"rating":null,"comments":null}]}
================================================================================
#
--Output from testCreateRideENglish--
Switching to browser client [default]
Creating to new client [default] of type [class com.grailsrocks.functionaltest.client.BrowserClient]

== Making request POST http://localhost:8080/moovt/login/authenticateUser parameters: ==
== Request headers: ============================================================
Accept-Encoding: gzip, deflate
Content-Type: application/json
Accept: */*
== Content =====================================================================

				{"type":"Self","tenantname":"WorldTaxi","username":"jgoodrider","password":"Welcome!1"}
				
================================================================================
ROLE_PASSENGER
ROLE_RIDE_MGR
Interceptor createPage: TopLevelWindow[name=""]
Content of web window [TopLevelWindow[name=""]] changed
== Response was 200 (OK) headers: ==============================================
================================================================================
== Content =====================================================================
{"type":"USER","code":"SUCCESS","message":"Login successful.","JSESSIONID":"31F60D9A23FE3234199379BC117C6A38","userType":"PASSENGER"}
================================================================================
#
== Making request POST http://localhost:8080/moovt/ride/createRide parameters: ==
== Request headers: ============================================================
Accept-Encoding: gzip, deflate
Content-Type: application/json
Accept: */*
== Content =====================================================================

{"pickupDateTime":"2013-03-15 06:30",
 "pickUpLocation":{"locationName":"Rua PickUp Major Lopes, 55","politicalName":"Belo Horizonte, MG, BR","latitude":-19.9413628,"longitude":-43.9373064,"locationType":"RANGE_INTERPOLATED"},
 "dropOffLocation":{"locationName":"Rua DropOff Major Lopes, 55","politicalName":"Belo Horizonte, MG, BR","latitude":-19.9413628,"longitude":-43.9373064,"locationType":"RANGE_INTERPOLATED"}
}
				
================================================================================
Interceptor createPage: TopLevelWindow[name=""]
Content of web window [TopLevelWindow[name=""]] changed
== Response was 200 (OK) headers: ==============================================
================================================================================
== Content =====================================================================
{"class":"com.moovt.CallResult","code":"SUCCESS","message":"Ride 3 created","type":"USER"}
================================================================================
#
--Output from testRetrieveAllRidesEnglish--
Switching to browser client [default]
Creating to new client [default] of type [class com.grailsrocks.functionaltest.client.BrowserClient]

== Making request POST http://localhost:8080/moovt/login/authenticateUser parameters: ==
== Request headers: ============================================================
Accept-Encoding: gzip, deflate
Content-Type: application/json
Accept: */*
== Content =====================================================================

				{"type":"Self","tenantname":"WorldTaxi","username":"admin","password":"admin"}
				
================================================================================
ROLE_ADMIN
Interceptor createPage: TopLevelWindow[name=""]
Content of web window [TopLevelWindow[name=""]] changed
== Response was 200 (OK) headers: ==============================================
================================================================================
== Content =====================================================================
{"type":"USER","code":"SUCCESS","message":"Login successful.","JSESSIONID":"B85EFD6AD5966E8271DA5E9C10852237","userType":"NO_TYPE"}
================================================================================
#
== Making request POST http://localhost:8080/moovt/ride/retrieveAllRides parameters: ==
== Request headers: ============================================================
Accept-Encoding: gzip, deflate
Content-Type: application/json
Accept: */*
== Content =====================================================================

				{}
				
================================================================================
Interceptor createPage: TopLevelWindow[name=""]
Content of web window [TopLevelWindow[name=""]] changed
== Response was 200 (OK) headers: ==============================================
================================================================================
== Content =====================================================================
{"rides":[{"id":1,"version":2,"rideStatus":"ASSIGNED","driver":{"id":6,"servedLocation":{"locationName":"Naperville","politicalName":"IL, United States","latitude":41.7858629,"longitude":-88.1472893,"locationType":"APPROXIMATE"},"carType":{"code":"VAN","description":"Van"},"radiusServed":{"code":"RADIUS_100","description":"100 Miles"},"activeStatus":{"code":"ENABLED","description":"Enabled"}},"passenger":{"id":5},"pickupDateTime":"2013-03-13 20:10","pickUpAddress":{"locationName":"Naperville","politicalName":"IL, United States","latitude":41.7858629,"longitude":-88.1472893,"locationType":"APPROXIMATE"},"dropOffAddress":{"locationName":"Naperville","politicalName":"IL, United States","latitude":41.7858629,"longitude":-88.1472893,"locationType":"APPROXIMATE"},"rating":null,"comments":null},{"id":2,"version":0,"rideStatus":"UNASSIGNED","driver":null,"passenger":{"id":5},"pickupDateTime":"2013-03-13 20:10","pickUpAddress":{"locationName":"Naperville","politicalName":"IL, United States","latitude":41.7858629,"longitude":-88.1472893,"locationType":"APPROXIMATE"},"dropOffAddress":{"locationName":"Naperville","politicalName":"IL, United States","latitude":41.7858629,"longitude":-88.1472893,"locationType":"APPROXIMATE"},"rating":null,"comments":null},{"id":3,"version":1,"rideStatus":"UNASSIGNED","driver":null,"passenger":{"id":5},"pickupDateTime":"2013-03-15 06:30","pickUpAddress":{"locationName":"Rua PickUp Major Lopes, 55","politicalName":"Belo Horizonte, MG, BR","latitude":-19.9413628,"longitude":-43.9373064,"locationType":"RANGE_INTERPOLATED"},"dropOffAddress":{"locationName":"Rua DropOff Major Lopes, 55","politicalName":"Belo Horizonte, MG, BR","latitude":-19.9413628,"longitude":-43.9373064,"locationType":"RANGE_INTERPOLATED"},"rating":null,"comments":null}]}
================================================================================
#
]]></system-out>

      <system-err><![CDATA[--Output from testAssignRideToDriverEnglish--
--Output from testRetrievePassengerRidesEnglish--
--Output from testRetrieveUnassignedRideInDriverMetroEnglish--
--Output from testCreateRideENglish--
--Output from testRetrieveAllRidesEnglish--
]]></system-err>

  </testsuite>
  <testsuite errors="0" failures="0" hostname="MNEGONCALVES" id="3" name="UserFunctionalTests" package="com.moovt" tests="21" time="1.881" timestamp="2013-04-12T17:58:12">
      <properties />

      <testcase classname="com.moovt.UserFunctionalTests" name="testCreateUserNoUserNameEnglish" time="0.175" />

      <testcase classname="com.moovt.UserFunctionalTests" name="testCreateUserSuccessPortuquese" time="0.11" />

      <testcase classname="com.moovt.UserFunctionalTests" name="testCreateUserNoUserNamePortuguese" time="0.069" />

      <testcase classname="com.moovt.UserFunctionalTests" name="testCreateUserBadTenantEnglish" time="0.045" />

      <testcase classname="com.moovt.UserFunctionalTests" name="testCreateUserNoPasswordEnglish" time="0.06" />

      <testcase classname="com.moovt.UserFunctionalTests" name="testCreateUserNoPasswordPortuguese" time="0.06" />

      <testcase classname="com.moovt.UserFunctionalTests" name="testCreateUserNoEmailPortuguese" time="0.058" />

      <testcase classname="com.moovt.UserFunctionalTests" name="testCreateUserDuplicateUsernameEnglish" time="0.079" />

      <testcase classname="com.moovt.UserFunctionalTests" name="testCreateUserDuplicateUsernamePortuguese" time="0.079" />

      <testcase classname="com.moovt.UserFunctionalTests" name="testCreateUserDuplicateEmailEnglish" time="0.068" />

      <testcase classname="com.moovt.UserFunctionalTests" name="testCreateUserDuplicateEmailPortuguese" time="0.058" />

      <testcase classname="com.moovt.UserFunctionalTests" name="testCreateUserPassengerEnglish" time="0.096" />

      <testcase classname="com.moovt.UserFunctionalTests" name="testUpdateUserPassengerEnglish" time="0.158" />

      <testcase classname="com.moovt.UserFunctionalTests" name="testRetrieveUserDetailByIdEnglish" time="0.098" />

      <testcase classname="com.moovt.UserFunctionalTests" name="testRetrieveLoggedUserDetailsIdEnglish" time="0.108" />

      <testcase classname="com.moovt.UserFunctionalTests" name="testUpdateUserDriverEnglish" time="0.114" />

      <testcase classname="com.moovt.UserFunctionalTests" name="testCreateUserDriverEnglish" time="0.088" />

      <testcase classname="com.moovt.UserFunctionalTests" name="testCreateUserNoEmailEnglish" time="0.045" />

      <testcase classname="com.moovt.UserFunctionalTests" name="testCreateUserSuccessEnglish" time="0.116" />

      <testcase classname="com.moovt.UserFunctionalTests" name="testCreateUserBadMessage" time="0.03" />

      <testcase classname="com.moovt.UserFunctionalTests" name="testRetrieveAllUsersrEnglish" time="0.142" />

      <system-out><![CDATA[--Output from testCreateUserNoUserNameEnglish--
Switching to browser client [default]
Creating to new client [default] of type [class com.grailsrocks.functionaltest.client.BrowserClient]

== Making request POST http://localhost:8080/moovt/user/createUser parameters: ==
== Request headers: ============================================================
Accept-Language: en-US
Accept-Encoding: gzip, deflate
Content-Type: application/json
Accept: */*
== Content =====================================================================

				{"tenantname": "naSavassi", "email":"noUserName@test.com", "username": "", "password":"moovieGoer", "firstName":"TestFirstName", lastName: "TestLastName","phone":"800-800-8080", "locale": "en_US"}
				
================================================================================
Errors are Field error in object 'com.moovt.common.User' on field 'username': rejected value []; codes [com.moovt.common.User.username.blank.error.com.moovt.common.User.username,com.moovt.common.User.username.blank.error.username,com.moovt.common.User.username.blank.error.java.lang.String,com.moovt.common.User.username.blank.error,user.username.blank.error.com.moovt.common.User.username,user.username.blank.error.username,user.username.blank.error.java.lang.String,user.username.blank.error,com.moovt.common.User.username.blank.com.moovt.common.User.username,com.moovt.common.User.username.blank.username,com.moovt.common.User.username.blank.java.lang.String,com.moovt.common.User.username.blank,user.username.blank.com.moovt.common.User.username,user.username.blank.username,user.username.blank.java.lang.String,user.username.blank,blank.com.moovt.common.User.username,blank.username,blank.java.lang.String,blank]; arguments [username,class com.moovt.common.User]; default message [Property [{0}] of class [{1}] cannot be blank]
Interceptor createPage: TopLevelWindow[name=""]
Content of web window [TopLevelWindow[name=""]] changed
== Response was 200 (OK) headers: ==============================================
================================================================================
== Content =====================================================================
{"class":"com.moovt.CallResult","code":"ERROR","message":"The user name must be provided.","type":"USER"}
================================================================================
#
--Output from testCreateUserSuccessPortuquese--
Switching to browser client [default]
Creating to new client [default] of type [class com.grailsrocks.functionaltest.client.BrowserClient]

== Making request POST http://localhost:8080/moovt/user/createUser parameters: ==
== Request headers: ============================================================
Accept-Language: pt-BR
Accept-Encoding: gzip, deflate
Content-Type: application/json
Accept: */*
== Content =====================================================================

				{"tenantname": "naSavassi", "email":"movieLover@test.com", "username": "moovieLover", "password":"moovieLover", "firstName":"TestFirstName", lastName: "TestLastName","phone":"800-800-8080", "locale": "pt_BR"}
				
================================================================================
Interceptor createPage: TopLevelWindow[name=""]
Content of web window [TopLevelWindow[name=""]] changed
== Response was 200 (OK) headers: ==============================================
================================================================================
== Content =====================================================================
{"type":"USER","code":"SUCCESS","message":"Usuário moovieLover criado","JSESSIONID":"6BC65F1F69DBFC3F0FA73FDACBFE2AF3"}
================================================================================
#
--Output from testCreateUserNoUserNamePortuguese--
Switching to browser client [default]
Creating to new client [default] of type [class com.grailsrocks.functionaltest.client.BrowserClient]

== Making request POST http://localhost:8080/moovt/user/createUser parameters: ==
== Request headers: ============================================================
Accept-Language: pt-BR
Accept-Encoding: gzip, deflate
Content-Type: application/json
Accept: */*
== Content =====================================================================

				{"tenantname": "naSavassi", "email":"noUserName@test.com", "username": "", "password":"moovieGoer", "firstName":"TestFirstName", lastName: "TestLastName","phone":"800-800-8080", "locale": "pt_BR"}
				
================================================================================
Errors are Field error in object 'com.moovt.common.User' on field 'username': rejected value []; codes [com.moovt.common.User.username.blank.error.com.moovt.common.User.username,com.moovt.common.User.username.blank.error.username,com.moovt.common.User.username.blank.error.java.lang.String,com.moovt.common.User.username.blank.error,user.username.blank.error.com.moovt.common.User.username,user.username.blank.error.username,user.username.blank.error.java.lang.String,user.username.blank.error,com.moovt.common.User.username.blank.com.moovt.common.User.username,com.moovt.common.User.username.blank.username,com.moovt.common.User.username.blank.java.lang.String,com.moovt.common.User.username.blank,user.username.blank.com.moovt.common.User.username,user.username.blank.username,user.username.blank.java.lang.String,user.username.blank,blank.com.moovt.common.User.username,blank.username,blank.java.lang.String,blank]; arguments [username,class com.moovt.common.User]; default message [O campo [{0}] da classe [{1}] não pode ficar em branco]
Interceptor createPage: TopLevelWindow[name=""]
Content of web window [TopLevelWindow[name=""]] changed
== Response was 200 (OK) headers: ==============================================
================================================================================
== Content =====================================================================
{"class":"com.moovt.CallResult","code":"ERROR","message":"O nome do usuário deve ser preenchido.","type":"USER"}
================================================================================
#
--Output from testCreateUserBadTenantEnglish--
Switching to browser client [default]
Creating to new client [default] of type [class com.grailsrocks.functionaltest.client.BrowserClient]

== Making request POST http://localhost:8080/moovt/user/createUser parameters: ==
== Request headers: ============================================================
Accept-Language: en-US
Accept-Encoding: gzip, deflate
Content-Type: application/json
Accept: */*
== Content =====================================================================

				{"tenantname": "TheBadTenant", "email":"movieGoer@test.com","username": "moovieGoer", "password":"moovieGoer", "firstName":"TestFirstName", lastName: "TestLastName","phone":"800-800-8080"}
				
================================================================================
Interceptor createPage: TopLevelWindow[name=""]
Content of web window [TopLevelWindow[name=""]] changed
== Response was 200 (OK) headers: ==============================================
================================================================================
== Content =====================================================================
{"class":"com.moovt.CallResult","code":"ERROR","message":"This tenant (TheBadTenant) does not exist. Please use an existing tenant to create this user.","type":"SYSTEM"}
================================================================================
#
--Output from testCreateUserNoPasswordEnglish--
Switching to browser client [default]
Creating to new client [default] of type [class com.grailsrocks.functionaltest.client.BrowserClient]

== Making request POST http://localhost:8080/moovt/user/createUser parameters: ==
== Request headers: ============================================================
Accept-Language: en-US
Accept-Encoding: gzip, deflate
Content-Type: application/json
Accept: */*
== Content =====================================================================

				{"tenantname": "naSavassi", "email":"noPasswordUser@test.com", "username": "movieFan", "password":"", "firstName":"TestFirstName", lastName: "TestLastName","phone":"800-800-8080", "locale": "en_US"}
				
================================================================================
Errors are Field error in object 'com.moovt.common.User' on field 'password': rejected value []; codes [com.moovt.common.User.password.blank.error.com.moovt.common.User.password,com.moovt.common.User.password.blank.error.password,com.moovt.common.User.password.blank.error.java.lang.String,com.moovt.common.User.password.blank.error,user.password.blank.error.com.moovt.common.User.password,user.password.blank.error.password,user.password.blank.error.java.lang.String,user.password.blank.error,com.moovt.common.User.password.blank.com.moovt.common.User.password,com.moovt.common.User.password.blank.password,com.moovt.common.User.password.blank.java.lang.String,com.moovt.common.User.password.blank,user.password.blank.com.moovt.common.User.password,user.password.blank.password,user.password.blank.java.lang.String,user.password.blank,blank.com.moovt.common.User.password,blank.password,blank.java.lang.String,blank]; arguments [password,class com.moovt.common.User]; default message [Property [{0}] of class [{1}] cannot be blank]
Interceptor createPage: TopLevelWindow[name=""]
Content of web window [TopLevelWindow[name=""]] changed
== Response was 200 (OK) headers: ==============================================
================================================================================
== Content =====================================================================
{"class":"com.moovt.CallResult","code":"ERROR","message":"The password must be provided.","type":"USER"}
================================================================================
#
--Output from testCreateUserNoPasswordPortuguese--
Switching to browser client [default]
Creating to new client [default] of type [class com.grailsrocks.functionaltest.client.BrowserClient]

== Making request POST http://localhost:8080/moovt/user/createUser parameters: ==
== Request headers: ============================================================
Accept-Language: pt-BR
Accept-Encoding: gzip, deflate
Content-Type: application/json
Accept: */*
== Content =====================================================================

				{"tenantname": "naSavassi", "email":"noPasswordUser@test.com", "username": "movieFan", "password":"", "firstName":"TestFirstName", lastName: "TestLastName","phone":"800-800-8080", "locale": "pt_BR"}
				
================================================================================
Errors are Field error in object 'com.moovt.common.User' on field 'password': rejected value []; codes [com.moovt.common.User.password.blank.error.com.moovt.common.User.password,com.moovt.common.User.password.blank.error.password,com.moovt.common.User.password.blank.error.java.lang.String,com.moovt.common.User.password.blank.error,user.password.blank.error.com.moovt.common.User.password,user.password.blank.error.password,user.password.blank.error.java.lang.String,user.password.blank.error,com.moovt.common.User.password.blank.com.moovt.common.User.password,com.moovt.common.User.password.blank.password,com.moovt.common.User.password.blank.java.lang.String,com.moovt.common.User.password.blank,user.password.blank.com.moovt.common.User.password,user.password.blank.password,user.password.blank.java.lang.String,user.password.blank,blank.com.moovt.common.User.password,blank.password,blank.java.lang.String,blank]; arguments [password,class com.moovt.common.User]; default message [O campo [{0}] da classe [{1}] não pode ficar em branco]
Interceptor createPage: TopLevelWindow[name=""]
Content of web window [TopLevelWindow[name=""]] changed
== Response was 200 (OK) headers: ==============================================
================================================================================
== Content =====================================================================
{"class":"com.moovt.CallResult","code":"ERROR","message":"A senha deve ser preenchida.","type":"USER"}
================================================================================
#
--Output from testCreateUserNoEmailPortuguese--
Switching to browser client [default]
Creating to new client [default] of type [class com.grailsrocks.functionaltest.client.BrowserClient]

== Making request POST http://localhost:8080/moovt/user/createUser parameters: ==
== Request headers: ============================================================
Accept-Language: pt-BR
Accept-Encoding: gzip, deflate
Content-Type: application/json
Accept: */*
== Content =====================================================================

				{"tenantname": "naSavassi","email":"", "username": "movieFan", "password":"Welcome!1", "firstName":"TestFirstName", "lastName": "TestLastName","phone":"800-800-8080", "locale": "pt_BR"}
				
================================================================================
Errors are Field error in object 'com.moovt.common.User' on field 'email': rejected value []; codes [com.moovt.common.User.email.blank.error.com.moovt.common.User.email,com.moovt.common.User.email.blank.error.email,com.moovt.common.User.email.blank.error.java.lang.String,com.moovt.common.User.email.blank.error,user.email.blank.error.com.moovt.common.User.email,user.email.blank.error.email,user.email.blank.error.java.lang.String,user.email.blank.error,com.moovt.common.User.email.blank.com.moovt.common.User.email,com.moovt.common.User.email.blank.email,com.moovt.common.User.email.blank.java.lang.String,com.moovt.common.User.email.blank,user.email.blank.com.moovt.common.User.email,user.email.blank.email,user.email.blank.java.lang.String,user.email.blank,blank.com.moovt.common.User.email,blank.email,blank.java.lang.String,blank]; arguments [email,class com.moovt.common.User]; default message [O campo [{0}] da classe [{1}] não pode ficar em branco]
Interceptor createPage: TopLevelWindow[name=""]
Content of web window [TopLevelWindow[name=""]] changed
== Response was 200 (OK) headers: ==============================================
================================================================================
== Content =====================================================================
{"class":"com.moovt.CallResult","code":"ERROR","message":"O email deve ser preenchido.","type":"USER"}
================================================================================
#
--Output from testCreateUserDuplicateUsernameEnglish--
Switching to browser client [default]
Creating to new client [default] of type [class com.grailsrocks.functionaltest.client.BrowserClient]

== Making request POST http://localhost:8080/moovt/user/createUser parameters: ==
== Request headers: ============================================================
Accept-Language: en-US
Accept-Encoding: gzip, deflate
Content-Type: application/json
Accept: */*
== Content =====================================================================

				{"tenantname": "naSavassi", "email":"duplicateUsernameTestEnglish@test.com", "username": "duplicateUser", "password":"moovieGoer", "firstName":"TestFirstName", lastName: "TestLastName","phone":"800-800-8080", "locale": "en_US"}
				
================================================================================
Errors are Field error in object 'com.moovt.common.User' on field 'username': rejected value [duplicateUser]; codes [com.moovt.common.User.username.unique.error.com.moovt.common.User.username,com.moovt.common.User.username.unique.error.username,com.moovt.common.User.username.unique.error.java.lang.String,com.moovt.common.User.username.unique.error,user.username.unique.error.com.moovt.common.User.username,user.username.unique.error.username,user.username.unique.error.java.lang.String,user.username.unique.error,com.moovt.common.User.username.unique.com.moovt.common.User.username,com.moovt.common.User.username.unique.username,com.moovt.common.User.username.unique.java.lang.String,com.moovt.common.User.username.unique,user.username.unique.com.moovt.common.User.username,user.username.unique.username,user.username.unique.java.lang.String,user.username.unique,unique.com.moovt.common.User.username,unique.username,unique.java.lang.String,unique]; arguments [username,class com.moovt.common.User,duplicateUser]; default message [Property [{0}] of class [{1}] with value [{2}] must be unique]
Interceptor createPage: TopLevelWindow[name=""]
Content of web window [TopLevelWindow[name=""]] changed
== Response was 200 (OK) headers: ==============================================
================================================================================
== Content =====================================================================
{"class":"com.moovt.CallResult","code":"ERROR","message":"This user (duplicateUser) already exists.","type":"USER"}
================================================================================
#
--Output from testCreateUserDuplicateUsernamePortuguese--
Switching to browser client [default]
Creating to new client [default] of type [class com.grailsrocks.functionaltest.client.BrowserClient]

== Making request POST http://localhost:8080/moovt/user/createUser parameters: ==
== Request headers: ============================================================
Accept-Language: pt-BR
Accept-Encoding: gzip, deflate
Content-Type: application/json
Accept: */*
== Content =====================================================================

				{"tenantname": "naSavassi", "email":"duplicateUsernameTestPortuguese@test.com", "username": "duplicateUser", "password":"moovieLover", "firstName":"TestFirstName", lastName: "TestLastName","phone":"800-800-8080", "locale": "pt_BR"}				
				
================================================================================
Errors are Field error in object 'com.moovt.common.User' on field 'username': rejected value [duplicateUser]; codes [com.moovt.common.User.username.unique.error.com.moovt.common.User.username,com.moovt.common.User.username.unique.error.username,com.moovt.common.User.username.unique.error.java.lang.String,com.moovt.common.User.username.unique.error,user.username.unique.error.com.moovt.common.User.username,user.username.unique.error.username,user.username.unique.error.java.lang.String,user.username.unique.error,com.moovt.common.User.username.unique.com.moovt.common.User.username,com.moovt.common.User.username.unique.username,com.moovt.common.User.username.unique.java.lang.String,com.moovt.common.User.username.unique,user.username.unique.com.moovt.common.User.username,user.username.unique.username,user.username.unique.java.lang.String,user.username.unique,unique.com.moovt.common.User.username,unique.username,unique.java.lang.String,unique]; arguments [username,class com.moovt.common.User,duplicateUser]; default message [O campo [{0}] da classe [{1}] com o valor [{2}] deve ser único]
Interceptor createPage: TopLevelWindow[name=""]
Content of web window [TopLevelWindow[name=""]] changed
== Response was 200 (OK) headers: ==============================================
================================================================================
== Content =====================================================================
{"class":"com.moovt.CallResult","code":"ERROR","message":"Este usuário (duplicateUser) já existe.","type":"USER"}
================================================================================
#
--Output from testCreateUserDuplicateEmailEnglish--
Switching to browser client [default]
Creating to new client [default] of type [class com.grailsrocks.functionaltest.client.BrowserClient]

== Making request POST http://localhost:8080/moovt/user/createUser parameters: ==
== Request headers: ============================================================
Accept-Language: en-US
Accept-Encoding: gzip, deflate
Content-Type: application/json
Accept: */*
== Content =====================================================================

				{"tenantname": "naSavassi", "email":"existingEmail@test.com", "username": "userWithSameEmail", "password":"moovieGoer", "firstName":"TestFirstName", lastName: "TestLastName","phone":"800-800-8080", "locale": "en_US"}
				
================================================================================
Errors are Field error in object 'com.moovt.common.User' on field 'email': rejected value [existingEmail@test.com]; codes [com.moovt.common.User.email.unique.error.com.moovt.common.User.email,com.moovt.common.User.email.unique.error.email,com.moovt.common.User.email.unique.error.java.lang.String,com.moovt.common.User.email.unique.error,user.email.unique.error.com.moovt.common.User.email,user.email.unique.error.email,user.email.unique.error.java.lang.String,user.email.unique.error,com.moovt.common.User.email.unique.com.moovt.common.User.email,com.moovt.common.User.email.unique.email,com.moovt.common.User.email.unique.java.lang.String,com.moovt.common.User.email.unique,user.email.unique.com.moovt.common.User.email,user.email.unique.email,user.email.unique.java.lang.String,user.email.unique,unique.com.moovt.common.User.email,unique.email,unique.java.lang.String,unique]; arguments [email,class com.moovt.common.User,existingEmail@test.com]; default message [Property [{0}] of class [{1}] with value [{2}] must be unique]
Interceptor createPage: TopLevelWindow[name=""]
Content of web window [TopLevelWindow[name=""]] changed
== Response was 200 (OK) headers: ==============================================
================================================================================
== Content =====================================================================
{"class":"com.moovt.CallResult","code":"ERROR","message":"This email (existingEmail@test.com) already exists.","type":"USER"}
================================================================================
#
--Output from testCreateUserDuplicateEmailPortuguese--
Switching to browser client [default]
Creating to new client [default] of type [class com.grailsrocks.functionaltest.client.BrowserClient]

== Making request POST http://localhost:8080/moovt/user/createUser parameters: ==
== Request headers: ============================================================
Accept-Language: pt-BR
Accept-Encoding: gzip, deflate
Content-Type: application/json
Accept: */*
== Content =====================================================================

				{"tenantname": "naSavassi", "email":"existingEmail@test.com", "username": "userWithSameEmail", "password":"moovieLover", "firstName":"TestFirstName", lastName: "TestLastName","phone":"800-800-8080", "locale": "pt_BR"}
				
================================================================================
Errors are Field error in object 'com.moovt.common.User' on field 'email': rejected value [existingEmail@test.com]; codes [com.moovt.common.User.email.unique.error.com.moovt.common.User.email,com.moovt.common.User.email.unique.error.email,com.moovt.common.User.email.unique.error.java.lang.String,com.moovt.common.User.email.unique.error,user.email.unique.error.com.moovt.common.User.email,user.email.unique.error.email,user.email.unique.error.java.lang.String,user.email.unique.error,com.moovt.common.User.email.unique.com.moovt.common.User.email,com.moovt.common.User.email.unique.email,com.moovt.common.User.email.unique.java.lang.String,com.moovt.common.User.email.unique,user.email.unique.com.moovt.common.User.email,user.email.unique.email,user.email.unique.java.lang.String,user.email.unique,unique.com.moovt.common.User.email,unique.email,unique.java.lang.String,unique]; arguments [email,class com.moovt.common.User,existingEmail@test.com]; default message [O campo [{0}] da classe [{1}] com o valor [{2}] deve ser único]
Interceptor createPage: TopLevelWindow[name=""]
Content of web window [TopLevelWindow[name=""]] changed
== Response was 200 (OK) headers: ==============================================
================================================================================
== Content =====================================================================
{"class":"com.moovt.CallResult","code":"ERROR","message":"Este email (existingEmail@test.com) já existe.","type":"USER"}
================================================================================
#
--Output from testCreateUserPassengerEnglish--
Switching to browser client [default]
Creating to new client [default] of type [class com.grailsrocks.functionaltest.client.BrowserClient]

== Making request POST http://localhost:8080/moovt/user/createUser parameters: ==
== Request headers: ============================================================
Accept-Encoding: gzip, deflate
Content-Type: application/json
Accept: */*
== Content =====================================================================

				{"tenantname":"WorldTaxi","firstName":"John","lastName":"Airjunkie","username":"jairjunkie","password":"Welcome!1","phone":"773-329-1784","email":"jairjunkie@worldtaxi.com","locale":"en-US","passenger":{}}}
				
================================================================================
Interceptor createPage: TopLevelWindow[name=""]
Content of web window [TopLevelWindow[name=""]] changed
== Response was 200 (OK) headers: ==============================================
================================================================================
== Content =====================================================================
{"type":"USER","code":"SUCCESS","message":"User jairjunkie created","JSESSIONID":"73A4AC9C22C5A6A4F4ABAEE46104AA52"}
================================================================================
#
--Output from testUpdateUserPassengerEnglish--
Switching to browser client [default]
Creating to new client [default] of type [class com.grailsrocks.functionaltest.client.BrowserClient]

== Making request POST http://localhost:8080/moovt/login/authenticateUser parameters: ==
== Request headers: ============================================================
Accept-Encoding: gzip, deflate
Content-Type: application/json
Accept: */*
== Content =====================================================================

				{"type":"Self","tenantname":"WorldTaxi","username":"jgoodrider","password":"Welcome!1",locale:"pt_BR"}
				
================================================================================
ROLE_PASSENGER
ROLE_RIDE_MGR
Interceptor createPage: TopLevelWindow[name=""]
Content of web window [TopLevelWindow[name=""]] changed
== Response was 200 (OK) headers: ==============================================
================================================================================
== Content =====================================================================
{"type":"USER","code":"SUCCESS","message":"Login successful.","JSESSIONID":"D2FC95E7EA9D184303977FC32F646DED","userType":"PASSENGER"}
================================================================================
#
== Making request POST http://localhost:8080/moovt/user/updateLoggedUser parameters: ==
== Request headers: ============================================================
Accept-Encoding: gzip, deflate
Content-Type: application/json
Accept: */*
== Content =====================================================================

				{"version":"7","firstName":"John","lastName":"DecidedToBeADriver","username":"jgoodrider","password":"Welcome!1","phone":"773-329-1784","email":"jgoodrider@worldtaxi.com","locale":"en-US","driver":{"carType":"SEDAN","servedLocation":{"locationName":"Rua Major Lopes, 55","politicalName":"Belo Horizonte, MG, BR","latitude":-19.9413628,"longitude":-43.9373064,"locationType":"RANGE_INTERPOLATED"},"radiusServed":"RADIUS_50","activeStatus":"ENABLED"}}
				
================================================================================
Interceptor createPage: TopLevelWindow[name=""]
Content of web window [TopLevelWindow[name=""]] changed
== Response was 200 (OK) headers: ==============================================
================================================================================
== Content =====================================================================
{"class":"com.moovt.CallResult","code":"SUCCESS","message":"User jgoodrider updated","type":"USER"}
================================================================================
#
--Output from testRetrieveUserDetailByIdEnglish--
Switching to browser client [default]
Creating to new client [default] of type [class com.grailsrocks.functionaltest.client.BrowserClient]

== Making request POST http://localhost:8080/moovt/login/authenticateUser parameters: ==
== Request headers: ============================================================
Accept-Encoding: gzip, deflate
Content-Type: application/json
Accept: */*
== Content =====================================================================

				{"type":"Self","tenantname": "WorldTaxi", "username": "admin", "password":"admin","locale":"en_US"}
				
================================================================================
ROLE_ADMIN
Interceptor createPage: TopLevelWindow[name=""]
Content of web window [TopLevelWindow[name=""]] changed
== Response was 200 (OK) headers: ==============================================
================================================================================
== Content =====================================================================
{"type":"USER","code":"SUCCESS","message":"Login successful.","JSESSIONID":"90D2F7B94FED01951368D4CA5C3252F2","userType":"NO_TYPE"}
================================================================================
#
== Making request POST http://localhost:8080/moovt/user/retrieveUserDetailById parameters: ==
== Request headers: ============================================================
Accept-Encoding: gzip, deflate
Content-Type: application/json
Accept: */*
== Content =====================================================================

				{"id":"6"}
				
================================================================================
Interceptor createPage: TopLevelWindow[name=""]
Content of web window [TopLevelWindow[name=""]] changed
== Response was 200 (OK) headers: ==============================================
================================================================================
== Content =====================================================================
{"user":{"id":6,"version":1,"username":"jgoodarm","firstName":"John","lastName":"Goodarm","phone":"800-800-2020","email":"jgoodarm@worldtaxi.com","driver":{"id":6,"servedLocation":{"locationName":"Naperville","politicalName":"IL, United States","latitude":41.7858629,"longitude":-88.1472893,"locationType":"APPROXIMATE"},"carType":{"code":"VAN","description":"Van"},"radiusServed":{"code":"RADIUS_100","description":"100 Miles"},"activeStatus":{"code":"ENABLED","description":"Enabled"}}}}
================================================================================
#
--Output from testRetrieveLoggedUserDetailsIdEnglish--
Switching to browser client [default]
Creating to new client [default] of type [class com.grailsrocks.functionaltest.client.BrowserClient]

== Making request POST http://localhost:8080/moovt/login/authenticateUser parameters: ==
== Request headers: ============================================================
Accept-Encoding: gzip, deflate
Content-Type: application/json
Accept: */*
== Content =====================================================================

				{"type":"Self","tenantname":"WorldTaxi","username":"jgoodrider","password":"Welcome!1",locale:"pt_BR"}
				
================================================================================
ROLE_DRIVER
ROLE_PASSENGER
ROLE_RIDE_MGR
Interceptor createPage: TopLevelWindow[name=""]
Content of web window [TopLevelWindow[name=""]] changed
== Response was 200 (OK) headers: ==============================================
================================================================================
== Content =====================================================================
{"type":"USER","code":"SUCCESS","message":"Login successful.","JSESSIONID":"F195313B8680797D4ADA1304CCD443C2","userType":"PASSENGER"}
================================================================================
#
== Making request POST http://localhost:8080/moovt/user/retrieveLoggedUserDetails parameters: ==
== Request headers: ============================================================
Accept-Encoding: gzip, deflate
Content-Type: application/json
Accept: */*
== Content =====================================================================

				{}
				
================================================================================
Interceptor createPage: TopLevelWindow[name=""]
Content of web window [TopLevelWindow[name=""]] changed
== Response was 200 (OK) headers: ==============================================
================================================================================
== Content =====================================================================
{"user":{"id":5,"version":2,"username":"jgoodrider","firstName":"John","lastName":"DecidedToBeADriver","phone":"773-329-1784","email":"jgoodrider@worldtaxi.com","driver":{"id":5,"servedLocation":{"locationName":"Rua Major Lopes, 55","politicalName":"Belo Horizonte, MG, BR","latitude":-19.9413628,"longitude":-43.9373064,"locationType":"RANGE_INTERPOLATED"},"carType":{"code":"SEDAN","description":"Sedan"},"radiusServed":{"code":"RADIUS_50","description":"50 Miles"},"activeStatus":{"code":"ENABLED","description":"Enabled"}},"passenger":{"id":5}}}
================================================================================
#
--Output from testUpdateUserDriverEnglish--
Switching to browser client [default]
Creating to new client [default] of type [class com.grailsrocks.functionaltest.client.BrowserClient]

== Making request POST http://localhost:8080/moovt/login/authenticateUser parameters: ==
== Request headers: ============================================================
Accept-Encoding: gzip, deflate
Content-Type: application/json
Accept: */*
== Content =====================================================================

				{"type":"Self","tenantname":"WorldTaxi","username":"jgoodarm","password":"Welcome!1",locale:"pt_BR"}
				
================================================================================
ROLE_DRIVER
ROLE_RIDE_MGR
Interceptor createPage: TopLevelWindow[name=""]
Content of web window [TopLevelWindow[name=""]] changed
== Response was 200 (OK) headers: ==============================================
================================================================================
== Content =====================================================================
{"type":"USER","code":"SUCCESS","message":"Login successful.","JSESSIONID":"BF47AEB4726AF0FDCF8875FF0EF6D5AE","userType":"DRIVER"}
================================================================================
#
== Making request POST http://localhost:8080/moovt/user/updateLoggedUser parameters: ==
== Request headers: ============================================================
Accept-Encoding: gzip, deflate
Content-Type: application/json
Accept: */*
== Content =====================================================================

				{"version":"4","firstName":"John","lastName":"VeryGoodarm","username":"jverygoodarm","password":"Welcome!1","phone":"773-329-1784","email":"jgoodarxm@worldtaxi.com","locale":"en-US","driver":{"carType":"SEDAN","servedLocation":{"locationName":"Rua Major Lopes, 55","politicalName":"Belo Horizonte, MG, BR","latitude":-19.9413628,"longitude":-43.9373064,"locationType":"RANGE_INTERPOLATED"},"radiusServed":"RADIUS_50","activeStatus":"ENABLED"}}
				
================================================================================
Interceptor createPage: TopLevelWindow[name=""]
Content of web window [TopLevelWindow[name=""]] changed
== Response was 200 (OK) headers: ==============================================
================================================================================
== Content =====================================================================
{"class":"com.moovt.CallResult","code":"SUCCESS","message":"User jverygoodarm updated","type":"USER"}
================================================================================
#
--Output from testCreateUserDriverEnglish--
Switching to browser client [default]
Creating to new client [default] of type [class com.grailsrocks.functionaltest.client.BrowserClient]

== Making request POST http://localhost:8080/moovt/user/createUser parameters: ==
== Request headers: ============================================================
Accept-Language: en-US
Accept-Encoding: gzip, deflate
Content-Type: application/json
Accept: */*
== Content =====================================================================

				{"tenantname":"WorldTaxi","firstName":"David","lastName":"Ultrafast","username":"dultrafast","password":"Welcome!1","phone":"773-329-1784","email":"dultrafast@worldtaxi.com","locale":"en-US","driver":{"carType":"SEDAN","servedLocation":{"locationName":"Rua Major Lopes, 55","politicalName":"Belo Horizonte, MG, BR","latitude":-19.9413628,"longitude":-43.9373064,"locationType":"RANGE_INTERPOLATED"},"radiusServed":"RADIUS_50","activeStatus":"ENABLED"}}
				
================================================================================
Interceptor createPage: TopLevelWindow[name=""]
Content of web window [TopLevelWindow[name=""]] changed
== Response was 200 (OK) headers: ==============================================
================================================================================
== Content =====================================================================
{"type":"USER","code":"SUCCESS","message":"User dultrafast created","JSESSIONID":"01E5A9089CA95100997C9432CCE4205F"}
================================================================================
#
--Output from testCreateUserNoEmailEnglish--
Switching to browser client [default]
Creating to new client [default] of type [class com.grailsrocks.functionaltest.client.BrowserClient]

== Making request POST http://localhost:8080/moovt/user/createUser parameters: ==
== Request headers: ============================================================
Accept-Language: en-US
Accept-Encoding: gzip, deflate
Content-Type: application/json
Accept: */*
== Content =====================================================================

				{"tenantname": "naSavassi","email":"", "username": "movieFan", "password":"Welcome!1", "firstName":"TestFirstName", lastName: "TestLastName","phone":"800-800-8080", "locale": "en_US"}
				
================================================================================
Errors are Field error in object 'com.moovt.common.User' on field 'email': rejected value []; codes [com.moovt.common.User.email.blank.error.com.moovt.common.User.email,com.moovt.common.User.email.blank.error.email,com.moovt.common.User.email.blank.error.java.lang.String,com.moovt.common.User.email.blank.error,user.email.blank.error.com.moovt.common.User.email,user.email.blank.error.email,user.email.blank.error.java.lang.String,user.email.blank.error,com.moovt.common.User.email.blank.com.moovt.common.User.email,com.moovt.common.User.email.blank.email,com.moovt.common.User.email.blank.java.lang.String,com.moovt.common.User.email.blank,user.email.blank.com.moovt.common.User.email,user.email.blank.email,user.email.blank.java.lang.String,user.email.blank,blank.com.moovt.common.User.email,blank.email,blank.java.lang.String,blank]; arguments [email,class com.moovt.common.User]; default message [Property [{0}] of class [{1}] cannot be blank]
Interceptor createPage: TopLevelWindow[name=""]
Content of web window [TopLevelWindow[name=""]] changed
== Response was 200 (OK) headers: ==============================================
================================================================================
== Content =====================================================================
{"class":"com.moovt.CallResult","code":"ERROR","message":"The email must be provided.","type":"USER"}
================================================================================
#
--Output from testCreateUserSuccessEnglish--
Switching to browser client [default]
Creating to new client [default] of type [class com.grailsrocks.functionaltest.client.BrowserClient]

== Making request POST http://localhost:8080/moovt/user/createUser parameters: ==
== Request headers: ============================================================
Accept-Language: en-US
Accept-Encoding: gzip, deflate
Content-Type: application/json
Accept: */*
== Content =====================================================================

				{"tenantname": "naSavassi", "email":"movieGoer@test.com", "username": "moovieGoer", "password":"moovieGoer", "firstName":"TestFirstName", lastName: "TestLastName","phone":"800-800-8080", "locale": "en_US"}
				
================================================================================
Interceptor createPage: TopLevelWindow[name=""]
Content of web window [TopLevelWindow[name=""]] changed
== Response was 200 (OK) headers: ==============================================
================================================================================
== Content =====================================================================
{"type":"USER","code":"SUCCESS","message":"User moovieGoer created","JSESSIONID":"F966F2873095ED940E5DBEF5F09C8831"}
================================================================================
#
--Output from testCreateUserBadMessage--
Switching to browser client [default]
Creating to new client [default] of type [class com.grailsrocks.functionaltest.client.BrowserClient]

== Making request POST http://localhost:8080/moovt/user/createUser parameters: ==
== Request headers: ============================================================
Accept-Encoding: gzip, deflate
Content-Type: application/json
Accept: */*
== Content =====================================================================

================================================================================
Interceptor createPage: TopLevelWindow[name=""]
Content of web window [TopLevelWindow[name=""]] changed
== Response was 200 (OK) headers: ==============================================
================================================================================
== Content =====================================================================
{"class":"com.moovt.CallResult","code":"ERROR","message":"A JSONObject text must begin with '{' at character 0 of ","type":"SYSTEM"}
================================================================================
#
--Output from testRetrieveAllUsersrEnglish--
Switching to browser client [default]
Creating to new client [default] of type [class com.grailsrocks.functionaltest.client.BrowserClient]

== Making request POST http://localhost:8080/moovt/login/authenticateUser parameters: ==
== Request headers: ============================================================
Accept-Encoding: gzip, deflate
Content-Type: application/json
Accept: */*
== Content =====================================================================

				{"type":"Self","tenantname": "WorldTaxi", "username": "admin", "password":"admin","locale":"en_US"}
				
================================================================================
ROLE_ADMIN
Interceptor createPage: TopLevelWindow[name=""]
Content of web window [TopLevelWindow[name=""]] changed
== Response was 200 (OK) headers: ==============================================
================================================================================
== Content =====================================================================
{"type":"USER","code":"SUCCESS","message":"Login successful.","JSESSIONID":"F5A0BC30FD1CEA7797A9427481602AB6","userType":"NO_TYPE"}
================================================================================
#
== Making request POST http://localhost:8080/moovt/user/retrieveAllUsers parameters: ==
== Request headers: ============================================================
Accept-Encoding: gzip, deflate
Content-Type: application/json
Accept: */*
== Content =====================================================================

				{}
				
================================================================================
Interceptor createPage: TopLevelWindow[name=""]
Content of web window [TopLevelWindow[name=""]] changed
== Response was 200 (OK) headers: ==============================================
================================================================================
== Content =====================================================================
{"users":[{"id":5,"version":2,"username":"jgoodrider","firstName":"John","lastName":"DecidedToBeADriver","phone":"773-329-1784","email":"jgoodrider@worldtaxi.com","driver":{"id":5,"servedLocation":{"locationName":"Rua Major Lopes, 55","politicalName":"Belo Horizonte, MG, BR","latitude":-19.9413628,"longitude":-43.9373064,"locationType":"RANGE_INTERPOLATED"},"carType":{"code":"SEDAN","description":"Sedan"},"radiusServed":{"code":"RADIUS_50","description":"50 Miles"},"activeStatus":{"code":"ENABLED","description":"Enabled"}},"passenger":{"id":5}},{"id":6,"version":3,"username":"jverygoodarm","firstName":"John","lastName":"VeryGoodarm","phone":"773-329-1784","email":"jgoodarxm@worldtaxi.com","driver":{"id":6,"servedLocation":{"locationName":"Rua Major Lopes, 55","politicalName":"Belo Horizonte, MG, BR","latitude":-19.9413628,"longitude":-43.9373064,"locationType":"RANGE_INTERPOLATED"},"carType":{"code":"SEDAN","description":"Sedan"},"radiusServed":{"code":"RADIUS_50","description":"50 Miles"},"activeStatus":{"code":"ENABLED","description":"Enabled"}}},{"id":8,"version":2,"username":"jairjunkie","firstName":"John","lastName":"Airjunkie","phone":"773-329-1784","email":"jairjunkie@worldtaxi.com","passenger":{"id":8}},{"id":9,"version":2,"username":"dultrafast","firstName":"David","lastName":"Ultrafast","phone":"773-329-1784","email":"dultrafast@worldtaxi.com","driver":{"id":9,"servedLocation":{"locationName":"Rua Major Lopes, 55","politicalName":"Belo Horizonte, MG, BR","latitude":-19.9413628,"longitude":-43.9373064,"locationType":"RANGE_INTERPOLATED"},"carType":{"code":"SEDAN","description":"Sedan"},"radiusServed":{"code":"RADIUS_50","description":"50 Miles"},"activeStatus":{"code":"ENABLED","description":"Enabled"}}},{"id":4,"version":1,"username":"admin","firstName":"Admin","lastName":"Admin","phone":"800-800-8080","email":"admin@worldtaxi.com"}]}
================================================================================
#
]]></system-out>

      <system-err><![CDATA[--Output from testCreateUserNoUserNameEnglish--
--Output from testCreateUserSuccessPortuquese--
--Output from testCreateUserNoUserNamePortuguese--
--Output from testCreateUserBadTenantEnglish--
--Output from testCreateUserNoPasswordEnglish--
--Output from testCreateUserNoPasswordPortuguese--
--Output from testCreateUserNoEmailPortuguese--
--Output from testCreateUserDuplicateUsernameEnglish--
--Output from testCreateUserDuplicateUsernamePortuguese--
--Output from testCreateUserDuplicateEmailEnglish--
--Output from testCreateUserDuplicateEmailPortuguese--
--Output from testCreateUserPassengerEnglish--
--Output from testUpdateUserPassengerEnglish--
--Output from testRetrieveUserDetailByIdEnglish--
--Output from testRetrieveLoggedUserDetailsIdEnglish--
--Output from testUpdateUserDriverEnglish--
--Output from testCreateUserDriverEnglish--
--Output from testCreateUserNoEmailEnglish--
--Output from testCreateUserSuccessEnglish--
--Output from testCreateUserBadMessage--
--Output from testRetrieveAllUsersrEnglish--
]]></system-err>

  </testsuite>
</testsuites>
