<?xml version="1.0" encoding="UTF-8" ?>
<testsuites>
  <testsuite errors="0" failures="3" hostname="Eduardo-Goncalvess-MacBook-Pro.local" id="0" name="DriverPassengerFunctionalTests" package="com.moovt" tests="11" time="17.095" timestamp="2013-05-28T01:35:50">
      <properties />

      <testcase classname="com.moovt.DriverPassengerFunctionalTests" name="testGetCarTypeEnumEnglish" time="9.973" />

      <testcase classname="com.moovt.DriverPassengerFunctionalTests" name="testGetCarTypeEnumPortuguese" time="0.119" />

      <testcase classname="com.moovt.DriverPassengerFunctionalTests" name="testGetActiveStatusEnumEnglish" time="0.055" />

      <testcase classname="com.moovt.DriverPassengerFunctionalTests" name="testGetActiveStatusEnumPortugues" time="0.044" />

      <testcase classname="com.moovt.DriverPassengerFunctionalTests" name="testCreateUserDriverEnglish" time="3.319">
          <failure message="com.grailsrocks.functionaltest.FunctionalTestException: Expected HTTP status [200] but was [500]" type="junit.framework.AssertionFailedError">junit.framework.AssertionFailedError: com.grailsrocks.functionaltest.FunctionalTestException: Expected HTTP status [200] but was [500]
	at com.grailsrocks.functionaltest.TestCaseBase.invokeMethod(TestCaseBase.groovy:184)
	at com.moovt.DriverPassengerFunctionalTests.testCreateUserDriverEnglish(DriverPassengerFunctionalTests.groovy:83)
</failure>

      </testcase>

      <testcase classname="com.moovt.DriverPassengerFunctionalTests" name="testCreateUserPassengerEnglish" time="0.495">
          <failure message="com.grailsrocks.functionaltest.FunctionalTestException: Expected HTTP status [200] but was [500]" type="junit.framework.AssertionFailedError">junit.framework.AssertionFailedError: com.grailsrocks.functionaltest.FunctionalTestException: Expected HTTP status [200] but was [500]
	at com.grailsrocks.functionaltest.TestCaseBase.invokeMethod(TestCaseBase.groovy:184)
	at com.moovt.DriverPassengerFunctionalTests.testCreateUserPassengerEnglish(DriverPassengerFunctionalTests.groovy:98)
</failure>

      </testcase>

      <testcase classname="com.moovt.DriverPassengerFunctionalTests" name="testUpdateUserDriverEnglish" time="0.937" />

      <testcase classname="com.moovt.DriverPassengerFunctionalTests" name="testUpdateUserPassengerEnglish" time="0.64">
          <failure message="com.grailsrocks.functionaltest.FunctionalTestException: Expected HTTP status [200] but was [500]" type="junit.framework.AssertionFailedError">junit.framework.AssertionFailedError: com.grailsrocks.functionaltest.FunctionalTestException: Expected HTTP status [200] but was [500]
	at com.grailsrocks.functionaltest.TestCaseBase.invokeMethod(TestCaseBase.groovy:184)
	at com.moovt.DriverPassengerFunctionalTests.testUpdateUserPassengerEnglish(DriverPassengerFunctionalTests.groovy:149)
</failure>

      </testcase>

      <testcase classname="com.moovt.DriverPassengerFunctionalTests" name="testRetrieveAllUsersrEnglish" time="0.976" />

      <testcase classname="com.moovt.DriverPassengerFunctionalTests" name="testRetrieveUserDetailByIdEnglish" time="0.271" />

      <testcase classname="com.moovt.DriverPassengerFunctionalTests" name="testRetrieveLoggedUserDetailsIdEnglish" time="0.199" />

      <system-out><![CDATA[--Output from testGetCarTypeEnumEnglish--
Switching to browser client [default]
Creating to new client [default] of type [class com.grailsrocks.functionaltest.client.BrowserClient]

== Making request POST http://localhost:8080/moovt/driver/getCarTypeEnum parameters: ==
== Request headers: ============================================================
Accept-Language: en-US
Accept-Encoding: gzip, deflate
Content-Type: application/json
Accept: */*
== Content =====================================================================

				{}
				
================================================================================
Interceptor createPage: TopLevelWindow[name=""]
Content of web window [TopLevelWindow[name=""]] changed
== Response was 200 (OK) headers: ==============================================
================================================================================
== Content =====================================================================
[{"code":"A_SEDAN","description":"Sedan"},{"code":"B_VAN","description":"Van"},{"code":"C_LIMO","description":"Limo"}]
================================================================================
#
--Output from testGetCarTypeEnumPortuguese--
Switching to browser client [default]
Creating to new client [default] of type [class com.grailsrocks.functionaltest.client.BrowserClient]

== Making request POST http://localhost:8080/moovt/driver/getCarTypeEnum parameters: ==
== Request headers: ============================================================
Accept-Language: pt-BR
Accept-Encoding: gzip, deflate
Content-Type: application/json
Accept: */*
== Content =====================================================================

				{}
				
================================================================================
Interceptor createPage: TopLevelWindow[name=""]
Content of web window [TopLevelWindow[name=""]] changed
== Response was 200 (OK) headers: ==============================================
================================================================================
== Content =====================================================================
[{"code":"A_SEDAN","description":"Sedan"},{"code":"B_VAN","description":"Van"},{"code":"C_LIMO","description":"Limo"}]
================================================================================
#
--Output from testGetActiveStatusEnumEnglish--
Switching to browser client [default]
Creating to new client [default] of type [class com.grailsrocks.functionaltest.client.BrowserClient]

== Making request POST http://localhost:8080/moovt/driver/getActiveStatusEnum parameters: ==
== Request headers: ============================================================
Accept-Language: en-US
Accept-Encoding: gzip, deflate
Content-Type: application/json
Accept: */*
== Content =====================================================================

				{}
				
================================================================================
Interceptor createPage: TopLevelWindow[name=""]
Content of web window [TopLevelWindow[name=""]] changed
== Response was 200 (OK) headers: ==============================================
================================================================================
== Content =====================================================================
[{"code":"ENABLED","description":"Enabled"},{"code":"DISABLED","description":"Disabled"}]
================================================================================
#
--Output from testGetActiveStatusEnumPortugues--
Switching to browser client [default]
Creating to new client [default] of type [class com.grailsrocks.functionaltest.client.BrowserClient]

== Making request POST http://localhost:8080/moovt/driver/getActiveStatusEnum parameters: ==
== Request headers: ============================================================
Accept-Language: pt-BR
Accept-Encoding: gzip, deflate
Content-Type: application/json
Accept: */*
== Content =====================================================================

				{}
				
================================================================================
Interceptor createPage: TopLevelWindow[name=""]
Content of web window [TopLevelWindow[name=""]] changed
== Response was 200 (OK) headers: ==============================================
================================================================================
== Content =====================================================================
[{"code":"ENABLED","description":"Ativo"},{"code":"DISABLED","description":"Inativo"}]
================================================================================
#
--Output from testCreateUserDriverEnglish--
Switching to browser client [default]
Creating to new client [default] of type [class com.grailsrocks.functionaltest.client.BrowserClient]

== Making request POST http://localhost:8080/moovt/user/createUser parameters: ==
== Request headers: ============================================================
Accept-Language: en-US
Accept-Encoding: gzip, deflate
Content-Type: application/json
Accept: */*
== Content =====================================================================

				{"tenantname":"WorldTaxi","firstName":"David","lastName":"Ultrafast","username":"dultrafast","password":"Welcome!1","phone":"773-329-1784","email":"dultrafast@worldtaxi.com","locale":"en-US","driver":{"carType":"A_SEDAN","servedLocation":{"locationName":"ARua Major Lopes, 55","politicalName":"Belo Horizonte, MG, BR","latitude":-19.9413628,"longitude":-43.9373064,"locationType":"RANGE_INTERPOLATED"},"activeStatus":"ENABLED"}}
				
================================================================================
Hibernate: select this_.id as id4_0_, this_.version as version4_0_, this_.created_by as created3_4_0_, this_.date_created as date4_4_0_, this_.last_updated as last5_4_0_, this_.last_updated_by as last6_4_0_, this_.name as name4_0_ from tenant this_ where this_.name=? limit ?
Hibernate: select this_.id as id3_0_, this_.version as version3_0_, this_.account_expired as account3_3_0_, this_.account_locked as account4_3_0_, this_.created_by as created5_3_0_, this_.date_created as date6_3_0_, this_.email as email3_0_, this_.enabled as enabled3_0_, this_.first_name as first9_3_0_, this_.last_name as last10_3_0_, this_.last_updated as last11_3_0_, this_.last_updated_by as last12_3_0_, this_.locale as locale3_0_, this_.`password` as password14_3_0_, this_.password_expired as password15_3_0_, this_.phone as phone3_0_, this_.tenant_id as tenant17_3_0_, this_.username as username3_0_ from user this_ where this_.username=? and this_.tenant_id=?
Hibernate: select this_.id as id3_0_, this_.version as version3_0_, this_.account_expired as account3_3_0_, this_.account_locked as account4_3_0_, this_.created_by as created5_3_0_, this_.date_created as date6_3_0_, this_.email as email3_0_, this_.enabled as enabled3_0_, this_.first_name as first9_3_0_, this_.last_name as last10_3_0_, this_.last_updated as last11_3_0_, this_.last_updated_by as last12_3_0_, this_.locale as locale3_0_, this_.`password` as password14_3_0_, this_.password_expired as password15_3_0_, this_.phone as phone3_0_, this_.tenant_id as tenant17_3_0_, this_.username as username3_0_ from user this_ where this_.email=?
Hibernate: select this_.id as id3_0_, this_.version as version3_0_, this_.account_expired as account3_3_0_, this_.account_locked as account4_3_0_, this_.created_by as created5_3_0_, this_.date_created as date6_3_0_, this_.email as email3_0_, this_.enabled as enabled3_0_, this_.first_name as first9_3_0_, this_.last_name as last10_3_0_, this_.last_updated as last11_3_0_, this_.last_updated_by as last12_3_0_, this_.locale as locale3_0_, this_.`password` as password14_3_0_, this_.password_expired as password15_3_0_, this_.phone as phone3_0_, this_.tenant_id as tenant17_3_0_, this_.username as username3_0_ from user this_ where this_.username=? and this_.tenant_id=?
Hibernate: select this_.id as id3_0_, this_.version as version3_0_, this_.account_expired as account3_3_0_, this_.account_locked as account4_3_0_, this_.created_by as created5_3_0_, this_.date_created as date6_3_0_, this_.email as email3_0_, this_.enabled as enabled3_0_, this_.first_name as first9_3_0_, this_.last_name as last10_3_0_, this_.last_updated as last11_3_0_, this_.last_updated_by as last12_3_0_, this_.locale as locale3_0_, this_.`password` as password14_3_0_, this_.password_expired as password15_3_0_, this_.phone as phone3_0_, this_.tenant_id as tenant17_3_0_, this_.username as username3_0_ from user this_ where this_.email=?
Hibernate: insert into user (version, account_expired, account_locked, created_by, date_created, email, enabled, first_name, last_name, last_updated, last_updated_by, locale, `password`, password_expired, phone, tenant_id, username) values (?, ?, ?, ?, ?, ?, ?, ?, ?, ?, ?, ?, ?, ?, ?, ?, ?)
Hibernate: select this_.id as id3_0_, this_.version as version3_0_, this_.account_expired as account3_3_0_, this_.account_locked as account4_3_0_, this_.created_by as created5_3_0_, this_.date_created as date6_3_0_, this_.email as email3_0_, this_.enabled as enabled3_0_, this_.first_name as first9_3_0_, this_.last_name as last10_3_0_, this_.last_updated as last11_3_0_, this_.last_updated_by as last12_3_0_, this_.locale as locale3_0_, this_.`password` as password14_3_0_, this_.password_expired as password15_3_0_, this_.phone as phone3_0_, this_.tenant_id as tenant17_3_0_, this_.username as username3_0_ from user this_ where this_.username=? and this_.tenant_id=?
Hibernate: select this_.id as id3_0_, this_.version as version3_0_, this_.account_expired as account3_3_0_, this_.account_locked as account4_3_0_, this_.created_by as created5_3_0_, this_.date_created as date6_3_0_, this_.email as email3_0_, this_.enabled as enabled3_0_, this_.first_name as first9_3_0_, this_.last_name as last10_3_0_, this_.last_updated as last11_3_0_, this_.last_updated_by as last12_3_0_, this_.locale as locale3_0_, this_.`password` as password14_3_0_, this_.password_expired as password15_3_0_, this_.phone as phone3_0_, this_.tenant_id as tenant17_3_0_, this_.username as username3_0_ from user this_ where this_.email=?
Hibernate: update user set version=?, account_expired=?, account_locked=?, created_by=?, date_created=?, email=?, enabled=?, first_name=?, last_name=?, last_updated=?, last_updated_by=?, locale=?, `password`=?, password_expired=?, phone=?, tenant_id=?, username=? where id=? and version=?
Hibernate: select this_.id as id3_0_, this_.version as version3_0_, this_.account_expired as account3_3_0_, this_.account_locked as account4_3_0_, this_.created_by as created5_3_0_, this_.date_created as date6_3_0_, this_.email as email3_0_, this_.enabled as enabled3_0_, this_.first_name as first9_3_0_, this_.last_name as last10_3_0_, this_.last_updated as last11_3_0_, this_.last_updated_by as last12_3_0_, this_.locale as locale3_0_, this_.`password` as password14_3_0_, this_.password_expired as password15_3_0_, this_.phone as phone3_0_, this_.tenant_id as tenant17_3_0_, this_.username as username3_0_ from user this_ where this_.username=? and this_.tenant_id=?
Hibernate: select this_.id as id3_0_, this_.version as version3_0_, this_.account_expired as account3_3_0_, this_.account_locked as account4_3_0_, this_.created_by as created5_3_0_, this_.date_created as date6_3_0_, this_.email as email3_0_, this_.enabled as enabled3_0_, this_.first_name as first9_3_0_, this_.last_name as last10_3_0_, this_.last_updated as last11_3_0_, this_.last_updated_by as last12_3_0_, this_.locale as locale3_0_, this_.`password` as password14_3_0_, this_.password_expired as password15_3_0_, this_.phone as phone3_0_, this_.tenant_id as tenant17_3_0_, this_.username as username3_0_ from user this_ where this_.email=?
Hibernate: select this_.id as id3_0_, this_.version as version3_0_, this_.account_expired as account3_3_0_, this_.account_locked as account4_3_0_, this_.created_by as created5_3_0_, this_.date_created as date6_3_0_, this_.email as email3_0_, this_.enabled as enabled3_0_, this_.first_name as first9_3_0_, this_.last_name as last10_3_0_, this_.last_updated as last11_3_0_, this_.last_updated_by as last12_3_0_, this_.locale as locale3_0_, this_.`password` as password14_3_0_, this_.password_expired as password15_3_0_, this_.phone as phone3_0_, this_.tenant_id as tenant17_3_0_, this_.username as username3_0_ from user this_ where this_.username=? and this_.tenant_id=?
Hibernate: select this_.id as id3_0_, this_.version as version3_0_, this_.account_expired as account3_3_0_, this_.account_locked as account4_3_0_, this_.created_by as created5_3_0_, this_.date_created as date6_3_0_, this_.email as email3_0_, this_.enabled as enabled3_0_, this_.first_name as first9_3_0_, this_.last_name as last10_3_0_, this_.last_updated as last11_3_0_, this_.last_updated_by as last12_3_0_, this_.locale as locale3_0_, this_.`password` as password14_3_0_, this_.password_expired as password15_3_0_, this_.phone as phone3_0_, this_.tenant_id as tenant17_3_0_, this_.username as username3_0_ from user this_ where this_.email=?
Hibernate: update user set version=?, account_expired=?, account_locked=?, created_by=?, date_created=?, email=?, enabled=?, first_name=?, last_name=?, last_updated=?, last_updated_by=?, locale=?, `password`=?, password_expired=?, phone=?, tenant_id=?, username=? where id=? and version=?
Hibernate: insert into location (version, created_by, date_created, last_updated, last_updated_by, latitude, location_name, location_type, longitude, political_name, tenant_id) values (?, ?, ?, ?, ?, ?, ?, ?, ?, ?, ?)
Hibernate: update location set version=?, created_by=?, date_created=?, last_updated=?, last_updated_by=?, latitude=?, location_name=?, location_type=?, longitude=?, political_name=?, tenant_id=? where id=? and version=?
Hibernate: select this_.id as id5_0_, this_.version as version5_0_, this_.authority as authority5_0_, this_.created_by as created4_5_0_, this_.date_created as date5_5_0_, this_.last_updated as last6_5_0_, this_.last_updated_by as last7_5_0_, this_.tenant_id as tenant8_5_0_ from role this_ where this_.tenant_id=? and this_.authority=? limit ?
Hibernate: select this_.id as id3_0_, this_.version as version3_0_, this_.account_expired as account3_3_0_, this_.account_locked as account4_3_0_, this_.created_by as created5_3_0_, this_.date_created as date6_3_0_, this_.email as email3_0_, this_.enabled as enabled3_0_, this_.first_name as first9_3_0_, this_.last_name as last10_3_0_, this_.last_updated as last11_3_0_, this_.last_updated_by as last12_3_0_, this_.locale as locale3_0_, this_.`password` as password14_3_0_, this_.password_expired as password15_3_0_, this_.phone as phone3_0_, this_.tenant_id as tenant17_3_0_, this_.username as username3_0_ from user this_ where this_.username=? and this_.tenant_id=?
Hibernate: select this_.id as id3_0_, this_.version as version3_0_, this_.account_expired as account3_3_0_, this_.account_locked as account4_3_0_, this_.created_by as created5_3_0_, this_.date_created as date6_3_0_, this_.email as email3_0_, this_.enabled as enabled3_0_, this_.first_name as first9_3_0_, this_.last_name as last10_3_0_, this_.last_updated as last11_3_0_, this_.last_updated_by as last12_3_0_, this_.locale as locale3_0_, this_.`password` as password14_3_0_, this_.password_expired as password15_3_0_, this_.phone as phone3_0_, this_.tenant_id as tenant17_3_0_, this_.username as username3_0_ from user this_ where this_.email=?
Hibernate: insert into driver (version, active_status, car_type, created_by, date_created, last_updated, last_updated_by, served_location_id, tenant_id, user_id) values (?, ?, ?, ?, ?, ?, ?, ?, ?, ?)
Hibernate: insert into user_role (created_by, date_created, last_updated, last_updated_by, tenant_id, role_id, user_id) values (?, ?, ?, ?, ?, ?, ?)
Hibernate: select this_.id as id3_0_, this_.version as version3_0_, this_.account_expired as account3_3_0_, this_.account_locked as account4_3_0_, this_.created_by as created5_3_0_, this_.date_created as date6_3_0_, this_.email as email3_0_, this_.enabled as enabled3_0_, this_.first_name as first9_3_0_, this_.last_name as last10_3_0_, this_.last_updated as last11_3_0_, this_.last_updated_by as last12_3_0_, this_.locale as locale3_0_, this_.`password` as password14_3_0_, this_.password_expired as password15_3_0_, this_.phone as phone3_0_, this_.tenant_id as tenant17_3_0_, this_.username as username3_0_ from user this_ where this_.username=? and this_.tenant_id=?
Hibernate: select this_.id as id3_0_, this_.version as version3_0_, this_.account_expired as account3_3_0_, this_.account_locked as account4_3_0_, this_.created_by as created5_3_0_, this_.date_created as date6_3_0_, this_.email as email3_0_, this_.enabled as enabled3_0_, this_.first_name as first9_3_0_, this_.last_name as last10_3_0_, this_.last_updated as last11_3_0_, this_.last_updated_by as last12_3_0_, this_.locale as locale3_0_, this_.`password` as password14_3_0_, this_.password_expired as password15_3_0_, this_.phone as phone3_0_, this_.tenant_id as tenant17_3_0_, this_.username as username3_0_ from user this_ where this_.email=?
Hibernate: update user set version=?, account_expired=?, account_locked=?, created_by=?, date_created=?, email=?, enabled=?, first_name=?, last_name=?, last_updated=?, last_updated_by=?, locale=?, `password`=?, password_expired=?, phone=?, tenant_id=?, username=? where id=? and version=?
Hibernate: select this_.id as id4_0_, this_.version as version4_0_, this_.created_by as created3_4_0_, this_.date_created as date4_4_0_, this_.last_updated as last5_4_0_, this_.last_updated_by as last6_4_0_, this_.name as name4_0_ from tenant this_ where this_.name=? limit ?
Hibernate: select this_.id as id3_0_, this_.version as version3_0_, this_.account_expired as account3_3_0_, this_.account_locked as account4_3_0_, this_.created_by as created5_3_0_, this_.date_created as date6_3_0_, this_.email as email3_0_, this_.enabled as enabled3_0_, this_.first_name as first9_3_0_, this_.last_name as last10_3_0_, this_.last_updated as last11_3_0_, this_.last_updated_by as last12_3_0_, this_.locale as locale3_0_, this_.`password` as password14_3_0_, this_.password_expired as password15_3_0_, this_.phone as phone3_0_, this_.tenant_id as tenant17_3_0_, this_.username as username3_0_ from user this_ where this_.tenant_id=? and this_.username=? limit ?
Hibernate: select this_.role_id as role1_2_0_, this_.user_id as user2_2_0_, this_.created_by as created3_2_0_, this_.date_created as date4_2_0_, this_.last_updated as last5_2_0_, this_.last_updated_by as last6_2_0_, this_.tenant_id as tenant7_2_0_ from user_role this_ where this_.tenant_id=? and this_.user_id=?
Hibernate: select this_.role_id as role1_2_0_, this_.user_id as user2_2_0_, this_.created_by as created3_2_0_, this_.date_created as date4_2_0_, this_.last_updated as last5_2_0_, this_.last_updated_by as last6_2_0_, this_.tenant_id as tenant7_2_0_ from user_role this_ where this_.tenant_id=? and this_.user_id=?
Interceptor createPage: TopLevelWindow[name=""]
Content of web window [TopLevelWindow[name=""]] changed
== Response was 500 (Internal Server Error) headers: ===========================
================================================================================
== Content =====================================================================
<!DOCTYPE html>
<!--[if lt IE 7 ]> <html lang="en" class="no-js ie6"> <![endif]-->
<!--[if IE 7 ]>    <html lang="en" class="no-js ie7"> <![endif]-->
<!--[if IE 8 ]>    <html lang="en" class="no-js ie8"> <![endif]-->
<!--[if IE 9 ]>    <html lang="en" class="no-js ie9"> <![endif]-->
<!--[if (gt IE 9)|!(IE)]><!--> <html lang="en" class="no-js"><!--<![endif]-->
	<head>
		<meta http-equiv="Content-Type" content="text/html; charset=UTF-8">
		<meta http-equiv="X-UA-Compatible" content="IE=edge,chrome=1">
		<title>Grails Runtime Exception</title>
		<meta name="viewport" content="width=device-width, initial-scale=1.0">
		<link rel="shortcut icon" href="/moovt/images/favicon.ico" type="image/x-icon">
		<link rel="apple-touch-icon" href="/moovt/images/apple-touch-icon.png">
		<link rel="apple-touch-icon" sizes="114x114" href="/moovt/images/apple-touch-icon-retina.png">
		<link rel="stylesheet" href="/moovt/css/main.css" type="text/css">
		<link rel="stylesheet" href="/moovt/css/mobile.css" type="text/css">
		
		
		<meta name="layout" content="main">
		<link rel="stylesheet" href="/moovt/css/errors.css" type="text/css">
	
		<r:layoutResources></r:layoutResources>
	</head>
	<body>
		<div id="grailsLogo" role="banner"><a href="http://grails.org"><img src="/moovt/images/grails_logo.png" alt="Grails"/></a></div>
		
		<h1>Error 500: Internal Server Error</h1>
<dl class="error-details">
<dt>URI</dt><dd>/moovt/user/createUser</dd>
<dt>Class</dt><dd>groovy.lang.MissingPropertyException</dd><dt>Message</dt><dd>No such property: msg for class: com.moovt.common.UserController</dd></dl><h2>Around line 179 of <span class="filename">grails-app/controllers/com/moovt/common/UserController.groovy</span></h2>
<pre class="snippet"><code class="line"><span class="lineNumber">176:</span></code><code class="line"><span class="lineNumber">177:</span></code><code class="line"><span class="lineNumber">178:</span>		} //End of the transaction</code><code class="line error"><span class="lineNumber">179:</span>		render([type: CallResult.USER, code: CallResult.SUCCESS, message: msg, JSESSIONID: sessionId] as JSON);</code><code class="line"><span class="lineNumber">180:</span>		return;</code><code class="line"><span class="lineNumber">181:</span>	}</code><code class="line"><span class="lineNumber">182:</span></code></pre><h2>Around line 53 of <span class="filename">CustomExceptionTranslationFilter.groovy</span></h2>
<pre class="snippet"><code class="line"><span class="lineNumber">50:</span>        HttpServletResponse response = (HttpServletResponse) res;</code><code class="line"><span class="lineNumber">51:</span></code><code class="line"><span class="lineNumber">52:</span>        try {</code><code class="line error"><span class="lineNumber">53:</span>            chain.doFilter(request, response);</code><code class="line"><span class="lineNumber">54:</span></code><code class="line"><span class="lineNumber">55:</span>            if (logger.isDebugEnabled()) {</code><code class="line"><span class="lineNumber">56:</span>                logger.debug(&quot;Chain processed normally&quot;);</code></pre><h2>Trace</h2><pre class="stack">   Line | Method
-&gt;&gt; 179 | createUser in UserController.groovy
- - - - - - - - - - - - - - - - - - - - - - - - - - - - - - - - - - - - 
|    53 | doFilter   in CustomExceptionTranslationFilter.groovy
|   895 | runTask .  in java.util.concurrent.ThreadPoolExecutor$Worker
|   918 | run        in     &#39;&#39;
^   680 | run . . .  in java.lang.Thread
</pre>
	
		<div class="footer" role="contentinfo"></div>
		<div id="spinner" class="spinner" style="display:none;">Loading&hellip;</div>
		<script src="/moovt/js/application.js" type="text/javascript"></script>

		<r:layoutResources></r:layoutResources>
	</body>
</html>

================================================================================
#
Failed: Expected HTTP status [200] but was [500]
junit.framework.AssertionFailedError: Expected HTTP status [200] but was [500]
	at junit.framework.Assert.fail(Assert.java:50)
	at junit.framework.Assert.assertTrue(Assert.java:20)
	at com.grailsrocks.functionaltest.TestCaseBase.assertStatus(TestCaseBase.groovy:346)
	at com.grailsrocks.functionaltest.TestCaseBase.invokeMethod(TestCaseBase.groovy:179)
	at com.moovt.DriverPassengerFunctionalTests.testCreateUserDriverEnglish(DriverPassengerFunctionalTests.groovy:83)
	at org.junit.runners.model.FrameworkMethod$1.runReflectiveCall(FrameworkMethod.java:45)
	at org.junit.internal.runners.model.ReflectiveCallable.run(ReflectiveCallable.java:15)
	at org.junit.runners.model.FrameworkMethod.invokeExplosively(FrameworkMethod.java:42)
	at org.junit.internal.runners.statements.InvokeMethod.evaluate(InvokeMethod.java:20)
	at org.junit.internal.runners.statements.RunBefores.evaluate(RunBefores.java:28)
	at org.junit.internal.runners.statements.RunAfters.evaluate(RunAfters.java:30)
	at org.junit.runners.ParentRunner.runLeaf(ParentRunner.java:263)
	at org.junit.runners.BlockJUnit4ClassRunner.runChild(BlockJUnit4ClassRunner.java:68)
	at org.junit.runners.BlockJUnit4ClassRunner.runChild(BlockJUnit4ClassRunner.java:47)
	at org.junit.runners.ParentRunner$3.run(ParentRunner.java:231)
	at org.junit.runners.ParentRunner$1.schedule(ParentRunner.java:60)
	at org.junit.runners.ParentRunner.runChildren(ParentRunner.java:229)
	at org.junit.runners.ParentRunner.access$000(ParentRunner.java:50)
	at org.junit.runners.ParentRunner$2.evaluate(ParentRunner.java:222)
	at org.junit.runners.ParentRunner.run(ParentRunner.java:300)
	at org.junit.runners.Suite.runChild(Suite.java:128)
	at org.junit.runners.Suite.runChild(Suite.java:24)
	at org.junit.runners.ParentRunner$3.run(ParentRunner.java:231)
	at org.junit.runners.ParentRunner$1.schedule(ParentRunner.java:60)
	at org.junit.runners.ParentRunner.runChildren(ParentRunner.java:229)
	at org.junit.runners.ParentRunner.access$000(ParentRunner.java:50)
	at org.junit.runners.ParentRunner$2.evaluate(ParentRunner.java:222)
	at org.junit.runners.ParentRunner.run(ParentRunner.java:300)
	at org.junit.runners.ParentRunner$run.call(Unknown Source)
	at _GrailsTest_groovy$_run_closure4.doCall(_GrailsTest_groovy:290)
	at _GrailsTest_groovy$_run_closure2.doCall(_GrailsTest_groovy:248)
	at _GrailsTest_groovy$_run_closure1_closure21.doCall(_GrailsTest_groovy:195)
	at _GrailsTest_groovy$_run_closure1.doCall(_GrailsTest_groovy:184)
	at org.codehaus.gant.GantMetaClass.invokeMethod(GantMetaClass.java:133)
	at org.codehaus.gant.GantBinding$_initializeGantBinding_closure5_closure16_closure18.doCall(GantBinding.groovy:185)
	at org.codehaus.gant.GantBinding$_initializeGantBinding_closure5_closure16_closure18.doCall(GantBinding.groovy)
	at org.codehaus.gant.GantBinding.withTargetEvent(GantBinding.groovy:90)
	at org.codehaus.gant.GantBinding.this$4$withTargetEvent(GantBinding.groovy)
	at org.codehaus.gant.GantBinding$_initializeGantBinding_closure5_closure16.doCall(GantBinding.groovy:185)
	at org.codehaus.gant.GantBinding$_initializeGantBinding_closure5_closure16.doCall(GantBinding.groovy)
	at org.codehaus.gant.GantMetaClass.invokeMethod(GantMetaClass.java:133)
	at TestApp$_run_closure1.doCall(TestApp.groovy:82)
	at org.codehaus.gant.GantMetaClass.invokeMethod(GantMetaClass.java:133)
	at org.codehaus.gant.GantBinding$_initializeGantBinding_closure5_closure16_closure18.doCall(GantBinding.groovy:185)
	at org.codehaus.gant.GantBinding$_initializeGantBinding_closure5_closure16_closure18.doCall(GantBinding.groovy)
	at org.codehaus.gant.GantBinding.withTargetEvent(GantBinding.groovy:90)
	at org.codehaus.gant.GantBinding.this$4$withTargetEvent(GantBinding.groovy)
	at org.codehaus.gant.GantBinding$_initializeGantBinding_closure5_closure16.doCall(GantBinding.groovy:185)
	at org.codehaus.gant.GantBinding$_initializeGantBinding_closure5_closure16.doCall(GantBinding.groovy)
URL: http://localhost:8080/moovt/user/createUser


--Output from testCreateUserPassengerEnglish--
Switching to browser client [default]
Creating to new client [default] of type [class com.grailsrocks.functionaltest.client.BrowserClient]

== Making request POST http://localhost:8080/moovt/user/createUser parameters: ==
== Request headers: ============================================================
Accept-Encoding: gzip, deflate
Content-Type: application/json
Accept: */*
== Content =====================================================================

				{"tenantname":"WorldTaxi","firstName":"John","lastName":"Airjunkie","username":"jairjunkie","password":"Welcome!1","phone":"773-329-1784","email":"jairjunkie@worldtaxi.com","locale":"en-US","passenger":{}}}
				
================================================================================
Hibernate: select this_.id as id4_0_, this_.version as version4_0_, this_.created_by as created3_4_0_, this_.date_created as date4_4_0_, this_.last_updated as last5_4_0_, this_.last_updated_by as last6_4_0_, this_.name as name4_0_ from tenant this_ where this_.name=? limit ?
Hibernate: select this_.id as id3_0_, this_.version as version3_0_, this_.account_expired as account3_3_0_, this_.account_locked as account4_3_0_, this_.created_by as created5_3_0_, this_.date_created as date6_3_0_, this_.email as email3_0_, this_.enabled as enabled3_0_, this_.first_name as first9_3_0_, this_.last_name as last10_3_0_, this_.last_updated as last11_3_0_, this_.last_updated_by as last12_3_0_, this_.locale as locale3_0_, this_.`password` as password14_3_0_, this_.password_expired as password15_3_0_, this_.phone as phone3_0_, this_.tenant_id as tenant17_3_0_, this_.username as username3_0_ from user this_ where this_.username=? and this_.tenant_id=?
Hibernate: select this_.id as id3_0_, this_.version as version3_0_, this_.account_expired as account3_3_0_, this_.account_locked as account4_3_0_, this_.created_by as created5_3_0_, this_.date_created as date6_3_0_, this_.email as email3_0_, this_.enabled as enabled3_0_, this_.first_name as first9_3_0_, this_.last_name as last10_3_0_, this_.last_updated as last11_3_0_, this_.last_updated_by as last12_3_0_, this_.locale as locale3_0_, this_.`password` as password14_3_0_, this_.password_expired as password15_3_0_, this_.phone as phone3_0_, this_.tenant_id as tenant17_3_0_, this_.username as username3_0_ from user this_ where this_.email=?
Hibernate: select this_.id as id3_0_, this_.version as version3_0_, this_.account_expired as account3_3_0_, this_.account_locked as account4_3_0_, this_.created_by as created5_3_0_, this_.date_created as date6_3_0_, this_.email as email3_0_, this_.enabled as enabled3_0_, this_.first_name as first9_3_0_, this_.last_name as last10_3_0_, this_.last_updated as last11_3_0_, this_.last_updated_by as last12_3_0_, this_.locale as locale3_0_, this_.`password` as password14_3_0_, this_.password_expired as password15_3_0_, this_.phone as phone3_0_, this_.tenant_id as tenant17_3_0_, this_.username as username3_0_ from user this_ where this_.username=? and this_.tenant_id=?
Hibernate: select this_.id as id3_0_, this_.version as version3_0_, this_.account_expired as account3_3_0_, this_.account_locked as account4_3_0_, this_.created_by as created5_3_0_, this_.date_created as date6_3_0_, this_.email as email3_0_, this_.enabled as enabled3_0_, this_.first_name as first9_3_0_, this_.last_name as last10_3_0_, this_.last_updated as last11_3_0_, this_.last_updated_by as last12_3_0_, this_.locale as locale3_0_, this_.`password` as password14_3_0_, this_.password_expired as password15_3_0_, this_.phone as phone3_0_, this_.tenant_id as tenant17_3_0_, this_.username as username3_0_ from user this_ where this_.email=?
Hibernate: insert into user (version, account_expired, account_locked, created_by, date_created, email, enabled, first_name, last_name, last_updated, last_updated_by, locale, `password`, password_expired, phone, tenant_id, username) values (?, ?, ?, ?, ?, ?, ?, ?, ?, ?, ?, ?, ?, ?, ?, ?, ?)
Hibernate: select this_.id as id3_0_, this_.version as version3_0_, this_.account_expired as account3_3_0_, this_.account_locked as account4_3_0_, this_.created_by as created5_3_0_, this_.date_created as date6_3_0_, this_.email as email3_0_, this_.enabled as enabled3_0_, this_.first_name as first9_3_0_, this_.last_name as last10_3_0_, this_.last_updated as last11_3_0_, this_.last_updated_by as last12_3_0_, this_.locale as locale3_0_, this_.`password` as password14_3_0_, this_.password_expired as password15_3_0_, this_.phone as phone3_0_, this_.tenant_id as tenant17_3_0_, this_.username as username3_0_ from user this_ where this_.username=? and this_.tenant_id=?
Hibernate: select this_.id as id3_0_, this_.version as version3_0_, this_.account_expired as account3_3_0_, this_.account_locked as account4_3_0_, this_.created_by as created5_3_0_, this_.date_created as date6_3_0_, this_.email as email3_0_, this_.enabled as enabled3_0_, this_.first_name as first9_3_0_, this_.last_name as last10_3_0_, this_.last_updated as last11_3_0_, this_.last_updated_by as last12_3_0_, this_.locale as locale3_0_, this_.`password` as password14_3_0_, this_.password_expired as password15_3_0_, this_.phone as phone3_0_, this_.tenant_id as tenant17_3_0_, this_.username as username3_0_ from user this_ where this_.email=?
Hibernate: update user set version=?, account_expired=?, account_locked=?, created_by=?, date_created=?, email=?, enabled=?, first_name=?, last_name=?, last_updated=?, last_updated_by=?, locale=?, `password`=?, password_expired=?, phone=?, tenant_id=?, username=? where id=? and version=?
Hibernate: select this_.id as id3_0_, this_.version as version3_0_, this_.account_expired as account3_3_0_, this_.account_locked as account4_3_0_, this_.created_by as created5_3_0_, this_.date_created as date6_3_0_, this_.email as email3_0_, this_.enabled as enabled3_0_, this_.first_name as first9_3_0_, this_.last_name as last10_3_0_, this_.last_updated as last11_3_0_, this_.last_updated_by as last12_3_0_, this_.locale as locale3_0_, this_.`password` as password14_3_0_, this_.password_expired as password15_3_0_, this_.phone as phone3_0_, this_.tenant_id as tenant17_3_0_, this_.username as username3_0_ from user this_ where this_.username=? and this_.tenant_id=?
Hibernate: select this_.id as id3_0_, this_.version as version3_0_, this_.account_expired as account3_3_0_, this_.account_locked as account4_3_0_, this_.created_by as created5_3_0_, this_.date_created as date6_3_0_, this_.email as email3_0_, this_.enabled as enabled3_0_, this_.first_name as first9_3_0_, this_.last_name as last10_3_0_, this_.last_updated as last11_3_0_, this_.last_updated_by as last12_3_0_, this_.locale as locale3_0_, this_.`password` as password14_3_0_, this_.password_expired as password15_3_0_, this_.phone as phone3_0_, this_.tenant_id as tenant17_3_0_, this_.username as username3_0_ from user this_ where this_.email=?
Hibernate: select this_.id as id3_0_, this_.version as version3_0_, this_.account_expired as account3_3_0_, this_.account_locked as account4_3_0_, this_.created_by as created5_3_0_, this_.date_created as date6_3_0_, this_.email as email3_0_, this_.enabled as enabled3_0_, this_.first_name as first9_3_0_, this_.last_name as last10_3_0_, this_.last_updated as last11_3_0_, this_.last_updated_by as last12_3_0_, this_.locale as locale3_0_, this_.`password` as password14_3_0_, this_.password_expired as password15_3_0_, this_.phone as phone3_0_, this_.tenant_id as tenant17_3_0_, this_.username as username3_0_ from user this_ where this_.username=? and this_.tenant_id=?
Hibernate: select this_.id as id3_0_, this_.version as version3_0_, this_.account_expired as account3_3_0_, this_.account_locked as account4_3_0_, this_.created_by as created5_3_0_, this_.date_created as date6_3_0_, this_.email as email3_0_, this_.enabled as enabled3_0_, this_.first_name as first9_3_0_, this_.last_name as last10_3_0_, this_.last_updated as last11_3_0_, this_.last_updated_by as last12_3_0_, this_.locale as locale3_0_, this_.`password` as password14_3_0_, this_.password_expired as password15_3_0_, this_.phone as phone3_0_, this_.tenant_id as tenant17_3_0_, this_.username as username3_0_ from user this_ where this_.email=?
Hibernate: update user set version=?, account_expired=?, account_locked=?, created_by=?, date_created=?, email=?, enabled=?, first_name=?, last_name=?, last_updated=?, last_updated_by=?, locale=?, `password`=?, password_expired=?, phone=?, tenant_id=?, username=? where id=? and version=?
Hibernate: select this_.id as id5_0_, this_.version as version5_0_, this_.authority as authority5_0_, this_.created_by as created4_5_0_, this_.date_created as date5_5_0_, this_.last_updated as last6_5_0_, this_.last_updated_by as last7_5_0_, this_.tenant_id as tenant8_5_0_ from role this_ where this_.tenant_id=? and this_.authority=? limit ?
Hibernate: select this_.id as id3_0_, this_.version as version3_0_, this_.account_expired as account3_3_0_, this_.account_locked as account4_3_0_, this_.created_by as created5_3_0_, this_.date_created as date6_3_0_, this_.email as email3_0_, this_.enabled as enabled3_0_, this_.first_name as first9_3_0_, this_.last_name as last10_3_0_, this_.last_updated as last11_3_0_, this_.last_updated_by as last12_3_0_, this_.locale as locale3_0_, this_.`password` as password14_3_0_, this_.password_expired as password15_3_0_, this_.phone as phone3_0_, this_.tenant_id as tenant17_3_0_, this_.username as username3_0_ from user this_ where this_.username=? and this_.tenant_id=?
Hibernate: select this_.id as id3_0_, this_.version as version3_0_, this_.account_expired as account3_3_0_, this_.account_locked as account4_3_0_, this_.created_by as created5_3_0_, this_.date_created as date6_3_0_, this_.email as email3_0_, this_.enabled as enabled3_0_, this_.first_name as first9_3_0_, this_.last_name as last10_3_0_, this_.last_updated as last11_3_0_, this_.last_updated_by as last12_3_0_, this_.locale as locale3_0_, this_.`password` as password14_3_0_, this_.password_expired as password15_3_0_, this_.phone as phone3_0_, this_.tenant_id as tenant17_3_0_, this_.username as username3_0_ from user this_ where this_.email=?
Hibernate: insert into passenger (version, created_by, date_created, last_updated, last_updated_by, tenant_id, user_id) values (?, ?, ?, ?, ?, ?, ?)
Hibernate: insert into user_role (created_by, date_created, last_updated, last_updated_by, tenant_id, role_id, user_id) values (?, ?, ?, ?, ?, ?, ?)
Hibernate: select this_.id as id3_0_, this_.version as version3_0_, this_.account_expired as account3_3_0_, this_.account_locked as account4_3_0_, this_.created_by as created5_3_0_, this_.date_created as date6_3_0_, this_.email as email3_0_, this_.enabled as enabled3_0_, this_.first_name as first9_3_0_, this_.last_name as last10_3_0_, this_.last_updated as last11_3_0_, this_.last_updated_by as last12_3_0_, this_.locale as locale3_0_, this_.`password` as password14_3_0_, this_.password_expired as password15_3_0_, this_.phone as phone3_0_, this_.tenant_id as tenant17_3_0_, this_.username as username3_0_ from user this_ where this_.username=? and this_.tenant_id=?
Hibernate: select this_.id as id3_0_, this_.version as version3_0_, this_.account_expired as account3_3_0_, this_.account_locked as account4_3_0_, this_.created_by as created5_3_0_, this_.date_created as date6_3_0_, this_.email as email3_0_, this_.enabled as enabled3_0_, this_.first_name as first9_3_0_, this_.last_name as last10_3_0_, this_.last_updated as last11_3_0_, this_.last_updated_by as last12_3_0_, this_.locale as locale3_0_, this_.`password` as password14_3_0_, this_.password_expired as password15_3_0_, this_.phone as phone3_0_, this_.tenant_id as tenant17_3_0_, this_.username as username3_0_ from user this_ where this_.email=?
Hibernate: update user set version=?, account_expired=?, account_locked=?, created_by=?, date_created=?, email=?, enabled=?, first_name=?, last_name=?, last_updated=?, last_updated_by=?, locale=?, `password`=?, password_expired=?, phone=?, tenant_id=?, username=? where id=? and version=?
Hibernate: select this_.id as id4_0_, this_.version as version4_0_, this_.created_by as created3_4_0_, this_.date_created as date4_4_0_, this_.last_updated as last5_4_0_, this_.last_updated_by as last6_4_0_, this_.name as name4_0_ from tenant this_ where this_.name=? limit ?
Hibernate: select this_.id as id3_0_, this_.version as version3_0_, this_.account_expired as account3_3_0_, this_.account_locked as account4_3_0_, this_.created_by as created5_3_0_, this_.date_created as date6_3_0_, this_.email as email3_0_, this_.enabled as enabled3_0_, this_.first_name as first9_3_0_, this_.last_name as last10_3_0_, this_.last_updated as last11_3_0_, this_.last_updated_by as last12_3_0_, this_.locale as locale3_0_, this_.`password` as password14_3_0_, this_.password_expired as password15_3_0_, this_.phone as phone3_0_, this_.tenant_id as tenant17_3_0_, this_.username as username3_0_ from user this_ where this_.tenant_id=? and this_.username=? limit ?
Hibernate: select this_.role_id as role1_2_0_, this_.user_id as user2_2_0_, this_.created_by as created3_2_0_, this_.date_created as date4_2_0_, this_.last_updated as last5_2_0_, this_.last_updated_by as last6_2_0_, this_.tenant_id as tenant7_2_0_ from user_role this_ where this_.tenant_id=? and this_.user_id=?
Hibernate: select this_.role_id as role1_2_0_, this_.user_id as user2_2_0_, this_.created_by as created3_2_0_, this_.date_created as date4_2_0_, this_.last_updated as last5_2_0_, this_.last_updated_by as last6_2_0_, this_.tenant_id as tenant7_2_0_ from user_role this_ where this_.tenant_id=? and this_.user_id=?
Hibernate: update passenger set version=?, created_by=?, date_created=?, last_updated=?, last_updated_by=?, tenant_id=? where user_id=? and version=?
Interceptor createPage: TopLevelWindow[name=""]
Content of web window [TopLevelWindow[name=""]] changed
== Response was 500 (Internal Server Error) headers: ===========================
================================================================================
== Content =====================================================================
<!DOCTYPE html>
<!--[if lt IE 7 ]> <html lang="en" class="no-js ie6"> <![endif]-->
<!--[if IE 7 ]>    <html lang="en" class="no-js ie7"> <![endif]-->
<!--[if IE 8 ]>    <html lang="en" class="no-js ie8"> <![endif]-->
<!--[if IE 9 ]>    <html lang="en" class="no-js ie9"> <![endif]-->
<!--[if (gt IE 9)|!(IE)]><!--> <html lang="en" class="no-js"><!--<![endif]-->
	<head>
		<meta http-equiv="Content-Type" content="text/html; charset=UTF-8">
		<meta http-equiv="X-UA-Compatible" content="IE=edge,chrome=1">
		<title>Grails Runtime Exception</title>
		<meta name="viewport" content="width=device-width, initial-scale=1.0">
		<link rel="shortcut icon" href="/moovt/images/favicon.ico" type="image/x-icon">
		<link rel="apple-touch-icon" href="/moovt/images/apple-touch-icon.png">
		<link rel="apple-touch-icon" sizes="114x114" href="/moovt/images/apple-touch-icon-retina.png">
		<link rel="stylesheet" href="/moovt/css/main.css" type="text/css">
		<link rel="stylesheet" href="/moovt/css/mobile.css" type="text/css">
		
		
		<meta name="layout" content="main">
		<link rel="stylesheet" href="/moovt/css/errors.css" type="text/css">
	
		<r:layoutResources></r:layoutResources>
	</head>
	<body>
		<div id="grailsLogo" role="banner"><a href="http://grails.org"><img src="/moovt/images/grails_logo.png" alt="Grails"/></a></div>
		
		<h1>Error 500: Internal Server Error</h1>
<dl class="error-details">
<dt>URI</dt><dd>/moovt/user/createUser</dd>
<dt>Class</dt><dd>groovy.lang.MissingPropertyException</dd><dt>Message</dt><dd>No such property: msg for class: com.moovt.common.UserController</dd></dl><h2>Around line 179 of <span class="filename">grails-app/controllers/com/moovt/common/UserController.groovy</span></h2>
<pre class="snippet"><code class="line"><span class="lineNumber">176:</span></code><code class="line"><span class="lineNumber">177:</span></code><code class="line"><span class="lineNumber">178:</span>		} //End of the transaction</code><code class="line error"><span class="lineNumber">179:</span>		render([type: CallResult.USER, code: CallResult.SUCCESS, message: msg, JSESSIONID: sessionId] as JSON);</code><code class="line"><span class="lineNumber">180:</span>		return;</code><code class="line"><span class="lineNumber">181:</span>	}</code><code class="line"><span class="lineNumber">182:</span></code></pre><h2>Around line 53 of <span class="filename">CustomExceptionTranslationFilter.groovy</span></h2>
<pre class="snippet"><code class="line"><span class="lineNumber">50:</span>        HttpServletResponse response = (HttpServletResponse) res;</code><code class="line"><span class="lineNumber">51:</span></code><code class="line"><span class="lineNumber">52:</span>        try {</code><code class="line error"><span class="lineNumber">53:</span>            chain.doFilter(request, response);</code><code class="line"><span class="lineNumber">54:</span></code><code class="line"><span class="lineNumber">55:</span>            if (logger.isDebugEnabled()) {</code><code class="line"><span class="lineNumber">56:</span>                logger.debug(&quot;Chain processed normally&quot;);</code></pre><h2>Trace</h2><pre class="stack">   Line | Method
-&gt;&gt; 179 | createUser in UserController.groovy
- - - - - - - - - - - - - - - - - - - - - - - - - - - - - - - - - - - - 
|    53 | doFilter   in CustomExceptionTranslationFilter.groovy
|   895 | runTask .  in java.util.concurrent.ThreadPoolExecutor$Worker
|   918 | run        in     &#39;&#39;
^   680 | run . . .  in java.lang.Thread
</pre>
	
		<div class="footer" role="contentinfo"></div>
		<div id="spinner" class="spinner" style="display:none;">Loading&hellip;</div>
		<script src="/moovt/js/application.js" type="text/javascript"></script>

		<r:layoutResources></r:layoutResources>
	</body>
</html>

================================================================================
#
Failed: Expected HTTP status [200] but was [500]
junit.framework.AssertionFailedError: Expected HTTP status [200] but was [500]
	at junit.framework.Assert.fail(Assert.java:50)
	at junit.framework.Assert.assertTrue(Assert.java:20)
	at com.grailsrocks.functionaltest.TestCaseBase.assertStatus(TestCaseBase.groovy:346)
	at com.grailsrocks.functionaltest.TestCaseBase.invokeMethod(TestCaseBase.groovy:179)
	at com.moovt.DriverPassengerFunctionalTests.testCreateUserPassengerEnglish(DriverPassengerFunctionalTests.groovy:98)
	at org.junit.runners.model.FrameworkMethod$1.runReflectiveCall(FrameworkMethod.java:45)
	at org.junit.internal.runners.model.ReflectiveCallable.run(ReflectiveCallable.java:15)
	at org.junit.runners.model.FrameworkMethod.invokeExplosively(FrameworkMethod.java:42)
	at org.junit.internal.runners.statements.InvokeMethod.evaluate(InvokeMethod.java:20)
	at org.junit.internal.runners.statements.RunBefores.evaluate(RunBefores.java:28)
	at org.junit.internal.runners.statements.RunAfters.evaluate(RunAfters.java:30)
	at org.junit.runners.ParentRunner.runLeaf(ParentRunner.java:263)
	at org.junit.runners.BlockJUnit4ClassRunner.runChild(BlockJUnit4ClassRunner.java:68)
	at org.junit.runners.BlockJUnit4ClassRunner.runChild(BlockJUnit4ClassRunner.java:47)
	at org.junit.runners.ParentRunner$3.run(ParentRunner.java:231)
	at org.junit.runners.ParentRunner$1.schedule(ParentRunner.java:60)
	at org.junit.runners.ParentRunner.runChildren(ParentRunner.java:229)
	at org.junit.runners.ParentRunner.access$000(ParentRunner.java:50)
	at org.junit.runners.ParentRunner$2.evaluate(ParentRunner.java:222)
	at org.junit.runners.ParentRunner.run(ParentRunner.java:300)
	at org.junit.runners.Suite.runChild(Suite.java:128)
	at org.junit.runners.Suite.runChild(Suite.java:24)
	at org.junit.runners.ParentRunner$3.run(ParentRunner.java:231)
	at org.junit.runners.ParentRunner$1.schedule(ParentRunner.java:60)
	at org.junit.runners.ParentRunner.runChildren(ParentRunner.java:229)
	at org.junit.runners.ParentRunner.access$000(ParentRunner.java:50)
	at org.junit.runners.ParentRunner$2.evaluate(ParentRunner.java:222)
	at org.junit.runners.ParentRunner.run(ParentRunner.java:300)
	at org.junit.runners.ParentRunner$run.call(Unknown Source)
	at _GrailsTest_groovy$_run_closure4.doCall(_GrailsTest_groovy:290)
	at _GrailsTest_groovy$_run_closure2.doCall(_GrailsTest_groovy:248)
	at _GrailsTest_groovy$_run_closure1_closure21.doCall(_GrailsTest_groovy:195)
	at _GrailsTest_groovy$_run_closure1.doCall(_GrailsTest_groovy:184)
	at org.codehaus.gant.GantMetaClass.invokeMethod(GantMetaClass.java:133)
	at org.codehaus.gant.GantBinding$_initializeGantBinding_closure5_closure16_closure18.doCall(GantBinding.groovy:185)
	at org.codehaus.gant.GantBinding$_initializeGantBinding_closure5_closure16_closure18.doCall(GantBinding.groovy)
	at org.codehaus.gant.GantBinding.withTargetEvent(GantBinding.groovy:90)
	at org.codehaus.gant.GantBinding.this$4$withTargetEvent(GantBinding.groovy)
	at org.codehaus.gant.GantBinding$_initializeGantBinding_closure5_closure16.doCall(GantBinding.groovy:185)
	at org.codehaus.gant.GantBinding$_initializeGantBinding_closure5_closure16.doCall(GantBinding.groovy)
	at org.codehaus.gant.GantMetaClass.invokeMethod(GantMetaClass.java:133)
	at TestApp$_run_closure1.doCall(TestApp.groovy:82)
	at org.codehaus.gant.GantMetaClass.invokeMethod(GantMetaClass.java:133)
	at org.codehaus.gant.GantBinding$_initializeGantBinding_closure5_closure16_closure18.doCall(GantBinding.groovy:185)
	at org.codehaus.gant.GantBinding$_initializeGantBinding_closure5_closure16_closure18.doCall(GantBinding.groovy)
	at org.codehaus.gant.GantBinding.withTargetEvent(GantBinding.groovy:90)
	at org.codehaus.gant.GantBinding.this$4$withTargetEvent(GantBinding.groovy)
	at org.codehaus.gant.GantBinding$_initializeGantBinding_closure5_closure16.doCall(GantBinding.groovy:185)
	at org.codehaus.gant.GantBinding$_initializeGantBinding_closure5_closure16.doCall(GantBinding.groovy)
URL: http://localhost:8080/moovt/user/createUser


--Output from testUpdateUserDriverEnglish--
Switching to browser client [default]
Creating to new client [default] of type [class com.grailsrocks.functionaltest.client.BrowserClient]

== Making request POST http://localhost:8080/moovt/login/authenticateUser parameters: ==
== Request headers: ============================================================
Accept-Encoding: gzip, deflate
Content-Type: application/json
Accept: */*
== Content =====================================================================

				{"type":"Self","tenantname":"WorldTaxi","username":"jgoodarm","password":"Welcome!1",locale:"pt_BR"}
				
================================================================================
Hibernate: select this_.id as id4_0_, this_.version as version4_0_, this_.created_by as created3_4_0_, this_.date_created as date4_4_0_, this_.last_updated as last5_4_0_, this_.last_updated_by as last6_4_0_, this_.name as name4_0_ from tenant this_ where this_.name=? limit ?
Hibernate: select this_.id as id3_0_, this_.version as version3_0_, this_.account_expired as account3_3_0_, this_.account_locked as account4_3_0_, this_.created_by as created5_3_0_, this_.date_created as date6_3_0_, this_.email as email3_0_, this_.enabled as enabled3_0_, this_.first_name as first9_3_0_, this_.last_name as last10_3_0_, this_.last_updated as last11_3_0_, this_.last_updated_by as last12_3_0_, this_.locale as locale3_0_, this_.`password` as password14_3_0_, this_.password_expired as password15_3_0_, this_.phone as phone3_0_, this_.tenant_id as tenant17_3_0_, this_.username as username3_0_ from user this_ where this_.tenant_id=? and this_.username=? limit ?
Hibernate: select driver0_.user_id as user1_6_0_, driver0_.version as version6_0_, driver0_.active_status as active3_6_0_, driver0_.car_type as car4_6_0_, driver0_.created_by as created5_6_0_, driver0_.date_created as date6_6_0_, driver0_.last_updated as last7_6_0_, driver0_.last_updated_by as last8_6_0_, driver0_.served_location_id as served9_6_0_, driver0_.tenant_id as tenant10_6_0_ from driver driver0_ where driver0_.user_id=?
Hibernate: select passenger0_.user_id as user1_1_0_, passenger0_.version as version1_0_, passenger0_.created_by as created3_1_0_, passenger0_.date_created as date4_1_0_, passenger0_.last_updated as last5_1_0_, passenger0_.last_updated_by as last6_1_0_, passenger0_.tenant_id as tenant7_1_0_ from passenger passenger0_ where passenger0_.user_id=?
Hibernate: select this_.role_id as role1_2_0_, this_.user_id as user2_2_0_, this_.created_by as created3_2_0_, this_.date_created as date4_2_0_, this_.last_updated as last5_2_0_, this_.last_updated_by as last6_2_0_, this_.tenant_id as tenant7_2_0_ from user_role this_ where this_.tenant_id=? and this_.user_id=?
Hibernate: select role0_.id as id5_0_, role0_.version as version5_0_, role0_.authority as authority5_0_, role0_.created_by as created4_5_0_, role0_.date_created as date5_5_0_, role0_.last_updated as last6_5_0_, role0_.last_updated_by as last7_5_0_, role0_.tenant_id as tenant8_5_0_ from role role0_ where role0_.id=?
Hibernate: select role0_.id as id5_0_, role0_.version as version5_0_, role0_.authority as authority5_0_, role0_.created_by as created4_5_0_, role0_.date_created as date5_5_0_, role0_.last_updated as last6_5_0_, role0_.last_updated_by as last7_5_0_, role0_.tenant_id as tenant8_5_0_ from role role0_ where role0_.id=?
Hibernate: select this_.role_id as role1_2_0_, this_.user_id as user2_2_0_, this_.created_by as created3_2_0_, this_.date_created as date4_2_0_, this_.last_updated as last5_2_0_, this_.last_updated_by as last6_2_0_, this_.tenant_id as tenant7_2_0_ from user_role this_ where this_.tenant_id=? and this_.user_id=?
ROLE_DRIVER
ROLE_RIDE_MGR
Interceptor createPage: TopLevelWindow[name=""]
Content of web window [TopLevelWindow[name=""]] changed
== Response was 200 (OK) headers: ==============================================
================================================================================
== Content =====================================================================
{"type":"USER","code":"SUCCESS","message":"Login successful.","JSESSIONID":"507F8FE2392936EF15A4E7547CA0DDC2","userType":"DRIVER"}
================================================================================
#
== Making request POST http://localhost:8080/moovt/user/updateLoggedUser parameters: ==
== Request headers: ============================================================
Accept-Encoding: gzip, deflate
Content-Type: application/json
Accept: */*
== Content =====================================================================

				{"version":"4","firstName":"John","lastName":"VeryGoodarm","username":"jverygoodarm","password":"Welcome!1","phone":"773-329-1784","email":"jgoodarxm@worldtaxi.com","locale":"en-US","driver":{"carType":"A_SEDAN","servedLocation":{"locationName":"BRua Major Lopes, 55","politicalName":"Belo Horizonte, MG, BR","latitude":-19.9413628,"longitude":-43.9373064,"locationType":"RANGE_INTERPOLATED"},"activeStatus":"ENABLED"}}
				
================================================================================
Hibernate: select tenant0_.id as id4_0_, tenant0_.version as version4_0_, tenant0_.created_by as created3_4_0_, tenant0_.date_created as date4_4_0_, tenant0_.last_updated as last5_4_0_, tenant0_.last_updated_by as last6_4_0_, tenant0_.name as name4_0_ from tenant tenant0_ where tenant0_.id=?
Hibernate: select user0_.id as id3_0_, user0_.version as version3_0_, user0_.account_expired as account3_3_0_, user0_.account_locked as account4_3_0_, user0_.created_by as created5_3_0_, user0_.date_created as date6_3_0_, user0_.email as email3_0_, user0_.enabled as enabled3_0_, user0_.first_name as first9_3_0_, user0_.last_name as last10_3_0_, user0_.last_updated as last11_3_0_, user0_.last_updated_by as last12_3_0_, user0_.locale as locale3_0_, user0_.`password` as password14_3_0_, user0_.password_expired as password15_3_0_, user0_.phone as phone3_0_, user0_.tenant_id as tenant17_3_0_, user0_.username as username3_0_ from user user0_ where user0_.id=?
Hibernate: select driver0_.user_id as user1_6_0_, driver0_.version as version6_0_, driver0_.active_status as active3_6_0_, driver0_.car_type as car4_6_0_, driver0_.created_by as created5_6_0_, driver0_.date_created as date6_6_0_, driver0_.last_updated as last7_6_0_, driver0_.last_updated_by as last8_6_0_, driver0_.served_location_id as served9_6_0_, driver0_.tenant_id as tenant10_6_0_ from driver driver0_ where driver0_.user_id=?
Hibernate: select passenger0_.user_id as user1_1_0_, passenger0_.version as version1_0_, passenger0_.created_by as created3_1_0_, passenger0_.date_created as date4_1_0_, passenger0_.last_updated as last5_1_0_, passenger0_.last_updated_by as last6_1_0_, passenger0_.tenant_id as tenant7_1_0_ from passenger passenger0_ where passenger0_.user_id=?
Hibernate: select location0_.id as id7_0_, location0_.version as version7_0_, location0_.created_by as created3_7_0_, location0_.date_created as date4_7_0_, location0_.last_updated as last5_7_0_, location0_.last_updated_by as last6_7_0_, location0_.latitude as latitude7_0_, location0_.location_name as location8_7_0_, location0_.location_type as location9_7_0_, location0_.longitude as longitude7_0_, location0_.political_name as political11_7_0_, location0_.tenant_id as tenant12_7_0_ from location location0_ where location0_.id=?
Hibernate: select this_.id as id5_0_, this_.version as version5_0_, this_.authority as authority5_0_, this_.created_by as created4_5_0_, this_.date_created as date5_5_0_, this_.last_updated as last6_5_0_, this_.last_updated_by as last7_5_0_, this_.tenant_id as tenant8_5_0_ from role this_ where this_.tenant_id=? and this_.authority=? limit ?
Hibernate: select this_.role_id as role1_2_0_, this_.user_id as user2_2_0_, this_.created_by as created3_2_0_, this_.date_created as date4_2_0_, this_.last_updated as last5_2_0_, this_.last_updated_by as last6_2_0_, this_.tenant_id as tenant7_2_0_ from user_role this_ where this_.tenant_id=? and this_.user_id=?
Hibernate: select role0_.id as id5_0_, role0_.version as version5_0_, role0_.authority as authority5_0_, role0_.created_by as created4_5_0_, role0_.date_created as date5_5_0_, role0_.last_updated as last6_5_0_, role0_.last_updated_by as last7_5_0_, role0_.tenant_id as tenant8_5_0_ from role role0_ where role0_.id=?
Hibernate: select this_.role_id as role1_2_0_, this_.user_id as user2_2_0_, this_.created_by as created3_2_0_, this_.date_created as date4_2_0_, this_.last_updated as last5_2_0_, this_.last_updated_by as last6_2_0_, this_.tenant_id as tenant7_2_0_ from user_role this_ where this_.tenant_id=? and this_.user_id=?
Hibernate: select this_.id as id3_0_, this_.version as version3_0_, this_.account_expired as account3_3_0_, this_.account_locked as account4_3_0_, this_.created_by as created5_3_0_, this_.date_created as date6_3_0_, this_.email as email3_0_, this_.enabled as enabled3_0_, this_.first_name as first9_3_0_, this_.last_name as last10_3_0_, this_.last_updated as last11_3_0_, this_.last_updated_by as last12_3_0_, this_.locale as locale3_0_, this_.`password` as password14_3_0_, this_.password_expired as password15_3_0_, this_.phone as phone3_0_, this_.tenant_id as tenant17_3_0_, this_.username as username3_0_ from user this_ where this_.username=? and this_.tenant_id=?
Hibernate: select this_.id as id3_0_, this_.version as version3_0_, this_.account_expired as account3_3_0_, this_.account_locked as account4_3_0_, this_.created_by as created5_3_0_, this_.date_created as date6_3_0_, this_.email as email3_0_, this_.enabled as enabled3_0_, this_.first_name as first9_3_0_, this_.last_name as last10_3_0_, this_.last_updated as last11_3_0_, this_.last_updated_by as last12_3_0_, this_.locale as locale3_0_, this_.`password` as password14_3_0_, this_.password_expired as password15_3_0_, this_.phone as phone3_0_, this_.tenant_id as tenant17_3_0_, this_.username as username3_0_ from user this_ where this_.email=?
Hibernate: update user set version=?, account_expired=?, account_locked=?, created_by=?, date_created=?, email=?, enabled=?, first_name=?, last_name=?, last_updated=?, last_updated_by=?, locale=?, `password`=?, password_expired=?, phone=?, tenant_id=?, username=? where id=? and version=?
Hibernate: update driver set version=?, active_status=?, car_type=?, created_by=?, date_created=?, last_updated=?, last_updated_by=?, served_location_id=?, tenant_id=? where user_id=? and version=?
Hibernate: update location set version=?, created_by=?, date_created=?, last_updated=?, last_updated_by=?, latitude=?, location_name=?, location_type=?, longitude=?, political_name=?, tenant_id=? where id=? and version=?
Hibernate: select this_.id as id3_0_, this_.version as version3_0_, this_.account_expired as account3_3_0_, this_.account_locked as account4_3_0_, this_.created_by as created5_3_0_, this_.date_created as date6_3_0_, this_.email as email3_0_, this_.enabled as enabled3_0_, this_.first_name as first9_3_0_, this_.last_name as last10_3_0_, this_.last_updated as last11_3_0_, this_.last_updated_by as last12_3_0_, this_.locale as locale3_0_, this_.`password` as password14_3_0_, this_.password_expired as password15_3_0_, this_.phone as phone3_0_, this_.tenant_id as tenant17_3_0_, this_.username as username3_0_ from user this_ where this_.username=? and this_.tenant_id=?
Hibernate: select this_.id as id3_0_, this_.version as version3_0_, this_.account_expired as account3_3_0_, this_.account_locked as account4_3_0_, this_.created_by as created5_3_0_, this_.date_created as date6_3_0_, this_.email as email3_0_, this_.enabled as enabled3_0_, this_.first_name as first9_3_0_, this_.last_name as last10_3_0_, this_.last_updated as last11_3_0_, this_.last_updated_by as last12_3_0_, this_.locale as locale3_0_, this_.`password` as password14_3_0_, this_.password_expired as password15_3_0_, this_.phone as phone3_0_, this_.tenant_id as tenant17_3_0_, this_.username as username3_0_ from user this_ where this_.email=?
Hibernate: update user set version=?, account_expired=?, account_locked=?, created_by=?, date_created=?, email=?, enabled=?, first_name=?, last_name=?, last_updated=?, last_updated_by=?, locale=?, `password`=?, password_expired=?, phone=?, tenant_id=?, username=? where id=? and version=?
Hibernate: update driver set version=?, active_status=?, car_type=?, created_by=?, date_created=?, last_updated=?, last_updated_by=?, served_location_id=?, tenant_id=? where user_id=? and version=?
Hibernate: update location set version=?, created_by=?, date_created=?, last_updated=?, last_updated_by=?, latitude=?, location_name=?, location_type=?, longitude=?, political_name=?, tenant_id=? where id=? and version=?
Hibernate: select this_.id as id3_0_, this_.version as version3_0_, this_.account_expired as account3_3_0_, this_.account_locked as account4_3_0_, this_.created_by as created5_3_0_, this_.date_created as date6_3_0_, this_.email as email3_0_, this_.enabled as enabled3_0_, this_.first_name as first9_3_0_, this_.last_name as last10_3_0_, this_.last_updated as last11_3_0_, this_.last_updated_by as last12_3_0_, this_.locale as locale3_0_, this_.`password` as password14_3_0_, this_.password_expired as password15_3_0_, this_.phone as phone3_0_, this_.tenant_id as tenant17_3_0_, this_.username as username3_0_ from user this_ where this_.username=? and this_.tenant_id=?
Hibernate: select this_.id as id3_0_, this_.version as version3_0_, this_.account_expired as account3_3_0_, this_.account_locked as account4_3_0_, this_.created_by as created5_3_0_, this_.date_created as date6_3_0_, this_.email as email3_0_, this_.enabled as enabled3_0_, this_.first_name as first9_3_0_, this_.last_name as last10_3_0_, this_.last_updated as last11_3_0_, this_.last_updated_by as last12_3_0_, this_.locale as locale3_0_, this_.`password` as password14_3_0_, this_.password_expired as password15_3_0_, this_.phone as phone3_0_, this_.tenant_id as tenant17_3_0_, this_.username as username3_0_ from user this_ where this_.email=?
Hibernate: update user set version=?, account_expired=?, account_locked=?, created_by=?, date_created=?, email=?, enabled=?, first_name=?, last_name=?, last_updated=?, last_updated_by=?, locale=?, `password`=?, password_expired=?, phone=?, tenant_id=?, username=? where id=? and version=?
Hibernate: update driver set version=?, active_status=?, car_type=?, created_by=?, date_created=?, last_updated=?, last_updated_by=?, served_location_id=?, tenant_id=? where user_id=? and version=?
Interceptor createPage: TopLevelWindow[name=""]
Content of web window [TopLevelWindow[name=""]] changed
== Response was 200 (OK) headers: ==============================================
================================================================================
== Content =====================================================================
{"result":{"type":"USER","code":"SUCCESS","message":"User jverygoodarm updated"}, "user":{"id":6,"version":1,"username":"jverygoodarm","firstName":"John","lastName":"VeryGoodarm","phone":"773-329-1784","email":"jgoodarxm@worldtaxi.com","driver":{"id":6,"servedLocation":{"locationName":"BRua Major Lopes, 55","politicalName":"Belo Horizonte, MG, BR","latitude":-19.9413628,"longitude":-43.9373064,"locationType":"RANGE_INTERPOLATED"},"carType":{"code":"A_SEDAN","description":"Sedan"},"activeStatus":{"code":"ENABLED","description":"Enabled"}}}}
================================================================================
#
--Output from testUpdateUserPassengerEnglish--
Switching to browser client [default]
Creating to new client [default] of type [class com.grailsrocks.functionaltest.client.BrowserClient]

== Making request POST http://localhost:8080/moovt/login/authenticateUser parameters: ==
== Request headers: ============================================================
Accept-Encoding: gzip, deflate
Content-Type: application/json
Accept: */*
== Content =====================================================================

				{"type":"Self","tenantname":"WorldTaxi","username":"jgoodrider","password":"Welcome!1",locale:"pt_BR"}
				
================================================================================
Hibernate: select this_.id as id4_0_, this_.version as version4_0_, this_.created_by as created3_4_0_, this_.date_created as date4_4_0_, this_.last_updated as last5_4_0_, this_.last_updated_by as last6_4_0_, this_.name as name4_0_ from tenant this_ where this_.name=? limit ?
Hibernate: select this_.id as id3_0_, this_.version as version3_0_, this_.account_expired as account3_3_0_, this_.account_locked as account4_3_0_, this_.created_by as created5_3_0_, this_.date_created as date6_3_0_, this_.email as email3_0_, this_.enabled as enabled3_0_, this_.first_name as first9_3_0_, this_.last_name as last10_3_0_, this_.last_updated as last11_3_0_, this_.last_updated_by as last12_3_0_, this_.locale as locale3_0_, this_.`password` as password14_3_0_, this_.password_expired as password15_3_0_, this_.phone as phone3_0_, this_.tenant_id as tenant17_3_0_, this_.username as username3_0_ from user this_ where this_.tenant_id=? and this_.username=? limit ?
Hibernate: select driver0_.user_id as user1_6_0_, driver0_.version as version6_0_, driver0_.active_status as active3_6_0_, driver0_.car_type as car4_6_0_, driver0_.created_by as created5_6_0_, driver0_.date_created as date6_6_0_, driver0_.last_updated as last7_6_0_, driver0_.last_updated_by as last8_6_0_, driver0_.served_location_id as served9_6_0_, driver0_.tenant_id as tenant10_6_0_ from driver driver0_ where driver0_.user_id=?
Hibernate: select passenger0_.user_id as user1_1_0_, passenger0_.version as version1_0_, passenger0_.created_by as created3_1_0_, passenger0_.date_created as date4_1_0_, passenger0_.last_updated as last5_1_0_, passenger0_.last_updated_by as last6_1_0_, passenger0_.tenant_id as tenant7_1_0_ from passenger passenger0_ where passenger0_.user_id=?
Hibernate: select this_.role_id as role1_2_0_, this_.user_id as user2_2_0_, this_.created_by as created3_2_0_, this_.date_created as date4_2_0_, this_.last_updated as last5_2_0_, this_.last_updated_by as last6_2_0_, this_.tenant_id as tenant7_2_0_ from user_role this_ where this_.tenant_id=? and this_.user_id=?
Hibernate: select role0_.id as id5_0_, role0_.version as version5_0_, role0_.authority as authority5_0_, role0_.created_by as created4_5_0_, role0_.date_created as date5_5_0_, role0_.last_updated as last6_5_0_, role0_.last_updated_by as last7_5_0_, role0_.tenant_id as tenant8_5_0_ from role role0_ where role0_.id=?
Hibernate: select role0_.id as id5_0_, role0_.version as version5_0_, role0_.authority as authority5_0_, role0_.created_by as created4_5_0_, role0_.date_created as date5_5_0_, role0_.last_updated as last6_5_0_, role0_.last_updated_by as last7_5_0_, role0_.tenant_id as tenant8_5_0_ from role role0_ where role0_.id=?
Hibernate: select this_.role_id as role1_2_0_, this_.user_id as user2_2_0_, this_.created_by as created3_2_0_, this_.date_created as date4_2_0_, this_.last_updated as last5_2_0_, this_.last_updated_by as last6_2_0_, this_.tenant_id as tenant7_2_0_ from user_role this_ where this_.tenant_id=? and this_.user_id=?
ROLE_PASSENGER
ROLE_RIDE_MGR
Interceptor createPage: TopLevelWindow[name=""]
Content of web window [TopLevelWindow[name=""]] changed
== Response was 200 (OK) headers: ==============================================
================================================================================
== Content =====================================================================
{"type":"USER","code":"SUCCESS","message":"Login successful.","JSESSIONID":"11B89E8E55147ECA191EF9D9C956795E","userType":"PASSENGER"}
================================================================================
#
== Making request POST http://localhost:8080/moovt/user/updateLoggedUser parameters: ==
== Request headers: ============================================================
Accept-Encoding: gzip, deflate
Content-Type: application/json
Accept: */*
== Content =====================================================================

				{"version":"7","firstName":"John","lastName":"DecidedToBeADriver","username":"jgoodrider","password":"Welcome!1","phone":"773-329-1784","email":"jgoodrider@worldtaxi.com","locale":"en-US","driver":{"carType":"A_SEDAN","servedLocation":{"locationName":"Rua Major Lopes, 55","politicalName":"Belo Horizonte, MG, BR","latitude":-19.9413628,"longitude":-43.9373064,"locationType":"RANGE_INTERPOLATED"},"activeStatus":"ENABLED"}}
				
================================================================================
Hibernate: select tenant0_.id as id4_0_, tenant0_.version as version4_0_, tenant0_.created_by as created3_4_0_, tenant0_.date_created as date4_4_0_, tenant0_.last_updated as last5_4_0_, tenant0_.last_updated_by as last6_4_0_, tenant0_.name as name4_0_ from tenant tenant0_ where tenant0_.id=?
Hibernate: select user0_.id as id3_0_, user0_.version as version3_0_, user0_.account_expired as account3_3_0_, user0_.account_locked as account4_3_0_, user0_.created_by as created5_3_0_, user0_.date_created as date6_3_0_, user0_.email as email3_0_, user0_.enabled as enabled3_0_, user0_.first_name as first9_3_0_, user0_.last_name as last10_3_0_, user0_.last_updated as last11_3_0_, user0_.last_updated_by as last12_3_0_, user0_.locale as locale3_0_, user0_.`password` as password14_3_0_, user0_.password_expired as password15_3_0_, user0_.phone as phone3_0_, user0_.tenant_id as tenant17_3_0_, user0_.username as username3_0_ from user user0_ where user0_.id=?
Hibernate: select driver0_.user_id as user1_6_0_, driver0_.version as version6_0_, driver0_.active_status as active3_6_0_, driver0_.car_type as car4_6_0_, driver0_.created_by as created5_6_0_, driver0_.date_created as date6_6_0_, driver0_.last_updated as last7_6_0_, driver0_.last_updated_by as last8_6_0_, driver0_.served_location_id as served9_6_0_, driver0_.tenant_id as tenant10_6_0_ from driver driver0_ where driver0_.user_id=?
Hibernate: select passenger0_.user_id as user1_1_0_, passenger0_.version as version1_0_, passenger0_.created_by as created3_1_0_, passenger0_.date_created as date4_1_0_, passenger0_.last_updated as last5_1_0_, passenger0_.last_updated_by as last6_1_0_, passenger0_.tenant_id as tenant7_1_0_ from passenger passenger0_ where passenger0_.user_id=?
Hibernate: insert into location (version, created_by, date_created, last_updated, last_updated_by, latitude, location_name, location_type, longitude, political_name, tenant_id) values (?, ?, ?, ?, ?, ?, ?, ?, ?, ?, ?)
Hibernate: select this_.id as id3_0_, this_.version as version3_0_, this_.account_expired as account3_3_0_, this_.account_locked as account4_3_0_, this_.created_by as created5_3_0_, this_.date_created as date6_3_0_, this_.email as email3_0_, this_.enabled as enabled3_0_, this_.first_name as first9_3_0_, this_.last_name as last10_3_0_, this_.last_updated as last11_3_0_, this_.last_updated_by as last12_3_0_, this_.locale as locale3_0_, this_.`password` as password14_3_0_, this_.password_expired as password15_3_0_, this_.phone as phone3_0_, this_.tenant_id as tenant17_3_0_, this_.username as username3_0_ from user this_ where this_.username=? and this_.tenant_id=?
Hibernate: select this_.id as id3_0_, this_.version as version3_0_, this_.account_expired as account3_3_0_, this_.account_locked as account4_3_0_, this_.created_by as created5_3_0_, this_.date_created as date6_3_0_, this_.email as email3_0_, this_.enabled as enabled3_0_, this_.first_name as first9_3_0_, this_.last_name as last10_3_0_, this_.last_updated as last11_3_0_, this_.last_updated_by as last12_3_0_, this_.locale as locale3_0_, this_.`password` as password14_3_0_, this_.password_expired as password15_3_0_, this_.phone as phone3_0_, this_.tenant_id as tenant17_3_0_, this_.username as username3_0_ from user this_ where this_.email=?
Hibernate: update user set version=?, account_expired=?, account_locked=?, created_by=?, date_created=?, email=?, enabled=?, first_name=?, last_name=?, last_updated=?, last_updated_by=?, locale=?, `password`=?, password_expired=?, phone=?, tenant_id=?, username=? where id=? and version=?
Hibernate: select this_.id as id5_0_, this_.version as version5_0_, this_.authority as authority5_0_, this_.created_by as created4_5_0_, this_.date_created as date5_5_0_, this_.last_updated as last6_5_0_, this_.last_updated_by as last7_5_0_, this_.tenant_id as tenant8_5_0_ from role this_ where this_.tenant_id=? and this_.authority=? limit ?
Hibernate: select this_.role_id as role1_2_0_, this_.user_id as user2_2_0_, this_.created_by as created3_2_0_, this_.date_created as date4_2_0_, this_.last_updated as last5_2_0_, this_.last_updated_by as last6_2_0_, this_.tenant_id as tenant7_2_0_ from user_role this_ where this_.tenant_id=? and this_.user_id=?
Hibernate: select role0_.id as id5_0_, role0_.version as version5_0_, role0_.authority as authority5_0_, role0_.created_by as created4_5_0_, role0_.date_created as date5_5_0_, role0_.last_updated as last6_5_0_, role0_.last_updated_by as last7_5_0_, role0_.tenant_id as tenant8_5_0_ from role role0_ where role0_.id=?
Hibernate: select role0_.id as id5_0_, role0_.version as version5_0_, role0_.authority as authority5_0_, role0_.created_by as created4_5_0_, role0_.date_created as date5_5_0_, role0_.last_updated as last6_5_0_, role0_.last_updated_by as last7_5_0_, role0_.tenant_id as tenant8_5_0_ from role role0_ where role0_.id=?
Hibernate: select this_.role_id as role1_2_0_, this_.user_id as user2_2_0_, this_.created_by as created3_2_0_, this_.date_created as date4_2_0_, this_.last_updated as last5_2_0_, this_.last_updated_by as last6_2_0_, this_.tenant_id as tenant7_2_0_ from user_role this_ where this_.tenant_id=? and this_.user_id=?
Hibernate: insert into driver (version, active_status, car_type, created_by, date_created, last_updated, last_updated_by, served_location_id, tenant_id, user_id) values (?, ?, ?, ?, ?, ?, ?, ?, ?, ?)
Interceptor createPage: TopLevelWindow[name=""]
Content of web window [TopLevelWindow[name=""]] changed
== Response was 500 (Internal Server Error) headers: ===========================
================================================================================
== Content =====================================================================
<!DOCTYPE html>
<!--[if lt IE 7 ]> <html lang="en" class="no-js ie6"> <![endif]-->
<!--[if IE 7 ]>    <html lang="en" class="no-js ie7"> <![endif]-->
<!--[if IE 8 ]>    <html lang="en" class="no-js ie8"> <![endif]-->
<!--[if IE 9 ]>    <html lang="en" class="no-js ie9"> <![endif]-->
<!--[if (gt IE 9)|!(IE)]><!--> <html lang="en" class="no-js"><!--<![endif]-->
	<head>
		<meta http-equiv="Content-Type" content="text/html; charset=UTF-8">
		<meta http-equiv="X-UA-Compatible" content="IE=edge,chrome=1">
		<title>Grails Runtime Exception</title>
		<meta name="viewport" content="width=device-width, initial-scale=1.0">
		<link rel="shortcut icon" href="/moovt/images/favicon.ico" type="image/x-icon">
		<link rel="apple-touch-icon" href="/moovt/images/apple-touch-icon.png">
		<link rel="apple-touch-icon" sizes="114x114" href="/moovt/images/apple-touch-icon-retina.png">
		<link rel="stylesheet" href="/moovt/css/main.css" type="text/css">
		<link rel="stylesheet" href="/moovt/css/mobile.css" type="text/css">
		
		
		<meta name="layout" content="main">
[...]
Hibernate: select this_.id as id3_0_, this_.version as version3_0_, this_.account_expired as account3_3_0_, this_.account_locked as account4_3_0_, this_.created_by as created5_3_0_, this_.date_created as date6_3_0_, this_.email as email3_0_, this_.enabled as enabled3_0_, this_.first_name as first9_3_0_, this_.last_name as last10_3_0_, this_.last_updated as last11_3_0_, this_.last_updated_by as last12_3_0_, this_.locale as locale3_0_, this_.`password` as password14_3_0_, this_.password_expired as password15_3_0_, this_.phone as phone3_0_, this_.tenant_id as tenant17_3_0_, this_.username as username3_0_ from user this_ where this_.email=?
Hibernate: select this_.id as id3_0_, this_.version as version3_0_, this_.account_expired as account3_3_0_, this_.account_locked as account4_3_0_, this_.created_by as created5_3_0_, this_.date_created as date6_3_0_, this_.email as email3_0_, this_.enabled as enabled3_0_, this_.first_name as first9_3_0_, this_.last_name as last10_3_0_, this_.last_updated as last11_3_0_, this_.last_updated_by as last12_3_0_, this_.locale as locale3_0_, this_.`password` as password14_3_0_, this_.password_expired as password15_3_0_, this_.phone as phone3_0_, this_.tenant_id as tenant17_3_0_, this_.username as username3_0_ from user this_ where this_.username=? and this_.tenant_id=?
Hibernate: select this_.id as id3_0_, this_.version as version3_0_, this_.account_expired as account3_3_0_, this_.account_locked as account4_3_0_, this_.created_by as created5_3_0_, this_.date_created as date6_3_0_, this_.email as email3_0_, this_.enabled as enabled3_0_, this_.first_name as first9_3_0_, this_.last_name as last10_3_0_, this_.last_updated as last11_3_0_, this_.last_updated_by as last12_3_0_, this_.locale as locale3_0_, this_.`password` as password14_3_0_, this_.password_expired as password15_3_0_, this_.phone as phone3_0_, this_.tenant_id as tenant17_3_0_, this_.username as username3_0_ from user this_ where this_.email=?
Hibernate: update user set version=?, account_expired=?, account_locked=?, created_by=?, date_created=?, email=?, enabled=?, first_name=?, last_name=?, last_updated=?, last_updated_by=?, locale=?, `password`=?, password_expired=?, phone=?, tenant_id=?, username=? where id=? and version=?
Hibernate: select this_.id as id3_0_, this_.version as version3_0_, this_.account_expired as account3_3_0_, this_.account_locked as account4_3_0_, this_.created_by as created5_3_0_, this_.date_created as date6_3_0_, this_.email as email3_0_, this_.enabled as enabled3_0_, this_.first_name as first9_3_0_, this_.last_name as last10_3_0_, this_.last_updated as last11_3_0_, this_.last_updated_by as last12_3_0_, this_.locale as locale3_0_, this_.`password` as password14_3_0_, this_.password_expired as password15_3_0_, this_.phone as phone3_0_, this_.tenant_id as tenant17_3_0_, this_.username as username3_0_ from user this_ where this_.username=? and this_.tenant_id=?
Hibernate: select this_.id as id3_0_, this_.version as version3_0_, this_.account_expired as account3_3_0_, this_.account_locked as account4_3_0_, this_.created_by as created5_3_0_, this_.date_created as date6_3_0_, this_.email as email3_0_, this_.enabled as enabled3_0_, this_.first_name as first9_3_0_, this_.last_name as last10_3_0_, this_.last_updated as last11_3_0_, this_.last_updated_by as last12_3_0_, this_.locale as locale3_0_, this_.`password` as password14_3_0_, this_.password_expired as password15_3_0_, this_.phone as phone3_0_, this_.tenant_id as tenant17_3_0_, this_.username as username3_0_ from user this_ where this_.email=?
Hibernate: update user set version=?, account_expired=?, account_locked=?, created_by=?, date_created=?, email=?, enabled=?, first_name=?, last_name=?, last_updated=?, last_updated_by=?, locale=?, `password`=?, password_expired=?, phone=?, tenant_id=?, username=? where id=? and version=?
Interceptor createPage: TopLevelWindow[name=""]
Content of web window [TopLevelWindow[name=""]] changed
== Response was 200 (OK) headers: ==============================================
================================================================================
== Content =====================================================================
{"result":{"type":"USER","code":"SUCCESS","message":"Your new password was sent to jforgetful@worldtaxi.com."}}
================================================================================
#
--Output from testResetPasswordSuccessPortuguese--
Running
Switching to browser client [default]
Creating to new client [default] of type [class com.grailsrocks.functionaltest.client.BrowserClient]

== Making request POST http://localhost:8080/moovt/user/resetPassword parameters: ==
== Request headers: ============================================================
Accept-Language: pt-BR
Accept-Encoding: gzip, deflate
Content-Type: application/json
Accept: */*
== Content =====================================================================

				{"tenantname": "WorldTaxi", "email":"jforgetful@worldtaxi.com"}
				
================================================================================
Hibernate: select this_.id as id4_0_, this_.version as version4_0_, this_.created_by as created3_4_0_, this_.date_created as date4_4_0_, this_.last_updated as last5_4_0_, this_.last_updated_by as last6_4_0_, this_.name as name4_0_ from tenant this_ where this_.name=? limit ?
Hibernate: select this_.id as id3_0_, this_.version as version3_0_, this_.account_expired as account3_3_0_, this_.account_locked as account4_3_0_, this_.created_by as created5_3_0_, this_.date_created as date6_3_0_, this_.email as email3_0_, this_.enabled as enabled3_0_, this_.first_name as first9_3_0_, this_.last_name as last10_3_0_, this_.last_updated as last11_3_0_, this_.last_updated_by as last12_3_0_, this_.locale as locale3_0_, this_.`password` as password14_3_0_, this_.password_expired as password15_3_0_, this_.phone as phone3_0_, this_.tenant_id as tenant17_3_0_, this_.username as username3_0_ from user this_ where (this_.tenant_id=? and this_.email=?)
Hibernate: select driver0_.user_id as user1_6_0_, driver0_.version as version6_0_, driver0_.active_status as active3_6_0_, driver0_.car_type as car4_6_0_, driver0_.created_by as created5_6_0_, driver0_.date_created as date6_6_0_, driver0_.last_updated as last7_6_0_, driver0_.last_updated_by as last8_6_0_, driver0_.served_location_id as served9_6_0_, driver0_.tenant_id as tenant10_6_0_ from driver driver0_ where driver0_.user_id=?
Hibernate: select passenger0_.user_id as user1_1_0_, passenger0_.version as version1_0_, passenger0_.created_by as created3_1_0_, passenger0_.date_created as date4_1_0_, passenger0_.last_updated as last5_1_0_, passenger0_.last_updated_by as last6_1_0_, passenger0_.tenant_id as tenant7_1_0_ from passenger passenger0_ where passenger0_.user_id=?
Hibernate: select this_.id as id3_0_, this_.version as version3_0_, this_.account_expired as account3_3_0_, this_.account_locked as account4_3_0_, this_.created_by as created5_3_0_, this_.date_created as date6_3_0_, this_.email as email3_0_, this_.enabled as enabled3_0_, this_.first_name as first9_3_0_, this_.last_name as last10_3_0_, this_.last_updated as last11_3_0_, this_.last_updated_by as last12_3_0_, this_.locale as locale3_0_, this_.`password` as password14_3_0_, this_.password_expired as password15_3_0_, this_.phone as phone3_0_, this_.tenant_id as tenant17_3_0_, this_.username as username3_0_ from user this_ where this_.username=? and this_.tenant_id=?
Hibernate: select this_.id as id3_0_, this_.version as version3_0_, this_.account_expired as account3_3_0_, this_.account_locked as account4_3_0_, this_.created_by as created5_3_0_, this_.date_created as date6_3_0_, this_.email as email3_0_, this_.enabled as enabled3_0_, this_.first_name as first9_3_0_, this_.last_name as last10_3_0_, this_.last_updated as last11_3_0_, this_.last_updated_by as last12_3_0_, this_.locale as locale3_0_, this_.`password` as password14_3_0_, this_.password_expired as password15_3_0_, this_.phone as phone3_0_, this_.tenant_id as tenant17_3_0_, this_.username as username3_0_ from user this_ where this_.email=?
Hibernate: select this_.id as id3_0_, this_.version as version3_0_, this_.account_expired as account3_3_0_, this_.account_locked as account4_3_0_, this_.created_by as created5_3_0_, this_.date_created as date6_3_0_, this_.email as email3_0_, this_.enabled as enabled3_0_, this_.first_name as first9_3_0_, this_.last_name as last10_3_0_, this_.last_updated as last11_3_0_, this_.last_updated_by as last12_3_0_, this_.locale as locale3_0_, this_.`password` as password14_3_0_, this_.password_expired as password15_3_0_, this_.phone as phone3_0_, this_.tenant_id as tenant17_3_0_, this_.username as username3_0_ from user this_ where this_.username=? and this_.tenant_id=?
Hibernate: select this_.id as id3_0_, this_.version as version3_0_, this_.account_expired as account3_3_0_, this_.account_locked as account4_3_0_, this_.created_by as created5_3_0_, this_.date_created as date6_3_0_, this_.email as email3_0_, this_.enabled as enabled3_0_, this_.first_name as first9_3_0_, this_.last_name as last10_3_0_, this_.last_updated as last11_3_0_, this_.last_updated_by as last12_3_0_, this_.locale as locale3_0_, this_.`password` as password14_3_0_, this_.password_expired as password15_3_0_, this_.phone as phone3_0_, this_.tenant_id as tenant17_3_0_, this_.username as username3_0_ from user this_ where this_.email=?
Hibernate: update user set version=?, account_expired=?, account_locked=?, created_by=?, date_created=?, email=?, enabled=?, first_name=?, last_name=?, last_updated=?, last_updated_by=?, locale=?, `password`=?, password_expired=?, phone=?, tenant_id=?, username=? where id=? and version=?
Hibernate: select this_.id as id3_0_, this_.version as version3_0_, this_.account_expired as account3_3_0_, this_.account_locked as account4_3_0_, this_.created_by as created5_3_0_, this_.date_created as date6_3_0_, this_.email as email3_0_, this_.enabled as enabled3_0_, this_.first_name as first9_3_0_, this_.last_name as last10_3_0_, this_.last_updated as last11_3_0_, this_.last_updated_by as last12_3_0_, this_.locale as locale3_0_, this_.`password` as password14_3_0_, this_.password_expired as password15_3_0_, this_.phone as phone3_0_, this_.tenant_id as tenant17_3_0_, this_.username as username3_0_ from user this_ where this_.username=? and this_.tenant_id=?
Hibernate: select this_.id as id3_0_, this_.version as version3_0_, this_.account_expired as account3_3_0_, this_.account_locked as account4_3_0_, this_.created_by as created5_3_0_, this_.date_created as date6_3_0_, this_.email as email3_0_, this_.enabled as enabled3_0_, this_.first_name as first9_3_0_, this_.last_name as last10_3_0_, this_.last_updated as last11_3_0_, this_.last_updated_by as last12_3_0_, this_.locale as locale3_0_, this_.`password` as password14_3_0_, this_.password_expired as password15_3_0_, this_.phone as phone3_0_, this_.tenant_id as tenant17_3_0_, this_.username as username3_0_ from user this_ where this_.email=?
Hibernate: update user set version=?, account_expired=?, account_locked=?, created_by=?, date_created=?, email=?, enabled=?, first_name=?, last_name=?, last_updated=?, last_updated_by=?, locale=?, `password`=?, password_expired=?, phone=?, tenant_id=?, username=? where id=? and version=?
Interceptor createPage: TopLevelWindow[name=""]
Content of web window [TopLevelWindow[name=""]] changed
== Response was 200 (OK) headers: ==============================================
================================================================================
== Content =====================================================================
{"result":{"type":"USER","code":"SUCCESS","message":"A sua nova senha foi enviada para jforgetful@worldtaxi.com."}}
================================================================================
#
--Output from testResetPasswordBadMessageNoTenante--
Switching to browser client [default]
Creating to new client [default] of type [class com.grailsrocks.functionaltest.client.BrowserClient]

== Making request POST http://localhost:8080/moovt/user/resetPassword parameters: ==
== Request headers: ============================================================
Accept-Encoding: gzip, deflate
Content-Type: application/json
Accept: */*
== Content =====================================================================

				{"tenantXame": "WorldTaxi", "email":"jforgetful@worldtaxi.com"}
				
================================================================================
Interceptor createPage: TopLevelWindow[name=""]
Content of web window [TopLevelWindow[name=""]] changed
== Response was 200 (OK) headers: ==============================================
================================================================================
== Content =====================================================================
{"type":"SYSTEM","code":"ERROR","message":"JSONObject[\"tenantname\"] not found."}
================================================================================
#
--Output from testResetPasswordBadMessageNoEmail--
Switching to browser client [default]
Creating to new client [default] of type [class com.grailsrocks.functionaltest.client.BrowserClient]

== Making request POST http://localhost:8080/moovt/user/resetPassword parameters: ==
== Request headers: ============================================================
Accept-Encoding: gzip, deflate
Content-Type: application/json
Accept: */*
== Content =====================================================================

				{"tenantname": "WorldTaxi", "emailX":"jforgetful@worldtaxi.com"}
				
================================================================================
Interceptor createPage: TopLevelWindow[name=""]
Content of web window [TopLevelWindow[name=""]] changed
== Response was 200 (OK) headers: ==============================================
================================================================================
== Content =====================================================================
{"type":"SYSTEM","code":"ERROR","message":"JSONObject[\"email\"] not found."}
================================================================================
#
--Output from testResetPasswordBadMessageTenantEmailNotFoundEnglish--
Switching to browser client [default]
Creating to new client [default] of type [class com.grailsrocks.functionaltest.client.BrowserClient]

== Making request POST http://localhost:8080/moovt/user/resetPassword parameters: ==
== Request headers: ============================================================
Accept-Language: en-US
Accept-Encoding: gzip, deflate
Content-Type: application/json
Accept: */*
== Content =====================================================================

				{"tenantname": "WorldTaxi", "email":"jforgetfulx@worldtaxi.com"}
				
================================================================================
Hibernate: select this_.id as id4_0_, this_.version as version4_0_, this_.created_by as created3_4_0_, this_.date_created as date4_4_0_, this_.last_updated as last5_4_0_, this_.last_updated_by as last6_4_0_, this_.name as name4_0_ from tenant this_ where this_.name=? limit ?
Hibernate: select this_.id as id3_0_, this_.version as version3_0_, this_.account_expired as account3_3_0_, this_.account_locked as account4_3_0_, this_.created_by as created5_3_0_, this_.date_created as date6_3_0_, this_.email as email3_0_, this_.enabled as enabled3_0_, this_.first_name as first9_3_0_, this_.last_name as last10_3_0_, this_.last_updated as last11_3_0_, this_.last_updated_by as last12_3_0_, this_.locale as locale3_0_, this_.`password` as password14_3_0_, this_.password_expired as password15_3_0_, this_.phone as phone3_0_, this_.tenant_id as tenant17_3_0_, this_.username as username3_0_ from user this_ where (this_.tenant_id=? and this_.email=?)
Interceptor createPage: TopLevelWindow[name=""]
Content of web window [TopLevelWindow[name=""]] changed
== Response was 200 (OK) headers: ==============================================
================================================================================
== Content =====================================================================
{"type":"USER","code":"ERROR","message":"This email (jforgetfulx@worldtaxi.com) was not found in the system."}
================================================================================
#
--Output from testResetPasswordBadMessageTenantEmailNotFoundPortuguese--
Switching to browser client [default]
Creating to new client [default] of type [class com.grailsrocks.functionaltest.client.BrowserClient]

== Making request POST http://localhost:8080/moovt/user/resetPassword parameters: ==
== Request headers: ============================================================
Accept-Language: pt-BR
Accept-Encoding: gzip, deflate
Content-Type: application/json
Accept: */*
== Content =====================================================================

				{"tenantname": "WorldTaxi", "email":"jforgetfulx@worldtaxi.com"}
				
================================================================================
Hibernate: select this_.id as id4_0_, this_.version as version4_0_, this_.created_by as created3_4_0_, this_.date_created as date4_4_0_, this_.last_updated as last5_4_0_, this_.last_updated_by as last6_4_0_, this_.name as name4_0_ from tenant this_ where this_.name=? limit ?
Hibernate: select this_.id as id3_0_, this_.version as version3_0_, this_.account_expired as account3_3_0_, this_.account_locked as account4_3_0_, this_.created_by as created5_3_0_, this_.date_created as date6_3_0_, this_.email as email3_0_, this_.enabled as enabled3_0_, this_.first_name as first9_3_0_, this_.last_name as last10_3_0_, this_.last_updated as last11_3_0_, this_.last_updated_by as last12_3_0_, this_.locale as locale3_0_, this_.`password` as password14_3_0_, this_.password_expired as password15_3_0_, this_.phone as phone3_0_, this_.tenant_id as tenant17_3_0_, this_.username as username3_0_ from user this_ where (this_.tenant_id=? and this_.email=?)
Interceptor createPage: TopLevelWindow[name=""]
Content of web window [TopLevelWindow[name=""]] changed
== Response was 200 (OK) headers: ==============================================
================================================================================
== Content =====================================================================
{"type":"USER","code":"ERROR","message":"Este email (jforgetfulx@worldtaxi.com) não foi encontrado no sistema."}
================================================================================
#
]]></system-out>

      <system-err><![CDATA[--Output from testCreateUserBadMessage--
--Output from testCreateUserBadTenantEnglish--
--Output from testCreateUserSuccessEnglish--
--Output from testCreateUserSuccessPortuquese--
--Output from testCreateUserNoUserNameEnglish--
--Output from testCreateUserNoUserNamePortuguese--
--Output from testCreateUserNoPasswordEnglish--
--Output from testCreateUserNoPasswordPortuguese--
--Output from testCreateUserNoEmailEnglish--
--Output from testCreateUserNoEmailPortuguese--
--Output from testCreateUserDuplicateUsernameEnglish--
--Output from testCreateUserDuplicateUsernamePortuguese--
--Output from testCreateUserDuplicateEmailEnglish--
--Output from testCreateUserDuplicateEmailPortuguese--
--Output from testResetPasswordSuccessEnglish--
--Output from testResetPasswordSuccessPortuguese--
--Output from testResetPasswordBadMessageNoTenante--
--Output from testResetPasswordBadMessageNoEmail--
--Output from testResetPasswordBadMessageTenantEmailNotFoundEnglish--
--Output from testResetPasswordBadMessageTenantEmailNotFoundPortuguese--
]]></system-err>

  </testsuite>
</testsuites>
