<?xml version="1.0" encoding="UTF-8" ?>
<testsuites>
  <testsuite errors="0" failures="0" hostname="MNEGONCALVES" id="0" name="LoginFunctionalTests" package="com.moovt" tests="13" time="5.781" timestamp="2013-02-27T20:32:00">
      <properties />

      <testcase classname="com.moovt.LoginFunctionalTests" name="testLoginBadMessage" time="4.35" />

      <testcase classname="com.moovt.LoginFunctionalTests" name="testLoginSuccessEnglish" time="0.426" />

      <testcase classname="com.moovt.LoginFunctionalTests" name="testLoginSuccessPortuguese" time="0.122" />

      <testcase classname="com.moovt.LoginFunctionalTests" name="testLoginNoTenantEnglish" time="0.082" />

      <testcase classname="com.moovt.LoginFunctionalTests" name="testLoginNoTenantPortuguese" time="0.064" />

      <testcase classname="com.moovt.LoginFunctionalTests" name="testLoginNoPasswordEnglish" time="0.08" />

      <testcase classname="com.moovt.LoginFunctionalTests" name="testLoginNoUsernamedEnglish" time="0.151" />

      <testcase classname="com.moovt.LoginFunctionalTests" name="testLoginFailedEnglish" time="0.11" />

      <testcase classname="com.moovt.LoginFunctionalTests" name="testLoginFailedPortuguese" time="0.065" />

      <testcase classname="com.moovt.LoginFunctionalTests" name="testLoginTenantNotFoundEnglish" time="0.058" />

      <testcase classname="com.moovt.LoginFunctionalTests" name="testLoginTenantNotFoundPortuguese" time="0.085" />

      <testcase classname="com.moovt.LoginFunctionalTests" name="testLoginNoPasswordPortuguese" time="0.048" />

      <testcase classname="com.moovt.LoginFunctionalTests" name="testLoginNoUsernamedPortuguese" time="0.091" />

      <system-out><![CDATA[--Output from testLoginBadMessage--
Switching to browser client [default]
Creating to new client [default] of type [class com.grailsrocks.functionaltest.client.BrowserClient]

== Making request POST http://localhost:8080/moovt/login/authenticateUser parameters: ==
== Request headers: ============================================================
Accept-Encoding: gzip, deflate
Content-Type: application/json
Accept: */*
== Content =====================================================================

================================================================================
Interceptor createPage: TopLevelWindow[name=""]
Content of web window [TopLevelWindow[name=""]] changed
== Response was 200 (OK) headers: ==============================================
================================================================================
== Content =====================================================================
{"class":"com.moovt.CallResult","code":"ERROR","message":"A JSONObject text must begin with '{' at character 0 of ","type":"SYSTEM"}
================================================================================
#
--Output from testLoginSuccessEnglish--
Switching to browser client [default]
Creating to new client [default] of type [class com.grailsrocks.functionaltest.client.BrowserClient]

== Making request POST http://localhost:8080/moovt/login/authenticateUser parameters: ==
== Request headers: ============================================================
Accept-Encoding: gzip, deflate
Content-Type: application/json
Accept: */*
== Content =====================================================================

				{"type":"Self","tenantname": "naSavassi", "username": "admin", "password":"admin","locale":"en_US"}
				
================================================================================
Interceptor createPage: TopLevelWindow[name=""]
Content of web window [TopLevelWindow[name=""]] changed
== Response was 200 (OK) headers: ==============================================
================================================================================
== Content =====================================================================
{"type":"USER","code":"SUCCESS","message":"Login successful.","JSESSIONID":"8E0D4E399F3225794FDC3A5E5E766A99"}
================================================================================
#
--Output from testLoginSuccessPortuguese--
Switching to browser client [default]
Creating to new client [default] of type [class com.grailsrocks.functionaltest.client.BrowserClient]

== Making request POST http://localhost:8080/moovt/login/authenticateUser parameters: ==
== Request headers: ============================================================
Accept-Encoding: gzip, deflate
Content-Type: application/json
Accept: */*
== Content =====================================================================

				{"type":"Self","tenantname": "naSavassi", "username": "admin", "password":"admin","locale":"pt_BR"}
				
================================================================================
Interceptor createPage: TopLevelWindow[name=""]
Content of web window [TopLevelWindow[name=""]] changed
== Response was 200 (OK) headers: ==============================================
================================================================================
== Content =====================================================================
{"type":"USER","code":"SUCCESS","message":"Login bem sucedido.","JSESSIONID":"5CABAB1567F2904C76D7AD9EA6497956"}
================================================================================
#
--Output from testLoginNoTenantEnglish--
Switching to browser client [default]
Creating to new client [default] of type [class com.grailsrocks.functionaltest.client.BrowserClient]

== Making request POST http://localhost:8080/moovt/login/authenticateUser parameters: ==
== Request headers: ============================================================
Accept-Encoding: gzip, deflate
Content-Type: application/json
Accept: */*
== Content =====================================================================

				{"type":"Self","tenantname": "", "username": "admin", "password":"admin","locale":"en_US"}
				
================================================================================
Interceptor createPage: TopLevelWindow[name=""]
Content of web window [TopLevelWindow[name=""]] changed
== Response was 200 (OK) headers: ==============================================
================================================================================
== Content =====================================================================
{"class":"com.moovt.CallResult","code":"ERROR","message":"Authentication failed because no company was provided. Please enter a company.","type":"USER"}
================================================================================
#
--Output from testLoginNoTenantPortuguese--
Switching to browser client [default]
Creating to new client [default] of type [class com.grailsrocks.functionaltest.client.BrowserClient]

== Making request POST http://localhost:8080/moovt/login/authenticateUser parameters: ==
== Request headers: ============================================================
Accept-Encoding: gzip, deflate
Content-Type: application/json
Accept: */*
== Content =====================================================================

				{"type":"Self","tenantname": "", "username": "admin", "password":"admin","locale":"pt_BR"}
				
================================================================================
Interceptor createPage: TopLevelWindow[name=""]
Content of web window [TopLevelWindow[name=""]] changed
== Response was 200 (OK) headers: ==============================================
================================================================================
== Content =====================================================================
{"class":"com.moovt.CallResult","code":"ERROR","message":"A companhia deve ser preenchida.","type":"USER"}
================================================================================
#
--Output from testLoginNoPasswordEnglish--
Switching to browser client [default]
Creating to new client [default] of type [class com.grailsrocks.functionaltest.client.BrowserClient]

== Making request POST http://localhost:8080/moovt/login/authenticateUser parameters: ==
== Request headers: ============================================================
Accept-Encoding: gzip, deflate
Content-Type: application/json
Accept: */*
== Content =====================================================================

				{"type":"Self","tenantname": "naSavassi", "username": "admin", "password":"","locale":"en_US"}
				
================================================================================
Interceptor createPage: TopLevelWindow[name=""]
Content of web window [TopLevelWindow[name=""]] changed
== Response was 200 (OK) headers: ==============================================
================================================================================
== Content =====================================================================
{"class":"com.moovt.CallResult","code":"ERROR","message":"Authentication failed because no password was provided. Please enter a password.","type":"USER"}
================================================================================
#
--Output from testLoginNoUsernamedEnglish--
Switching to browser client [default]
Creating to new client [default] of type [class com.grailsrocks.functionaltest.client.BrowserClient]

== Making request POST http://localhost:8080/moovt/login/authenticateUser parameters: ==
== Request headers: ============================================================
Accept-Encoding: gzip, deflate
Content-Type: application/json
Accept: */*
== Content =====================================================================

				{"type":"Self","tenantname": "naSavassi", "username": "", "password":"admin","locale":"en_US"}
				
================================================================================
Interceptor createPage: TopLevelWindow[name=""]
Content of web window [TopLevelWindow[name=""]] changed
== Response was 200 (OK) headers: ==============================================
================================================================================
== Content =====================================================================
{"class":"com.moovt.CallResult","code":"ERROR","message":"Authentication failed because no username was provided. Please enter a username.","type":"USER"}
================================================================================
#
--Output from testLoginFailedEnglish--
Switching to browser client [default]
Creating to new client [default] of type [class com.grailsrocks.functionaltest.client.BrowserClient]

== Making request POST http://localhost:8080/moovt/login/authenticateUser parameters: ==
== Request headers: ============================================================
Accept-Encoding: gzip, deflate
Content-Type: application/json
Accept: */*
== Content =====================================================================

				{"type":"Self","tenantname": "naSavassi", "username": "admin", "password":"badPw","locale":"en_US"}
				
================================================================================
Interceptor createPage: TopLevelWindow[name=""]
Content of web window [TopLevelWindow[name=""]] changed
== Response was 200 (OK) headers: ==============================================
================================================================================
== Content =====================================================================
{"class":"com.moovt.CallResult","code":"ERROR","message":"User name and or password is invalid. Please try again.","type":"USER"}
================================================================================
#
--Output from testLoginFailedPortuguese--
Switching to browser client [default]
Creating to new client [default] of type [class com.grailsrocks.functionaltest.client.BrowserClient]

== Making request POST http://localhost:8080/moovt/login/authenticateUser parameters: ==
== Request headers: ============================================================
Accept-Encoding: gzip, deflate
Content-Type: application/json
Accept: */*
== Content =====================================================================

				{"type":"Self","tenantname": "naSavassi", "username": "admin", "password":"badPw","locale":"pt_BR"}
				
================================================================================
Interceptor createPage: TopLevelWindow[name=""]
Content of web window [TopLevelWindow[name=""]] changed
== Response was 200 (OK) headers: ==============================================
================================================================================
== Content =====================================================================
{"class":"com.moovt.CallResult","code":"ERROR","message":"Usuário e senha inválidos.","type":"USER"}
================================================================================
#
--Output from testLoginTenantNotFoundEnglish--
Switching to browser client [default]
Creating to new client [default] of type [class com.grailsrocks.functionaltest.client.BrowserClient]

== Making request POST http://localhost:8080/moovt/login/authenticateUser parameters: ==
== Request headers: ============================================================
Accept-Encoding: gzip, deflate
Content-Type: application/json
Accept: */*
== Content =====================================================================

				{"type":"Self","tenantname": "BadTenant", "username": "admin", "password":"admin","locale":"en_US"}
				
================================================================================
Interceptor createPage: TopLevelWindow[name=""]
Content of web window [TopLevelWindow[name=""]] changed
== Response was 200 (OK) headers: ==============================================
================================================================================
== Content =====================================================================
{"class":"com.moovt.CallResult","code":"ERROR","message":"This company (BadTenant) was not found. Please enter a valid company name.","type":"USER"}
================================================================================
#
--Output from testLoginTenantNotFoundPortuguese--
Switching to browser client [default]
Creating to new client [default] of type [class com.grailsrocks.functionaltest.client.BrowserClient]

== Making request POST http://localhost:8080/moovt/login/authenticateUser parameters: ==
== Request headers: ============================================================
Accept-Encoding: gzip, deflate
Content-Type: application/json
Accept: */*
== Content =====================================================================

				{"type":"Self","tenantname": "BadTenant", "username": "admin", "password":"admin","locale":"pt_BR"}
				
================================================================================
Interceptor createPage: TopLevelWindow[name=""]
Content of web window [TopLevelWindow[name=""]] changed
== Response was 200 (OK) headers: ==============================================
================================================================================
== Content =====================================================================
{"class":"com.moovt.CallResult","code":"ERROR","message":"Esta companhia (BadTenant) não foi encontrada.","type":"USER"}
================================================================================
#
--Output from testLoginNoPasswordPortuguese--
Switching to browser client [default]
Creating to new client [default] of type [class com.grailsrocks.functionaltest.client.BrowserClient]

== Making request POST http://localhost:8080/moovt/login/authenticateUser parameters: ==
== Request headers: ============================================================
Accept-Encoding: gzip, deflate
Content-Type: application/json
Accept: */*
== Content =====================================================================

				{"type":"Self","tenantname": "naSavassi", "username": "admin", "password":"","locale":"pt_BR"}
				
================================================================================
Interceptor createPage: TopLevelWindow[name=""]
Content of web window [TopLevelWindow[name=""]] changed
== Response was 200 (OK) headers: ==============================================
================================================================================
== Content =====================================================================
{"class":"com.moovt.CallResult","code":"ERROR","message":"A senha deve ser preenchida.","type":"USER"}
================================================================================
#
--Output from testLoginNoUsernamedPortuguese--
Switching to browser client [default]
Creating to new client [default] of type [class com.grailsrocks.functionaltest.client.BrowserClient]

== Making request POST http://localhost:8080/moovt/login/authenticateUser parameters: ==
== Request headers: ============================================================
Accept-Encoding: gzip, deflate
Content-Type: application/json
Accept: */*
== Content =====================================================================

				{"type":"Self","tenantname": "naSavassi", "username": "", "password":"admin","locale":"pt_BR"}
				
================================================================================
Interceptor createPage: TopLevelWindow[name=""]
Content of web window [TopLevelWindow[name=""]] changed
== Response was 200 (OK) headers: ==============================================
================================================================================
== Content =====================================================================
{"class":"com.moovt.CallResult","code":"ERROR","message":"O nome do usuário deve ser preenchido.","type":"USER"}
================================================================================
#
]]></system-out>

      <system-err><![CDATA[--Output from testLoginBadMessage--
--Output from testLoginSuccessEnglish--
--Output from testLoginSuccessPortuguese--
--Output from testLoginNoTenantEnglish--
--Output from testLoginNoTenantPortuguese--
--Output from testLoginNoPasswordEnglish--
--Output from testLoginNoUsernamedEnglish--
--Output from testLoginFailedEnglish--
--Output from testLoginFailedPortuguese--
--Output from testLoginTenantNotFoundEnglish--
--Output from testLoginTenantNotFoundPortuguese--
--Output from testLoginNoPasswordPortuguese--
--Output from testLoginNoUsernamedPortuguese--
]]></system-err>

  </testsuite>
  <testsuite errors="0" failures="0" hostname="MNEGONCALVES" id="1" name="UserFunctionalTests" package="com.moovt" tests="14" time="1.407" timestamp="2013-02-27T20:32:06">
      <properties />

      <testcase classname="com.moovt.UserFunctionalTests" name="testCreateUserInExistingTenantDuplicateEmailPortuguese" time="0.191" />

      <testcase classname="com.moovt.UserFunctionalTests" name="testCreateUserInExistingTenantDuplicateUsernameEnglish" time="0.069" />

      <testcase classname="com.moovt.UserFunctionalTests" name="testCreateUserInExistingTenantNoPasswordEnglish" time="0.131" />

      <testcase classname="com.moovt.UserFunctionalTests" name="testCreateUserInExistingTenantDuplicateUsernamePortuguese" time="0.076" />

      <testcase classname="com.moovt.UserFunctionalTests" name="testCreateUserInExistingTenantBadTenantEnglish" time="0.079" />

      <testcase classname="com.moovt.UserFunctionalTests" name="testCreateUserInExistingTenantSuccessPortuquese" time="0.161" />

      <testcase classname="com.moovt.UserFunctionalTests" name="testCreateUserInExistingTenantDuplicateEmailEnglish" time="0.096" />

      <testcase classname="com.moovt.UserFunctionalTests" name="testCreateUserInExistingTenantNoUserNamePortuguese" time="0.11" />

      <testcase classname="com.moovt.UserFunctionalTests" name="testCreateUserInExistingTenantNoPasswordPortuguese" time="0.07" />

      <testcase classname="com.moovt.UserFunctionalTests" name="testCreateUserInExistingTenantNoUserNameEnglish" time="0.052" />

      <testcase classname="com.moovt.UserFunctionalTests" name="testCreateUserInExistingTenantNoEmailPortuguese" time="0.075" />

      <testcase classname="com.moovt.UserFunctionalTests" name="testCreateUserInExistingTenantBadMessage" time="0.114" />

      <testcase classname="com.moovt.UserFunctionalTests" name="testCreateUserInExistingTenantSuccessEnglish" time="0.082" />

      <testcase classname="com.moovt.UserFunctionalTests" name="testCreateUserInExistingTenantNoEmailEnglish" time="0.085" />

      <system-out><![CDATA[--Output from testCreateUserInExistingTenantDuplicateEmailPortuguese--
Switching to browser client [default]
Creating to new client [default] of type [class com.grailsrocks.functionaltest.client.BrowserClient]

== Making request POST http://localhost:8080/moovt/user/createUserInExistingTenant parameters: ==
== Request headers: ============================================================
Accept-Encoding: gzip, deflate
Content-Type: application/json
Accept: */*
== Content =====================================================================

				{"tenantname": "naSavassi", "email":"existingEmail@test.com", "username": "userWithSameEmail", "password":"moovieLover", "locale": "pt_BR"}				
================================================================================
Interceptor createPage: TopLevelWindow[name=""]
Content of web window [TopLevelWindow[name=""]] changed
== Response was 200 (OK) headers: ==============================================
================================================================================
== Content =====================================================================
{"class":"com.moovt.CallResult","code":"ERROR","message":"Este email (existingEmail@test.com) já existe.","type":"USER"}
================================================================================
#
--Output from testCreateUserInExistingTenantDuplicateUsernameEnglish--
Switching to browser client [default]
Creating to new client [default] of type [class com.grailsrocks.functionaltest.client.BrowserClient]

== Making request POST http://localhost:8080/moovt/user/createUserInExistingTenant parameters: ==
== Request headers: ============================================================
Accept-Encoding: gzip, deflate
Content-Type: application/json
Accept: */*
== Content =====================================================================

				{"tenantname": "naSavassi", "email":"duplicateUsernameTestEnglish@test.com", "username": "duplicateUser", "password":"moovieGoer", "locale": "en_US"}
				
================================================================================
Interceptor createPage: TopLevelWindow[name=""]
Content of web window [TopLevelWindow[name=""]] changed
== Response was 200 (OK) headers: ==============================================
================================================================================
== Content =====================================================================
{"class":"com.moovt.CallResult","code":"ERROR","message":"This user (duplicateUser) already exists.","type":"USER"}
================================================================================
#
--Output from testCreateUserInExistingTenantNoPasswordEnglish--
Switching to browser client [default]
Creating to new client [default] of type [class com.grailsrocks.functionaltest.client.BrowserClient]

== Making request POST http://localhost:8080/moovt/user/createUserInExistingTenant parameters: ==
== Request headers: ============================================================
Accept-Encoding: gzip, deflate
Content-Type: application/json
Accept: */*
== Content =====================================================================

				{"tenantname": "naSavassi", "email":"noPasswordUser@test.com", "username": "movieFan", "password":"", "locale": "en_US"}
				
================================================================================
Interceptor createPage: TopLevelWindow[name=""]
Content of web window [TopLevelWindow[name=""]] changed
== Response was 200 (OK) headers: ==============================================
================================================================================
== Content =====================================================================
{"class":"com.moovt.CallResult","code":"ERROR","message":"The password must be provided.","type":"USER"}
================================================================================
#
--Output from testCreateUserInExistingTenantDuplicateUsernamePortuguese--
Switching to browser client [default]
Creating to new client [default] of type [class com.grailsrocks.functionaltest.client.BrowserClient]

== Making request POST http://localhost:8080/moovt/user/createUserInExistingTenant parameters: ==
== Request headers: ============================================================
Accept-Encoding: gzip, deflate
Content-Type: application/json
Accept: */*
== Content =====================================================================

				{"tenantname": "naSavassi", "email":"duplicateUsernameTestPortuguese@test.com", "username": "duplicateUser", "password":"moovieLover", "locale": "pt_BR"}				
================================================================================
Interceptor createPage: TopLevelWindow[name=""]
Content of web window [TopLevelWindow[name=""]] changed
== Response was 200 (OK) headers: ==============================================
================================================================================
== Content =====================================================================
{"class":"com.moovt.CallResult","code":"ERROR","message":"Este usuário (duplicateUser) já existe.","type":"USER"}
================================================================================
#
--Output from testCreateUserInExistingTenantBadTenantEnglish--
Switching to browser client [default]
Creating to new client [default] of type [class com.grailsrocks.functionaltest.client.BrowserClient]

== Making request POST http://localhost:8080/moovt/user/createUserInExistingTenant parameters: ==
== Request headers: ============================================================
Accept-Encoding: gzip, deflate
Content-Type: application/json
Accept: */*
== Content =====================================================================

				{"tenantname": "TheBadTenant", "email":"movieGoer@test.com","username": "moovieGoer", "password":"moovieGoer", "locale": "en_US"}
				
================================================================================
Interceptor createPage: TopLevelWindow[name=""]
Content of web window [TopLevelWindow[name=""]] changed
== Response was 200 (OK) headers: ==============================================
================================================================================
== Content =====================================================================
{"class":"com.moovt.CallResult","code":"ERROR","message":"This tenant (TheBadTenant) does not exist. Please use an existing tenant to create this user.","type":"SYSTEM"}
================================================================================
#
--Output from testCreateUserInExistingTenantSuccessPortuquese--
Switching to browser client [default]
Creating to new client [default] of type [class com.grailsrocks.functionaltest.client.BrowserClient]

== Making request POST http://localhost:8080/moovt/user/createUserInExistingTenant parameters: ==
== Request headers: ============================================================
Accept-Encoding: gzip, deflate
Content-Type: application/json
Accept: */*
== Content =====================================================================

				{"tenantname": "naSavassi", "email":"movieLover@test.com", "username": "moovieLover", "password":"moovieLover", "locale": "pt_BR"}
				
================================================================================
Interceptor createPage: TopLevelWindow[name=""]
Content of web window [TopLevelWindow[name=""]] changed
== Response was 200 (OK) headers: ==============================================
================================================================================
== Content =====================================================================
{"class":"com.moovt.CallResult","code":"SUCCESS","message":"Usuário moovieLover criado","type":"USER"}
================================================================================
#
--Output from testCreateUserInExistingTenantDuplicateEmailEnglish--
Switching to browser client [default]
Creating to new client [default] of type [class com.grailsrocks.functionaltest.client.BrowserClient]

== Making request POST http://localhost:8080/moovt/user/createUserInExistingTenant parameters: ==
== Request headers: ============================================================
Accept-Encoding: gzip, deflate
Content-Type: application/json
Accept: */*
== Content =====================================================================

				{"tenantname": "naSavassi", "email":"existingEmail@test.com", "username": "userWithSameEmail", "password":"moovieGoer", "locale": "en_US"}
				
================================================================================
Interceptor createPage: TopLevelWindow[name=""]
Content of web window [TopLevelWindow[name=""]] changed
== Response was 200 (OK) headers: ==============================================
================================================================================
== Content =====================================================================
{"class":"com.moovt.CallResult","code":"ERROR","message":"This email (existingEmail@test.com) already exists.","type":"USER"}
================================================================================
#
--Output from testCreateUserInExistingTenantNoUserNamePortuguese--
Switching to browser client [default]
Creating to new client [default] of type [class com.grailsrocks.functionaltest.client.BrowserClient]

== Making request POST http://localhost:8080/moovt/user/createUserInExistingTenant parameters: ==
== Request headers: ============================================================
Accept-Encoding: gzip, deflate
Content-Type: application/json
Accept: */*
== Content =====================================================================

				{"tenantname": "naSavassi", "email":"noUserName@test.com", "username": "", "password":"moovieGoer", "locale": "pt_BR"}
				
================================================================================
Interceptor createPage: TopLevelWindow[name=""]
Content of web window [TopLevelWindow[name=""]] changed
== Response was 200 (OK) headers: ==============================================
================================================================================
== Content =====================================================================
{"class":"com.moovt.CallResult","code":"ERROR","message":"O nome do usuário deve ser preenchido.","type":"USER"}
================================================================================
#
--Output from testCreateUserInExistingTenantNoPasswordPortuguese--
Switching to browser client [default]
Creating to new client [default] of type [class com.grailsrocks.functionaltest.client.BrowserClient]

== Making request POST http://localhost:8080/moovt/user/createUserInExistingTenant parameters: ==
== Request headers: ============================================================
Accept-Encoding: gzip, deflate
Content-Type: application/json
Accept: */*
== Content =====================================================================

				{"tenantname": "naSavassi", "email":"noPasswordUser@test.com", "username": "movieFan", "password":"", "locale": "pt_BR"}
				
================================================================================
Interceptor createPage: TopLevelWindow[name=""]
Content of web window [TopLevelWindow[name=""]] changed
== Response was 200 (OK) headers: ==============================================
================================================================================
== Content =====================================================================
{"class":"com.moovt.CallResult","code":"ERROR","message":"A senha deve ser preenchida.","type":"USER"}
================================================================================
#
--Output from testCreateUserInExistingTenantNoUserNameEnglish--
Switching to browser client [default]
Creating to new client [default] of type [class com.grailsrocks.functionaltest.client.BrowserClient]

== Making request POST http://localhost:8080/moovt/user/createUserInExistingTenant parameters: ==
== Request headers: ============================================================
Accept-Encoding: gzip, deflate
Content-Type: application/json
Accept: */*
== Content =====================================================================

				{"tenantname": "naSavassi", "email":"noUserName@test.com", "username": "", "password":"moovieGoer", "locale": "en_US"}
				
================================================================================
Interceptor createPage: TopLevelWindow[name=""]
Content of web window [TopLevelWindow[name=""]] changed
== Response was 200 (OK) headers: ==============================================
================================================================================
== Content =====================================================================
{"class":"com.moovt.CallResult","code":"ERROR","message":"The user name must be provided.","type":"USER"}
================================================================================
#
--Output from testCreateUserInExistingTenantNoEmailPortuguese--
Switching to browser client [default]
Creating to new client [default] of type [class com.grailsrocks.functionaltest.client.BrowserClient]

== Making request POST http://localhost:8080/moovt/user/createUserInExistingTenant parameters: ==
== Request headers: ============================================================
Accept-Encoding: gzip, deflate
Content-Type: application/json
Accept: */*
== Content =====================================================================

				{"tenantname": "naSavassi","email":"", "username": "movieFan", "password":"", "locale": "pt_BR"}
				
================================================================================
Interceptor createPage: TopLevelWindow[name=""]
Content of web window [TopLevelWindow[name=""]] changed
== Response was 200 (OK) headers: ==============================================
================================================================================
== Content =====================================================================
{"class":"com.moovt.CallResult","code":"ERROR","message":"O email deve ser preenchido.","type":"USER"}
================================================================================
#
--Output from testCreateUserInExistingTenantBadMessage--
Switching to browser client [default]
Creating to new client [default] of type [class com.grailsrocks.functionaltest.client.BrowserClient]

== Making request POST http://localhost:8080/moovt/user/createUserInExistingTenant parameters: ==
== Request headers: ============================================================
Accept-Encoding: gzip, deflate
Content-Type: application/json
Accept: */*
== Content =====================================================================

================================================================================
Interceptor createPage: TopLevelWindow[name=""]
Content of web window [TopLevelWindow[name=""]] changed
== Response was 200 (OK) headers: ==============================================
================================================================================
== Content =====================================================================
{"class":"com.moovt.CallResult","code":"ERROR","message":"A JSONObject text must begin with '{' at character 0 of ","type":"SYSTEM"}
================================================================================
#
--Output from testCreateUserInExistingTenantSuccessEnglish--
Switching to browser client [default]
Creating to new client [default] of type [class com.grailsrocks.functionaltest.client.BrowserClient]

== Making request POST http://localhost:8080/moovt/user/createUserInExistingTenant parameters: ==
== Request headers: ============================================================
Accept-Encoding: gzip, deflate
Content-Type: application/json
Accept: */*
== Content =====================================================================

				{"tenantname": "naSavassi", "email":"movieGoer@test.com", "username": "moovieGoer", "password":"moovieGoer", "locale": "en_US"}
				
================================================================================
Interceptor createPage: TopLevelWindow[name=""]
Content of web window [TopLevelWindow[name=""]] changed
== Response was 200 (OK) headers: ==============================================
================================================================================
== Content =====================================================================
{"class":"com.moovt.CallResult","code":"SUCCESS","message":"User moovieGoer created","type":"USER"}
================================================================================
#
--Output from testCreateUserInExistingTenantNoEmailEnglish--
Switching to browser client [default]
Creating to new client [default] of type [class com.grailsrocks.functionaltest.client.BrowserClient]

== Making request POST http://localhost:8080/moovt/user/createUserInExistingTenant parameters: ==
== Request headers: ============================================================
Accept-Encoding: gzip, deflate
Content-Type: application/json
Accept: */*
== Content =====================================================================

				{"tenantname": "naSavassi","email":"", "username": "movieFan", "password":"", "locale": "en_US"}
				
================================================================================
Interceptor createPage: TopLevelWindow[name=""]
Content of web window [TopLevelWindow[name=""]] changed
== Response was 200 (OK) headers: ==============================================
================================================================================
== Content =====================================================================
{"class":"com.moovt.CallResult","code":"ERROR","message":"The email must be provided.","type":"USER"}
================================================================================
#
]]></system-out>

      <system-err><![CDATA[--Output from testCreateUserInExistingTenantDuplicateEmailPortuguese--
--Output from testCreateUserInExistingTenantDuplicateUsernameEnglish--
--Output from testCreateUserInExistingTenantNoPasswordEnglish--
--Output from testCreateUserInExistingTenantDuplicateUsernamePortuguese--
--Output from testCreateUserInExistingTenantBadTenantEnglish--
--Output from testCreateUserInExistingTenantSuccessPortuquese--
--Output from testCreateUserInExistingTenantDuplicateEmailEnglish--
--Output from testCreateUserInExistingTenantNoUserNamePortuguese--
--Output from testCreateUserInExistingTenantNoPasswordPortuguese--
--Output from testCreateUserInExistingTenantNoUserNameEnglish--
--Output from testCreateUserInExistingTenantNoEmailPortuguese--
--Output from testCreateUserInExistingTenantBadMessage--
--Output from testCreateUserInExistingTenantSuccessEnglish--
--Output from testCreateUserInExistingTenantNoEmailEnglish--
]]></system-err>

  </testsuite>
</testsuites>
