<?xml version="1.0" encoding="UTF-8" ?>
<testsuites>
  <testsuite errors="0" failures="0" hostname="Eduardo-Goncalvess-MacBook-Pro.local" id="0" name="DriverPassengerFunctionalTests" package="com.moovt" tests="12" time="6.776" timestamp="2013-09-03T09:51:01">
      <properties />

      <testcase classname="com.moovt.DriverPassengerFunctionalTests" name="testGetActiveStatusEnumEnglish" time="3.763" />

      <testcase classname="com.moovt.DriverPassengerFunctionalTests" name="testGetActiveStatusEnumPortugues" time="0.087" />

      <testcase classname="com.moovt.DriverPassengerFunctionalTests" name="testGetCarTypeEnumEnglish" time="0.057" />

      <testcase classname="com.moovt.DriverPassengerFunctionalTests" name="testGetCarTypeEnumPortuguese" time="0.08" />

      <testcase classname="com.moovt.DriverPassengerFunctionalTests" name="testCreateUserDriverEnglish" time="0.858" />

      <testcase classname="com.moovt.DriverPassengerFunctionalTests" name="testCreateUserPassengerEnglish" time="0.199" />

      <testcase classname="com.moovt.DriverPassengerFunctionalTests" name="testCreateUserPassengerWithTokenEnglish" time="0.108" />

      <testcase classname="com.moovt.DriverPassengerFunctionalTests" name="testUpdateUserDriverEnglish" time="0.465" />

      <testcase classname="com.moovt.DriverPassengerFunctionalTests" name="testUpdateUserPassengerEnglish" time="0.193" />

      <testcase classname="com.moovt.DriverPassengerFunctionalTests" name="testRetrieveAllUsersrEnglish" time="0.42" />

      <testcase classname="com.moovt.DriverPassengerFunctionalTests" name="testRetrieveUserDetailByIdEnglish" time="0.181" />

      <testcase classname="com.moovt.DriverPassengerFunctionalTests" name="testRetrieveLoggedUserDetailsIdEnglish" time="0.293" />

      <system-out><![CDATA[--Output from testGetActiveStatusEnumEnglish--
Switching to browser client [default]
Creating to new client [default] of type [class com.grailsrocks.functionaltest.client.BrowserClient]

== Making request POST http://localhost:8080/moovt/driver/getActiveStatusEnum parameters: ==
== Request headers: ============================================================
Accept-Language: en-US
Accept-Encoding: gzip, deflate
Content-Type: application/json
Accept: */*
== Content =====================================================================

				{}
				
================================================================================
Interceptor createPage: TopLevelWindow[name=""]
Content of web window [TopLevelWindow[name=""]] changed
== Response was 200 (OK) headers: ==============================================
================================================================================
== Content =====================================================================
{"activeStatuses":[{"code":"ENABLED","description":"Enabled"},{"code":"DISABLED","description":"Disabled"}]}
================================================================================
#
--Output from testGetActiveStatusEnumPortugues--
Switching to browser client [default]
Creating to new client [default] of type [class com.grailsrocks.functionaltest.client.BrowserClient]

== Making request POST http://localhost:8080/moovt/driver/getActiveStatusEnum parameters: ==
== Request headers: ============================================================
Accept-Language: pt-BR
Accept-Encoding: gzip, deflate
Content-Type: application/json
Accept: */*
== Content =====================================================================

				{}
				
================================================================================
Interceptor createPage: TopLevelWindow[name=""]
Content of web window [TopLevelWindow[name=""]] changed
== Response was 200 (OK) headers: ==============================================
================================================================================
== Content =====================================================================
{"activeStatuses":[{"code":"ENABLED","description":"Ativo"},{"code":"DISABLED","description":"Inativo"}]}
================================================================================
#
--Output from testGetCarTypeEnumEnglish--
Switching to browser client [default]
Creating to new client [default] of type [class com.grailsrocks.functionaltest.client.BrowserClient]

== Making request POST http://localhost:8080/moovt/driver/getCarTypeEnum parameters: ==
== Request headers: ============================================================
Accept-Language: en-US
Accept-Encoding: gzip, deflate
Content-Type: application/json
Accept: */*
== Content =====================================================================

				{}
				
================================================================================
Interceptor createPage: TopLevelWindow[name=""]
Content of web window [TopLevelWindow[name=""]] changed
== Response was 200 (OK) headers: ==============================================
================================================================================
== Content =====================================================================
{"carTypes":[{"code":"A_SEDAN","description":"Sedan"},{"code":"B_VAN","description":"Van"},{"code":"C_LIMO","description":"Limo"}]}
================================================================================
#
--Output from testGetCarTypeEnumPortuguese--
Switching to browser client [default]
Creating to new client [default] of type [class com.grailsrocks.functionaltest.client.BrowserClient]

== Making request POST http://localhost:8080/moovt/driver/getCarTypeEnum parameters: ==
== Request headers: ============================================================
Accept-Language: pt-BR
Accept-Encoding: gzip, deflate
Content-Type: application/json
Accept: */*
== Content =====================================================================

				{}
				
================================================================================
Interceptor createPage: TopLevelWindow[name=""]
Content of web window [TopLevelWindow[name=""]] changed
== Response was 200 (OK) headers: ==============================================
================================================================================
== Content =====================================================================
{"carTypes":[{"code":"A_SEDAN","description":"Sedan"},{"code":"B_VAN","description":"Van"},{"code":"C_LIMO","description":"Limo"}]}
================================================================================
#
--Output from testCreateUserDriverEnglish--
Switching to browser client [default]
Creating to new client [default] of type [class com.grailsrocks.functionaltest.client.BrowserClient]

== Making request POST http://localhost:8080/moovt/user/createUser parameters: ==
== Request headers: ============================================================
Accept-Language: en-US
Accept-Encoding: gzip, deflate
Content-Type: application/json
Accept: */*
== Content =====================================================================

				{"tenantname":"MTaxi","firstName":"David","lastName":"Ultrafast","username":"dultrafast","password":"Welcome!1","phone":"773-329-1784","email":"dultrafast@mtaxi.com","locale":"en-US","driver":{"carType" : {"code" : "A_SEDAN","description" : "Sedan"},"servedLocation":{"locationName":"ARua Major Lopes, 55","politicalName":"Belo Horizonte, MG, BR","latitude":-19.9413628,"longitude":-43.9373064,"locationType":"RANGE_INTERPOLATED"},"activeStatus":{"code" : "ENABLED"}}}
				
================================================================================
2013-09-03 04:51:06,007 [http-bio-8080-exec-9] INFO  common.UserController  - createUser params are: [action:createUser, controller:user] and model is : 
				{"tenantname":"MTaxi","firstName":"David","lastName":"Ultrafast","username":"dultrafast","password":"Welcome!1","phone":"773-329-1784","email":"dultrafast@mtaxi.com","locale":"en-US","driver":{"carType" : {"code" : "A_SEDAN","description" : "Sedan"},"servedLocation":{"locationName":"ARua Major Lopes, 55","politicalName":"Belo Horizonte, MG, BR","latitude":-19.9413628,"longitude":-43.9373064,"locationType":"RANGE_INTERPOLATED"},"activeStatus":{"code" : "ENABLED"}}}
				

2013-09-03 04:51:06,105 [http-bio-8080-exec-9] INFO  common.UserController  - Creating a new user and/or driver and/or passenger

Interceptor createPage: TopLevelWindow[name=""]
Content of web window [TopLevelWindow[name=""]] changed
== Response was 200 (OK) headers: ==============================================
================================================================================
== Content =====================================================================
{"result":{"type":"USER","code":"SUCCESS","message":"User dultrafast created"}, "additionalInfo":{"JSESSIONID":"83522057E0B947516874B147009A4454"}}
================================================================================
#
--Output from testCreateUserPassengerEnglish--
Switching to browser client [default]
Creating to new client [default] of type [class com.grailsrocks.functionaltest.client.BrowserClient]

== Making request POST http://localhost:8080/moovt/user/createUser parameters: ==
== Request headers: ============================================================
Accept-Encoding: gzip, deflate
Content-Type: application/json
Accept: */*
== Content =====================================================================

				{"tenantname":"MTaxi","firstName":"John","lastName":"Airjunkie","username":"jairjunkie","password":"Welcome!1","phone":"773-329-1784","email":"jairjunkie@mtaxi.com","locale":"en-US","passenger":{}}}
				
================================================================================
2013-09-03 04:51:06,812 [http-bio-8080-exec-1] INFO  common.UserController  - createUser params are: [action:createUser, controller:user] and model is : 
				{"tenantname":"MTaxi","firstName":"John","lastName":"Airjunkie","username":"jairjunkie","password":"Welcome!1","phone":"773-329-1784","email":"jairjunkie@mtaxi.com","locale":"en-US","passenger":{}}}
				

2013-09-03 04:51:06,817 [http-bio-8080-exec-1] INFO  common.UserController  - Creating a new user and/or driver and/or passenger

Interceptor createPage: TopLevelWindow[name=""]
Content of web window [TopLevelWindow[name=""]] changed
== Response was 200 (OK) headers: ==============================================
================================================================================
== Content =====================================================================
{"result":{"type":"USER","code":"SUCCESS","message":"User jairjunkie created"}, "additionalInfo":{"JSESSIONID":"89CED0126FFF9FD8A8C0E4638233167F"}}
================================================================================
#
--Output from testCreateUserPassengerWithTokenEnglish--
Switching to browser client [default]
Creating to new client [default] of type [class com.grailsrocks.functionaltest.client.BrowserClient]

== Making request POST http://localhost:8080/moovt/user/createUser parameters: ==
== Request headers: ============================================================
Accept-Encoding: gzip, deflate
Content-Type: application/json
Accept: */*
== Content =====================================================================

				{"tenantname":"MTaxi","firstName":"John","lastName":"TestToken","username":"testToken","password":"Welcome!1","phone":"773-329-1784","email":"testToken@moovt.com","locale":"en-US","apnsToken":"9a1cd75847e20f1a27132790dfe1a0cb4107f42da1a39c019dd1a0820fc5c504", "passenger":{}}}
				
================================================================================
2013-09-03 04:51:06,980 [http-bio-8080-exec-5] INFO  common.UserController  - createUser params are: [action:createUser, controller:user] and model is : 
				{"tenantname":"MTaxi","firstName":"John","lastName":"TestToken","username":"testToken","password":"Welcome!1","phone":"773-329-1784","email":"testToken@moovt.com","locale":"en-US","apnsToken":"9a1cd75847e20f1a27132790dfe1a0cb4107f42da1a39c019dd1a0820fc5c504", "passenger":{}}}
				

2013-09-03 04:51:06,984 [http-bio-8080-exec-5] INFO  common.UserController  - Creating a new user and/or driver and/or passenger

Interceptor createPage: TopLevelWindow[name=""]
Content of web window [TopLevelWindow[name=""]] changed
== Response was 200 (OK) headers: ==============================================
================================================================================
== Content =====================================================================
{"result":{"type":"USER","code":"SUCCESS","message":"User testToken created"}, "additionalInfo":{"JSESSIONID":"A28BCB1BFE033C2F00BF7ADF90C79358"}}
================================================================================
#
--Output from testUpdateUserDriverEnglish--
Switching to browser client [default]
Creating to new client [default] of type [class com.grailsrocks.functionaltest.client.BrowserClient]

== Making request POST http://localhost:8080/moovt/login/authenticateUser parameters: ==
== Request headers: ============================================================
Accept-Encoding: gzip, deflate
Content-Type: application/json
Accept: */*
== Content =====================================================================

				{"type":"Self","tenantname":"MTaxi","username":"wheatonCityDriverUser","password":"Welcome!1",locale:"pt_BR"}
				
================================================================================
2013-09-03 04:51:07,224 [http-bio-8080-exec-9] INFO  common.LoginController  - Authenticating user with params:[action:authenticateUser, controller:login]and model: 
				{"type":"Self","tenantname":"MTaxi","username":"wheatonCityDriverUser","password":"Welcome!1",locale:"pt_BR"}
				

2013-09-03 04:51:07,280 [http-bio-8080-exec-9] INFO  common.LoginController  - User has been successfully authenticated [ROLE_DRIVER]

2013-09-03 04:51:07,320 [http-bio-8080-exec-9] WARN  common.LoginController  - A user has a new apns token. The user id is 10

Interceptor createPage: TopLevelWindow[name=""]
Content of web window [TopLevelWindow[name=""]] changed
== Response was 200 (OK) headers: ==============================================
================================================================================
== Content =====================================================================
{"result":{"type":"USER","code":"SUCCESS","message":"Login successful."}, "additionalInfo":{"JSESSIONID":"B8755136C641519DAD452C2F4843C6C2","userType":"DRIVER"}}
================================================================================
#
== Making request POST http://localhost:8080/moovt/user/updateLoggedUser parameters: ==
== Request headers: ============================================================
Accept-Encoding: gzip, deflate
Content-Type: application/json
Accept: */*
== Content =====================================================================

				{"version":"4","firstName":"John","lastName":"OldWeathon","username":"wheatonCityDriverUser","password":"Welcome!1","phone":"773-329-1784","email":"oldWheaton@mtaxi.com","locale":"en-US","driver":{"servedLocation":{"locationName":"Functional Test Major Lopes, 55","politicalName":"Belo Horizonte, MG, BR","latitude":-19.9413628,"longitude":-43.9373064,"locationType":"RANGE_INTERPOLATED"},"carType":{"code":"B_VAN","description":"Van"},"activeStatus":{"code":"ENABLED","description":"Enabled"}}}
				
================================================================================
2013-09-03 04:51:07,383 [http-bio-8080-exec-9] INFO  common.UserController  - updateLoggedUser params are: [action:updateLoggedUser, controller:user] and model is : 
				{"version":"4","firstName":"John","lastName":"OldWeathon","username":"wheatonCityDriverUser","password":"Welcome!1","phone":"773-329-1784","email":"oldWheaton@mtaxi.com","locale":"en-US","driver":{"servedLocation":{"locationName":"Functional Test Major Lopes, 55","politicalName":"Belo Horizonte, MG, BR","latitude":-19.9413628,"longitude":-43.9373064,"locationType":"RANGE_INTERPOLATED"},"carType":{"code":"B_VAN","description":"Van"},"activeStatus":{"code":"ENABLED","description":"Enabled"}}}
				

2013-09-03 04:51:07,396 [http-bio-8080-exec-9] INFO  common.UserController  - Retrieved User: <com.moovt.common.User@3bcf52b springSecurityService=grails.plugins.springsecurity.SpringSecurityService@5ff88a81 username=wheatonCityDriverUser password=d1TzcRk41+KYYZXgaC0ek58Dc1KK6pDDVl3nFZPESAY= firstName=wheatonCityDriverUser lastName=Goodarm phone=800-800-2020 email=egoncalves@moovt.com apnsToken=null enabled=true accountExpired=false accountLocked=false passwordExpired=false locale=en_US tenantname=null tenantId=2 createdBy=2 lastUpdatedBy=2 dateCreated=2013-09-03 04:50:59.0 lastUpdated=2013-09-03 04:51:07.0 CRUDMessage=null errors=null id=10 version=1 passenger=null driver=com.moovt.taxi.Driver : 10>

2013-09-03 04:51:07,396 [http-bio-8080-exec-9] INFO  common.UserController  - Comparing retrieved User Version 1 with JSON Version 4

2013-09-03 04:51:07,452 [http-bio-8080-exec-9] INFO  common.UserController  - Updating servedLocation, carType, and activeStatus

2013-09-03 04:51:07,458 [http-bio-8080-exec-9] INFO  common.UserController  - Driver being saved <com.moovt.taxi.Driver@474ca86 activeStatus=ENABLED carType=B_VAN servedLocation=com.moovt.taxi.Location : 1 tenantId=2 createdBy=2 lastUpdatedBy=2 dateCreated=2013-09-03 04:50:59.0 lastUpdated=2013-09-03 04:50:59.0 CRUDMessage=null errors=null id=10 version=0 user=com.moovt.common.User : 10>

2013-09-03 04:51:07,474 [http-bio-8080-exec-9] INFO  common.UserController  - User being saved <com.moovt.common.User@3bcf52b springSecurityService=grails.plugins.springsecurity.SpringSecurityService@5ff88a81 username=wheatonCityDriverUser password=d1TzcRk41+KYYZXgaC0ek58Dc1KK6pDDVl3nFZPESAY= firstName=John lastName=OldWeathon phone=773-329-1784 email=oldWheaton@mtaxi.com apnsToken=null enabled=true accountExpired=false accountLocked=false passwordExpired=false locale=en-US tenantname=null tenantId=2 createdBy=2 lastUpdatedBy=2 dateCreated=2013-09-03 04:50:59.0 lastUpdated=Tue Sep 03 04:51:07 CDT 2013 CRUDMessage=null errors=grails.validation.ValidationErrors: 0 errors id=10 version=2 passenger=null driver=com.moovt.taxi.Driver : 10>

Interceptor createPage: TopLevelWindow[name=""]
Content of web window [TopLevelWindow[name=""]] changed
== Response was 200 (OK) headers: ==============================================
================================================================================
== Content =====================================================================
{"result":{"type":"USER","code":"SUCCESS","message":"User wheatonCityDriverUser updated"}, "user":{"id":10,"version":2,"username":"wheatonCityDriverUser","firstName":"John","lastName":"OldWeathon","phone":"773-329-1784","email":"oldWheaton@mtaxi.com","driver":{"servedLocation":{"locationName":"Functional Test Major Lopes, 55","politicalName":"Belo Horizonte, MG, BR","latitude":-19.9413628,"longitude":-43.9373064,"locationType":"RANGE_INTERPOLATED"},"carType":{"code":"B_VAN","description":"Van"},"activeStatus":{"code":"ENABLED","description":"Enabled"}}}}
================================================================================
#
--Output from testUpdateUserPassengerEnglish--
Switching to browser client [default]
Creating to new client [default] of type [class com.grailsrocks.functionaltest.client.BrowserClient]

== Making request POST http://localhost:8080/moovt/login/authenticateUser parameters: ==
== Request headers: ============================================================
Accept-Encoding: gzip, deflate
Content-Type: application/json
Accept: */*
== Content =====================================================================

				{"type":"Self","tenantname":"MTaxi","username":"jgoodrider","password":"Welcome!1",locale:"pt_BR"}
				
================================================================================
2013-09-03 04:51:07,561 [http-bio-8080-exec-3] INFO  common.LoginController  - Authenticating user with params:[action:authenticateUser, controller:login]and model: 
				{"type":"Self","tenantname":"MTaxi","username":"jgoodrider","password":"Welcome!1",locale:"pt_BR"}
				

2013-09-03 04:51:07,581 [http-bio-8080-exec-3] INFO  common.LoginController  - User has been successfully authenticated [ROLE_PASSENGER]

Interceptor createPage: TopLevelWindow[name=""]
Content of web window [TopLevelWindow[name=""]] changed
== Response was 200 (OK) headers: ==============================================
================================================================================
== Content =====================================================================
{"result":{"type":"USER","code":"SUCCESS","message":"Login successful."}, "additionalInfo":{"JSESSIONID":"7ECAFC40781D4BF2EB89AB2F68583B28","userType":"PASSENGER"}}
================================================================================
#
== Making request POST http://localhost:8080/moovt/user/updateLoggedUser parameters: ==
== Request headers: ============================================================
Accept-Encoding: gzip, deflate
Content-Type: application/json
Accept: */*
== Content =====================================================================

				{"version":"7","firstName":"John","lastName":"DecidedToBeADriver","username":"jgoodrider","password":"Welcome!1","phone":"773-329-1784","email":"jgoodrider@mtaxi.com","locale":"en-US","driver":{"servedLocation":{"locationName":"Rua Major Lopes, 55","politicalName":"Belo Horizonte, MG, BR","latitude":-19.9413628,"longitude":-43.9373064,"locationType":"RANGE_INTERPOLATED"},"carType":{"code":"B_VAN","description":"Van"},"activeStatus":{"code":"ENABLED","description":"Enabled"}}}
				
================================================================================
2013-09-03 04:51:07,621 [http-bio-8080-exec-11] INFO  common.UserController  - updateLoggedUser params are: [action:updateLoggedUser, controller:user] and model is : 
				{"version":"7","firstName":"John","lastName":"DecidedToBeADriver","username":"jgoodrider","password":"Welcome!1","phone":"773-329-1784","email":"jgoodrider@mtaxi.com","locale":"en-US","driver":{"servedLocation":{"locationName":"Rua Major Lopes, 55","politicalName":"Belo Horizonte, MG, BR","latitude":-19.9413628,"longitude":-43.9373064,"locationType":"RANGE_INTERPOLATED"},"carType":{"code":"B_VAN","description":"Van"},"activeStatus":{"code":"ENABLED","description":"Enabled"}}}
				

2013-09-03 04:51:07,630 [http-bio-8080-exec-11] INFO  common.UserController  - Retrieved User: <com.moovt.common.User@9c2a521 springSecurityService=grails.plugins.springsecurity.SpringSecurityService@5ff88a81 username=jgoodrider password=Hg+3yVgXNrxpuB0aW7vd5ivQkJXgvpwS3jJr2AdA7zo= firstName=John lastName=Goodrider phone=800-800-8080 email=jgoodrider@mtaxi.com apnsToken=null enabled=true accountExpired=false accountLocked=false passwordExpired=false locale=en_US tenantname=null tenantId=2 createdBy=2 lastUpdatedBy=2 dateCreated=2013-09-03 04:50:57.0 lastUpdated=2013-09-03 04:50:57.0 CRUDMessage=null errors=null id=6 version=0 passenger=com.moovt.taxi.Passenger : 6 driver=null>

2013-09-03 04:51:07,630 [http-bio-8080-exec-11] INFO  common.UserController  - Comparing retrieved User Version 0 with JSON Version 7

2013-09-03 04:51:07,632 [http-bio-8080-exec-11] INFO  common.UserController  - Creating driver

2013-09-03 04:51:07,650 [http-bio-8080-exec-11] INFO  common.UserController  - Driver being saved <com.moovt.taxi.Driver@489a7aa4 activeStatus=ENABLED carType=B_VAN servedLocation=com.moovt.taxi.Location : 23 tenantId=null createdBy=null lastUpdatedBy=null dateCreated=null lastUpdated=null CRUDMessage=null errors=grails.validation.ValidationErrors: 0 errors id=null version=null user=com.moovt.common.User : 6>

2013-09-03 04:51:07,670 [http-bio-8080-exec-11] INFO  common.UserController  - User being saved <com.moovt.common.User@9c2a521 springSecurityService=grails.plugins.springsecurity.SpringSecurityService@5ff88a81 username=jgoodrider password=Hg+3yVgXNrxpuB0aW7vd5ivQkJXgvpwS3jJr2AdA7zo= firstName=John lastName=DecidedToBeADriver phone=773-329-1784 email=jgoodrider@mtaxi.com apnsToken=null enabled=true accountExpired=false accountLocked=false passwordExpired=false locale=en-US tenantname=null tenantId=2 createdBy=2 lastUpdatedBy=2 dateCreated=2013-09-03 04:50:57.0 lastUpdated=Tue Sep 03 04:51:07 CDT 2013 CRUDMessage=null errors=grails.validation.ValidationErrors: 0 errors id=6 version=1 passenger=com.moovt.taxi.Passenger : 6 driver=com.moovt.taxi.Driver : 6>

Interceptor createPage: TopLevelWindow[name=""]
Content of web window [TopLevelWindow[name=""]] changed
== Response was 200 (OK) headers: ==============================================
================================================================================
== Content =====================================================================
{"result":{"type":"USER","code":"SUCCESS","message":"User jgoodrider updated"}, "user":{"id":6,"version":1,"username":"jgoodrider","firstName":"John","lastName":"DecidedToBeADriver","phone":"773-329-1784","email":"jgoodrider@mtaxi.com","driver":{"servedLocation":{"locationName":"Rua Major Lopes, 55","politicalName":"Belo Horizonte, MG, BR","latitude":-19.9413628,"longitude":-43.9373064,"locationType":"RANGE_INTERPOLATED"},"carType":{"code":"B_VAN","description":"Van"},"activeStatus":{"code":"ENABLED","description":"Enabled"}},"passenger":{}}}
================================================================================
#
--Output from testRetrieveAllUsersrEnglish--
Switching to browser client [default]
Creating to new client [default] of type [class com.grailsrocks.functionaltest.client.BrowserClient]

== Making request POST http://localhost:8080/moovt/login/authenticateUser parameters: ==
== Request headers: ============================================================
Accept-Encoding: gzip, deflate
Content-Type: application/json
Accept: */*
== Content =====================================================================

				{"type":"Self","tenantname": "MTaxi", "username": "admin", "password":"911admin","locale":"en_US"}
				
================================================================================
2013-09-03 04:51:07,753 [http-bio-8080-exec-3] INFO  common.LoginController  - Authenticating user with params:[action:authenticateUser, controller:login]and model: 
				{"type":"Self","tenantname": "MTaxi", "username": "admin", "password":"911admin","locale":"en_US"}
				

2013-09-03 04:51:07,775 [http-bio-8080-exec-3] INFO  common.LoginController  - User has been successfully authenticated [ROLE_ADMIN]

Interceptor createPage: TopLevelWindow[name=""]
Content of web window [TopLevelWindow[name=""]] changed
== Response was 200 (OK) headers: ==============================================
================================================================================
== Content =====================================================================
{"result":{"type":"USER","code":"SUCCESS","message":"Login successful."}, "additionalInfo":{"JSESSIONID":"01BFCA9AB9ED90DBBB0FCF521F594568","userType":"NO_TYPE"}}
================================================================================
#
== Making request POST http://localhost:8080/moovt/user/retrieveAllUsers parameters: ==
== Request headers: ============================================================
Accept-Encoding: gzip, deflate
Content-Type: application/json
Accept: */*
== Content =====================================================================

				{}
				
================================================================================
2013-09-03 04:51:07,816 [http-bio-8080-exec-12] INFO  common.UserController  - retrieveAllUsers params are: [action:retrieveAllUsers, controller:user] and model is : 
				{}
				

Interceptor createPage: TopLevelWindow[name=""]
Content of web window [TopLevelWindow[name=""]] changed
== Response was 200 (OK) headers: ==============================================
================================================================================
== Content =====================================================================
{"users":[{"id":6,"version":1,"username":"jgoodrider","firstName":"John","lastName":"DecidedToBeADriver","phone":"773-329-1784","email":"jgoodrider@mtaxi.com","driver":{"servedLocation":{"locationName":"Rua Major Lopes, 55","politicalName":"Belo Horizonte, MG, BR","latitude":-19.9413628,"longitude":-43.9373064,"locationType":"RANGE_INTERPOLATED"},"carType":{"code":"B_VAN","description":"Van"},"activeStatus":{"code":"ENABLED","description":"Enabled"}},"passenger":{}},{"id":10,"version":2,"username":"wheatonCityDriverUser","firstName":"John","lastName":"OldWeathon","phone":"773-329-1784","email":"oldWheaton@mtaxi.com","driver":{"servedLocation":{"locationName":"Functional Test Major Lopes, 55","politicalName":"Belo Horizonte, MG, BR","latitude":-19.9413628,"longitude":-43.9373064,"locationType":"RANGE_INTERPOLATED"},"carType":{"code":"B_VAN","description":"Van"},"activeStatus":{"code":"ENABLED","description":"Enabled"}}},{"id":20,"version":1,"username":"jairjunkie","firstName":"John","lastName":"Airjunkie","phone":"773-329-1784","email":"jairjunkie@mtaxi.com","passenger":{}},{"id":21,"version":1,"username":"testToken","firstName":"John","lastName":"TestToken","phone":"773-329-1784","email":"testToken@moovt.com","passenger":{}},{"id":19,"version":1,"username":"dultrafast","firstName":"David","lastName":"Ultrafast","phone":"773-329-1784","email":"dultrafast@mtaxi.com","driver":{"servedLocation":{"locationName":"ARua Major Lopes, 55","politicalName":"Belo Horizonte, MG, BR","latitude":-19.9413628,"longitude":-43.9373064,"locationType":"RANGE_INTERPOLATED"},"carType":{"code":"A_SEDAN","description":"Sedan"},"activeStatus":{"code":"ENABLED","description":"Enabled"}}},{"id":9,"version":0,"username":"napervilleCityDriverUser","firstName":"napervilleCityDriverUser","lastName":"Goodarm","phone":"800-800-2020","email":"egoncalves@moovt.com","driver":{"servedLocation":{"locationName":"Naperville","politicalName":"Illinois, United States","latitude":41.7858629,"longitude":-88.1472893,"locationType":"APPROXIMATE"},"carType":{"code":"B_VAN","description":"Van"},"activeStatus":{"code":"ENABLED","description":"Enabled"}}},{"id":11,"version":0,"username":"auroraCityDriverUser","firstName":"auroraCityDriverUser","lastName":"Goodarm","phone":"800-800-2020","email":"egoncalves@moovt.com","driver":{"servedLocation":{"locationName":"Aurora","politicalName":"Illinois, United States","latitude":41.7605849,"longitude":-88.32007150000001,"locationType":"APPROXIMATE"},"carType":{"code":"B_VAN","description":"Van"},"activeStatus":{"code":"ENABLED","description":"Enabled"}}},{"id":12,"version":0,"username":"plainfieldCityDriverUser","firstName":"plainfieldCityDriverUser","lastName":"Goodarm","phone":"800-800-2020","email":"egoncalves@moovt.com","driver":{"servedLocation":{"locationName":"Plainfield","politicalName":"Illinois, United States","latitude":41.632223,"longitude":-88.2120315,"locationType":"APPROXIMATE"},"carType":{"code":"B_VAN","description":"Van"},"activeStatus":{"code":"ENABLED","description":"Enabled"}}},{"id":13,"version":0,"username":"detroitCityDriverUser","firstName":"detroitCityDriverUser","lastName":"Goodarm","phone":"800-800-2020","email":"egoncalves@moovt.com","driver":{"servedLocation":{"locationName":"Detroit","politicalName":"Michigan, United States","latitude":42.331427,"longitude":-83.0457538,"locationType":"APPROXIMATE"},"carType":{"code":"B_VAN","description":"Van"},"activeStatus":{"code":"ENABLED","description":"Enabled"}}},{"id":14,"version":0,"username":"contagemCityDriverUser","firstName":"contagemCityDriverUser","lastName":"Goodarm","phone":"800-800-2020","email":"egoncalves@moovt.com","driver":{"servedLocation":{"locationName":"Contagem","politicalName":"Minas Gerais, Brazil","latitude":-19.9385599,"longitude":-44.0529377,"locationType":"APPROXIMATE"},"carType":{"code":"B_VAN","description":"Van"},"activeStatus":{"code":"ENABLED","description":"Enabled"}}},{"id":15,"version":0,"username":"vespasianoCityDriverUser","firstName":"vespasianoCityDriverUser","lastName":"Goodarm","phone":"800-800-2020","email":"egoncalves@moovt.com","driver":{"servedLocation":{"locationName":"Vespasiano","politicalName":"Minas Gerais, Brazil","latitude":-19.6933911,"longitude":-43.913722,"locationType":"APPROXIMATE"},"carType":{"code":"B_VAN","description":"Van"},"activeStatus":{"code":"ENABLED","description":"Enabled"}}},{"id":16,"version":0,"username":"carmoDoCajuruCityDriverUser","firstName":"carmoDoCajuruCityDriverUser","lastName":"Goodarm","phone":"800-800-2020","email":"egoncalves@moovt.com","driver":{"servedLocation":{"locationName":"Carmo do Cajuru","politicalName":"Minas Gerais, Brazil","latitude":-20.1870332,"longitude":-44.7731276,"locationType":"APPROXIMATE"},"carType":{"code":"B_VAN","description":"Van"},"activeStatus":{"code":"ENABLED","description":"Enabled"}}},{"id":17,"version":0,"username":"jWillGainApnsToken","firstName":"JWillGainApnsToken","lastName":"Goodarm","phone":"800-800-2020","email":"egoncalves@moovt.com","driver":{"servedLocation":{"locationName":"Naperville","politicalName":"Illinois, United States","latitude":41.7858629,"longitude":-88.1472893,"locationType":"APPROXIMATE"},"carType":{"code":"B_VAN","description":"Van"},"activeStatus":{"code":"ENABLED","description":"Enabled"}}},{"id":18,"version":0,"username":"jKeepApnsToken","firstName":"JKeepApnsToken","lastName":"Goodarm","phone":"800-800-2020","email":"egoncalves@moovt.com","driver":{"servedLocation":{"locationName":"Naperville","politicalName":"Illinois, United States","latitude":41.7858629,"longitude":-88.1472893,"locationType":"APPROXIMATE"},"carType":{"code":"B_VAN","description":"Van"},"activeStatus":{"code":"ENABLED","description":"Enabled"}}},{"id":7,"version":0,"username":"jgoodarm","firstName":"John","lastName":"Goodarm","phone":"800-800-2020","email":"jgoodarm@mtaxi.com","driver":{"servedLocation":{"locationName":"Naperville","politicalName":"Illinois, United States","latitude":41.7858629,"longitude":-88.1472893,"locationType":"APPROXIMATE"},"carType":{"code":"B_VAN","description":"Van"},"activeStatus":{"code":"ENABLED","description":"Enabled"}}},{"id":8,"version":0,"username":"jspeedy","firstName":"John","lastName":"Speedy","phone":"800-800-2020","email":"jspeedy@mtaxi.com","driver":{"servedLocation":{"locationName":"Naperville","politicalName":"Illinois, United States","latitude":41.7858629,"longitude":-88.1472893,"locationType":"APPROXIMATE"},"carType":{"code":"B_VAN","description":"Van"},"activeStatus":{"code":"ENABLED","description":"Enabled"}}},{"id":2,"version":0,"username":"admin","firstName":"Moovt","lastName":"Taxi","phone":"800-800-8080","email":"mtaxi@moovt.com"}]}
================================================================================
#
--Output from testRetrieveUserDetailByIdEnglish--
Switching to browser client [default]
Creating to new client [default] of type [class com.grailsrocks.functionaltest.client.BrowserClient]

== Making request POST http://localhost:8080/moovt/login/authenticateUser parameters: ==
== Request headers: ============================================================
Accept-Encoding: gzip, deflate
Content-Type: application/json
Accept: */*
== Content =====================================================================

				{"type":"Self","tenantname": "MTaxi", "username": "admin", "password":"911admin","locale":"en_US"}
				
================================================================================
2013-09-03 04:51:08,193 [http-bio-8080-exec-3] INFO  common.LoginController  - Authenticating user with params:[action:authenticateUser, controller:login]and model: 
				{"type":"Self","tenantname": "MTaxi", "username": "admin", "password":"911admin","locale":"en_US"}
				

2013-09-03 04:51:08,221 [http-bio-8080-exec-3] INFO  common.LoginController  - User has been successfully authenticated [ROLE_ADMIN]

Interceptor createPage: TopLevelWindow[name=""]
Content of web window [TopLevelWindow[name=""]] changed
== Response was 200 (OK) headers: ==============================================
================================================================================
== Content =====================================================================
{"result":{"type":"USER","code":"SUCCESS","message":"Login successful."}, "additionalInfo":{"JSESSIONID":"C08E9200EEADFA9BDE37791779F47C06","userType":"NO_TYPE"}}
================================================================================
#
== Making request POST http://localhost:8080/moovt/user/retrieveUserDetailById parameters: ==
== Request headers: ============================================================
Accept-Encoding: gzip, deflate
Content-Type: application/json
Accept: */*
== Content =====================================================================

				{"id":"6"}
				
================================================================================
2013-09-03 04:51:08,270 [http-bio-8080-exec-13] INFO  common.UserController  - retrieveUserDetailById params are: [action:retrieveUserDetailById, controller:user] and model is : 
				{"id":"6"}
				

Interceptor createPage: TopLevelWindow[name=""]
Content of web window [TopLevelWindow[name=""]] changed
== Response was 200 (OK) headers: ==============================================
================================================================================
== Content =====================================================================
{"user":{"id":6,"version":1,"username":"jgoodrider","firstName":"John","lastName":"DecidedToBeADriver","phone":"773-329-1784","email":"jgoodrider@mtaxi.com","driver":{"servedLocation":{"locationName":"Rua Major Lopes, 55","politicalName":"Belo Horizonte, MG, BR","latitude":-19.9413628,"longitude":-43.9373064,"locationType":"RANGE_INTERPOLATED"},"carType":{"code":"B_VAN","description":"Van"},"activeStatus":{"code":"ENABLED","description":"Enabled"}},"passenger":{}}}
================================================================================
#
--Output from testRetrieveLoggedUserDetailsIdEnglish--
Switching to browser client [default]
Creating to new client [default] of type [class com.grailsrocks.functionaltest.client.BrowserClient]

== Making request POST http://localhost:8080/moovt/login/authenticateUser parameters: ==
== Request headers: ============================================================
Accept-Encoding: gzip, deflate
Content-Type: application/json
Accept: */*
== Content =====================================================================

				{"type":"Self","tenantname":"MTaxi","username":"jgoodrider","password":"Welcome!1",locale:"pt_BR"}
				
================================================================================
2013-09-03 04:51:08,373 [http-bio-8080-exec-3] INFO  common.LoginController  - Authenticating user with params:[action:authenticateUser, controller:login]and model: 
				{"type":"Self","tenantname":"MTaxi","username":"jgoodrider","password":"Welcome!1",locale:"pt_BR"}
				

2013-09-03 04:51:08,400 [http-bio-8080-exec-3] INFO  common.LoginController  - User has been successfully authenticated [ROLE_DRIVER, ROLE_PASSENGER]

Interceptor createPage: TopLevelWindow[name=""]
Content of web window [TopLevelWindow[name=""]] changed
== Response was 200 (OK) headers: ==============================================
================================================================================
== Content =====================================================================
{"result":{"type":"USER","code":"SUCCESS","message":"Login successful."}, "additionalInfo":{"JSESSIONID":"5F9DE7F0466F687625875C0E2C88A9A8","userType":"PASSENGER"}}
================================================================================
#
== Making request POST http://localhost:8080/moovt/user/retrieveLoggedUserDetails parameters: ==
== Request headers: ============================================================
Accept-Encoding: gzip, deflate
Content-Type: application/json
Accept: */*
== Content =====================================================================

				{}
				
================================================================================
2013-09-03 04:51:08,589 [http-bio-8080-exec-14] INFO  common.UserController  - retrieveLoggedUserDetails params are: [action:retrieveLoggedUserDetails, controller:user] and model is : 
				{}
				

Interceptor createPage: TopLevelWindow[name=""]
Content of web window [TopLevelWindow[name=""]] changed
== Response was 200 (OK) headers: ==============================================
================================================================================
== Content =====================================================================
{"user":{"id":6,"version":1,"username":"jgoodrider","firstName":"John","lastName":"DecidedToBeADriver","phone":"773-329-1784","email":"jgoodrider@mtaxi.com","driver":{"servedLocation":{"locationName":"Rua Major Lopes, 55","politicalName":"Belo Horizonte, MG, BR","latitude":-19.9413628,"longitude":-43.9373064,"locationType":"RANGE_INTERPOLATED"},"carType":{"code":"B_VAN","description":"Van"},"activeStatus":{"code":"ENABLED","description":"Enabled"}},"passenger":{}}}
================================================================================
#
]]></system-out>

      <system-err><![CDATA[--Output from testGetActiveStatusEnumEnglish--
--Output from testGetActiveStatusEnumPortugues--
--Output from testGetCarTypeEnumEnglish--
--Output from testGetCarTypeEnumPortuguese--
--Output from testCreateUserDriverEnglish--
--Output from testCreateUserPassengerEnglish--
--Output from testCreateUserPassengerWithTokenEnglish--
--Output from testUpdateUserDriverEnglish--
--Output from testUpdateUserPassengerEnglish--
--Output from testRetrieveAllUsersrEnglish--
--Output from testRetrieveUserDetailByIdEnglish--
--Output from testRetrieveLoggedUserDetailsIdEnglish--
]]></system-err>

  </testsuite>
  <testsuite errors="0" failures="0" hostname="Eduardo-Goncalvess-MacBook-Pro.local" id="1" name="LocationFunctionalTests" package="com.moovt" tests="5" time="5.786" timestamp="2013-09-03T09:51:08">
      <properties />

      <testcase classname="com.moovt.LocationFunctionalTests" name="testSearchBadJSON" time="0.185" />

      <testcase classname="com.moovt.LocationFunctionalTests" name="testSearchNoLocation" time="0.09" />

      <testcase classname="com.moovt.LocationFunctionalTests" name="testSearchCity" time="4.745" />

      <testcase classname="com.moovt.LocationFunctionalTests" name="testSearchStreet" time="0.564" />

      <testcase classname="com.moovt.LocationFunctionalTests" name="testState" time="0.192" />

      <system-out><![CDATA[--Output from testSearchBadJSON--
Switching to browser client [default]
Creating to new client [default] of type [class com.grailsrocks.functionaltest.client.BrowserClient]

== Making request POST http://localhost:8080/moovt/location/search parameters: ==
== Request headers: ============================================================
Accept-Encoding: gzip, deflate
Content-Type: application/json
Accept: */*
== Content =====================================================================

================================================================================
2013-09-03 04:51:08,811 [http-bio-8080-exec-3] INFO  taxi.LocationController  - search params are: [action:search, controller:location] and model is : 

Interceptor createPage: TopLevelWindow[name=""]
Content of web window [TopLevelWindow[name=""]] changed
== Response was 200 (OK) headers: ==============================================
================================================================================
== Content =====================================================================
{"result":{"type":"SYSTEM","code":"ERROR","message":"A JSONObject text must begin with '{' at character 0 of "}}
================================================================================
#
--Output from testSearchNoLocation--
Switching to browser client [default]
Creating to new client [default] of type [class com.grailsrocks.functionaltest.client.BrowserClient]

== Making request POST http://localhost:8080/moovt/location/search parameters: ==
== Request headers: ============================================================
Accept-Encoding: gzip, deflate
Content-Type: application/json
Accept: */*
== Content =====================================================================

{"thisMustBeLocation":"Rua Major Lopes 55, Belo Horizonte, MG"}				
================================================================================
2013-09-03 04:51:08,869 [http-bio-8080-exec-6] INFO  taxi.LocationController  - search params are: [action:search, controller:location] and model is : 
{"thisMustBeLocation":"Rua Major Lopes 55, Belo Horizonte, MG"}				

Interceptor createPage: TopLevelWindow[name=""]
Content of web window [TopLevelWindow[name=""]] changed
== Response was 200 (OK) headers: ==============================================
================================================================================
== Content =====================================================================
{"result":{"type":"SYSTEM","code":"ERROR","message":"Input JSON must contain a location element"}}{"result":{"type":"SYSTEM","code":"ERROR","message":"Unable to call googlemaps null"}}
================================================================================
#
--Output from testSearchCity--
Switching to browser client [default]
Creating to new client [default] of type [class com.grailsrocks.functionaltest.client.BrowserClient]

== Making request POST http://localhost:8080/moovt/location/search parameters: ==
== Request headers: ============================================================
Accept-Encoding: gzip, deflate
Content-Type: application/json
Accept: */*
== Content =====================================================================

{"location":"Belo Horizonte, MG"}	
				
================================================================================
2013-09-03 04:51:08,956 [http-bio-8080-exec-4] INFO  taxi.LocationController  - search params are: [action:search, controller:location] and model is : 
{"location":"Belo Horizonte, MG"}	
				

2013-09-03 04:51:13,662 [http-bio-8080-exec-4] INFO  taxi.LocationController  - About to render locations (1/2)

2013-09-03 04:51:13,664 [http-bio-8080-exec-4] INFO  taxi.LocationController  - Rendering locations [{"locationName":"Belo Horizonte","politicalName":"Minas Gerais, Brazil","latitude":-19.9190677,"longitude":-43.9385747,"locationType":"null"}]

2013-09-03 04:51:13,664 [http-bio-8080-exec-4] INFO  taxi.LocationController  - About to render locations (2/2)

2013-09-03 04:51:13,665 [http-bio-8080-exec-4] INFO  taxi.LocationController  - Locations rendered

Interceptor createPage: TopLevelWindow[name=""]
Content of web window [TopLevelWindow[name=""]] changed
== Response was 200 (OK) headers: ==============================================
================================================================================
== Content =====================================================================
{"locations":[{"locationName":"Belo Horizonte","politicalName":"Minas Gerais, Brazil","latitude":-19.9190677,"longitude":-43.9385747,"locationType":"null"}]}
================================================================================
#
--Output from testSearchStreet--
Switching to browser client [default]
Creating to new client [default] of type [class com.grailsrocks.functionaltest.client.BrowserClient]

== Making request POST http://localhost:8080/moovt/location/search parameters: ==
== Request headers: ============================================================
Accept-Encoding: gzip, deflate
Content-Type: application/json
Accept: */*
== Content =====================================================================

{"location":"Rua Major Lopes 55, Belo Horizonte, MG"}	
				
================================================================================
2013-09-03 04:51:13,907 [http-bio-8080-exec-5] INFO  taxi.LocationController  - search params are: [action:search, controller:location] and model is : 
{"location":"Rua Major Lopes 55, Belo Horizonte, MG"}	
				

2013-09-03 04:51:14,227 [http-bio-8080-exec-5] INFO  taxi.LocationController  - About to render locations (1/2)

2013-09-03 04:51:14,228 [http-bio-8080-exec-5] INFO  taxi.LocationController  - Rendering locations [{"locationName":"","politicalName":"Belo Horizonte, MG, BR","latitude":-19.9413629,"longitude":-43.9373061,"locationType":"null"}]

2013-09-03 04:51:14,228 [http-bio-8080-exec-5] INFO  taxi.LocationController  - About to render locations (2/2)

2013-09-03 04:51:14,228 [http-bio-8080-exec-5] INFO  taxi.LocationController  - Locations rendered

Interceptor createPage: TopLevelWindow[name=""]
Content of web window [TopLevelWindow[name=""]] changed
== Response was 200 (OK) headers: ==============================================
================================================================================
== Content =====================================================================
{"locations":[{"locationName":"","politicalName":"Belo Horizonte, MG, BR","latitude":-19.9413629,"longitude":-43.9373061,"locationType":"null"}]}
================================================================================
#
--Output from testState--
Switching to browser client [default]
Creating to new client [default] of type [class com.grailsrocks.functionaltest.client.BrowserClient]

== Making request POST http://localhost:8080/moovt/location/search parameters: ==
== Request headers: ============================================================
Accept-Encoding: gzip, deflate
Content-Type: application/json
Accept: */*
== Content =====================================================================

{"location":"MG"}	
				
================================================================================
2013-09-03 04:51:14,276 [http-bio-8080-exec-1] INFO  taxi.LocationController  - search params are: [action:search, controller:location] and model is : 
{"location":"MG"}	
				

2013-09-03 04:51:14,426 [http-bio-8080-exec-1] INFO  taxi.LocationController  - About to render locations (1/2)

2013-09-03 04:51:14,427 [http-bio-8080-exec-1] INFO  taxi.LocationController  - Rendering locations []

2013-09-03 04:51:14,427 [http-bio-8080-exec-1] INFO  taxi.LocationController  - About to render locations (2/2)

2013-09-03 04:51:14,427 [http-bio-8080-exec-1] INFO  taxi.LocationController  - Locations rendered

Interceptor createPage: TopLevelWindow[name=""]
Content of web window [TopLevelWindow[name=""]] changed
== Response was 200 (OK) headers: ==============================================
================================================================================
== Content =====================================================================
{"locations":[]}
================================================================================
#
]]></system-out>

      <system-err><![CDATA[--Output from testSearchBadJSON--
--Output from testSearchNoLocation--
--Output from testSearchCity--
--Output from testSearchStreet--
--Output from testState--
]]></system-err>

  </testsuite>
  <testsuite errors="0" failures="0" hostname="Eduardo-Goncalvess-MacBook-Pro.local" id="2" name="LoginFunctionalTests" package="com.moovt" tests="15" time="1.241" timestamp="2013-09-03T09:51:14">
      <properties />

      <testcase classname="com.moovt.LoginFunctionalTests" name="testLoginSuccessEnglish" time="0.144" />

      <testcase classname="com.moovt.LoginFunctionalTests" name="testLoginSuccessPortuguese" time="0.121" />

      <testcase classname="com.moovt.LoginFunctionalTests" name="testLoginNoTenantEnglish" time="0.044" />

      <testcase classname="com.moovt.LoginFunctionalTests" name="testLoginNoTenantPortuguese" time="0.048" />

      <testcase classname="com.moovt.LoginFunctionalTests" name="testLoginTenantNotFoundEnglish" time="0.042" />

      <testcase classname="com.moovt.LoginFunctionalTests" name="testLoginTenantNotFoundPortuguese" time="0.081" />

      <testcase classname="com.moovt.LoginFunctionalTests" name="testLoginNoPasswordEnglish" time="0.084" />

      <testcase classname="com.moovt.LoginFunctionalTests" name="testLoginNoUsernamedEnglish" time="0.093" />

      <testcase classname="com.moovt.LoginFunctionalTests" name="testLoginFailedEnglish" time="0.123" />

      <testcase classname="com.moovt.LoginFunctionalTests" name="testLoginNoPasswordPortuguese" time="0.079" />

      <testcase classname="com.moovt.LoginFunctionalTests" name="testLoginNoUsernamedPortuguese" time="0.08" />

      <testcase classname="com.moovt.LoginFunctionalTests" name="testLoginFailedPortuguese" time="0.08" />

      <testcase classname="com.moovt.LoginFunctionalTests" name="testLoginWithApnsToken" time="0.063" />

      <testcase classname="com.moovt.LoginFunctionalTests" name="testLoginKeepApnsToken" time="0.064" />

      <testcase classname="com.moovt.LoginFunctionalTests" name="testLoginBadMessage" time="0.063" />

      <system-out><![CDATA[--Output from testLoginSuccessEnglish--
Switching to browser client [default]
Creating to new client [default] of type [class com.grailsrocks.functionaltest.client.BrowserClient]

== Making request POST http://localhost:8080/moovt/login/authenticateUser parameters: ==
== Request headers: ============================================================
Accept-Language: en-US
Accept-Encoding: gzip, deflate
Content-Type: application/json
Accept: */*
== Content =====================================================================

				{"type":"Self","tenantname":"MTaxi","username":"jgoodrider","password":"Welcome!1"}
				
================================================================================
2013-09-03 04:51:14,537 [http-bio-8080-exec-8] INFO  common.LoginController  - Authenticating user with params:[action:authenticateUser, controller:login]and model: 
				{"type":"Self","tenantname":"MTaxi","username":"jgoodrider","password":"Welcome!1"}
				

2013-09-03 04:51:14,576 [http-bio-8080-exec-8] INFO  common.LoginController  - User has been successfully authenticated [ROLE_DRIVER, ROLE_PASSENGER]

Interceptor createPage: TopLevelWindow[name=""]
Content of web window [TopLevelWindow[name=""]] changed
== Response was 200 (OK) headers: ==============================================
================================================================================
== Content =====================================================================
{"result":{"type":"USER","code":"SUCCESS","message":"Login successful."}, "additionalInfo":{"JSESSIONID":"C5A92DA64147F7E9A5D7380E1BEAAE91","userType":"PASSENGER"}}
================================================================================
#
--Output from testLoginSuccessPortuguese--
Switching to browser client [default]
Creating to new client [default] of type [class com.grailsrocks.functionaltest.client.BrowserClient]

== Making request POST http://localhost:8080/moovt/login/authenticateUser parameters: ==
== Request headers: ============================================================
Accept-Language: pt-BR
Accept-Encoding: gzip, deflate
Content-Type: application/json
Accept: */*
== Content =====================================================================

				{"type":"Self","tenantname":"MTaxi","username":"jgoodrider","password":"Welcome!1"}
				
================================================================================
2013-09-03 04:51:14,623 [http-bio-8080-exec-7] INFO  common.LoginController  - Authenticating user with params:[action:authenticateUser, controller:login]and model: 
				{"type":"Self","tenantname":"MTaxi","username":"jgoodrider","password":"Welcome!1"}
				

2013-09-03 04:51:14,699 [http-bio-8080-exec-7] INFO  common.LoginController  - User has been successfully authenticated [ROLE_DRIVER, ROLE_PASSENGER]

Interceptor createPage: TopLevelWindow[name=""]
Content of web window [TopLevelWindow[name=""]] changed
== Response was 200 (OK) headers: ==============================================
================================================================================
== Content =====================================================================
{"result":{"type":"USER","code":"SUCCESS","message":"Login bem sucedido."}, "additionalInfo":{"JSESSIONID":"24052C2CA7D5B77F71C4BFE710969D5F","userType":"PASSENGER"}}
================================================================================
#
--Output from testLoginNoTenantEnglish--
Switching to browser client [default]
Creating to new client [default] of type [class com.grailsrocks.functionaltest.client.BrowserClient]

== Making request POST http://localhost:8080/moovt/login/authenticateUser parameters: ==
== Request headers: ============================================================
Accept-Language: en-US
Accept-Encoding: gzip, deflate
Content-Type: application/json
Accept: */*
== Content =====================================================================

				{"type":"Self","tenantname": "", "username": "admin", "password":"admin"}
				
================================================================================
2013-09-03 04:51:14,743 [http-bio-8080-exec-12] INFO  common.LoginController  - Authenticating user with params:[action:authenticateUser, controller:login]and model: 
				{"type":"Self","tenantname": "", "username": "admin", "password":"admin"}
				

Interceptor createPage: TopLevelWindow[name=""]
Content of web window [TopLevelWindow[name=""]] changed
== Response was 200 (OK) headers: ==============================================
================================================================================
== Content =====================================================================
{"result":{"type":"USER","code":"ERROR","message":"Authentication failed because no company was provided. Please enter a company."}}
================================================================================
#
--Output from testLoginNoTenantPortuguese--
Switching to browser client [default]
Creating to new client [default] of type [class com.grailsrocks.functionaltest.client.BrowserClient]

== Making request POST http://localhost:8080/moovt/login/authenticateUser parameters: ==
== Request headers: ============================================================
Accept-Language: pt-BR
Accept-Encoding: gzip, deflate
Content-Type: application/json
Accept: */*
== Content =====================================================================

				{"type":"Self","tenantname": "", "username": "admin", "password":"admin"}
				
================================================================================
2013-09-03 04:51:14,792 [http-bio-8080-exec-9] INFO  common.LoginController  - Authenticating user with params:[action:authenticateUser, controller:login]and model: 
				{"type":"Self","tenantname": "", "username": "admin", "password":"admin"}
				

Interceptor createPage: TopLevelWindow[name=""]
Content of web window [TopLevelWindow[name=""]] changed
== Response was 200 (OK) headers: ==============================================
================================================================================
== Content =====================================================================
{"result":{"type":"USER","code":"ERROR","message":"A companhia deve ser preenchida."}}
================================================================================
#
--Output from testLoginTenantNotFoundEnglish--
Switching to browser client [default]
Creating to new client [default] of type [class com.grailsrocks.functionaltest.client.BrowserClient]

== Making request POST http://localhost:8080/moovt/login/authenticateUser parameters: ==
== Request headers: ============================================================
Accept-Language: en-US
Accept-Encoding: gzip, deflate
Content-Type: application/json
Accept: */*
== Content =====================================================================

				{"type":"Self","tenantname": "BadTenant", "username": "admin", "password":"admin"}
				
================================================================================
2013-09-03 04:51:14,836 [http-bio-8080-exec-10] INFO  common.LoginController  - Authenticating user with params:[action:authenticateUser, controller:login]and model: 
				{"type":"Self","tenantname": "BadTenant", "username": "admin", "password":"admin"}
				

Interceptor createPage: TopLevelWindow[name=""]
Content of web window [TopLevelWindow[name=""]] changed
== Response was 200 (OK) headers: ==============================================
================================================================================
== Content =====================================================================
{"result":{"type":"USER","code":"ERROR","message":"This company (BadTenant) was not found. Please enter a valid company name."}}
================================================================================
#
--Output from testLoginTenantNotFoundPortuguese--
Switching to browser client [default]
Creating to new client [default] of type [class com.grailsrocks.functionaltest.client.BrowserClient]

== Making request POST http://localhost:8080/moovt/login/authenticateUser parameters: ==
== Request headers: ============================================================
Accept-Language: pt-BR
Accept-Charset: UTF-8
Accept-Encoding: gzip, deflate
Content-Type: application/json
Accept: */*
== Content =====================================================================

				{"type":"Self","tenantname": "BadTenant", "username": "admin", "password":"admin"}
				
================================================================================
2013-09-03 04:51:14,895 [http-bio-8080-exec-2] INFO  common.LoginController  - Authenticating user with params:[action:authenticateUser, controller:login]and model: 
				{"type":"Self","tenantname": "BadTenant", "username": "admin", "password":"admin"}
				

Interceptor createPage: TopLevelWindow[name=""]
Content of web window [TopLevelWindow[name=""]] changed
== Response was 200 (OK) headers: ==============================================
================================================================================
== Content =====================================================================
{"result":{"type":"USER","code":"ERROR","message":"Esta companhia (BadTenant) não foi encontrada."}}
================================================================================
#
--Output from testLoginNoPasswordEnglish--
Switching to browser client [default]
Creating to new client [default] of type [class com.grailsrocks.functionaltest.client.BrowserClient]

== Making request POST http://localhost:8080/moovt/login/authenticateUser parameters: ==
== Request headers: ============================================================
Accept-Language: en-US
Accept-Encoding: gzip, deflate
Content-Type: application/json
Accept: */*
== Content =====================================================================

				{"type":"Self","tenantname": "MTaxi", "username": "admin", "password":""}
				
================================================================================
2013-09-03 04:51:14,990 [http-bio-8080-exec-11] INFO  common.LoginController  - Authenticating user with params:[action:authenticateUser, controller:login]and model: 
				{"type":"Self","tenantname": "MTaxi", "username": "admin", "password":""}
				

Interceptor createPage: TopLevelWindow[name=""]
Content of web window [TopLevelWindow[name=""]] changed
== Response was 200 (OK) headers: ==============================================
================================================================================
== Content =====================================================================
{"result":{"type":"USER","code":"ERROR","message":"Authentication failed because no password was provided. Please enter a password."}}
================================================================================
#
--Output from testLoginNoUsernamedEnglish--
Switching to browser client [default]
Creating to new client [default] of type [class com.grailsrocks.functionaltest.client.BrowserClient]

== Making request POST http://localhost:8080/moovt/login/authenticateUser parameters: ==
== Request headers: ============================================================
Accept-Language: en-US
Accept-Encoding: gzip, deflate
Content-Type: application/json
Accept: */*
== Content =====================================================================

				{"type":"Self","tenantname": "MTaxi", "username": "", "password":"admin"}
				
================================================================================
2013-09-03 04:51:15,082 [http-bio-8080-exec-13] INFO  common.LoginController  - Authenticating user with params:[action:authenticateUser, controller:login]and model: 
				{"type":"Self","tenantname": "MTaxi", "username": "", "password":"admin"}
				

Interceptor createPage: TopLevelWindow[name=""]
Content of web window [TopLevelWindow[name=""]] changed
== Response was 200 (OK) headers: ==============================================
================================================================================
== Content =====================================================================
{"result":{"type":"USER","code":"ERROR","message":"Authentication failed because no username was provided. Please enter a username."}}
================================================================================
#
--Output from testLoginFailedEnglish--
Switching to browser client [default]
Creating to new client [default] of type [class com.grailsrocks.functionaltest.client.BrowserClient]

== Making request POST http://localhost:8080/moovt/login/authenticateUser parameters: ==
== Request headers: ============================================================
Accept-Language: en-US
Accept-Encoding: gzip, deflate
Content-Type: application/json
Accept: */*
== Content =====================================================================

				{"type":"Self","tenantname": "MTaxi", "username": "admin", "password":"badPw"}
				
================================================================================
2013-09-03 04:51:15,173 [http-bio-8080-exec-11] INFO  common.LoginController  - Authenticating user with params:[action:authenticateUser, controller:login]and model: 
				{"type":"Self","tenantname": "MTaxi", "username": "admin", "password":"badPw"}
				

Interceptor createPage: TopLevelWindow[name=""]
Content of web window [TopLevelWindow[name=""]] changed
== Response was 200 (OK) headers: ==============================================
================================================================================
== Content =====================================================================
{"result":{"type":"USER","code":"ERROR","message":"User name and or password is invalid. Please try again."}}
================================================================================
#
--Output from testLoginNoPasswordPortuguese--
Switching to browser client [default]
Creating to new client [default] of type [class com.grailsrocks.functionaltest.client.BrowserClient]

== Making request POST http://localhost:8080/moovt/login/authenticateUser parameters: ==
== Request headers: ============================================================
Accept-Language: pt-BR
Accept-Encoding: gzip, deflate
Content-Type: application/json
Accept: */*
== Content =====================================================================

				{"type":"Self","tenantname": "MTaxi", "username": "admin", "password":""}
				
================================================================================
2013-09-03 04:51:15,297 [http-bio-8080-exec-13] INFO  common.LoginController  - Authenticating user with params:[action:authenticateUser, controller:login]and model: 
				{"type":"Self","tenantname": "MTaxi", "username": "admin", "password":""}
				

Interceptor createPage: TopLevelWindow[name=""]
Content of web window [TopLevelWindow[name=""]] changed
== Response was 200 (OK) headers: ==============================================
================================================================================
== Content =====================================================================
{"result":{"type":"USER","code":"ERROR","message":"A senha deve ser preenchida."}}
================================================================================
#
--Output from testLoginNoUsernamedPortuguese--
Switching to browser client [default]
Creating to new client [default] of type [class com.grailsrocks.functionaltest.client.BrowserClient]

== Making request POST http://localhost:8080/moovt/login/authenticateUser parameters: ==
== Request headers: ============================================================
Accept-Language: pt-BR
Accept-Encoding: gzip, deflate
Content-Type: application/json
Accept: */*
== Content =====================================================================

				{"type":"Self","tenantname": "MTaxi", "username": "", "password":"admin"}
				
================================================================================
2013-09-03 04:51:15,379 [http-bio-8080-exec-11] INFO  common.LoginController  - Authenticating user with params:[action:authenticateUser, controller:login]and model: 
				{"type":"Self","tenantname": "MTaxi", "username": "", "password":"admin"}
				

Interceptor createPage: TopLevelWindow[name=""]
Content of web window [TopLevelWindow[name=""]] changed
== Response was 200 (OK) headers: ==============================================
================================================================================
== Content =====================================================================
{"result":{"type":"USER","code":"ERROR","message":"O nome do usuário deve ser preenchido."}}
================================================================================
#
--Output from testLoginFailedPortuguese--
Switching to browser client [default]
Creating to new client [default] of type [class com.grailsrocks.functionaltest.client.BrowserClient]

== Making request POST http://localhost:8080/moovt/login/authenticateUser parameters: ==
== Request headers: ============================================================
Accept-Language: pt-BR
Accept-Encoding: gzip, deflate
Content-Type: application/json
Accept: */*
== Content =====================================================================

				{"type":"Self","tenantname": "MTaxi", "username": "admin", "password":"badPw"}
				
================================================================================
2013-09-03 04:51:15,451 [http-bio-8080-exec-13] INFO  common.LoginController  - Authenticating user with params:[action:authenticateUser, controller:login]and model: 
				{"type":"Self","tenantname": "MTaxi", "username": "admin", "password":"badPw"}
				

Interceptor createPage: TopLevelWindow[name=""]
Content of web window [TopLevelWindow[name=""]] changed
== Response was 200 (OK) headers: ==============================================
================================================================================
== Content =====================================================================
{"result":{"type":"USER","code":"ERROR","message":"Usuário e senha inválidos."}}
================================================================================
#
--Output from testLoginWithApnsToken--
Switching to browser client [default]
Creating to new client [default] of type [class com.grailsrocks.functionaltest.client.BrowserClient]

== Making request POST http://localhost:8080/moovt/login/authenticateUser parameters: ==
== Request headers: ============================================================
Accept-Language: pt-BR
Accept-Encoding: gzip, deflate
Content-Type: application/json
Accept: */*
== Content =====================================================================

				{"type":"Self","tenantname":"MTaxi","username":"jWillGainApnsToken","password":"Welcome!1","apnsToken":"9a1cd75847e20f1a27132790dfe1a0cb4107f42da1a39c019dd1a0820fc5c504"}

				
================================================================================
2013-09-03 04:51:15,519 [http-bio-8080-exec-11] INFO  common.LoginController  - Authenticating user with params:[action:authenticateUser, controller:login]and model: 
				{"type":"Self","tenantname":"MTaxi","username":"jWillGainApnsToken","password":"Welcome!1","apnsToken":"9a1cd75847e20f1a27132790dfe1a0cb4107f42da1a39c019dd1a0820fc5c504"}

				

2013-09-03 04:51:15,538 [http-bio-8080-exec-11] INFO  common.LoginController  - User has been successfully authenticated [ROLE_NO_ROLES]

Interceptor createPage: TopLevelWindow[name=""]
Content of web window [TopLevelWindow[name=""]] changed
== Response was 200 (OK) headers: ==============================================
================================================================================
== Content =====================================================================
{"result":{"type":"USER","code":"SUCCESS","message":"Login bem sucedido."}, "additionalInfo":{"JSESSIONID":"5401AFBC5CEB0D06FC12D6FCFA2DE485","userType":"NO_TYPE"}}
================================================================================
#
--Output from testLoginKeepApnsToken--
Switching to browser client [default]
Creating to new client [default] of type [class com.grailsrocks.functionaltest.client.BrowserClient]

== Making request POST http://localhost:8080/moovt/login/authenticateUser parameters: ==
== Request headers: ============================================================
Accept-Language: pt-BR
Accept-Encoding: gzip, deflate
Content-Type: application/json
Accept: */*
== Content =====================================================================

				{"type":"Self","tenantname":"MTaxi","username":"jKeepApnsToken","password":"Welcome!1","apnsToken":"9a1cd75847e20f1a27132790dfe1a0cb4107f42da1a39c019dd1a0820fc5c504"}

				
================================================================================
2013-09-03 04:51:15,586 [http-bio-8080-exec-13] INFO  common.LoginController  - Authenticating user with params:[action:authenticateUser, controller:login]and model: 
				{"type":"Self","tenantname":"MTaxi","username":"jKeepApnsToken","password":"Welcome!1","apnsToken":"9a1cd75847e20f1a27132790dfe1a0cb4107f42da1a39c019dd1a0820fc5c504"}

				

2013-09-03 04:51:15,602 [http-bio-8080-exec-13] INFO  common.LoginController  - User has been successfully authenticated [ROLE_NO_ROLES]

Interceptor createPage: TopLevelWindow[name=""]
Content of web window [TopLevelWindow[name=""]] changed
== Response was 200 (OK) headers: ==============================================
================================================================================
== Content =====================================================================
{"result":{"type":"USER","code":"SUCCESS","message":"Login bem sucedido."}, "additionalInfo":{"JSESSIONID":"FC9E4123AD09B35376CCA67A1DBC2742","userType":"NO_TYPE"}}
================================================================================
#
--Output from testLoginBadMessage--
Switching to browser client [default]
Creating to new client [default] of type [class com.grailsrocks.functionaltest.client.BrowserClient]

== Making request POST http://localhost:8080/moovt/login/authenticateUser parameters: ==
== Request headers: ============================================================
Accept-Encoding: gzip, deflate
Content-Type: application/json
Accept: */*
== Content =====================================================================

================================================================================
Interceptor createPage: TopLevelWindow[name=""]
Content of web window [TopLevelWindow[name=""]] changed
== Response was 200 (OK) headers: ==============================================
================================================================================
== Content =====================================================================
{"result":{"type":"SYSTEM","code":"ERROR","message":"A JSONObject text must begin with '{' at character 0 of "}}
================================================================================
#
]]></system-out>

      <system-err><![CDATA[--Output from testLoginSuccessEnglish--
--Output from testLoginSuccessPortuguese--
--Output from testLoginNoTenantEnglish--
--Output from testLoginNoTenantPortuguese--
--Output from testLoginTenantNotFoundEnglish--
--Output from testLoginTenantNotFoundPortuguese--
--Output from testLoginNoPasswordEnglish--
--Output from testLoginNoUsernamedEnglish--
--Output from testLoginFailedEnglish--
--Output from testLoginNoPasswordPortuguese--
--Output from testLoginNoUsernamedPortuguese--
--Output from testLoginFailedPortuguese--
--Output from testLoginWithApnsToken--
--Output from testLoginKeepApnsToken--
--Output from testLoginBadMessage--
]]></system-err>

  </testsuite>
  <testsuite errors="0" failures="0" hostname="Eduardo-Goncalvess-MacBook-Pro.local" id="3" name="RideFunctionalTests" package="com.moovt" tests="18" time="4.402" timestamp="2013-09-03T09:51:15">
      <properties />

      <testcase classname="com.moovt.RideFunctionalTests" name="testCloseRideAlreadyClosed" time="0.192" />

      <testcase classname="com.moovt.RideFunctionalTests" name="testCloseRideUnsassignedError" time="0.107" />

      <testcase classname="com.moovt.RideFunctionalTests" name="testCancelRideSuccessEnglish" time="0.201" />

      <testcase classname="com.moovt.RideFunctionalTests" name="testCancelRideSuccessPortuguese" time="0.113" />

      <testcase classname="com.moovt.RideFunctionalTests" name="testCancelRideNotFoundEnglish" time="0.134" />

      <testcase classname="com.moovt.RideFunctionalTests" name="testCancelRideNotFoundPortuguese" time="0.098" />

      <testcase classname="com.moovt.RideFunctionalTests" name="testRetrievePassengerRidesEnglish" time="0.421" />

      <testcase classname="com.moovt.RideFunctionalTests" name="testRetrieveUnassignedRideInServedAreaEnglish" time="0.713" />

      <testcase classname="com.moovt.RideFunctionalTests" name="testRetrieveUnassignedRideInServedAreaNoRideFoundEnglish" time="0.407" />

      <testcase classname="com.moovt.RideFunctionalTests" name="testAssignRideToDriverEnglish" time="0.334" />

      <testcase classname="com.moovt.RideFunctionalTests" name="testRetrieveAllRidesEnglish" time="0.264" />

      <testcase classname="com.moovt.RideFunctionalTests" name="testRetrieveAssignedRidesEnglish" time="0.177" />

      <testcase classname="com.moovt.RideFunctionalTests" name="testCreateRideENglish" time="0.344" />

      <testcase classname="com.moovt.RideFunctionalTests" name="testCloneRide" time="0.198" />

      <testcase classname="com.moovt.RideFunctionalTests" name="testCloneRideBadMessage" time="0.116" />

      <testcase classname="com.moovt.RideFunctionalTests" name="testCloseRideSuccessEnglish" time="0.221" />

      <testcase classname="com.moovt.RideFunctionalTests" name="testCloseRideSuccessPortuguese" time="0.158" />

      <testcase classname="com.moovt.RideFunctionalTests" name="testCloseRideBadMessage" time="0.177" />

      <system-out><![CDATA[--Output from testCloseRideAlreadyClosed--
Switching to browser client [default]
Creating to new client [default] of type [class com.grailsrocks.functionaltest.client.BrowserClient]

== Making request POST http://localhost:8080/moovt/login/authenticateUser parameters: ==
[...]
	at org.junit.runners.ParentRunner.access$000(ParentRunner.java:50)
	at org.junit.runners.ParentRunner$2.evaluate(ParentRunner.java:222)
	at org.junit.runners.ParentRunner.run(ParentRunner.java:300)
	at org.junit.runners.Suite.runChild(Suite.java:128)
	at org.junit.runners.Suite.runChild(Suite.java:24)
	at org.junit.runners.ParentRunner$3.run(ParentRunner.java:231)
	at org.junit.runners.ParentRunner$1.schedule(ParentRunner.java:60)
	at org.junit.runners.ParentRunner.runChildren(ParentRunner.java:229)
	at org.junit.runners.ParentRunner.access$000(ParentRunner.java:50)
	at org.junit.runners.ParentRunner$2.evaluate(ParentRunner.java:222)
	at org.junit.runners.ParentRunner.run(ParentRunner.java:300)
	at org.junit.runners.ParentRunner$run.call(Unknown Source)
	at _GrailsTest_groovy$_run_closure4.doCall(_GrailsTest_groovy:290)
	at _GrailsTest_groovy$_run_closure2.doCall(_GrailsTest_groovy:248)
	at _GrailsTest_groovy$_run_closure1_closure21.doCall(_GrailsTest_groovy:195)
	at _GrailsTest_groovy$_run_closure1.doCall(_GrailsTest_groovy:184)
	at org.codehaus.gant.GantMetaClass.invokeMethod(GantMetaClass.java:133)
	at org.codehaus.gant.GantBinding$_initializeGantBinding_closure5_closure16_closure18.doCall(GantBinding.groovy:185)
	at org.codehaus.gant.GantBinding$_initializeGantBinding_closure5_closure16_closure18.doCall(GantBinding.groovy)
	at org.codehaus.gant.GantBinding.withTargetEvent(GantBinding.groovy:90)
	at org.codehaus.gant.GantBinding.this$4$withTargetEvent(GantBinding.groovy)
	at org.codehaus.gant.GantBinding$_initializeGantBinding_closure5_closure16.doCall(GantBinding.groovy:185)
	at org.codehaus.gant.GantBinding$_initializeGantBinding_closure5_closure16.doCall(GantBinding.groovy)
	at org.codehaus.gant.GantMetaClass.invokeMethod(GantMetaClass.java:133)
	at TestApp$_run_closure1.doCall(TestApp.groovy:82)
	at org.codehaus.gant.GantMetaClass.invokeMethod(GantMetaClass.java:133)
	at org.codehaus.gant.GantBinding$_initializeGantBinding_closure5_closure16_closure18.doCall(GantBinding.groovy:185)
	at org.codehaus.gant.GantBinding$_initializeGantBinding_closure5_closure16_closure18.doCall(GantBinding.groovy)
	at org.codehaus.gant.GantBinding.withTargetEvent(GantBinding.groovy:90)
	at org.codehaus.gant.GantBinding.this$4$withTargetEvent(GantBinding.groovy)
	at org.codehaus.gant.GantBinding$_initializeGantBinding_closure5_closure16.doCall(GantBinding.groovy:185)
	at org.codehaus.gant.GantBinding$_initializeGantBinding_closure5_closure16.doCall(GantBinding.groovy)
URL: http://localhost:8080/moovt/user/createUser


--Output from testCreateUserDuplicateEmailPortuguese--
Switching to browser client [default]
Creating to new client [default] of type [class com.grailsrocks.functionaltest.client.BrowserClient]

== Making request POST http://localhost:8080/moovt/user/createUser parameters: ==
== Request headers: ============================================================
Accept-Language: pt-BR
Accept-Encoding: gzip, deflate
Content-Type: application/json
Accept: */*
== Content =====================================================================

				{"tenantname": "Moovt", "email":"existingEmail@moovt.com", "username": "userWithSameEmail", "password":"moovieLover", "firstName":"TestFirstName", lastName: "TestLastName","phone":"800-800-8080", "locale": "pt_BR"}
				
================================================================================
2013-09-03 04:51:21,515 [http-bio-8080-exec-24] INFO  common.UserController  - createUser params are: [action:createUser, controller:user] and model is : 
				{"tenantname": "Moovt", "email":"existingEmail@moovt.com", "username": "userWithSameEmail", "password":"moovieLover", "firstName":"TestFirstName", lastName: "TestLastName","phone":"800-800-8080", "locale": "pt_BR"}
				

2013-09-03 04:51:21,519 [http-bio-8080-exec-24] INFO  common.UserController  - Creating a new user and/or driver and/or passenger

Interceptor createPage: TopLevelWindow[name=""]
Content of web window [TopLevelWindow[name=""]] changed
== Response was 200 (OK) headers: ==============================================
================================================================================
== Content =====================================================================
{"result":{"type":"USER","code":"ERROR","message":"Este usuário (userWithSameEmail) já existe."}}
================================================================================
#
Failed: Expected content to loosely contain [Este email (existingEmail@moovt.com) já existe] but it didn't
junit.framework.AssertionFailedError: Expected content to loosely contain [Este email (existingEmail@moovt.com) já existe] but it didn't
	at junit.framework.Assert.fail(Assert.java:50)
	at junit.framework.Assert.assertTrue(Assert.java:20)
	at com.grailsrocks.functionaltest.TestCaseBase.assertContentContains(TestCaseBase.groovy:298)
	at com.grailsrocks.functionaltest.TestCaseBase.invokeMethod(TestCaseBase.groovy:179)
	at com.moovt.UserFunctionalTests.testCreateUserDuplicateEmailPortuguese(UserFunctionalTests.groovy:254)
	at org.junit.runners.model.FrameworkMethod$1.runReflectiveCall(FrameworkMethod.java:45)
	at org.junit.internal.runners.model.ReflectiveCallable.run(ReflectiveCallable.java:15)
	at org.junit.runners.model.FrameworkMethod.invokeExplosively(FrameworkMethod.java:42)
	at org.junit.internal.runners.statements.InvokeMethod.evaluate(InvokeMethod.java:20)
	at org.junit.internal.runners.statements.RunBefores.evaluate(RunBefores.java:28)
	at org.junit.internal.runners.statements.RunAfters.evaluate(RunAfters.java:30)
	at org.junit.runners.ParentRunner.runLeaf(ParentRunner.java:263)
	at org.junit.runners.BlockJUnit4ClassRunner.runChild(BlockJUnit4ClassRunner.java:68)
	at org.junit.runners.BlockJUnit4ClassRunner.runChild(BlockJUnit4ClassRunner.java:47)
	at org.junit.runners.ParentRunner$3.run(ParentRunner.java:231)
	at org.junit.runners.ParentRunner$1.schedule(ParentRunner.java:60)
	at org.junit.runners.ParentRunner.runChildren(ParentRunner.java:229)
	at org.junit.runners.ParentRunner.access$000(ParentRunner.java:50)
	at org.junit.runners.ParentRunner$2.evaluate(ParentRunner.java:222)
	at org.junit.runners.ParentRunner.run(ParentRunner.java:300)
	at org.junit.runners.Suite.runChild(Suite.java:128)
	at org.junit.runners.Suite.runChild(Suite.java:24)
	at org.junit.runners.ParentRunner$3.run(ParentRunner.java:231)
	at org.junit.runners.ParentRunner$1.schedule(ParentRunner.java:60)
	at org.junit.runners.ParentRunner.runChildren(ParentRunner.java:229)
	at org.junit.runners.ParentRunner.access$000(ParentRunner.java:50)
	at org.junit.runners.ParentRunner$2.evaluate(ParentRunner.java:222)
	at org.junit.runners.ParentRunner.run(ParentRunner.java:300)
	at org.junit.runners.ParentRunner$run.call(Unknown Source)
	at _GrailsTest_groovy$_run_closure4.doCall(_GrailsTest_groovy:290)
	at _GrailsTest_groovy$_run_closure2.doCall(_GrailsTest_groovy:248)
	at _GrailsTest_groovy$_run_closure1_closure21.doCall(_GrailsTest_groovy:195)
	at _GrailsTest_groovy$_run_closure1.doCall(_GrailsTest_groovy:184)
	at org.codehaus.gant.GantMetaClass.invokeMethod(GantMetaClass.java:133)
	at org.codehaus.gant.GantBinding$_initializeGantBinding_closure5_closure16_closure18.doCall(GantBinding.groovy:185)
	at org.codehaus.gant.GantBinding$_initializeGantBinding_closure5_closure16_closure18.doCall(GantBinding.groovy)
	at org.codehaus.gant.GantBinding.withTargetEvent(GantBinding.groovy:90)
	at org.codehaus.gant.GantBinding.this$4$withTargetEvent(GantBinding.groovy)
	at org.codehaus.gant.GantBinding$_initializeGantBinding_closure5_closure16.doCall(GantBinding.groovy:185)
	at org.codehaus.gant.GantBinding$_initializeGantBinding_closure5_closure16.doCall(GantBinding.groovy)
	at org.codehaus.gant.GantMetaClass.invokeMethod(GantMetaClass.java:133)
	at TestApp$_run_closure1.doCall(TestApp.groovy:82)
	at org.codehaus.gant.GantMetaClass.invokeMethod(GantMetaClass.java:133)
	at org.codehaus.gant.GantBinding$_initializeGantBinding_closure5_closure16_closure18.doCall(GantBinding.groovy:185)
	at org.codehaus.gant.GantBinding$_initializeGantBinding_closure5_closure16_closure18.doCall(GantBinding.groovy)
	at org.codehaus.gant.GantBinding.withTargetEvent(GantBinding.groovy:90)
	at org.codehaus.gant.GantBinding.this$4$withTargetEvent(GantBinding.groovy)
	at org.codehaus.gant.GantBinding$_initializeGantBinding_closure5_closure16.doCall(GantBinding.groovy:185)
	at org.codehaus.gant.GantBinding$_initializeGantBinding_closure5_closure16.doCall(GantBinding.groovy)
URL: http://localhost:8080/moovt/user/createUser


--Output from testResetPasswordSuccessEnglish--
Switching to browser client [default]
Creating to new client [default] of type [class com.grailsrocks.functionaltest.client.BrowserClient]

== Making request POST http://localhost:8080/moovt/user/resetPassword parameters: ==
== Request headers: ============================================================
Accept-Language: en-US
Accept-Encoding: gzip, deflate
Content-Type: application/json
Accept: */*
== Content =====================================================================

				{"tenantname": "Moovt", "email":"jforgetful@moovt.com"}
				
================================================================================
2013-09-03 04:51:21,659 [http-bio-8080-exec-8] INFO  common.UserController  - resetPassword params are: [action:resetPassword, controller:user] and model is : 
				{"tenantname": "Moovt", "email":"jforgetful@moovt.com"}
				

Interceptor createPage: TopLevelWindow[name=""]
Content of web window [TopLevelWindow[name=""]] changed
== Response was 200 (OK) headers: ==============================================
================================================================================
== Content =====================================================================
{"result":{"type":"USER","code":"SUCCESS","message":"Your new password was sent to jforgetful@moovt.com."}}
================================================================================
#
--Output from testResetPasswordSuccessPortuguese--
Switching to browser client [default]
Creating to new client [default] of type [class com.grailsrocks.functionaltest.client.BrowserClient]

== Making request POST http://localhost:8080/moovt/user/resetPassword parameters: ==
== Request headers: ============================================================
Accept-Language: pt-BR
Accept-Encoding: gzip, deflate
Content-Type: application/json
Accept: */*
== Content =====================================================================

				{"tenantname": "Moovt", "email":"jforgetful@moovt.com"}
				
================================================================================
2013-09-03 04:51:21,889 [http-bio-8080-exec-17] INFO  common.UserController  - resetPassword params are: [action:resetPassword, controller:user] and model is : 
				{"tenantname": "Moovt", "email":"jforgetful@moovt.com"}
				

Interceptor createPage: TopLevelWindow[name=""]
Content of web window [TopLevelWindow[name=""]] changed
== Response was 200 (OK) headers: ==============================================
================================================================================
== Content =====================================================================
{"result":{"type":"USER","code":"SUCCESS","message":"A sua nova senha foi enviada para jforgetful@moovt.com."}}
================================================================================
#
--Output from testResetPasswordBadMessageNoTenante--
Switching to browser client [default]
Creating to new client [default] of type [class com.grailsrocks.functionaltest.client.BrowserClient]

== Making request POST http://localhost:8080/moovt/user/resetPassword parameters: ==
== Request headers: ============================================================
Accept-Encoding: gzip, deflate
Content-Type: application/json
Accept: */*
== Content =====================================================================

				{"tenantXame": "Moovt", "email":"jforgetful@moovt.com"}
				
================================================================================
2013-09-03 04:51:21,957 [http-bio-8080-exec-15] INFO  common.UserController  - resetPassword params are: [action:resetPassword, controller:user] and model is : 
				{"tenantXame": "Moovt", "email":"jforgetful@moovt.com"}
				

Interceptor createPage: TopLevelWindow[name=""]
Content of web window [TopLevelWindow[name=""]] changed
== Response was 200 (OK) headers: ==============================================
================================================================================
== Content =====================================================================
{"result":{"type":"SYSTEM","code":"ERROR","message":"JSONObject[\"tenantname\"] not found."}}
================================================================================
#
--Output from testResetPasswordBadMessageNoEmail--
Switching to browser client [default]
Creating to new client [default] of type [class com.grailsrocks.functionaltest.client.BrowserClient]

== Making request POST http://localhost:8080/moovt/user/resetPassword parameters: ==
== Request headers: ============================================================
Accept-Encoding: gzip, deflate
Content-Type: application/json
Accept: */*
== Content =====================================================================

				{"tenantname": "Moovt", "emailX":"jforgetful@moovt.com"}
				
================================================================================
2013-09-03 04:51:22,001 [http-bio-8080-exec-12] INFO  common.UserController  - resetPassword params are: [action:resetPassword, controller:user] and model is : 
				{"tenantname": "Moovt", "emailX":"jforgetful@moovt.com"}
				

Interceptor createPage: TopLevelWindow[name=""]
Content of web window [TopLevelWindow[name=""]] changed
== Response was 200 (OK) headers: ==============================================
================================================================================
== Content =====================================================================
{"result":{"type":"SYSTEM","code":"ERROR","message":"JSONObject[\"email\"] not found."}}
================================================================================
#
--Output from testResetPasswordTenantNotFound--
Switching to browser client [default]
Creating to new client [default] of type [class com.grailsrocks.functionaltest.client.BrowserClient]

== Making request POST http://localhost:8080/moovt/user/resetPassword parameters: ==
== Request headers: ============================================================
Accept-Language: en-US
Accept-Encoding: gzip, deflate
Content-Type: application/json
Accept: */*
== Content =====================================================================

				{"tenantname": "TheBadTenant", "email":"jforgetful@moovt.com"}
				
================================================================================
2013-09-03 04:51:22,066 [http-bio-8080-exec-20] INFO  common.UserController  - resetPassword params are: [action:resetPassword, controller:user] and model is : 
				{"tenantname": "TheBadTenant", "email":"jforgetful@moovt.com"}
				

2013-09-03 04:51:22,144 [http-bio-8080-exec-20] WARN  common.UserController  - This tenant (TheBadTenant) does not exist. Please use an existing tenant to create this user.

Interceptor createPage: TopLevelWindow[name=""]
Content of web window [TopLevelWindow[name=""]] changed
== Response was 200 (OK) headers: ==============================================
================================================================================
== Content =====================================================================
{"result":{"type":"SYSTEM","code":"ERROR","message":"This tenant does not exist (TheBadTenant)"}}
================================================================================
#
--Output from testResetPasswordTenantEmailNotFoundEnglish--
Switching to browser client [default]
Creating to new client [default] of type [class com.grailsrocks.functionaltest.client.BrowserClient]

== Making request POST http://localhost:8080/moovt/user/resetPassword parameters: ==
== Request headers: ============================================================
Accept-Language: en-US
Accept-Encoding: gzip, deflate
Content-Type: application/json
Accept: */*
== Content =====================================================================

				{"tenantname": "Moovt", "email":"jforgetfulx@moovt.com"}
				
================================================================================
2013-09-03 04:51:22,188 [http-bio-8080-exec-21] INFO  common.UserController  - resetPassword params are: [action:resetPassword, controller:user] and model is : 
				{"tenantname": "Moovt", "email":"jforgetfulx@moovt.com"}
				

Interceptor createPage: TopLevelWindow[name=""]
Content of web window [TopLevelWindow[name=""]] changed
== Response was 200 (OK) headers: ==============================================
================================================================================
== Content =====================================================================
{"result":{"type":"USER","code":"ERROR","message":"This email (jforgetfulx@moovt.com) was not found in the system."}}
================================================================================
#
--Output from testResetPasswordTenantEmailNotFoundPortuguese--
Switching to browser client [default]
Creating to new client [default] of type [class com.grailsrocks.functionaltest.client.BrowserClient]

== Making request POST http://localhost:8080/moovt/user/resetPassword parameters: ==
== Request headers: ============================================================
Accept-Language: pt-BR
Accept-Encoding: gzip, deflate
Content-Type: application/json
Accept: */*
== Content =====================================================================

				{"tenantname": "Moovt", "email":"jforgetfulx@moovt.com"}
				
================================================================================
2013-09-03 04:51:22,230 [http-bio-8080-exec-23] INFO  common.UserController  - resetPassword params are: [action:resetPassword, controller:user] and model is : 
				{"tenantname": "Moovt", "email":"jforgetfulx@moovt.com"}
				

Interceptor createPage: TopLevelWindow[name=""]
Content of web window [TopLevelWindow[name=""]] changed
== Response was 200 (OK) headers: ==============================================
================================================================================
== Content =====================================================================
{"result":{"type":"USER","code":"ERROR","message":"Este email (jforgetfulx@moovt.com) não foi encontrado no sistema."}}
================================================================================
#
]]></system-out>

      <system-err><![CDATA[--Output from testCreateUserBadMessage--
--Output from testCreateUserBadTenantEnglish--
--Output from testCreateUserSuccessEnglish--
--Output from testCreateUserSuccessPortuquese--
--Output from testCreateUserNoUserNameEnglish--
--Output from testCreateUserNoUserNamePortuguese--
--Output from testCreateUserNoPasswordEnglish--
--Output from testCreateUserNoPasswordPortuguese--
--Output from testCreateUserNoEmailEnglish--
--Output from testCreateUserNoEmailPortuguese--
--Output from testCreateUserDuplicateUsernameEnglish--
--Output from testCreateUserDuplicateUsernamePortuguese--
--Output from testCreateUserDuplicateEmailEnglish--
--Output from testCreateUserDuplicateEmailPortuguese--
--Output from testResetPasswordSuccessEnglish--
--Output from testResetPasswordSuccessPortuguese--
--Output from testResetPasswordBadMessageNoTenante--
--Output from testResetPasswordBadMessageNoEmail--
--Output from testResetPasswordTenantNotFound--
--Output from testResetPasswordTenantEmailNotFoundEnglish--
--Output from testResetPasswordTenantEmailNotFoundPortuguese--
]]></system-err>

  </testsuite>
</testsuites>
