<!DOCTYPE html><html xmlns:stringutils="xalan://org.apache.tools.ant.util.StringUtils" xmlns:lxslt="http://xml.apache.org/xslt">
<head>
<META http-equiv="Content-Type" content="text/html; charset=utf-8">
<title>
                    Test - UserFunctionalTests</title>
<link type="image/x-icon" href="http://grails.org/images/favicon.ico" rel="shortcut icon">
<link title="Style" type="text/css" rel="stylesheet" href="../../stylesheet.css">
</head>
<body>
<div id="report" class="container container_8">
<div class="grid_6">
<a title="Home" href="../../index.html">
<div class="grailslogo"></div>
</a>
<h1>UserFunctionalTests</h1>
<h2>Package: com.moovt</h2>
</div>
<div class="grid_2">
<nav id="navigationlinks">
<p>
<a href="../../failed.html">
                    Tests with failure and errors
                </a>
</p>
<p>
<a href="../../index.html">
                    Package summary
                </a>
</p>
<p>
<a href="../../all.html">
                    Show all tests
                </a>
</p>
</nav>
</div>
<div class="clear"></div>
<div class="testsuite failure">
<div class="header">
<h2>UserFunctionalTests</h2>
<h3>
                        Executed
                        21
                        tests
                    
                        with
                        10 failures
                        .
                    </h3>
</div>
<div class="testcase clearfix success grid_8 alpha omega" data-name="testCreateUserBadMessage">
<div class="grid_3 alpha">
<p>
<span class="icon success"></span><b class="testname message success">testCreateUserBadMessage</b>
</p>
<p class="summary">Executed in 0.204 seconds.</p>
</div>
<div class="grid_5 omega outputinfo"></div>
<div class="clear"></div>
</div>
<div class="testcase clearfix success grid_8 alpha omega" data-name="testCreateUserBadTenantEnglish">
<div class="grid_3 alpha">
<p>
<span class="icon success"></span><b class="testname message success">testCreateUserBadTenantEnglish</b>
</p>
<p class="summary">Executed in 0.173 seconds.</p>
</div>
<div class="grid_5 omega outputinfo"></div>
<div class="clear"></div>
</div>
<div class="testcase clearfix success grid_8 alpha omega" data-name="testCreateUserSuccessEnglish">
<div class="grid_3 alpha">
<p>
<span class="icon success"></span><b class="testname message success">testCreateUserSuccessEnglish</b>
</p>
<p class="summary">Executed in 0.703 seconds.</p>
</div>
<div class="grid_5 omega outputinfo"></div>
<div class="clear"></div>
</div>
<div class="testcase clearfix success grid_8 alpha omega" data-name="testCreateUserSuccessPortuquese">
<div class="grid_3 alpha">
<p>
<span class="icon success"></span><b class="testname message success">testCreateUserSuccessPortuquese</b>
</p>
<p class="summary">Executed in 4.652 seconds.</p>
</div>
<div class="grid_5 omega outputinfo"></div>
<div class="clear"></div>
</div>
<div class="testcase clearfix failure grid_8 alpha omega" data-name="testCreateUserNoUserNameEnglish">
<div class="grid_3 alpha">
<p>
<span class="icon failure"></span><b class="testname message failure">testCreateUserNoUserNameEnglish</b>
</p>
<p class="summary">Executed in 0.598 seconds.</p>
</div>
<div class="grid_5 omega outputinfo">
<div class="details">
<p>
<b class="message">com.grailsrocks.functionaltest.FunctionalTestException: Expected content to loosely contain [The user name must be provided] but it didn't</b>
</p>
<pre>junit.framework.AssertionFailedError: com.grailsrocks.functionaltest.FunctionalTestException: Expected content to loosely contain [The user name must be provided] but it didn't
	at com.grailsrocks.functionaltest.TestCaseBase.invokeMethod(TestCaseBase.groovy:184)
	at com.moovt.UserFunctionalTests.testCreateUserNoUserNameEnglish(UserFunctionalTests.groovy:110)
</pre>
</div>
</div>
<div class="clear"></div>
</div>
<div class="testcase clearfix failure grid_8 alpha omega" data-name="testCreateUserNoUserNamePortuguese">
<div class="grid_3 alpha">
<p>
<span class="icon failure"></span><b class="testname message failure">testCreateUserNoUserNamePortuguese</b>
</p>
<p class="summary">Executed in 0.1 seconds.</p>
</div>
<div class="grid_5 omega outputinfo">
<div class="details">
<p>
<b class="message">com.grailsrocks.functionaltest.FunctionalTestException: Expected content to loosely contain [O nome do usu&aacute;rio deve ser preenchido] but it didn't</b>
</p>
<pre>junit.framework.AssertionFailedError: com.grailsrocks.functionaltest.FunctionalTestException: Expected content to loosely contain [O nome do usu&aacute;rio deve ser preenchido] but it didn't
	at com.grailsrocks.functionaltest.TestCaseBase.invokeMethod(TestCaseBase.groovy:184)
	at com.moovt.UserFunctionalTests.testCreateUserNoUserNamePortuguese(UserFunctionalTests.groovy:126)
</pre>
</div>
</div>
<div class="clear"></div>
</div>
<div class="testcase clearfix failure grid_8 alpha omega" data-name="testCreateUserNoPasswordEnglish">
<div class="grid_3 alpha">
<p>
<span class="icon failure"></span><b class="testname message failure">testCreateUserNoPasswordEnglish</b>
</p>
<p class="summary">Executed in 0.157 seconds.</p>
</div>
<div class="grid_5 omega outputinfo">
<div class="details">
<p>
<b class="message">com.grailsrocks.functionaltest.FunctionalTestException: Expected content to loosely contain [The password must be provided] but it didn't</b>
</p>
<pre>junit.framework.AssertionFailedError: com.grailsrocks.functionaltest.FunctionalTestException: Expected content to loosely contain [The password must be provided] but it didn't
	at com.grailsrocks.functionaltest.TestCaseBase.invokeMethod(TestCaseBase.groovy:184)
	at com.moovt.UserFunctionalTests.testCreateUserNoPasswordEnglish(UserFunctionalTests.groovy:142)
</pre>
</div>
</div>
<div class="clear"></div>
</div>
<div class="testcase clearfix failure grid_8 alpha omega" data-name="testCreateUserNoPasswordPortuguese">
<div class="grid_3 alpha">
<p>
<span class="icon failure"></span><b class="testname message failure">testCreateUserNoPasswordPortuguese</b>
</p>
<p class="summary">Executed in 0.097 seconds.</p>
</div>
<div class="grid_5 omega outputinfo">
<div class="details">
<p>
<b class="message">com.grailsrocks.functionaltest.FunctionalTestException: Expected content to loosely contain [A senha deve ser preenchida.] but it didn't</b>
</p>
<pre>junit.framework.AssertionFailedError: com.grailsrocks.functionaltest.FunctionalTestException: Expected content to loosely contain [A senha deve ser preenchida.] but it didn't
	at com.grailsrocks.functionaltest.TestCaseBase.invokeMethod(TestCaseBase.groovy:184)
	at com.moovt.UserFunctionalTests.testCreateUserNoPasswordPortuguese(UserFunctionalTests.groovy:158)
</pre>
</div>
</div>
<div class="clear"></div>
</div>
<div class="testcase clearfix failure grid_8 alpha omega" data-name="testCreateUserNoEmailEnglish">
<div class="grid_3 alpha">
<p>
<span class="icon failure"></span><b class="testname message failure">testCreateUserNoEmailEnglish</b>
</p>
<p class="summary">Executed in 0.172 seconds.</p>
</div>
<div class="grid_5 omega outputinfo">
<div class="details">
<p>
<b class="message">com.grailsrocks.functionaltest.FunctionalTestException: Expected content to loosely contain [The email must be provided] but it didn't</b>
</p>
<pre>junit.framework.AssertionFailedError: com.grailsrocks.functionaltest.FunctionalTestException: Expected content to loosely contain [The email must be provided] but it didn't
	at com.grailsrocks.functionaltest.TestCaseBase.invokeMethod(TestCaseBase.groovy:184)
	at com.moovt.UserFunctionalTests.testCreateUserNoEmailEnglish(UserFunctionalTests.groovy:174)
</pre>
</div>
</div>
<div class="clear"></div>
</div>
<div class="testcase clearfix failure grid_8 alpha omega" data-name="testCreateUserNoEmailPortuguese">
<div class="grid_3 alpha">
<p>
<span class="icon failure"></span><b class="testname message failure">testCreateUserNoEmailPortuguese</b>
</p>
<p class="summary">Executed in 0.153 seconds.</p>
</div>
<div class="grid_5 omega outputinfo">
<div class="details">
<p>
<b class="message">com.grailsrocks.functionaltest.FunctionalTestException: Expected content to loosely contain [O email deve ser preenchido] but it didn't</b>
</p>
<pre>junit.framework.AssertionFailedError: com.grailsrocks.functionaltest.FunctionalTestException: Expected content to loosely contain [O email deve ser preenchido] but it didn't
	at com.grailsrocks.functionaltest.TestCaseBase.invokeMethod(TestCaseBase.groovy:184)
	at com.moovt.UserFunctionalTests.testCreateUserNoEmailPortuguese(UserFunctionalTests.groovy:190)
</pre>
</div>
</div>
<div class="clear"></div>
</div>
<div class="testcase clearfix failure grid_8 alpha omega" data-name="testCreateUserDuplicateUsernameEnglish">
<div class="grid_3 alpha">
<p>
<span class="icon failure"></span><b class="testname message failure">testCreateUserDuplicateUsernameEnglish</b>
</p>
<p class="summary">Executed in 0.22 seconds.</p>
</div>
<div class="grid_5 omega outputinfo">
<div class="details">
<p>
<b class="message">com.grailsrocks.functionaltest.FunctionalTestException: Expected content to loosely contain [This user (duplicateUser) already exist] but it didn't</b>
</p>
<pre>junit.framework.AssertionFailedError: com.grailsrocks.functionaltest.FunctionalTestException: Expected content to loosely contain [This user (duplicateUser) already exist] but it didn't
	at com.grailsrocks.functionaltest.TestCaseBase.invokeMethod(TestCaseBase.groovy:184)
	at com.moovt.UserFunctionalTests.testCreateUserDuplicateUsernameEnglish(UserFunctionalTests.groovy:206)
</pre>
</div>
</div>
<div class="clear"></div>
</div>
<div class="testcase clearfix failure grid_8 alpha omega" data-name="testCreateUserDuplicateUsernamePortuguese">
<div class="grid_3 alpha">
<p>
<span class="icon failure"></span><b class="testname message failure">testCreateUserDuplicateUsernamePortuguese</b>
</p>
<p class="summary">Executed in 0.131 seconds.</p>
</div>
<div class="grid_5 omega outputinfo">
<div class="details">
<p>
<b class="message">com.grailsrocks.functionaltest.FunctionalTestException: Expected content to loosely contain [Este usu&aacute;rio (duplicateUser) j&aacute; existe] but it didn't</b>
</p>
<pre>junit.framework.AssertionFailedError: com.grailsrocks.functionaltest.FunctionalTestException: Expected content to loosely contain [Este usu&aacute;rio (duplicateUser) j&aacute; existe] but it didn't
	at com.grailsrocks.functionaltest.TestCaseBase.invokeMethod(TestCaseBase.groovy:184)
	at com.moovt.UserFunctionalTests.testCreateUserDuplicateUsernamePortuguese(UserFunctionalTests.groovy:222)
</pre>
</div>
</div>
<div class="clear"></div>
</div>
<div class="testcase clearfix failure grid_8 alpha omega" data-name="testCreateUserDuplicateEmailEnglish">
<div class="grid_3 alpha">
<p>
<span class="icon failure"></span><b class="testname message failure">testCreateUserDuplicateEmailEnglish</b>
</p>
<p class="summary">Executed in 0.547 seconds.</p>
</div>
<div class="grid_5 omega outputinfo">
<div class="details">
<p>
<b class="message">com.grailsrocks.functionaltest.FunctionalTestException: Expected content to loosely contain [ERROR] but it didn't</b>
</p>
<pre>junit.framework.AssertionFailedError: com.grailsrocks.functionaltest.FunctionalTestException: Expected content to loosely contain [ERROR] but it didn't
	at com.grailsrocks.functionaltest.TestCaseBase.invokeMethod(TestCaseBase.groovy:184)
	at com.moovt.UserFunctionalTests.testCreateUserDuplicateEmailEnglish(UserFunctionalTests.groovy:236)
</pre>
</div>
</div>
<div class="clear"></div>
</div>
<div class="testcase clearfix failure grid_8 alpha omega" data-name="testCreateUserDuplicateEmailPortuguese">
<div class="grid_3 alpha">
<p>
<span class="icon failure"></span><b class="testname message failure">testCreateUserDuplicateEmailPortuguese</b>
</p>
<p class="summary">Executed in 0.221 seconds.</p>
</div>
<div class="grid_5 omega outputinfo">
<div class="details">
<p>
<b class="message">com.grailsrocks.functionaltest.FunctionalTestException: Expected content to loosely contain [Este email (existingEmail@moovt.com) j&aacute; existe] but it didn't</b>
</p>
<pre>junit.framework.AssertionFailedError: com.grailsrocks.functionaltest.FunctionalTestException: Expected content to loosely contain [Este email (existingEmail@moovt.com) j&aacute; existe] but it didn't
	at com.grailsrocks.functionaltest.TestCaseBase.invokeMethod(TestCaseBase.groovy:184)
	at com.moovt.UserFunctionalTests.testCreateUserDuplicateEmailPortuguese(UserFunctionalTests.groovy:254)
</pre>
</div>
</div>
<div class="clear"></div>
</div>
<div class="testcase clearfix success grid_8 alpha omega" data-name="testResetPasswordSuccessEnglish">
<div class="grid_3 alpha">
<p>
<span class="icon success"></span><b class="testname message success">testResetPasswordSuccessEnglish</b>
</p>
<p class="summary">Executed in 0.624 seconds.</p>
</div>
<div class="grid_5 omega outputinfo"></div>
<div class="clear"></div>
</div>
<div class="testcase clearfix success grid_8 alpha omega" data-name="testResetPasswordSuccessPortuguese">
<div class="grid_3 alpha">
<p>
<span class="icon success"></span><b class="testname message success">testResetPasswordSuccessPortuguese</b>
</p>
<p class="summary">Executed in 0.206 seconds.</p>
</div>
<div class="grid_5 omega outputinfo"></div>
<div class="clear"></div>
</div>
<div class="testcase clearfix success grid_8 alpha omega" data-name="testResetPasswordBadMessageNoTenante">
<div class="grid_3 alpha">
<p>
<span class="icon success"></span><b class="testname message success">testResetPasswordBadMessageNoTenante</b>
</p>
<p class="summary">Executed in 0.056 seconds.</p>
</div>
<div class="grid_5 omega outputinfo"></div>
<div class="clear"></div>
</div>
<div class="testcase clearfix success grid_8 alpha omega" data-name="testResetPasswordBadMessageNoEmail">
<div class="grid_3 alpha">
<p>
<span class="icon success"></span><b class="testname message success">testResetPasswordBadMessageNoEmail</b>
</p>
<p class="summary">Executed in 0.048 seconds.</p>
</div>
<div class="grid_5 omega outputinfo"></div>
<div class="clear"></div>
</div>
<div class="testcase clearfix success grid_8 alpha omega" data-name="testResetPasswordTenantNotFound">
<div class="grid_3 alpha">
<p>
<span class="icon success"></span><b class="testname message success">testResetPasswordTenantNotFound</b>
</p>
<p class="summary">Executed in 0.265 seconds.</p>
</div>
<div class="grid_5 omega outputinfo"></div>
<div class="clear"></div>
</div>
<div class="testcase clearfix success grid_8 alpha omega" data-name="testResetPasswordTenantEmailNotFoundEnglish">
<div class="grid_3 alpha">
<p>
<span class="icon success"></span><b class="testname message success">testResetPasswordTenantEmailNotFoundEnglish</b>
</p>
<p class="summary">Executed in 0.056 seconds.</p>
</div>
<div class="grid_5 omega outputinfo"></div>
<div class="clear"></div>
</div>
<div class="testcase clearfix success grid_8 alpha omega" data-name="testResetPasswordTenantEmailNotFoundPortuguese">
<div class="grid_3 alpha">
<p>
<span class="icon success"></span><b class="testname message success">testResetPasswordTenantEmailNotFoundPortuguese</b>
</p>
<p class="summary">Executed in 0.058 seconds.</p>
</div>
<div class="grid_5 omega outputinfo"></div>
<div class="clear"></div>
</div>
<div class="clearfix output footer">
<div class="sysout">
<h2>Standard output</h2>
<pre class="stdout">--Output from testCreateUserBadMessage--
Switching to browser client [default]
Creating to new client [default] of type [class com.grailsrocks.functionaltest.client.BrowserClient]

== Making request POST http://localhost:8080/moovt/user/createUser parameters: ==
== Request headers: ============================================================
Accept-Encoding: gzip, deflate
Content-Type: application/json
Accept: */*
== Content =====================================================================

================================================================================
2013-09-17 23:23:08,070 [http-bio-8080-exec-19] INFO  common.UserController  - createUser params are: [action:createUser, controller:user] and model is : 

Interceptor createPage: TopLevelWindow[name=""]
Content of web window [TopLevelWindow[name=""]] changed
== Response was 200 (OK) headers: ==============================================
================================================================================
== Content =====================================================================
{"result":{"type":"SYSTEM","code":"ERROR","message":"A JSONObject text must begin with '{' at character 0 of "}}
================================================================================
#
--Output from testCreateUserBadTenantEnglish--
Switching to browser client [default]
Creating to new client [default] of type [class com.grailsrocks.functionaltest.client.BrowserClient]

== Making request POST http://localhost:8080/moovt/user/createUser parameters: ==
== Request headers: ============================================================
Accept-Language: en-US
Accept-Encoding: gzip, deflate
Content-Type: application/json
Accept: */*
== Content =====================================================================

				{"tenantname": "TheBadTenant", "email":"movieGoer@test.com","username": "moovieGoer", "password":"moovieGoer", "firstName":"TestFirstName", lastName: "TestLastName","phone":"800-800-8080"}
				
================================================================================
2013-09-17 23:23:08,246 [http-bio-8080-exec-1] INFO  common.UserController  - createUser params are: [action:createUser, controller:user] and model is : 
				{"tenantname": "TheBadTenant", "email":"movieGoer@test.com","username": "moovieGoer", "password":"moovieGoer", "firstName":"TestFirstName", lastName: "TestLastName","phone":"800-800-8080"}
				

Interceptor createPage: TopLevelWindow[name=""]
Content of web window [TopLevelWindow[name=""]] changed
== Response was 200 (OK) headers: ==============================================
================================================================================
== Content =====================================================================
{"result":{"type":"SYSTEM","code":"ERROR","message":"This tenant does not exist (TheBadTenant)"}}
================================================================================
#
--Output from testCreateUserSuccessEnglish--
Switching to browser client [default]
Creating to new client [default] of type [class com.grailsrocks.functionaltest.client.BrowserClient]

== Making request POST http://localhost:8080/moovt/user/createUser parameters: ==
== Request headers: ============================================================
Accept-Language: en-US
Accept-Encoding: gzip, deflate
Content-Type: application/json
Accept: */*
== Content =====================================================================

				{"tenantname": "Moovt", "email":"movieGoer@test.com", "username": "moovieGoer", "password":"moovieGoer", "firstName":"TestFirstName", lastName: "TestLastName","phone":"800-800-8080", "locale": "en_US"}
				
================================================================================
2013-09-17 23:23:08,363 [http-bio-8080-exec-14] INFO  common.UserController  - createUser params are: [action:createUser, controller:user] and model is : 
				{"tenantname": "Moovt", "email":"movieGoer@test.com", "username": "moovieGoer", "password":"moovieGoer", "firstName":"TestFirstName", lastName: "TestLastName","phone":"800-800-8080", "locale": "en_US"}
				

2013-09-17 23:23:08,367 [http-bio-8080-exec-14] INFO  common.UserController  - Creating a new user and/or driver and/or passenger

Interceptor createPage: TopLevelWindow[name=""]
Content of web window [TopLevelWindow[name=""]] changed
== Response was 200 (OK) headers: ==============================================
================================================================================
== Content =====================================================================
{"result":{"type":"USER","code":"SUCCESS","message":"User moovieGoer created"}, "additionalInfo":{"JSESSIONID":"24229EC4814EBE72A1D489E815F6D37B"}}
================================================================================
#
--Output from testCreateUserSuccessPortuquese--
Switching to browser client [default]
Creating to new client [default] of type [class com.grailsrocks.functionaltest.client.BrowserClient]

== Making request POST http://localhost:8080/moovt/user/createUser parameters: ==
== Request headers: ============================================================
Accept-Language: pt-BR
Accept-Encoding: gzip, deflate
Content-Type: application/json
Accept: */*
== Content =====================================================================

				{"tenantname": "Moovt", "email":"movieLover@test.com", "username": "moovieLover", "password":"moovieLover", "firstName":"TestFirstName", lastName: "TestLastName","phone":"800-800-8080", "locale": "pt_BR"}
				
================================================================================
2013-09-17 23:23:09,088 [http-bio-8080-exec-20] INFO  common.UserController  - createUser params are: [action:createUser, controller:user] and model is : 
				{"tenantname": "Moovt", "email":"movieLover@test.com", "username": "moovieLover", "password":"moovieLover", "firstName":"TestFirstName", lastName: "TestLastName","phone":"800-800-8080", "locale": "pt_BR"}
				

2013-09-17 23:23:09,093 [http-bio-8080-exec-20] INFO  common.UserController  - Creating a new user and/or driver and/or passenger

Interceptor createPage: TopLevelWindow[name=""]
Content of web window [TopLevelWindow[name=""]] changed
== Response was 200 (OK) headers: ==============================================
================================================================================
== Content =====================================================================
{"result":{"type":"USER","code":"SUCCESS","message":"Usu&aacute;rio moovieLover criado"}, "additionalInfo":{"JSESSIONID":"DCA8B9503C92B681DBF19B08ECDBDADC"}}
================================================================================
#
--Output from testCreateUserNoUserNameEnglish--
Switching to browser client [default]
Creating to new client [default] of type [class com.grailsrocks.functionaltest.client.BrowserClient]

== Making request POST http://localhost:8080/moovt/user/createUser parameters: ==
== Request headers: ============================================================
Accept-Language: en-US
Accept-Encoding: gzip, deflate
Content-Type: application/json
Accept: */*
== Content =====================================================================

				{"tenantname": "Moovt", "email":"noUserName@test.com", "username": "", "password":"moovieGoer", "firstName":"TestFirstName", lastName: "TestLastName","phone":"800-800-8080", "locale": "en_US"}
				
================================================================================
2013-09-17 23:23:14,167 [http-bio-8080-exec-23] INFO  common.UserController  - createUser params are: [action:createUser, controller:user] and model is : 
				{"tenantname": "Moovt", "email":"noUserName@test.com", "username": "", "password":"moovieGoer", "firstName":"TestFirstName", lastName: "TestLastName","phone":"800-800-8080", "locale": "en_US"}
				

2013-09-17 23:23:14,171 [http-bio-8080-exec-23] INFO  common.UserController  - Creating a new user and/or driver and/or passenger

Interceptor createPage: TopLevelWindow[name=""]
Content of web window [TopLevelWindow[name=""]] changed
== Response was 200 (OK) headers: ==============================================
================================================================================
== Content =====================================================================
{"result":{"type":"USER","code":"ERROR","message":"Property [username] of class [class com.moovt.audit.User] cannot be blank"}}
================================================================================
#
Failed: Expected content to loosely contain [The user name must be provided] but it didn't
junit.framework.AssertionFailedError: Expected content to loosely contain [The user name must be provided] but it didn't
	at junit.framework.Assert.fail(Assert.java:50)
	at junit.framework.Assert.assertTrue(Assert.java:20)
	at com.grailsrocks.functionaltest.TestCaseBase.assertContentContains(TestCaseBase.groovy:298)
	at com.grailsrocks.functionaltest.TestCaseBase.invokeMethod(TestCaseBase.groovy:179)
	at com.moovt.UserFunctionalTests.testCreateUserNoUserNameEnglish(UserFunctionalTests.groovy:110)
	at org.junit.runners.model.FrameworkMethod$1.runReflectiveCall(FrameworkMethod.java:45)
	at org.junit.internal.runners.model.ReflectiveCallable.run(ReflectiveCallable.java:15)
	at org.junit.runners.model.FrameworkMethod.invokeExplosively(FrameworkMethod.java:42)
	at org.junit.internal.runners.statements.InvokeMethod.evaluate(InvokeMethod.java:20)
	at org.junit.internal.runners.statements.RunBefores.evaluate(RunBefores.java:28)
	at org.junit.internal.runners.statements.RunAfters.evaluate(RunAfters.java:30)
	at org.junit.runners.ParentRunner.runLeaf(ParentRunner.java:263)
	at org.junit.runners.BlockJUnit4ClassRunner.runChild(BlockJUnit4ClassRunner.java:68)
	at org.junit.runners.BlockJUnit4ClassRunner.runChild(BlockJUnit4ClassRunner.java:47)
	at org.junit.runners.ParentRunner$3.run(ParentRunner.java:231)
	at org.junit.runners.ParentRunner$1.schedule(ParentRunner.java:60)
	at org.junit.runners.ParentRunner.runChildren(ParentRunner.java:229)
	at org.junit.runners.ParentRunner.access$000(ParentRunner.java:50)
	at org.junit.runners.ParentRunner$2.evaluate(ParentRunner.java:222)
	at org.junit.runners.ParentRunner.run(ParentRunner.java:300)
	at org.junit.runners.Suite.runChild(Suite.java:128)
	at org.junit.runners.Suite.runChild(Suite.java:24)
	at org.junit.runners.ParentRunner$3.run(ParentRunner.java:231)
	at org.junit.runners.ParentRunner$1.schedule(ParentRunner.java:60)
	at org.junit.runners.ParentRunner.runChildren(ParentRunner.java:229)
	at org.junit.runners.ParentRunner.access$000(ParentRunner.java:50)
	at org.junit.runners.ParentRunner$2.evaluate(ParentRunner.java:222)
	at org.junit.runners.ParentRunner.run(ParentRunner.java:300)
	at org.junit.runners.ParentRunner$run.call(Unknown Source)
	at _GrailsTest_groovy$_run_closure4.doCall(_GrailsTest_groovy:290)
	at _GrailsTest_groovy$_run_closure2.doCall(_GrailsTest_groovy:248)
	at _GrailsTest_groovy$_run_closure1_closure21.doCall(_GrailsTest_groovy:195)
	at _GrailsTest_groovy$_run_closure1.doCall(_GrailsTest_groovy:184)
	at org.codehaus.gant.GantMetaClass.invokeMethod(GantMetaClass.java:133)
	at org.codehaus.gant.GantBinding$_initializeGantBinding_closure5_closure16_closure18.doCall(GantBinding.groovy:185)
	at org.codehaus.gant.GantBinding$_initializeGantBinding_closure5_closure16_closure18.doCall(GantBinding.groovy)
	at org.codehaus.gant.GantBinding.withTargetEvent(GantBinding.groovy:90)
	at org.codehaus.gant.GantBinding.this$4$withTargetEvent(GantBinding.groovy)
	at org.codehaus.gant.GantBinding$_initializeGantBinding_closure5_closure16.doCall(GantBinding.groovy:185)
	at org.codehaus.gant.GantBinding$_initializeGantBinding_closure5_closure16.doCall(GantBinding.groovy)
	at org.codehaus.gant.GantMetaClass.invokeMethod(GantMetaClass.java:133)
	at TestApp$_run_closure1.doCall(TestApp.groovy:82)
	at org.codehaus.gant.GantMetaClass.invokeMethod(GantMetaClass.java:133)
	at org.codehaus.gant.GantBinding$_initializeGantBinding_closure5_closure16_closure18.doCall(GantBinding.groovy:185)
	at org.codehaus.gant.GantBinding$_initializeGantBinding_closure5_closure16_closure18.doCall(GantBinding.groovy)
	at org.codehaus.gant.GantBinding.withTargetEvent(GantBinding.groovy:90)
	at org.codehaus.gant.GantBinding.this$4$withTargetEvent(GantBinding.groovy)
	at org.codehaus.gant.GantBinding$_initializeGantBinding_closure5_closure16.doCall(GantBinding.groovy:185)
	at org.codehaus.gant.GantBinding$_initializeGantBinding_closure5_closure16.doCall(GantBinding.groovy)
URL: http://localhost:8080/moovt/user/createUser


--Output from testCreateUserNoUserNamePortuguese--
Switching to browser client [default]
Creating to new client [default] of type [class com.grailsrocks.functionaltest.client.BrowserClient]

== Making request POST http://localhost:8080/moovt/user/createUser parameters: ==
== Request headers: ============================================================
Accept-Language: pt-BR
Accept-Encoding: gzip, deflate
Content-Type: application/json
Accept: */*
== Content =====================================================================

				{"tenantname": "Moovt", "email":"noUserName@test.com", "username": "", "password":"moovieGoer", "firstName":"TestFirstName", lastName: "TestLastName","phone":"800-800-8080", "locale": "pt_BR"}
				
================================================================================
2013-09-17 23:23:14,244 [http-bio-8080-exec-26] INFO  common.UserController  - createUser params are: [action:createUser, controller:user] and model is : 
				{"tenantname": "Moovt", "email":"noUserName@test.com", "username": "", "password":"moovieGoer", "firstName":"TestFirstName", lastName: "TestLastName","phone":"800-800-8080", "locale": "pt_BR"}
				

2013-09-17 23:23:14,248 [http-bio-8080-exec-26] INFO  common.UserController  - Creating a new user and/or driver and/or passenger

Interceptor createPage: TopLevelWindow[name=""]
Content of web window [TopLevelWindow[name=""]] changed
== Response was 200 (OK) headers: ==============================================
================================================================================
== Content =====================================================================
{"result":{"type":"USER","code":"ERROR","message":"O campo [username] da classe [class com.moovt.audit.User] n&atilde;o pode ficar em branco"}}
================================================================================
#
Failed: Expected content to loosely contain [O nome do usu&aacute;rio deve ser preenchido] but it didn't
junit.framework.AssertionFailedError: Expected content to loosely contain [O nome do usu&aacute;rio deve ser preenchido] but it didn't
	at junit.framework.Assert.fail(Assert.java:50)
	at junit.framework.Assert.assertTrue(Assert.java:20)
	at com.grailsrocks.functionaltest.TestCaseBase.assertContentContains(TestCaseBase.groovy:298)
	at com.grailsrocks.functionaltest.TestCaseBase.invokeMethod(TestCaseBase.groovy:179)
	at com.moovt.UserFunctionalTests.testCreateUserNoUserNamePortuguese(UserFunctionalTests.groovy:126)
	at org.junit.runners.model.FrameworkMethod$1.runReflectiveCall(FrameworkMethod.java:45)
	at org.junit.internal.runners.model.ReflectiveCallable.run(ReflectiveCallable.java:15)
	at org.junit.runners.model.FrameworkMethod.invokeExplosively(FrameworkMethod.java:42)
	at org.junit.internal.runners.statements.InvokeMethod.evaluate(InvokeMethod.java:20)
	at org.junit.internal.runners.statements.RunBefores.evaluate(RunBefores.java:28)
	at org.junit.internal.runners.statements.RunAfters.evaluate(RunAfters.java:30)
	at org.junit.runners.ParentRunner.runLeaf(ParentRunner.java:263)
	at org.junit.runners.BlockJUnit4ClassRunner.runChild(BlockJUnit4ClassRunner.java:68)
	at org.junit.runners.BlockJUnit4ClassRunner.runChild(BlockJUnit4ClassRunner.java:47)
	at org.junit.runners.ParentRunner$3.run(ParentRunner.java:231)
	at org.junit.runners.ParentRunner$1.schedule(ParentRunner.java:60)
	at org.junit.runners.ParentRunner.runChildren(ParentRunner.java:229)
	at org.junit.runners.ParentRunner.access$000(ParentRunner.java:50)
	at org.junit.runners.ParentRunner$2.evaluate(ParentRunner.java:222)
	at org.junit.runners.ParentRunner.run(ParentRunner.java:300)
	at org.junit.runners.Suite.runChild(Suite.java:128)
	at org.junit.runners.Suite.runChild(Suite.java:24)
	at org.junit.runners.ParentRunner$3.run(ParentRunner.java:231)
	at org.junit.runners.ParentRunner$1.schedule(ParentRunner.java:60)
	at org.junit.runners.ParentRunner.runChildren(ParentRunner.java:229)
	at org.junit.runners.ParentRunner.access$000(ParentRunner.java:50)
	at org.junit.runners.ParentRunner$2.evaluate(ParentRunner.java:222)
	at org.junit.runners.ParentRunner.run(ParentRunner.java:300)
	at org.junit.runners.ParentRunner$run.call(Unknown Source)
	at _GrailsTest_groovy$_run_closure4.doCall(_GrailsTest_groovy:290)
	at _GrailsTest_groovy$_run_closure2.doCall(_GrailsTest_groovy:248)
	at _GrailsTest_groovy$_run_closure1_closure21.doCall(_GrailsTest_groovy:195)
	at _GrailsTest_groovy$_run_closure1.doCall(_GrailsTest_groovy:184)
	at org.codehaus.gant.GantMetaClass.invokeMethod(GantMetaClass.java:133)
	at org.codehaus.gant.GantBinding$_initializeGantBinding_closure5_closure16_closure18.doCall(GantBinding.groovy:185)
	at org.codehaus.gant.GantBinding$_initializeGantBinding_closure5_closure16_closure18.doCall(GantBinding.groovy)
	at org.codehaus.gant.GantBinding.withTargetEvent(GantBinding.groovy:90)
	at org.codehaus.gant.GantBinding.this$4$withTargetEvent(GantBinding.groovy)
	at org.codehaus.gant.GantBinding$_initializeGantBinding_closure5_closure16.doCall(GantBinding.groovy:185)
	at org.codehaus.gant.GantBinding$_initializeGantBinding_closure5_closure16.doCall(GantBinding.groovy)
	at org.codehaus.gant.GantMetaClass.invokeMethod(GantMetaClass.java:133)
	at TestApp$_run_closure1.doCall(TestApp.groovy:82)
	at org.codehaus.gant.GantMetaClass.invokeMethod(GantMetaClass.java:133)
	at org.codehaus.gant.GantBinding$_initializeGantBinding_closure5_closure16_closure18.doCall(GantBinding.groovy:185)
	at org.codehaus.gant.GantBinding$_initializeGantBinding_closure5_closure16_closure18.doCall(GantBinding.groovy)
	at org.codehaus.gant.GantBinding.withTargetEvent(GantBinding.groovy:90)
	at org.codehaus.gant.GantBinding.this$4$withTargetEvent(GantBinding.groovy)
	at org.codehaus.gant.GantBinding$_initializeGantBinding_closure5_closure16.doCall(GantBinding.groovy:185)
	at org.codehaus.gant.GantBinding$_initializeGantBinding_closure5_closure16.doCall(GantBinding.groovy)
URL: http://localhost:8080/moovt/user/createUser


--Output from testCreateUserNoPasswordEnglish--
Switching to browser client [default]
Creating to new client [default] of type [class com.grailsrocks.functionaltest.client.BrowserClient]

== Making request POST http://localhost:8080/moovt/user/createUser parameters: ==
== Request headers: ============================================================
Accept-Language: en-US
Accept-Encoding: gzip, deflate
Content-Type: application/json
Accept: */*
== Content =====================================================================

				{"tenantname": "Moovt", "email":"noPasswordUser@test.com", "username": "movieFan", "password":"", "firstName":"TestFirstName", lastName: "TestLastName","phone":"800-800-8080", "locale": "en_US"}
				
================================================================================
2013-09-17 23:23:14,419 [http-bio-8080-exec-25] INFO  common.UserController  - createUser params are: [action:createUser, controller:user] and model is : 
				{"tenantname": "Moovt", "email":"noPasswordUser@test.com", "username": "movieFan", "password":"", "firstName":"TestFirstName", lastName: "TestLastName","phone":"800-800-8080", "locale": "en_US"}
				

2013-09-17 23:23:14,423 [http-bio-8080-exec-25] INFO  common.UserController  - Creating a new user and/or driver and/or passenger

Interceptor createPage: TopLevelWindow[name=""]
Content of web window [TopLevelWindow[name=""]] changed
== Response was 200 (OK) headers: ==============================================
================================================================================
== Content =====================================================================
{"result":{"type":"USER","code":"ERROR","message":"Property [password] of class [class com.moovt.audit.User] cannot be blank"}}
================================================================================
#
Failed: Expected content to loosely contain [The password must be provided] but it didn't
junit.framework.AssertionFailedError: Expected content to loosely contain [The password must be provided] but it didn't
	at junit.framework.Assert.fail(Assert.java:50)
	at junit.framework.Assert.assertTrue(Assert.java:20)
	at com.grailsrocks.functionaltest.TestCaseBase.assertContentContains(TestCaseBase.groovy:298)
	at com.grailsrocks.functionaltest.TestCaseBase.invokeMethod(TestCaseBase.groovy:179)
	at com.moovt.UserFunctionalTests.testCreateUserNoPasswordEnglish(UserFunctionalTests.groovy:142)
	at org.junit.runners.model.FrameworkMethod$1.runReflectiveCall(FrameworkMethod.java:45)
	at org.junit.internal.runners.model.ReflectiveCallable.run(ReflectiveCallable.java:15)
	at org.junit.runners.model.FrameworkMethod.invokeExplosively(FrameworkMethod.java:42)
	at org.junit.internal.runners.statements.InvokeMethod.evaluate(InvokeMethod.java:20)
	at org.junit.internal.runners.statements.RunBefores.evaluate(RunBefores.java:28)
	at org.junit.internal.runners.statements.RunAfters.evaluate(RunAfters.java:30)
	at org.junit.runners.ParentRunner.runLeaf(ParentRunner.java:263)
	at org.junit.runners.BlockJUnit4ClassRunner.runChild(BlockJUnit4ClassRunner.java:68)
	at org.junit.runners.BlockJUnit4ClassRunner.runChild(BlockJUnit4ClassRunner.java:47)
	at org.junit.runners.ParentRunner$3.run(ParentRunner.java:231)
	at org.junit.runners.ParentRunner$1.schedule(ParentRunner.java:60)
	at org.junit.runners.ParentRunner.runChildren(ParentRunner.java:229)
	at org.junit.runners.ParentRunner.access$000(ParentRunner.java:50)
	at org.junit.runners.ParentRunner$2.evaluate(ParentRunner.java:222)
	at org.junit.runners.ParentRunner.run(ParentRunner.java:300)
	at org.junit.runners.Suite.runChild(Suite.java:128)
	at org.junit.runners.Suite.runChild(Suite.java:24)
	at org.junit.runners.ParentRunner$3.run(ParentRunner.java:231)
	at org.junit.runners.ParentRunner$1.schedule(ParentRunner.java:60)
	at org.junit.runners.ParentRunner.runChildren(ParentRunner.java:229)
	at org.junit.runners.ParentRunner.access$000(ParentRunner.java:50)
	at org.junit.runners.ParentRunner$2.evaluate(ParentRunner.java:222)
	at org.junit.runners.ParentRunner.run(ParentRunner.java:300)
	at org.junit.runners.ParentRunner$run.call(Unknown Source)
	at _GrailsTest_groovy$_run_closure4.doCall(_GrailsTest_groovy:290)
	at _GrailsTest_groovy$_run_closure2.doCall(_GrailsTest_groovy:248)
	at _GrailsTest_groovy$_run_closure1_closure21.doCall(_GrailsTest_groovy:195)
	at _GrailsTest_groovy$_run_closure1.doCall(_GrailsTest_groovy:184)
	at org.codehaus.gant.GantMetaClass.invokeMethod(GantMetaClass.java:133)
	at org.codehaus.gant.GantBinding$_initializeGantBinding_closure5_closure16_closure18.doCall(GantBinding.groovy:185)
	at org.codehaus.gant.GantBinding$_initializeGantBinding_closure5_closure16_closure18.doCall(GantBinding.groovy)
	at org.codehaus.gant.GantBinding.withTargetEvent(GantBinding.groovy:90)
	at org.codehaus.gant.GantBinding.this$4$withTargetEvent(GantBinding.groovy)
	at org.codehaus.gant.GantBinding$_initializeGantBinding_closure5_closure16.doCall(GantBinding.groovy:185)
	at org.codehaus.gant.GantBinding$_initializeGantBinding_closure5_closure16.doCall(GantBinding.groovy)
	at org.codehaus.gant.GantMetaClass.invokeMethod(GantMetaClass.java:133)
	at TestApp$_run_closure1.doCall(TestApp.groovy:82)
	at org.codehaus.gant.GantMetaClass.invokeMethod(GantMetaClass.java:133)
	at org.codehaus.gant.GantBinding$_initializeGantBinding_closure5_closure16_closure18.doCall(GantBinding.groovy:185)
	at org.codehaus.gant.GantBinding$_initializeGantBinding_closure5_closure16_closure18.doCall(GantBinding.groovy)
	at org.codehaus.gant.GantBinding.withTargetEvent(GantBinding.groovy:90)
	at org.codehaus.gant.GantBinding.this$4$withTargetEvent(GantBinding.groovy)
	at org.codehaus.gant.GantBinding$_initializeGantBinding_closure5_closure16.doCall(GantBinding.groovy:185)
	at org.codehaus.gant.GantBinding$_initializeGantBinding_closure5_closure16.doCall(GantBinding.groovy)
URL: http://localhost:8080/moovt/user/createUser


--Output from testCreateUserNoPasswordPortuguese--
Switching to browser client [default]
Creating to new client [default] of type [class com.grailsrocks.functionaltest.client.BrowserClient]

== Making request POST http://localhost:8080/moovt/user/createUser parameters: ==
== Request headers: ============================================================
Accept-Language: pt-BR
Accept-Encoding: gzip, deflate
Content-Type: application/json
Accept: */*
== Content =====================================================================

				{"tenantname": "Moovt", "email":"noPasswordUser@test.com", "username": "movieFan", "password":"", "firstName":"TestFirstName", lastName: "TestLastName","phone":"800-800-8080", "locale": "pt_BR"}
				
================================================================================
2013-09-17 23:23:14,510 [http-bio-8080-exec-27] INFO  common.UserController  - createUser params are: [action:createUser, controller:user] and model is : 
				{"tenantname": "Moovt", "email":"noPasswordUser@test.com", "username": "movieFan", "password":"", "firstName":"TestFirstName", lastName: "TestLastName","phone":"800-800-8080", "locale": "pt_BR"}
				

2013-09-17 23:23:14,513 [http-bio-8080-exec-27] INFO  common.UserController  - Creating a new user and/or driver and/or passenger

Interceptor createPage: TopLevelWindow[name=""]
Content of web window [TopLevelWindow[name=""]] changed
== Response was 200 (OK) headers: ==============================================
================================================================================
== Content =====================================================================
{"result":{"type":"USER","code":"ERROR","message":"O campo [password] da classe [class com.moovt.audit.User] n&atilde;o pode ficar em branco"}}
================================================================================
#
Failed: Expected content to loosely contain [A senha deve ser preenchida.] but it didn't
junit.framework.AssertionFailedError: Expected content to loosely contain [A senha deve ser preenchida.] but it didn't
	at junit.framework.Assert.fail(Assert.java:50)
	at junit.framework.Assert.assertTrue(Assert.java:20)
	at com.grailsrocks.functionaltest.TestCaseBase.assertContentContains(TestCaseBase.groovy:298)
	at com.grailsrocks.functionaltest.TestCaseBase.invokeMethod(TestCaseBase.groovy:179)
	at com.moovt.UserFunctionalTests.testCreateUserNoPasswordPortuguese(UserFunctionalTests.groovy:158)
	at org.junit.runners.model.FrameworkMethod$1.runReflectiveCall(FrameworkMethod.java:45)
	at org.junit.internal.runners.model.ReflectiveCallable.run(ReflectiveCallable.java:15)
	at org.junit.runners.model.FrameworkMethod.invokeExplosively(FrameworkMethod.java:42)
	at org.junit.internal.runners.statements.InvokeMethod.evaluate(InvokeMethod.java:20)
	at org.junit.internal.runners.statements.RunBefores.evaluate(RunBefores.java:28)
	at org.junit.internal.runners.statements.RunAfters.evaluate(RunAfters.java:30)
	at org.junit.runners.ParentRunner.runLeaf(ParentRunner.java:263)
	at org.junit.runners.BlockJUnit4ClassRunner.runChild(BlockJUnit4ClassRunner.java:68)
	at org.junit.runners.BlockJUnit4ClassRunner.runChild(BlockJUnit4ClassRunner.java:47)
	at org.junit.runners.ParentRunner$3.run(ParentRunner.java:231)
	at org.junit.runners.ParentRunner$1.schedule(ParentRunner.java:60)
	at org.junit.runners.ParentRunner.runChildren(ParentRunner.java:229)
	at org.junit.runners.ParentRunner.access$000(ParentRunner.java:50)
	at org.junit.runners.ParentRunner$2.evaluate(ParentRunner.java:222)
	at org.junit.runners.ParentRunner.run(ParentRunner.java:300)
	at org.junit.runners.Suite.runChild(Suite.java:128)
	at org.junit.runners.Suite.runChild(Suite.java:24)
	at org.junit.runners.ParentRunner$3.run(ParentRunner.java:231)
	at org.junit.runners.ParentRunner$1.schedule(ParentRunner.java:60)
	at org.junit.runners.ParentRunner.runChildren(ParentRunner.java:229)
	at org.junit.runners.ParentRunner.access$000(ParentRunner.java:50)
	at org.junit.runners.ParentRunner$2.evaluate(ParentRunner.java:222)
	at org.junit.runners.ParentRunner.run(ParentRunner.java:300)
	at org.junit.runners.ParentRunner$run.call(Unknown Source)
	at _GrailsTest_groovy$_run_closure4.doCall(_GrailsTest_groovy:290)
	at _GrailsTest_groovy$_run_closure2.doCall(_GrailsTest_groovy:248)
	at _GrailsTest_groovy$_run_closure1_closure21.doCall(_GrailsTest_groovy:195)
	at _GrailsTest_groovy$_run_closure1.doCall(_GrailsTest_groovy:184)
	at org.codehaus.gant.GantMetaClass.invokeMethod(GantMetaClass.java:133)
	at org.codehaus.gant.GantBinding$_initializeGantBinding_closure5_closure16_closure18.doCall(GantBinding.groovy:185)
	at org.codehaus.gant.GantBinding$_initializeGantBinding_closure5_closure16_closure18.doCall(GantBinding.groovy)
	at org.codehaus.gant.GantBinding.withTargetEvent(GantBinding.groovy:90)
	at org.codehaus.gant.GantBinding.this$4$withTargetEvent(GantBinding.groovy)
	at org.codehaus.gant.GantBinding$_initializeGantBinding_closure5_closure16.doCall(GantBinding.groovy:185)
	at org.codehaus.gant.GantBinding$_initializeGantBinding_closure5_closure16.doCall(GantBinding.groovy)
	at org.codehaus.gant.GantMetaClass.invokeMethod(GantMetaClass.java:133)
	at TestApp$_run_closure1.doCall(TestApp.groovy:82)
	at org.codehaus.gant.GantMetaClass.invokeMethod(GantMetaClass.java:133)
	at org.codehaus.gant.GantBinding$_initializeGantBinding_closure5_closure16_closure18.doCall(GantBinding.groovy:185)
	at org.codehaus.gant.GantBinding$_initializeGantBinding_closure5_closure16_closure18.doCall(GantBinding.groovy)
	at org.codehaus.gant.GantBinding.withTargetEvent(GantBinding.groovy:90)
	at org.codehaus.gant.GantBinding.this$4$withTargetEvent(GantBinding.groovy)
	at org.codehaus.gant.GantBinding$_initializeGantBinding_closure5_closure16.doCall(GantBinding.groovy:185)
	at org.codehaus.gant.GantBinding$_initializeGantBinding_closure5_closure16.doCall(GantBinding.groovy)
URL: http://localhost:8080/moovt/user/createUser


--Output from testCreateUserNoEmailEnglish--
Switching to browser client [default]
Creating to new client [default] of type [class com.grailsrocks.functionaltest.client.BrowserClient]

== Making request POST http://localhost:8080/moovt/user/createUser parameters: ==
== Request headers: ============================================================
Accept-Language: en-US
Accept-Encoding: gzip, deflate
Content-Type: application/json
Accept: */*
== Content =====================================================================

				{"tenantname": "Moovt","email":"", "username": "movieFan", "password":"Welcome!1", "firstName":"TestFirstName", lastName: "TestLastName","phone":"800-800-8080", "locale": "en_US"}
				
================================================================================
2013-09-17 23:23:14,693 [http-bio-8080-exec-12] INFO  common.UserController  - createUser params are: [action:createUser, controller:user] and model is : 
				{"tenantname": "Moovt","email":"", "username": "movieFan", "password":"Welcome!1", "firstName":"TestFirstName", lastName: "TestLastName","phone":"800-800-8080", "locale": "en_US"}
				

2013-09-17 23:23:14,697 [http-bio-8080-exec-12] INFO  common.UserController  - Creating a new user and/or driver and/or passenger

Interceptor createPage: TopLevelWindow[name=""]
Content of web window [TopLevelWindow[name=""]] changed
== Response was 200 (OK) headers: ==============================================
================================================================================
== Content =====================================================================
{"result":{"type":"USER","code":"ERROR","message":"Property [email] of class [class com.moovt.audit.User] cannot be blank"}}
================================================================================
#
Failed: Expected content to loosely contain [The email must be provided] but it didn't
junit.framework.AssertionFailedError: Expected content to loosely contain [The email must be provided] but it didn't
	at junit.framework.Assert.fail(Assert.java:50)
	at junit.framework.Assert.assertTrue(Assert.java:20)
	at com.grailsrocks.functionaltest.TestCaseBase.assertContentContains(TestCaseBase.groovy:298)
	at com.grailsrocks.functionaltest.TestCaseBase.invokeMethod(TestCaseBase.groovy:179)
	at com.moovt.UserFunctionalTests.testCreateUserNoEmailEnglish(UserFunctionalTests.groovy:174)
	at org.junit.runners.model.FrameworkMethod$1.runReflectiveCall(FrameworkMethod.java:45)
	at org.junit.internal.runners.model.ReflectiveCallable.run(ReflectiveCallable.java:15)
	at org.junit.runners.model.FrameworkMethod.invokeExplosively(FrameworkMethod.java:42)
	at org.junit.internal.runners.statements.InvokeMethod.evaluate(InvokeMethod.java:20)
	at org.junit.internal.runners.statements.RunBefores.evaluate(RunBefores.java:28)
	at org.junit.internal.runners.statements.RunAfters.evaluate(RunAfters.java:30)
	at org.junit.runners.ParentRunner.runLeaf(ParentRunner.java:263)
	at org.junit.runners.BlockJUnit4ClassRunner.runChild(BlockJUnit4ClassRunner.java:68)
	at org.junit.runners.BlockJUnit4ClassRunner.runChild(BlockJUnit4ClassRunner.java:47)
	at org.junit.runners.ParentRunner$3.run(ParentRunner.java:231)
	at org.junit.runners.ParentRunner$1.schedule(ParentRunner.java:60)
	at org.junit.runners.ParentRunner.runChildren(ParentRunner.java:229)
	at org.junit.runners.ParentRunner.access$000(ParentRunner.java:50)
	at org.junit.runners.ParentRunner$2.evaluate(ParentRunner.java:222)
	at org.junit.runners.ParentRunner.run(ParentRunner.java:300)
	at org.junit.runners.Suite.runChild(Suite.java:128)
	at org.junit.runners.Suite.runChild(Suite.java:24)
	at org.junit.runners.ParentRunner$3.run(ParentRunner.java:231)
	at org.junit.runners.ParentRunner$1.schedule(ParentRunner.java:60)
	at org.junit.runners.ParentRunner.runChildren(ParentRunner.java:229)
	at org.junit.runners.ParentRunner.access$000(ParentRunner.java:50)
	at org.junit.runners.ParentRunner$2.evaluate(ParentRunner.java:222)
	at org.junit.runners.ParentRunner.run(ParentRunner.java:300)
	at org.junit.runners.ParentRunner$run.call(Unknown Source)
	at _GrailsTest_groovy$_run_closure4.doCall(_GrailsTest_groovy:290)
	at _GrailsTest_groovy$_run_closure2.doCall(_GrailsTest_groovy:248)
	at _GrailsTest_groovy$_run_closure1_closure21.doCall(_GrailsTest_groovy:195)
	at _GrailsTest_groovy$_run_closure1.doCall(_GrailsTest_groovy:184)
	at org.codehaus.gant.GantMetaClass.invokeMethod(GantMetaClass.java:133)
	at org.codehaus.gant.GantBinding$_initializeGantBinding_closure5_closure16_closure18.doCall(GantBinding.groovy:185)
	at org.codehaus.gant.GantBinding$_initializeGantBinding_closure5_closure16_closure18.doCall(GantBinding.groovy)
	at org.codehaus.gant.GantBinding.withTargetEvent(GantBinding.groovy:90)
	at org.codehaus.gant.GantBinding.this$4$withTargetEvent(GantBinding.groovy)
	at org.codehaus.gant.GantBinding$_initializeGantBinding_closure5_closure16.doCall(GantBinding.groovy:185)
	at org.codehaus.gant.GantBinding$_initializeGantBinding_closure5_closure16.doCall(GantBinding.groovy)
	at org.codehaus.gant.GantMetaClass.invokeMethod(GantMetaClass.java:133)
	at TestApp$_run_closure1.doCall(TestApp.groovy:82)
	at org.codehaus.gant.GantMetaClass.invokeMethod(GantMetaClass.java:133)
	at org.codehaus.gant.GantBinding$_initializeGantBinding_closure5_closure16_closure18.doCall(GantBinding.groovy:185)
	at org.codehaus.gant.GantBinding$_initializeGantBinding_closure5_closure16_closure18.doCall(GantBinding.groovy)
	at org.codehaus.gant.GantBinding.withTargetEvent(GantBinding.groovy:90)
	at org.codehaus.gant.GantBinding.this$4$withTargetEvent(GantBinding.groovy)
	at org.codehaus.gant.GantBinding$_initializeGantBinding_closure5_closure16.doCall(GantBinding.groovy:185)
	at org.codehaus.gant.GantBinding$_initializeGantBinding_closure5_closure16.doCall(GantBinding.groovy)
URL: http://localhost:8080/moovt/user/createUser


--Output from testCreateUserNoEmailPortuguese--
Switching to browser client [default]
Creating to new client [default] of type [class com.grailsrocks.functionaltest.client.BrowserClient]

== Making request POST http://localhost:8080/moovt/user/createUser parameters: ==
== Request headers: ============================================================
Accept-Language: pt-BR
Accept-Encoding: gzip, deflate
Content-Type: application/json
Accept: */*
== Content =====================================================================

				{"tenantname": "Moovt","email":"", "username": "movieFan", "password":"Welcome!1", "firstName":"TestFirstName", "lastName": "TestLastName","phone":"800-800-8080", "locale": "pt_BR"}
				
================================================================================
2013-09-17 23:23:14,785 [http-bio-8080-exec-3] INFO  common.UserController  - createUser params are: [action:createUser, controller:user] and model is : 
				{"tenantname": "Moovt","email":"", "username": "movieFan", "password":"Welcome!1", "firstName":"TestFirstName", "lastName": "TestLastName","phone":"800-800-8080", "locale": "pt_BR"}
				

2013-09-17 23:23:14,789 [http-bio-8080-exec-3] INFO  common.UserController  - Creating a new user and/or driver and/or passenger

Interceptor createPage: TopLevelWindow[name=""]
Content of web window [TopLevelWindow[name=""]] changed
== Response was 200 (OK) headers: ==============================================
================================================================================
== Content =====================================================================
{"result":{"type":"USER","code":"ERROR","message":"O campo [email] da classe [class com.moovt.audit.User] n&atilde;o pode ficar em branco"}}
================================================================================
#
Failed: Expected content to loosely contain [O email deve ser preenchido] but it didn't
junit.framework.AssertionFailedError: Expected content to loosely contain [O email deve ser preenchido] but it didn't
	at junit.framework.Assert.fail(Assert.java:50)
	at junit.framework.Assert.assertTrue(Assert.java:20)
	at com.grailsrocks.functionaltest.TestCaseBase.assertContentContains(TestCaseBase.groovy:298)
	at com.grailsrocks.functionaltest.TestCaseBase.invokeMethod(TestCaseBase.groovy:179)
	at com.moovt.UserFunctionalTests.testCreateUserNoEmailPortuguese(UserFunctionalTests.groovy:190)
	at org.junit.runners.model.FrameworkMethod$1.runReflectiveCall(FrameworkMethod.java:45)
	at org.junit.internal.runners.model.ReflectiveCallable.run(ReflectiveCallable.java:15)
	at org.junit.runners.model.FrameworkMethod.invokeExplosively(FrameworkMethod.java:42)
	at org.junit.internal.runners.statements.InvokeMethod.evaluate(InvokeMethod.java:20)
	at org.junit.internal.runners.statements.RunBefores.evaluate(RunBefores.java:28)
	at org.junit.internal.runners.statements.RunAfters.evaluate(RunAfters.java:30)
	at org.junit.runners.ParentRunner.runLeaf(ParentRunner.java:263)
	at org.junit.runners.BlockJUnit4ClassRunner.runChild(BlockJUnit4ClassRunner.java:68)
	at org.junit.runners.BlockJUnit4ClassRunner.runChild(BlockJUnit4ClassRunner.java:47)
	at org.junit.runners.ParentRunner$3.run(ParentRunner.java:231)
	at org.junit.runners.ParentRunner$1.schedule(ParentRunner.java:60)
	at org.junit.runners.ParentRunner.runChildren(ParentRunner.java:229)
	at org.junit.runners.ParentRunner.access$000(ParentRunner.java:50)
	at org.junit.runners.ParentRunner$2.evaluate(ParentRunner.java:222)
	at org.junit.runners.ParentRunner.run(ParentRunner.java:300)
	at org.junit.runners.Suite.runChild(Suite.java:128)
	at org.junit.runners.Suite.runChild(Suite.java:24)
	at org.junit.runners.ParentRunner$3.run(ParentRunner.java:231)
	at org.junit.runners.ParentRunner$1.schedule(ParentRunner.java:60)
	at org.junit.runners.ParentRunner.runChildren(ParentRunner.java:229)
	at org.junit.runners.ParentRunner.access$000(ParentRunner.java:50)
	at org.junit.runners.ParentRunner$2.evaluate(ParentRunner.java:222)
	at org.junit.runners.ParentRunner.run(ParentRunner.java:300)
	at org.junit.runners.ParentRunner$run.call(Unknown Source)
	at _GrailsTest_groovy$_run_closure4.doCall(_GrailsTest_groovy:290)
	at _GrailsTest_groovy$_run_closure2.doCall(_GrailsTest_groovy:248)
	at _GrailsTest_groovy$_run_closure1_closure21.doCall(_GrailsTest_groovy:195)
	at _GrailsTest_groovy$_run_closure1.doCall(_GrailsTest_groovy:184)
	at org.codehaus.gant.GantMetaClass.invokeMethod(GantMetaClass.java:133)
	at org.codehaus.gant.GantBinding$_initializeGantBinding_closure5_closure16_closure18.doCall(GantBinding.groovy:185)
	at org.codehaus.gant.GantBinding$_initializeGantBinding_closure5_closure16_closure18.doCall(GantBinding.groovy)
	at org.codehaus.gant.GantBinding.withTargetEvent(GantBinding.groovy:90)
	at org.codehaus.gant.GantBinding.this$4$withTargetEvent(GantBinding.groovy)
	at org.codehaus.gant.GantBinding$_initializeGantBinding_closure5_closure16.doCall(GantBinding.groovy:185)
	at org.codehaus.gant.GantBinding$_initializeGantBinding_closure5_closure16.doCall(GantBinding.groovy)
	at org.codehaus.gant.GantMetaClass.invokeMethod(GantMetaClass.java:133)
	at TestApp$_run_closure1.doCall(TestApp.groovy:82)
	at org.codehaus.gant.GantMetaClass.invokeMethod(GantMetaClass.java:133)
	at org.codehaus.gant.GantBinding$_initializeGantBinding_closure5_closure16_closure18.doCall(GantBinding.groovy:185)
	at org.codehaus.gant.GantBinding$_initializeGantBinding_closure5_closure16_closure18.doCall(GantBinding.groovy)
	at org.codehaus.gant.GantBinding.withTargetEvent(GantBinding.groovy:90)
	at org.codehaus.gant.GantBinding.this$4$withTargetEvent(GantBinding.groovy)
	at org.codehaus.gant.GantBinding$_initializeGantBinding_closure5_closure16.doCall(GantBinding.groovy:185)
	at org.codehaus.gant.GantBinding$_initializeGantBinding_closure5_closure16.doCall(GantBinding.groovy)
URL: http://localhost:8080/moovt/user/createUser


--Output from testCreateUserDuplicateUsernameEnglish--
Switching to browser client [default]
Creating to new client [default] of type [class com.grailsrocks.functionaltest.client.BrowserClient]

== Making request POST http://localhost:8080/moovt/user/createUser parameters: ==
== Request headers: ============================================================
Accept-Language: en-US
Accept-Encoding: gzip, deflate
Content-Type: application/json
Accept: */*
== Content =====================================================================

				{"tenantname": "Moovt", "email":"duplicateUser@test.com", "username": "duplicateUser", "password":"moovieGoer", "firstName":"TestFirstName", lastName: "TestLastName","phone":"800-800-8080", "locale": "en_US"}
				
================================================================================
2013-09-17 23:23:15,063 [http-bio-8080-exec-13] INFO  common.UserController  - createUser params are: [action:createUser, controller:user] and model is : 
				{"tenantname": "Moovt", "email":"duplicateUser@test.com", "username": "duplicateUser", "password":"moovieGoer", "firstName":"TestFirstName", lastName: "TestLastName","phone":"800-800-8080", "locale": "en_US"}
				

2013-09-17 23:23:15,067 [http-bio-8080-exec-13] INFO  common.UserController  - Creating a new user and/or driver and/or passenger

Interceptor createPage: TopLevelWindow[name=""]
Content of web window [TopLevelWindow[name=""]] changed
== Response was 200 (OK) headers: ==============================================
================================================================================
== Content =====================================================================
{"result":{"type":"USER","code":"ERROR","message":"Property [username] of class [class com.moovt.audit.User] with value [duplicateUser] must be unique"}}
================================================================================
#
Failed: Expected content to loosely contain [This user (duplicateUser) already exist] but it didn't
junit.framework.AssertionFailedError: Expected content to loosely contain [This user (duplicateUser) already exist] but it didn't
	at junit.framework.Assert.fail(Assert.java:50)
	at junit.framework.Assert.assertTrue(Assert.java:20)
	at com.grailsrocks.functionaltest.TestCaseBase.assertContentContains(TestCaseBase.groovy:298)
	at com.grailsrocks.functionaltest.TestCaseBase.invokeMethod(TestCaseBase.groovy:179)
	at com.moovt.UserFunctionalTests.testCreateUserDuplicateUsernameEnglish(UserFunctionalTests.groovy:206)
	at org.junit.runners.model.FrameworkMethod$1.runReflectiveCall(FrameworkMethod.java:45)
	at org.junit.internal.runners.model.ReflectiveCallable.run(ReflectiveCallable.java:15)
	at org.junit.runners.model.FrameworkMethod.invokeExplosively(FrameworkMethod.java:42)
	at org.junit.internal.runners.statements.InvokeMethod.evaluate(InvokeMethod.java:20)
	at org.junit.internal.runners.statements.RunBefores.evaluate(RunBefores.java:28)
	at org.junit.internal.runners.statements.RunAfters.evaluate(RunAfters.java:30)
	at org.junit.runners.ParentRunner.runLeaf(ParentRunner.java:263)
	at org.junit.runners.BlockJUnit4ClassRunner.runChild(BlockJUnit4ClassRunner.java:68)
	at org.junit.runners.BlockJUnit4ClassRunner.runChild(BlockJUnit4ClassRunner.java:47)
	at org.junit.runners.ParentRunner$3.run(ParentRunner.java:231)
	at org.junit.runners.ParentRunner$1.schedule(ParentRunner.java:60)
	at org.junit.runners.ParentRunner.runChildren(ParentRunner.java:229)
	at org.junit.runners.ParentRunner.access$000(ParentRunner.java:50)
	at org.junit.runners.ParentRunner$2.evaluate(ParentRunner.java:222)
	at org.junit.runners.ParentRunner.run(ParentRunner.java:300)
	at org.junit.runners.Suite.runChild(Suite.java:128)
	at org.junit.runners.Suite.runChild(Suite.java:24)
	at org.junit.runners.ParentRunner$3.run(ParentRunner.java:231)
	at org.junit.runners.ParentRunner$1.schedule(ParentRunner.java:60)
	at org.junit.runners.ParentRunner.runChildren(ParentRunner.java:229)
	at org.junit.runners.ParentRunner.access$000(ParentRunner.java:50)
	at org.junit.runners.ParentRunner$2.evaluate(ParentRunner.java:222)
	at org.junit.runners.ParentRunner.run(ParentRunner.java:300)
	at org.junit.runners.ParentRunner$run.call(Unknown Source)
	at _GrailsTest_groovy$_run_closure4.doCall(_GrailsTest_groovy:290)
	at _GrailsTest_groovy$_run_closure2.doCall(_GrailsTest_groovy:248)
	at _GrailsTest_groovy$_run_closure1_closure21.doCall(_GrailsTest_groovy:195)
	at _GrailsTest_groovy$_run_closure1.doCall(_GrailsTest_groovy:184)
	at org.codehaus.gant.GantMetaClass.invokeMethod(GantMetaClass.java:133)
	at org.codehaus.gant.GantBinding$_initializeGantBinding_closure5_closure16_closure18.doCall(GantBinding.groovy:185)
	at org.codehaus.gant.GantBinding$_initializeGantBinding_closure5_closure16_closure18.doCall(GantBinding.groovy)
	at org.codehaus.gant.GantBinding.withTargetEvent(GantBinding.groovy:90)
	at org.codehaus.gant.GantBinding.this$4$withTargetEvent(GantBinding.groovy)
	at org.codehaus.gant.GantBinding$_initializeGantBinding_closure5_closure16.doCall(GantBinding.groovy:185)
	at org.codehaus.gant.GantBinding$_initializeGantBinding_closure5_closure16.doCall(GantBinding.groovy)
	at org.codehaus.gant.GantMetaClass.invokeMethod(GantMetaClass.java:133)
	at TestApp$_run_closure1.doCall(TestApp.groovy:82)
	at org.codehaus.gant.GantMetaClass.invokeMethod(GantMetaClass.java:133)
	at org.codehaus.gant.GantBinding$_initializeGantBinding_closure5_closure16_closure18.doCall(GantBinding.groovy:185)
	at org.codehaus.gant.GantBinding$_initializeGantBinding_closure5_closure16_closure18.doCall(GantBinding.groovy)
	at org.codehaus.gant.GantBinding.withTargetEvent(GantBinding.groovy:90)
	at org.codehaus.gant.GantBinding.this$4$withTargetEvent(GantBinding.groovy)
	at org.codehaus.gant.GantBinding$_initializeGantBinding_closure5_closure16.doCall(GantBinding.groovy:185)
	at org.codehaus.gant.GantBinding$_initializeGantBinding_closure5_closure16.doCall(GantBinding.groovy)
URL: http://localhost:8080/moovt/user/createUser


--Output from testCreateUserDuplicateUsernamePortuguese--
Switching to browser client [default]
Creating to new client [default] of type [class com.grailsrocks.functionaltest.client.BrowserClient]

== Making request POST http://localhost:8080/moovt/user/createUser parameters: ==
== Request headers: ============================================================
Accept-Language: pt-BR
Accept-Encoding: gzip, deflate
Content-Type: application/json
Accept: */*
== Content =====================================================================

				{"tenantname": "Moovt", "email":"duplicateUser@test.com", "username": "duplicateUser", "password":"moovieLover", "firstName":"TestFirstName", lastName: "TestLastName","phone":"800-800-8080", "locale": "pt_BR"}				
				
================================================================================
2013-09-17 23:23:15,197 [http-bio-8080-exec-5] INFO  common.UserController  - createUser params are: [action:createUser, controller:user] and model is : 
				{"tenantname": "Moovt", "email":"duplicateUser@test.com", "username": "duplicateUser", "password":"moovieLover", "firstName":"TestFirstName", lastName: "TestLastName","phone":"800-800-8080", "locale": "pt_BR"}				
				

2013-09-17 23:23:15,201 [http-bio-8080-exec-5] INFO  common.UserController  - Creating a new user and/or driver and/or passenger

Interceptor createPage: TopLevelWindow[name=""]
Content of web window [TopLevelWindow[name=""]] changed
== Response was 200 (OK) headers: ==============================================
================================================================================
== Content =====================================================================
{"result":{"type":"USER","code":"ERROR","message":"O campo [username] da classe [class com.moovt.audit.User] com o valor [duplicateUser] deve ser &uacute;nico"}}
================================================================================
#
Failed: Expected content to loosely contain [Este usu&aacute;rio (duplicateUser) j&aacute; existe] but it didn't
junit.framework.AssertionFailedError: Expected content to loosely contain [Este usu&aacute;rio (duplicateUser) j&aacute; existe] but it didn't
	at junit.framework.Assert.fail(Assert.java:50)
	at junit.framework.Assert.assertTrue(Assert.java:20)
	at com.grailsrocks.functionaltest.TestCaseBase.assertContentContains(TestCaseBase.groovy:298)
	at com.grailsrocks.functionaltest.TestCaseBase.invokeMethod(TestCaseBase.groovy:179)
	at com.moovt.UserFunctionalTests.testCreateUserDuplicateUsernamePortuguese(UserFunctionalTests.groovy:222)
	at org.junit.runners.model.FrameworkMethod$1.runReflectiveCall(FrameworkMethod.java:45)
	at org.junit.internal.runners.model.ReflectiveCallable.run(ReflectiveCallable.java:15)
	at org.junit.runners.model.FrameworkMethod.invokeExplosively(FrameworkMethod.java:42)
	at org.junit.internal.runners.statements.InvokeMethod.evaluate(InvokeMethod.java:20)
	at org.junit.internal.runners.statements.RunBefores.evaluate(RunBefores.java:28)
	at org.junit.internal.runners.statements.RunAfters.evaluate(RunAfters.java:30)
	at org.junit.runners.ParentRunner.runLeaf(ParentRunner.java:263)
	at org.junit.runners.BlockJUnit4ClassRunner.runChild(BlockJUnit4ClassRunner.java:68)
	at org.junit.runners.BlockJUnit4ClassRunner.runChild(BlockJUnit4ClassRunner.java:47)
	at org.junit.runners.ParentRunner$3.run(ParentRunner.java:231)
	at org.junit.runners.ParentRunner$1.schedule(ParentRunner.java:60)
	at org.junit.runners.ParentRunner.runChildren(ParentRunner.java:229)
	at org.junit.runners.ParentRunner.access$000(ParentRunner.java:50)
	at org.junit.runners.ParentRunner$2.evaluate(ParentRunner.java:222)
	at org.junit.runners.ParentRunner.run(ParentRunner.java:300)
	at org.junit.runners.Suite.runChild(Suite.java:128)
	at org.junit.runners.Suite.runChild(Suite.java:24)
	at org.junit.runners.ParentRunner$3.run(ParentRunner.java:231)
	at org.junit.runners.ParentRunner$1.schedule(ParentRunner.java:60)
	at org.junit.runners.ParentRunner.runChildren(ParentRunner.java:229)
	at org.junit.runners.ParentRunner.access$000(ParentRunner.java:50)
	at org.junit.runners.ParentRunner$2.evaluate(ParentRunner.java:222)
	at org.junit.runners.ParentRunner.run(ParentRunner.java:300)
	at org.junit.runners.ParentRunner$run.call(Unknown Source)
	at _GrailsTest_groovy$_run_closure4.doCall(_GrailsTest_groovy:290)
	at _GrailsTest_groovy$_run_closure2.doCall(_GrailsTest_groovy:248)
	at _GrailsTest_groovy$_run_closure1_closure21.doCall(_GrailsTest_groovy:195)
	at _GrailsTest_groovy$_run_closure1.doCall(_GrailsTest_groovy:184)
	at org.codehaus.gant.GantMetaClass.invokeMethod(GantMetaClass.java:133)
	at org.codehaus.gant.GantBinding$_initializeGantBinding_closure5_closure16_closure18.doCall(GantBinding.groovy:185)
	at org.codehaus.gant.GantBinding$_initializeGantBinding_closure5_closure16_closure18.doCall(GantBinding.groovy)
	at org.codehaus.gant.GantBinding.withTargetEvent(GantBinding.groovy:90)
	at org.codehaus.gant.GantBinding.this$4$withTargetEvent(GantBinding.groovy)
	at org.codehaus.gant.GantBinding$_initializeGantBinding_closure5_closure16.doCall(GantBinding.groovy:185)
	at org.codehaus.gant.GantBinding$_initializeGantBinding_closure5_closure16.doCall(GantBinding.groovy)
	at org.codehaus.gant.GantMetaClass.invokeMethod(GantMetaClass.java:133)
	at TestApp$_run_closure1.doCall(TestApp.groovy:82)
	at org.codehaus.gant.GantMetaClass.invokeMethod(GantMetaClass.java:133)
	at org.codehaus.gant.GantBinding$_initializeGantBinding_closure5_closure16_closure18.doCall(GantBinding.groovy:185)
	at org.codehaus.gant.GantBinding$_initializeGantBinding_closure5_closure16_closure18.doCall(GantBinding.groovy)
	at org.codehaus.gant.GantBinding.withTargetEvent(GantBinding.groovy:90)
	at org.codehaus.gant.GantBinding.this$4$withTargetEvent(GantBinding.groovy)
	at org.codehaus.gant.GantBinding$_initializeGantBinding_closure5_closure16.doCall(GantBinding.groovy:185)
	at org.codehaus.gant.GantBinding$_initializeGantBinding_closure5_closure16.doCall(GantBinding.groovy)
URL: http://localhost:8080/moovt/user/createUser


--Output from testCreateUserDuplicateEmailEnglish--
Switching to browser client [default]
Creating to new client [default] of type [class com.grailsrocks.functionaltest.client.BrowserClient]

== Making request POST http://localhost:8080/moovt/user/createUser parameters: ==
== Request headers: ============================================================
Accept-Language: en-US
Accept-Encoding: gzip, deflate
Content-Type: application/json
Accept: */*
== Content =====================================================================

				{"tenantname": "Moovt", "email":"existingEmail@moovt.com", "username": "userWithSameEmail", "password":"moovieGoer", "firstName":"TestFirstName", lastName: "TestLastName","phone":"800-800-8080", "locale": "en_US"}
				
================================================================================
2013-09-17 23:23:15,284 [http-bio-8080-exec-17] INFO  common.UserController  - createUser params are: [action:createUser, controller:user] and model is : 
				{"tenantname": "Moovt", "email":"existingEmail@moovt.com", "username": "userWithSameEmail", "password":"moovieGoer", "firstName":"TestFirstName", lastName: "TestLastName","phone":"800-800-8080", "locale": "en_US"}
				

2013-09-17 23:23:15,288 [http-bio-8080-exec-17] INFO  common.UserController  - Creating a new user and/or driver and/or passenger

Interceptor createPage: TopLevelWindow[name=""]
Content of web window [TopLevelWindow[name=""]] changed
== Response was 200 (OK) headers: ==============================================
================================================================================
== Content =====================================================================
{"result":{"type":"USER","code":"SUCCESS","message":"User userWithSameEmail created"}, "additionalInfo":{"JSESSIONID":"9FD701670DE87008666733920F972A81"}}
================================================================================
#
Failed: Expected content to loosely contain [ERROR] but it didn't
junit.framework.AssertionFailedError: Expected content to loosely contain [ERROR] but it didn't
	at junit.framework.Assert.fail(Assert.java:50)
	at junit.framework.Assert.assertTrue(Assert.java:20)
	at com.grailsrocks.functionaltest.TestCaseBase.assertContentContains(TestCaseBase.groovy:298)
	at com.grailsrocks.functionaltest.TestCaseBase.invokeMethod(TestCaseBase.groovy:179)
	at com.moovt.UserFunctionalTests.testCreateUserDuplicateEmailEnglish(UserFunctionalTests.groovy:236)
	at org.junit.runners.model.FrameworkMethod$1.runReflectiveCall(FrameworkMethod.java:45)
	at org.junit.internal.runners.model.ReflectiveCallable.run(ReflectiveCallable.java:15)
	at org.junit.runners.model.FrameworkMethod.invokeExplosively(FrameworkMethod.java:42)
	at org.junit.internal.runners.statements.InvokeMethod.evaluate(InvokeMethod.java:20)
	at org.junit.internal.runners.statements.RunBefores.evaluate(RunBefores.java:28)
	at org.junit.internal.runners.statements.RunAfters.evaluate(RunAfters.java:30)
	at org.junit.runners.ParentRunner.runLeaf(ParentRunner.java:263)
	at org.junit.runners.BlockJUnit4ClassRunner.runChild(BlockJUnit4ClassRunner.java:68)
	at org.junit.runners.BlockJUnit4ClassRunner.runChild(BlockJUnit4ClassRunner.java:47)
	at org.junit.runners.ParentRunner$3.run(ParentRunner.java:231)
	at org.junit.runners.ParentRunner$1.schedule(ParentRunner.java:60)
	at org.junit.runners.ParentRunner.runChildren(ParentRunner.java:229)
	at org.junit.runners.ParentRunner.access$000(ParentRunner.java:50)
	at org.junit.runners.ParentRunner$2.evaluate(ParentRunner.java:222)
	at org.junit.runners.ParentRunner.run(ParentRunner.java:300)
	at org.junit.runners.Suite.runChild(Suite.java:128)
	at org.junit.runners.Suite.runChild(Suite.java:24)
	at org.junit.runners.ParentRunner$3.run(ParentRunner.java:231)
	at org.junit.runners.ParentRunner$1.schedule(ParentRunner.java:60)
	at org.junit.runners.ParentRunner.runChildren(ParentRunner.java:229)
	at org.junit.runners.ParentRunner.access$000(ParentRunner.java:50)
	at org.junit.runners.ParentRunner$2.evaluate(ParentRunner.java:222)
	at org.junit.runners.ParentRunner.run(ParentRunner.java:300)
	at org.junit.runners.ParentRunner$run.call(Unknown Source)
	at _GrailsTest_groovy$_run_closure4.doCall(_GrailsTest_groovy:290)
	at _GrailsTest_groovy$_run_closure2.doCall(_GrailsTest_groovy:248)
	at _GrailsTest_groovy$_run_closure1_closure21.doCall(_GrailsTest_groovy:195)
	at _GrailsTest_groovy$_run_closure1.doCall(_GrailsTest_groovy:184)
	at org.codehaus.gant.GantMetaClass.invokeMethod(GantMetaClass.java:133)
	at org.codehaus.gant.GantBinding$_initializeGantBinding_closure5_closure16_closure18.doCall(GantBinding.groovy:185)
	at org.codehaus.gant.GantBinding$_initializeGantBinding_closure5_closure16_closure18.doCall(GantBinding.groovy)
	at org.codehaus.gant.GantBinding.withTargetEvent(GantBinding.groovy:90)
	at org.codehaus.gant.GantBinding.this$4$withTargetEvent(GantBinding.groovy)
	at org.codehaus.gant.GantBinding$_initializeGantBinding_closure5_closure16.doCall(GantBinding.groovy:185)
	at org.codehaus.gant.GantBinding$_initializeGantBinding_closure5_closure16.doCall(GantBinding.groovy)
	at org.codehaus.gant.GantMetaClass.invokeMethod(GantMetaClass.java:133)
	at TestApp$_run_closure1.doCall(TestApp.groovy:82)
	at org.codehaus.gant.GantMetaClass.invokeMethod(GantMetaClass.java:133)
	at org.codehaus.gant.GantBinding$_initializeGantBinding_closure5_closure16_closure18.doCall(GantBinding.groovy:185)
	at org.codehaus.gant.GantBinding$_initializeGantBinding_closure5_closure16_closure18.doCall(GantBinding.groovy)
	at org.codehaus.gant.GantBinding.withTargetEvent(GantBinding.groovy:90)
	at org.codehaus.gant.GantBinding.this$4$withTargetEvent(GantBinding.groovy)
	at org.codehaus.gant.GantBinding$_initializeGantBinding_closure5_closure16.doCall(GantBinding.groovy:185)
	at org.codehaus.gant.GantBinding$_initializeGantBinding_closure5_closure16.doCall(GantBinding.groovy)
URL: http://localhost:8080/moovt/user/createUser


--Output from testCreateUserDuplicateEmailPortuguese--
Switching to browser client [default]
Creating to new client [default] of type [class com.grailsrocks.functionaltest.client.BrowserClient]

== Making request POST http://localhost:8080/moovt/user/createUser parameters: ==
== Request headers: ============================================================
Accept-Language: pt-BR
Accept-Encoding: gzip, deflate
Content-Type: application/json
Accept: */*
== Content =====================================================================

				{"tenantname": "Moovt", "email":"existingEmail@moovt.com", "username": "userWithSameEmail", "password":"moovieLover", "firstName":"TestFirstName", lastName: "TestLastName","phone":"800-800-8080", "locale": "pt_BR"}
				
================================================================================
2013-09-17 23:23:15,955 [http-bio-8080-exec-31] INFO  common.UserController  - createUser params are: [action:createUser, controller:user] and model is : 
				{"tenantname": "Moovt", "email":"existingEmail@moovt.com", "username": "userWithSameEmail", "password":"moovieLover", "firstName":"TestFirstName", lastName: "TestLastName","phone":"800-800-8080", "locale": "pt_BR"}
				

2013-09-17 23:23:15,961 [http-bio-8080-exec-31] INFO  common.UserController  - Creating a new user and/or driver and/or passenger

Interceptor createPage: TopLevelWindow[name=""]
Content of web window [TopLevelWindow[name=""]] changed
== Response was 200 (OK) headers: ==============================================
================================================================================
== Content =====================================================================
{"result":{"type":"USER","code":"ERROR","message":"O campo [username] da classe [class com.moovt.audit.User] com o valor [userWithSameEmail] deve ser &uacute;nico"}}
================================================================================
#
Failed: Expected content to loosely contain [Este email (existingEmail@moovt.com) j&aacute; existe] but it didn't
junit.framework.AssertionFailedError: Expected content to loosely contain [Este email (existingEmail@moovt.com) j&aacute; existe] but it didn't
	at junit.framework.Assert.fail(Assert.java:50)
	at junit.framework.Assert.assertTrue(Assert.java:20)
	at com.grailsrocks.functionaltest.TestCaseBase.assertContentContains(TestCaseBase.groovy:298)
	at com.grailsrocks.functionaltest.TestCaseBase.invokeMethod(TestCaseBase.groovy:179)
	at com.moovt.UserFunctionalTests.testCreateUserDuplicateEmailPortuguese(UserFunctionalTests.groovy:254)
	at org.junit.runners.model.FrameworkMethod$1.runReflectiveCall(FrameworkMethod.java:45)
	at org.junit.internal.runners.model.ReflectiveCallable.run(ReflectiveCallable.java:15)
	at org.junit.runners.model.FrameworkMethod.invokeExplosively(FrameworkMethod.java:42)
	at org.junit.internal.runners.statements.InvokeMethod.evaluate(InvokeMethod.java:20)
	at org.junit.internal.runners.statements.RunBefores.evaluate(RunBefores.java:28)
	at org.junit.internal.runners.statements.RunAfters.evaluate(RunAfters.java:30)
	at org.junit.runners.ParentRunner.runLeaf(ParentRunner.java:263)
	at org.junit.runners.BlockJUnit4ClassRunner.runChild(BlockJUnit4ClassRunner.java:68)
	at org.junit.runners.BlockJUnit4ClassRunner.runChild(BlockJUnit4ClassRunner.java:47)
	at org.junit.runners.ParentRunner$3.run(ParentRunner.java:231)
	at org.junit.runners.ParentRunner$1.schedule(ParentRunner.java:60)
	at org.junit.runners.ParentRunner.runChildren(ParentRunner.java:229)
	at org.junit.runners.ParentRunner.access$000(ParentRunner.java:50)
	at org.junit.runners.ParentRunner$2.evaluate(ParentRunner.java:222)
	at org.junit.runners.ParentRunner.run(ParentRunner.java:300)
	at org.junit.runners.Suite.runChild(Suite.java:128)
	at org.junit.runners.Suite.runChild(Suite.java:24)
	at org.junit.runners.ParentRunner$3.run(ParentRunner.java:231)
	at org.junit.runners.ParentRunner$1.schedule(ParentRunner.java:60)
	at org.junit.runners.ParentRunner.runChildren(ParentRunner.java:229)
	at org.junit.runners.ParentRunner.access$000(ParentRunner.java:50)
	at org.junit.runners.ParentRunner$2.evaluate(ParentRunner.java:222)
	at org.junit.runners.ParentRunner.run(ParentRunner.java:300)
	at org.junit.runners.ParentRunner$run.call(Unknown Source)
	at _GrailsTest_groovy$_run_closure4.doCall(_GrailsTest_groovy:290)
	at _GrailsTest_groovy$_run_closure2.doCall(_GrailsTest_groovy:248)
	at _GrailsTest_groovy$_run_closure1_closure21.doCall(_GrailsTest_groovy:195)
	at _GrailsTest_groovy$_run_closure1.doCall(_GrailsTest_groovy:184)
	at org.codehaus.gant.GantMetaClass.invokeMethod(GantMetaClass.java:133)
	at org.codehaus.gant.GantBinding$_initializeGantBinding_closure5_closure16_closure18.doCall(GantBinding.groovy:185)
	at org.codehaus.gant.GantBinding$_initializeGantBinding_closure5_closure16_closure18.doCall(GantBinding.groovy)
	at org.codehaus.gant.GantBinding.withTargetEvent(GantBinding.groovy:90)
	at org.codehaus.gant.GantBinding.this$4$withTargetEvent(GantBinding.groovy)
	at org.codehaus.gant.GantBinding$_initializeGantBinding_closure5_closure16.doCall(GantBinding.groovy:185)
	at org.codehaus.gant.GantBinding$_initializeGantBinding_closure5_closure16.doCall(GantBinding.groovy)
	at org.codehaus.gant.GantMetaClass.invokeMethod(GantMetaClass.java:133)
	at TestApp$_run_closure1.doCall(TestApp.groovy:82)
	at org.codehaus.gant.GantMetaClass.invokeMethod(GantMetaClass.java:133)
	at org.codehaus.gant.GantBinding$_initializeGantBinding_closure5_closure16_closure18.doCall(GantBinding.groovy:185)
	at org.codehaus.gant.GantBinding$_initializeGantBinding_closure5_closure16_closure18.doCall(GantBinding.groovy)
	at org.codehaus.gant.GantBinding.withTargetEvent(GantBinding.groovy:90)
	at org.codehaus.gant.GantBinding.this$4$withTargetEvent(GantBinding.groovy)
	at org.codehaus.gant.GantBinding$_initializeGantBinding_closure5_closure16.doCall(GantBinding.groovy:185)
	at org.codehaus.gant.GantBinding$_initializeGantBinding_closure5_closure16.doCall(GantBinding.groovy)
URL: http://localhost:8080/moovt/user/createUser


--Output from testResetPasswordSuccessEnglish--
Switching to browser client [default]
Creating to new client [default] of type [class com.grailsrocks.functionaltest.client.BrowserClient]

== Making request POST http://localhost:8080/moovt/user/resetPassword parameters: ==
== Request headers: ============================================================
Accept-Language: en-US
Accept-Encoding: gzip, deflate
Content-Type: application/json
Accept: */*
== Content =====================================================================

				{"tenantname": "Moovt", "email":"jforgetful@moovt.com"}
				
================================================================================
2013-09-17 23:23:16,167 [http-bio-8080-exec-22] INFO  common.UserController  - resetPassword params are: [action:resetPassword, controller:user] and model is : 
				{"tenantname": "Moovt", "email":"jforgetful@moovt.com"}
				

Interceptor createPage: TopLevelWindow[name=""]
Content of web window [TopLevelWindow[name=""]] changed
== Response was 200 (OK) headers: ==============================================
================================================================================
== Content =====================================================================
{"result":{"type":"USER","code":"SUCCESS","message":"Your new password was sent to jforgetful@moovt.com."}}
================================================================================
#
--Output from testResetPasswordSuccessPortuguese--
Switching to browser client [default]
Creating to new client [default] of type [class com.grailsrocks.functionaltest.client.BrowserClient]

== Making request POST http://localhost:8080/moovt/user/resetPassword parameters: ==
== Request headers: ============================================================
Accept-Language: pt-BR
Accept-Encoding: gzip, deflate
Content-Type: application/json
Accept: */*
== Content =====================================================================

				{"tenantname": "Moovt", "email":"jforgetful@moovt.com"}
				
================================================================================
2013-09-17 23:23:16,744 [http-bio-8080-exec-30] INFO  common.UserController  - resetPassword params are: [action:resetPassword, controller:user] and model is : 
				{"tenantname": "Moovt", "email":"jforgetful@moovt.com"}
				

Interceptor createPage: TopLevelWindow[name=""]
Content of web window [TopLevelWindow[name=""]] changed
== Response was 200 (OK) headers: ==============================================
================================================================================
== Content =====================================================================
{"result":{"type":"USER","code":"SUCCESS","message":"A sua nova senha foi enviada para jforgetful@moovt.com."}}
================================================================================
#
--Output from testResetPasswordBadMessageNoTenante--
Switching to browser client [default]
Creating to new client [default] of type [class com.grailsrocks.functionaltest.client.BrowserClient]

== Making request POST http://localhost:8080/moovt/user/resetPassword parameters: ==
== Request headers: ============================================================
Accept-Encoding: gzip, deflate
Content-Type: application/json
Accept: */*
== Content =====================================================================

				{"tenantXame": "Moovt", "email":"jforgetful@moovt.com"}
				
================================================================================
2013-09-17 23:23:16,907 [http-bio-8080-exec-10] INFO  common.UserController  - resetPassword params are: [action:resetPassword, controller:user] and model is : 
				{"tenantXame": "Moovt", "email":"jforgetful@moovt.com"}
				

Interceptor createPage: TopLevelWindow[name=""]
Content of web window [TopLevelWindow[name=""]] changed
== Response was 200 (OK) headers: ==============================================
================================================================================
== Content =====================================================================
{"result":{"type":"SYSTEM","code":"ERROR","message":"JSONObject[\"tenantname\"] not found."}}
================================================================================
#
--Output from testResetPasswordBadMessageNoEmail--
Switching to browser client [default]
Creating to new client [default] of type [class com.grailsrocks.functionaltest.client.BrowserClient]

== Making request POST http://localhost:8080/moovt/user/resetPassword parameters: ==
== Request headers: ============================================================
Accept-Encoding: gzip, deflate
Content-Type: application/json
Accept: */*
== Content =====================================================================

				{"tenantname": "Moovt", "emailX":"jforgetful@moovt.com"}
				
================================================================================
2013-09-17 23:23:16,958 [http-bio-8080-exec-15] INFO  common.UserController  - resetPassword params are: [action:resetPassword, controller:user] and model is : 
				{"tenantname": "Moovt", "emailX":"jforgetful@moovt.com"}
				

Interceptor createPage: TopLevelWindow[name=""]
Content of web window [TopLevelWindow[name=""]] changed
== Response was 200 (OK) headers: ==============================================
================================================================================
== Content =====================================================================
{"result":{"type":"SYSTEM","code":"ERROR","message":"JSONObject[\"email\"] not found."}}
================================================================================
#
--Output from testResetPasswordTenantNotFound--
Switching to browser client [default]
Creating to new client [default] of type [class com.grailsrocks.functionaltest.client.BrowserClient]

== Making request POST http://localhost:8080/moovt/user/resetPassword parameters: ==
== Request headers: ============================================================
Accept-Language: en-US
Accept-Encoding: gzip, deflate
Content-Type: application/json
Accept: */*
== Content =====================================================================

				{"tenantname": "TheBadTenant", "email":"jforgetful@moovt.com"}
				
================================================================================
2013-09-17 23:23:17,047 [http-bio-8080-exec-20] INFO  common.UserController  - resetPassword params are: [action:resetPassword, controller:user] and model is : 
				{"tenantname": "TheBadTenant", "email":"jforgetful@moovt.com"}
				

2013-09-17 23:23:17,224 [http-bio-8080-exec-20] WARN  common.UserController  - This tenant (TheBadTenant) does not exist. Please use an existing tenant to create this user.

Interceptor createPage: TopLevelWindow[name=""]
Content of web window [TopLevelWindow[name=""]] changed
== Response was 200 (OK) headers: ==============================================
================================================================================
== Content =====================================================================
{"result":{"type":"SYSTEM","code":"ERROR","message":"This tenant does not exist (TheBadTenant)"}}
================================================================================
#
--Output from testResetPasswordTenantEmailNotFoundEnglish--
Switching to browser client [default]
Creating to new client [default] of type [class com.grailsrocks.functionaltest.client.BrowserClient]

== Making request POST http://localhost:8080/moovt/user/resetPassword parameters: ==
== Request headers: ============================================================
Accept-Language: en-US
Accept-Encoding: gzip, deflate
Content-Type: application/json
Accept: */*
== Content =====================================================================

				{"tenantname": "Moovt", "email":"jforgetfulx@moovt.com"}
				
================================================================================
2013-09-17 23:23:17,276 [http-bio-8080-exec-1] INFO  common.UserController  - resetPassword params are: [action:resetPassword, controller:user] and model is : 
				{"tenantname": "Moovt", "email":"jforgetfulx@moovt.com"}
				

Interceptor createPage: TopLevelWindow[name=""]
Content of web window [TopLevelWindow[name=""]] changed
== Response was 200 (OK) headers: ==============================================
================================================================================
== Content =====================================================================
{"result":{"type":"USER","code":"ERROR","message":"This email (jforgetfulx@moovt.com) was not found in the system."}}
================================================================================
#
--Output from testResetPasswordTenantEmailNotFoundPortuguese--
Switching to browser client [default]
Creating to new client [default] of type [class com.grailsrocks.functionaltest.client.BrowserClient]

== Making request POST http://localhost:8080/moovt/user/resetPassword parameters: ==
== Request headers: ============================================================
Accept-Language: pt-BR
Accept-Encoding: gzip, deflate
Content-Type: application/json
Accept: */*
== Content =====================================================================

				{"tenantname": "Moovt", "email":"jforgetfulx@moovt.com"}
				
================================================================================
2013-09-17 23:23:17,332 [http-bio-8080-exec-16] INFO  common.UserController  - resetPassword params are: [action:resetPassword, controller:user] and model is : 
				{"tenantname": "Moovt", "email":"jforgetfulx@moovt.com"}
				

Interceptor createPage: TopLevelWindow[name=""]
Content of web window [TopLevelWindow[name=""]] changed
== Response was 200 (OK) headers: ==============================================
================================================================================
== Content =====================================================================
{"result":{"type":"USER","code":"ERROR","message":"Este email (jforgetfulx@moovt.com) n&atilde;o foi encontrado no sistema."}}
================================================================================
#
</pre>
</div>
<div class="syserr">
<h2>System error</h2>
<pre class="syserr">--Output from testCreateUserBadMessage--
2013-09-17 23:23:08,072 [http-bio-8080-exec-19] ERROR moovt.HandlerService  - A generic exception occurred A JSONObject text must begin with '{' at character 0 of 

--Output from testCreateUserBadTenantEnglish--
--Output from testCreateUserSuccessEnglish--
--Output from testCreateUserSuccessPortuquese--
--Output from testCreateUserNoUserNameEnglish--
--Output from testCreateUserNoUserNamePortuguese--
--Output from testCreateUserNoPasswordEnglish--
--Output from testCreateUserNoPasswordPortuguese--
--Output from testCreateUserNoEmailEnglish--
--Output from testCreateUserNoEmailPortuguese--
--Output from testCreateUserDuplicateUsernameEnglish--
--Output from testCreateUserDuplicateUsernamePortuguese--
--Output from testCreateUserDuplicateEmailEnglish--
--Output from testCreateUserDuplicateEmailPortuguese--
--Output from testResetPasswordSuccessEnglish--
--Output from testResetPasswordSuccessPortuguese--
--Output from testResetPasswordBadMessageNoTenante--
2013-09-17 23:23:16,908 [http-bio-8080-exec-10] ERROR moovt.HandlerService  - A generic exception occurred JSONObject["tenantname"] not found.

--Output from testResetPasswordBadMessageNoEmail--
2013-09-17 23:23:16,960 [http-bio-8080-exec-15] ERROR moovt.HandlerService  - A generic exception occurred JSONObject["email"] not found.

--Output from testResetPasswordTenantNotFound--
--Output from testResetPasswordTenantEmailNotFoundEnglish--
--Output from testResetPasswordTenantEmailNotFoundPortuguese--
</pre>
</div>
</div>
<div class="clear"></div>
</div>
<div class="clear"></div>
</div>
<!--
            Parses JUnit output and associates it with the corresponding test case
        -->
<script language="javascript">


/**
 * The JUnit report format is incredibly stuipd in the
 * sense that it accumulates output from all test methods
 * into a single xml node.
 */
(function() {

    var outputElements = findOutputElements();
    for (var i in outputElements) {
        var outputElement = outputElements[i];
        var textOutput = outputElement.element.firstChild.nodeValue;
        var header = outputElement.getHeader();
        appendTestMethodOutput(textOutput, header);
    }

    function findOutputElements() {
        var outputElements = [];
        var preElements = document.getElementsByTagName("pre");
        for (var i in preElements) {
            var preElement = preElements[i];
            var className = preElement.className || "";
            if (className.indexOf("stdout") >= 0) {
                var outputElement = new OutputElement(preElement, "output");
                outputElements.push(outputElement);
            } else if (className.indexOf("syserr") >= 0) {
                var outputElement = new OutputElement(preElement, "error");
                outputElements.push(outputElement);
            }
        }

        return outputElements;
    }

    function OutputElement(element, type) {
        this.element = element;
        this.type = type;

        this.getHeader = function() {
            if (type === "output") {
                return "System output";
            } else if ("error") {
                return "System error";
            }
        }
    }

    function appendTestMethodOutput(text, header) {
        var testOutput = new TestMethodOutput(header);

        var lines = text.split(/\r\n|\r|\n/);
        for (var i in lines) {
            var line = lines[i];
            var matches = line.match(/^--Output from (.*)--$/);
            if (matches !== null && matches.length == 2) {
                testOutput.flushToDom();
                testOutput.testName = matches[1];
            } else {
                testOutput.addLine(line);
            }
        }

        testOutput.flushToDom();
    }

    function TestMethodOutput(header) {
        this.header = header;
        this.testName = undefined;
        this.buffer = "";

        this.addLine = function(line) {
            this.buffer += line + "\n";
        }

        this.flushToDom = function() {
            if (this.testName !== undefined) {
                var domNode = getTestcaseElementByName(this.testName);
                if (domNode !== undefined && trimString(this.buffer).length > 0) {
                    this.appendTo(domNode);
                }

                this.reset();
            }
        }

        this.appendTo = function(domNode) {
            var node = document.createElement("div");
            node.innerHTML = '<p><b class="message">' + header + '</b></p>';

            var preNode = document.createElement("pre");
            preNode.appendChild(document.createTextNode(this.buffer));
            node.appendChild(preNode);

            var outputContainer = findElementByTagClassAndParent("div", "outputinfo", domNode);
            outputContainer.appendChild(node);
        }

        this.reset = function() {
            this.methodName = undefined;
            this.buffer = "";
        }
    }

    function getTestcaseElementByName(name) {
        var divElements = document.getElementsByTagName("div");
        var elementCount = divElements.length;
        for (var i=0; i<elementCount; i++) {
            var el = divElements[i];
            if (el.getAttribute("data-name") === name) {
                return el;
            }
        }
    }

    function findElementByTagClassAndParent(tagName, className, parentNode) {
        var elements = parentNode.getElementsByTagName(tagName);
        for (var i in elements) {
            var element = elements[i];

            // Not 100% correct, but good enough here
            if (element.className !== undefined && element.className.indexOf(className) >= 0) {
                return element;
            }
        }
    }

    function trimString(str) {
        return str.replace(/^\s\s*/, '').replace(/\s\s*$/, '');
    }

})();

        </script>
</body>
</html>
